--------------- Build Started: 04/26/2020 20:55:06 Project: Rhea, Configuration: ARM GCC 5.4-2016-q2-update Debug ---------------
The code generation step is up to date.
arm-none-eabi-gcc.exe -mcpu=cortex-m3 -mthumb -I. -IGenerated_Source\PSoC5 -Wa,-alh=.\CortexM3\ARM_GCC_541\Debug/BME280.lst -g -D DEBUG -D CY_CORE_ID=0 -Wall -ffunction-sections -ffat-lto-objects -Og -c rhea\drivers\BME280\BME280.c -o .\CortexM3\ARM_GCC_541\Debug\BME280.o
arm-none-eabi-gcc.exe -mcpu=cortex-m3 -mthumb -I. -IGenerated_Source\PSoC5 -Wa,-alh=.\CortexM3\ARM_GCC_541\Debug/gfx.lst -g -D DEBUG -D CY_CORE_ID=0 -Wall -ffunction-sections -ffat-lto-objects -Og -c rhea\gfx\gfx.c -o .\CortexM3\ARM_GCC_541\Debug\gfx.o
arm-none-eabi-gcc.exe -mcpu=cortex-m3 -mthumb -I. -IGenerated_Source\PSoC5 -Wa,-alh=.\CortexM3\ARM_GCC_541\Debug/gfx_impl.lst -g -D DEBUG -D CY_CORE_ID=0 -Wall -ffunction-sections -ffat-lto-objects -Og -c rhea\gfx\gfx_impl.c -o .\CortexM3\ARM_GCC_541\Debug\gfx_impl.o
arm-none-eabi-gcc.exe -mcpu=cortex-m3 -mthumb -I. -IGenerated_Source\PSoC5 -Wa,-alh=.\CortexM3\ARM_GCC_541\Debug/BME280_INTF.lst -g -D DEBUG -D CY_CORE_ID=0 -Wall -ffunction-sections -ffat-lto-objects -Og -c rhea\sensor\interfaces\BME280\BME280_INTF.c -o .\CortexM3\ARM_GCC_541\Debug\BME280_INTF.o
arm-none-eabi-gcc.exe -mcpu=cortex-m3 -mthumb -I. -IGenerated_Source\PSoC5 -Wa,-alh=.\CortexM3\ARM_GCC_541\Debug/sensor.lst -g -D DEBUG -D CY_CORE_ID=0 -Wall -ffunction-sections -ffat-lto-objects -Og -c rhea\sensor\sensor.c -o .\CortexM3\ARM_GCC_541\Debug\sensor.o
arm-none-eabi-gcc.exe -mcpu=cortex-m3 -mthumb -I. -IGenerated_Source\PSoC5 -Wa,-alh=.\CortexM3\ARM_GCC_541\Debug/menu.lst -g -D DEBUG -D CY_CORE_ID=0 -Wall -ffunction-sections -ffat-lto-objects -Og -c application\menu\menu.c -o .\CortexM3\ARM_GCC_541\Debug\menu.o
arm-none-eabi-gcc.exe -mcpu=cortex-m3 -mthumb -I. -IGenerated_Source\PSoC5 -Wa,-alh=.\CortexM3\ARM_GCC_541\Debug/main.lst -g -D DEBUG -D CY_CORE_ID=0 -Wall -ffunction-sections -ffat-lto-objects -Og -c application\main.c -o .\CortexM3\ARM_GCC_541\Debug\main.o
arm-none-eabi-ar.exe -rs .\CortexM3\ARM_GCC_541\Debug\Rhea.a .\CortexM3\ARM_GCC_541\Debug\I2C_SDA.o .\CortexM3\ARM_GCC_541\Debug\I2C_SCL.o .\CortexM3\ARM_GCC_541\Debug\I2C.o .\CortexM3\ARM_GCC_541\Debug\I2C_BOOT.o .\CortexM3\ARM_GCC_541\Debug\I2C_INT.o .\CortexM3\ARM_GCC_541\Debug\I2C_PM.o .\CortexM3\ARM_GCC_541\Debug\I2C_SLAVE.o .\CortexM3\ARM_GCC_541\Debug\I2C_MASTER.o .\CortexM3\ARM_GCC_541\Debug\UART.o .\CortexM3\ARM_GCC_541\Debug\UART_PM.o .\CortexM3\ARM_GCC_541\Debug\UART_INT.o .\CortexM3\ARM_GCC_541\Debug\UART_BOOT.o .\CortexM3\ARM_GCC_541\Debug\RTC_INTR.o .\CortexM3\ARM_GCC_541\Debug\RTC_INTR_PIN.o .\CortexM3\ARM_GCC_541\Debug\UART_RX.o .\CortexM3\ARM_GCC_541\Debug\DEBOUNCE_CLK.o .\CortexM3\ARM_GCC_541\Debug\BTN_INPUT.o .\CortexM3\ARM_GCC_541\Debug\BTN_RIGHT_INTR.o .\CortexM3\ARM_GCC_541\Debug\BTN_LEFT_INTR.o .\CortexM3\ARM_GCC_541\Debug\BTN_ENTER_INTR.o .\CortexM3\ARM_GCC_541\Debug\SENSOR_TIMER.o .\CortexM3\ARM_GCC_541\Debug\SENSOR_TIMER_PM.o .\CortexM3\ARM_GCC_541\Debug\SENSOR_1MS.o .\CortexM3\ARM_GCC_541\Debug\UART_IntClock.o .\CortexM3\ARM_GCC_541\Debug\CyDmac.o .\CortexM3\ARM_GCC_541\Debug\CyFlash.o .\CortexM3\ARM_GCC_541\Debug\CyLib.o .\CortexM3\ARM_GCC_541\Debug\cyPm.o .\CortexM3\ARM_GCC_541\Debug\CySpc.o .\CortexM3\ARM_GCC_541\Debug\cyutils.o .\CortexM3\ARM_GCC_541\Debug\cy_em_eeprom.o .\CortexM3\ARM_GCC_541\Debug\UART_RX_INTR.o .\CortexM3\ARM_GCC_541\Debug\CyBootAsmGnu.o
arm-none-eabi-ar.exe: creating .\CortexM3\ARM_GCC_541\Debug\Rhea.a
arm-none-eabi-gcc.exe -Wl,--start-group -o E:\Cypress\Projects\RheaWorkspace\Rhea.cydsn\CortexM3\ARM_GCC_541\Debug\Rhea.elf .\CortexM3\ARM_GCC_541\Debug\BME280.o .\CortexM3\ARM_GCC_541\Debug\MCP7940N.o .\CortexM3\ARM_GCC_541\Debug\SSD1306.o .\CortexM3\ARM_GCC_541\Debug\gfx.o .\CortexM3\ARM_GCC_541\Debug\gfx_impl.o .\CortexM3\ARM_GCC_541\Debug\i2c_rhea.o .\CortexM3\ARM_GCC_541\Debug\i2c_impl.o .\CortexM3\ARM_GCC_541\Debug\alarm.o .\CortexM3\ARM_GCC_541\Debug\datetime.o .\CortexM3\ARM_GCC_541\Debug\rtc.o .\CortexM3\ARM_GCC_541\Debug\rtc_impl.o .\CortexM3\ARM_GCC_541\Debug\BME280_INTF.o .\CortexM3\ARM_GCC_541\Debug\sensor.o .\CortexM3\ARM_GCC_541\Debug\sensor_impl.o .\CortexM3\ARM_GCC_541\Debug\uart_impl.o .\CortexM3\ARM_GCC_541\Debug\uart_rhea.o .\CortexM3\ARM_GCC_541\Debug\state.o .\CortexM3\ARM_GCC_541\Debug\command.o .\CortexM3\ARM_GCC_541\Debug\input.o .\CortexM3\ARM_GCC_541\Debug\menu.o .\CortexM3\ARM_GCC_541\Debug\main.o .\CortexM3\ARM_GCC_541\Debug\cyfitter_cfg.o .\CortexM3\ARM_GCC_541\Debug\cymetadata.o .\CortexM3\ARM_GCC_541\Debug\Cm3Start.o .\CortexM3\ARM_GCC_541\Debug\Rhea.a "E:\Cypress\PSoC Creator\4.2\PSoC Creator\psoc\content\cycomponentlibrary\CyComponentLibrary.cylib\CortexM3\ARM_GCC_541\Debug\CyComponentLibrary.a" -mcpu=cortex-m3 -mthumb -l m -L Generated_Source\PSoC5 -Wl,-Map,.\CortexM3\ARM_GCC_541\Debug/Rhea.map -T Generated_Source\PSoC5\cm3gcc.ld -specs=nano.specs -Wl,--gc-sections -g -ffunction-sections -Og -ffat-lto-objects -Wl,--end-group
cyelftool.exe -C E:\Cypress\Projects\RheaWorkspace\Rhea.cydsn\CortexM3\ARM_GCC_541\Debug\Rhea.elf --flash_row_size 256 --flash_size 262144 --flash_offset 0x00000000
No ELF section .cychecksum found, creating one
Application checksum calculated and stored in ELF section .cychecksum
Checksum calculated and stored in ELF section .cymeta
cyelftool.exe -S E:\Cypress\Projects\RheaWorkspace\Rhea.cydsn\CortexM3\ARM_GCC_541\Debug\Rhea.elf
Flash used: 14144 of 262144 bytes (5,4%).
SRAM used: 7353 of 65536 bytes (11,2%). Stack: 2048 bytes. Heap: 128 bytes.
--------------- Build Succeeded: 04/26/2020 20:55:09 ---------------
