ARM GAS  C:\Users\GYULAI~1\AppData\Local\Temp\ccwFQ2re.s 			page 1


   1              		.syntax unified
   2              		.cpu cortex-m3
   3              		.fpu softvfp
   4              		.eabi_attribute 20, 1
   5              		.eabi_attribute 21, 1
   6              		.eabi_attribute 23, 3
   7              		.eabi_attribute 24, 1
   8              		.eabi_attribute 25, 1
   9              		.eabi_attribute 26, 1
  10              		.eabi_attribute 30, 6
  11              		.eabi_attribute 34, 1
  12              		.eabi_attribute 18, 4
  13              		.thumb
  14              		.syntax unified
  15              		.file	"BME280_INTF.c"
  16              		.text
  17              	.Ltext0:
  18              		.cfi_sections	.debug_frame
  19              		.section	.rodata
  20              		.align	2
  21              	.LC1:
  22 0000 74656D70 		.ascii	"temperature\000"
  22      65726174 
  22      75726500 
  23              		.align	2
  24              	.LC2:
  25 000c 424D4532 		.ascii	"BME280\000"
  25      383000
  26 0013 00       		.align	2
  27              	.LC3:
  28 0014 70726573 		.ascii	"pressure\000"
  28      73757265 
  28      00
  29 001d 000000   		.align	2
  30              	.LC4:
  31 0020 68756D69 		.ascii	"humidity\000"
  31      64697479 
  31      00
  32 0029 000000   		.align	2
  33              	.LC5:
  34 002c 66696C74 		.ascii	"filter\000"
  34      657200
  35 0033 00       		.align	2
  36              	.LC6:
  37 0034 74656D70 		.ascii	"temperatureOVRS\000"
  37      65726174 
  37      7572654F 
  37      56525300 
  38              		.align	2
  39              	.LC7:
  40 0044 70726573 		.ascii	"pressureOVRS\000"
  40      73757265 
  40      4F565253 
  40      00
  41 0051 000000   		.align	2
  42              	.LC8:
  43 0054 68756D69 		.ascii	"humidityOVRS\000"
ARM GAS  C:\Users\GYULAI~1\AppData\Local\Temp\ccwFQ2re.s 			page 2


  43      64697479 
  43      4F565253 
  43      00
  44 0061 000000   		.align	2
  45              	.LC9:
  46 0064 6D6F6465 		.ascii	"mode\000"
  46      00
  47 0069 000000   		.align	2
  48              	.LC0:
  49 006c 00000000 		.word	rhea_i2c_MasterSendStart
  50 0070 00000000 		.word	rhea_i2c_MasterSendStop
  51 0074 00000000 		.word	rhea_i2c_MasterWriteByte
  52 0078 00000000 		.word	rhea_i2c_MasterReadByte
  53              		.section	.text.bme280_addInterface,"ax",%progbits
  54              		.align	2
  55              		.global	bme280_addInterface
  56              		.thumb
  57              		.thumb_func
  58              		.type	bme280_addInterface, %function
  59              	bme280_addInterface:
  60              	.LFB0:
  61              		.file 1 "rhea\\sensor\\interfaces\\BME280\\BME280_INTF.c"
   1:rhea\sensor\interfaces\BME280/BME280_INTF.c **** /*********************************************************************************
   2:rhea\sensor\interfaces\BME280/BME280_INTF.c ****  * Copyright (c) 2020 Peter Gyulai
   3:rhea\sensor\interfaces\BME280/BME280_INTF.c ****  *
   4:rhea\sensor\interfaces\BME280/BME280_INTF.c ****  * Permission is hereby granted, free of charge, to any person obtaining a copy
   5:rhea\sensor\interfaces\BME280/BME280_INTF.c ****  * of this software and associated documentation files (the "Software"), to deal
   6:rhea\sensor\interfaces\BME280/BME280_INTF.c ****  * in the Software without restriction, including without limitation the rights
   7:rhea\sensor\interfaces\BME280/BME280_INTF.c ****  * to use, copy, modify, merge, publish, distribute, sublicense, and/or sell
   8:rhea\sensor\interfaces\BME280/BME280_INTF.c ****  * copies of the Software, and to permit persons to whom the Software is
   9:rhea\sensor\interfaces\BME280/BME280_INTF.c ****  * furnished to do so, subject to the following conditions:
  10:rhea\sensor\interfaces\BME280/BME280_INTF.c ****  *
  11:rhea\sensor\interfaces\BME280/BME280_INTF.c ****  * The above copyright notice and this permission notice shall be included in all
  12:rhea\sensor\interfaces\BME280/BME280_INTF.c ****  * copies or substantial portions of the Software.
  13:rhea\sensor\interfaces\BME280/BME280_INTF.c ****  *
  14:rhea\sensor\interfaces\BME280/BME280_INTF.c ****  * THE SOFTWARE IS PROVIDED "AS IS", WITHOUT WARRANTY OF ANY KIND,
  15:rhea\sensor\interfaces\BME280/BME280_INTF.c ****  * EXPRESS OR IMPLIED, INCLUDING BUT NOT LIMITED TO THE WARRANTIES OF
  16:rhea\sensor\interfaces\BME280/BME280_INTF.c ****  * MERCHANTABILITY, FITNESS FOR A PARTICULAR PURPOSE AND NONINFRINGEMENT.
  17:rhea\sensor\interfaces\BME280/BME280_INTF.c ****  * IN NO EVENT SHALL THE AUTHORS OR COPYRIGHT HOLDERS BE LIABLE FOR ANY CLAIM,
  18:rhea\sensor\interfaces\BME280/BME280_INTF.c ****  * DAMAGES OR OTHER LIABILITY, WHETHER IN AN ACTION OF CONTRACT, TORT OR
  19:rhea\sensor\interfaces\BME280/BME280_INTF.c ****  * OTHERWISE, ARISING FROM, OUT OF OR IN CONNECTION WITH THE SOFTWARE OR THE USE
  20:rhea\sensor\interfaces\BME280/BME280_INTF.c ****  * OR OTHER DEALINGS IN THE SOFTWARE.
  21:rhea\sensor\interfaces\BME280/BME280_INTF.c **** **********************************************************************************/
  22:rhea\sensor\interfaces\BME280/BME280_INTF.c **** 
  23:rhea\sensor\interfaces\BME280/BME280_INTF.c **** /**
  24:rhea\sensor\interfaces\BME280/BME280_INTF.c ****  * @file    BME280_INTF.c
  25:rhea\sensor\interfaces\BME280/BME280_INTF.c ****  * @author  Peter Gyulai
  26:rhea\sensor\interfaces\BME280/BME280_INTF.c ****  * @version 1.0.0
  27:rhea\sensor\interfaces\BME280/BME280_INTF.c ****  * @date    2020.04.19
  28:rhea\sensor\interfaces\BME280/BME280_INTF.c ****  * @brief   BME280 Rhea interface implementation.
  29:rhea\sensor\interfaces\BME280/BME280_INTF.c ****  * @details
  30:rhea\sensor\interfaces\BME280/BME280_INTF.c ****  * This file contains the BME280 Rhea sensor interface implementation.
  31:rhea\sensor\interfaces\BME280/BME280_INTF.c ****  */
  32:rhea\sensor\interfaces\BME280/BME280_INTF.c **** 
  33:rhea\sensor\interfaces\BME280/BME280_INTF.c **** // Project includes
  34:rhea\sensor\interfaces\BME280/BME280_INTF.c **** #include "../../../i2c/i2c.h"
  35:rhea\sensor\interfaces\BME280/BME280_INTF.c **** #include "BME280_INTF.h"
ARM GAS  C:\Users\GYULAI~1\AppData\Local\Temp\ccwFQ2re.s 			page 3


  36:rhea\sensor\interfaces\BME280/BME280_INTF.c **** 
  37:rhea\sensor\interfaces\BME280/BME280_INTF.c **** 
  38:rhea\sensor\interfaces\BME280/BME280_INTF.c **** void bme280_addInterface(void) {
  62              		.loc 1 38 0
  63              		.cfi_startproc
  64              		@ args = 0, pretend = 0, frame = 16
  65              		@ frame_needed = 1, uses_anonymous_args = 0
  66 0000 90B5     		push	{r4, r7, lr}
  67              		.cfi_def_cfa_offset 12
  68              		.cfi_offset 4, -12
  69              		.cfi_offset 7, -8
  70              		.cfi_offset 14, -4
  71 0002 87B0     		sub	sp, sp, #28
  72              		.cfi_def_cfa_offset 40
  73 0004 02AF     		add	r7, sp, #8
  74              		.cfi_def_cfa 7, 32
  39:rhea\sensor\interfaces\BME280/BME280_INTF.c ****     
  40:rhea\sensor\interfaces\BME280/BME280_INTF.c ****     // Setting up BME280 measurement callbacks
  41:rhea\sensor\interfaces\BME280/BME280_INTF.c ****     rhea_sensor_AddMeasurement("BME280", "temperature", 0, bme280_GetTemperatureCelsius);
  75              		.loc 1 41 0
  76 0006 394B     		ldr	r3, .L2
  77 0008 0093     		str	r3, [sp]
  78 000a 4FF00002 		mov	r2, #0
  79 000e 4FF00003 		mov	r3, #0
  80 0012 3749     		ldr	r1, .L2+4
  81 0014 3748     		ldr	r0, .L2+8
  82 0016 FFF7FEFF 		bl	rhea_sensor_AddMeasurement
  42:rhea\sensor\interfaces\BME280/BME280_INTF.c ****     rhea_sensor_AddMeasurement("BME280", "pressure",    0, bme280_GetPressure);
  83              		.loc 1 42 0
  84 001a 374B     		ldr	r3, .L2+12
  85 001c 0093     		str	r3, [sp]
  86 001e 4FF00002 		mov	r2, #0
  87 0022 4FF00003 		mov	r3, #0
  88 0026 3549     		ldr	r1, .L2+16
  89 0028 3248     		ldr	r0, .L2+8
  90 002a FFF7FEFF 		bl	rhea_sensor_AddMeasurement
  43:rhea\sensor\interfaces\BME280/BME280_INTF.c ****     rhea_sensor_AddMeasurement("BME280", "humidity",    0, bme280_GetHumidity);
  91              		.loc 1 43 0
  92 002e 344B     		ldr	r3, .L2+20
  93 0030 0093     		str	r3, [sp]
  94 0032 4FF00002 		mov	r2, #0
  95 0036 4FF00003 		mov	r3, #0
  96 003a 3249     		ldr	r1, .L2+24
  97 003c 2D48     		ldr	r0, .L2+8
  98 003e FFF7FEFF 		bl	rhea_sensor_AddMeasurement
  44:rhea\sensor\interfaces\BME280/BME280_INTF.c ****     
  45:rhea\sensor\interfaces\BME280/BME280_INTF.c ****     // Setting up BME280 attribute getter & setter callbacks
  46:rhea\sensor\interfaces\BME280/BME280_INTF.c ****     rhea_sensor_AddAttribute("BME280", "filter",            bme280_GetFilterMode,      bme280_SetFi
  99              		.loc 1 46 0
 100 0042 314B     		ldr	r3, .L2+28
 101 0044 314A     		ldr	r2, .L2+32
 102 0046 3249     		ldr	r1, .L2+36
 103 0048 2A48     		ldr	r0, .L2+8
 104 004a FFF7FEFF 		bl	rhea_sensor_AddAttribute
  47:rhea\sensor\interfaces\BME280/BME280_INTF.c ****     rhea_sensor_AddAttribute("BME280", "temperatureOVRS",   bme280_GetTemperatureMode, bme280_SetTe
 105              		.loc 1 47 0
 106 004e 314B     		ldr	r3, .L2+40
ARM GAS  C:\Users\GYULAI~1\AppData\Local\Temp\ccwFQ2re.s 			page 4


 107 0050 314A     		ldr	r2, .L2+44
 108 0052 3249     		ldr	r1, .L2+48
 109 0054 2748     		ldr	r0, .L2+8
 110 0056 FFF7FEFF 		bl	rhea_sensor_AddAttribute
  48:rhea\sensor\interfaces\BME280/BME280_INTF.c ****     rhea_sensor_AddAttribute("BME280", "pressureOVRS",      bme280_GetPressureMode,    bme280_SetPr
 111              		.loc 1 48 0
 112 005a 314B     		ldr	r3, .L2+52
 113 005c 314A     		ldr	r2, .L2+56
 114 005e 3249     		ldr	r1, .L2+60
 115 0060 2448     		ldr	r0, .L2+8
 116 0062 FFF7FEFF 		bl	rhea_sensor_AddAttribute
  49:rhea\sensor\interfaces\BME280/BME280_INTF.c ****     rhea_sensor_AddAttribute("BME280", "humidityOVRS",      bme280_GetHumidityMode,    bme280_SetHu
 117              		.loc 1 49 0
 118 0066 314B     		ldr	r3, .L2+64
 119 0068 314A     		ldr	r2, .L2+68
 120 006a 3249     		ldr	r1, .L2+72
 121 006c 2148     		ldr	r0, .L2+8
 122 006e FFF7FEFF 		bl	rhea_sensor_AddAttribute
  50:rhea\sensor\interfaces\BME280/BME280_INTF.c ****     rhea_sensor_AddAttribute("BME280", "mode",              bme280_GetMeasurementMode, bme280_SetMe
 123              		.loc 1 50 0
 124 0072 314B     		ldr	r3, .L2+76
 125 0074 314A     		ldr	r2, .L2+80
 126 0076 3249     		ldr	r1, .L2+84
 127 0078 1E48     		ldr	r0, .L2+8
 128 007a FFF7FEFF 		bl	rhea_sensor_AddAttribute
  51:rhea\sensor\interfaces\BME280/BME280_INTF.c ****         
  52:rhea\sensor\interfaces\BME280/BME280_INTF.c ****     // Function pointers for I2C driver
  53:rhea\sensor\interfaces\BME280/BME280_INTF.c ****     BME280_I2CControllerStruct cntr = {
 129              		.loc 1 53 0
 130 007e 314B     		ldr	r3, .L2+88
 131 0080 3C46     		mov	r4, r7
 132 0082 0FCB     		ldmia	r3, {r0, r1, r2, r3}
 133 0084 84E80F00 		stmia	r4, {r0, r1, r2, r3}
  54:rhea\sensor\interfaces\BME280/BME280_INTF.c ****         rhea_i2c_MasterSendStart,
  55:rhea\sensor\interfaces\BME280/BME280_INTF.c ****         rhea_i2c_MasterSendStop,
  56:rhea\sensor\interfaces\BME280/BME280_INTF.c ****         rhea_i2c_MasterWriteByte,
  57:rhea\sensor\interfaces\BME280/BME280_INTF.c ****         rhea_i2c_MasterReadByte
  58:rhea\sensor\interfaces\BME280/BME280_INTF.c ****     };
  59:rhea\sensor\interfaces\BME280/BME280_INTF.c ****     
  60:rhea\sensor\interfaces\BME280/BME280_INTF.c ****     // Initializing the BME280
  61:rhea\sensor\interfaces\BME280/BME280_INTF.c ****     BME280_SetI2CController(cntr);
 134              		.loc 1 61 0
 135 0088 3B46     		mov	r3, r7
 136 008a 0FCB     		ldmia	r3, {r0, r1, r2, r3}
 137 008c FFF7FEFF 		bl	BME280_SetI2CController
  62:rhea\sensor\interfaces\BME280/BME280_INTF.c ****     BME280_Init();
 138              		.loc 1 62 0
 139 0090 FFF7FEFF 		bl	BME280_Init
  63:rhea\sensor\interfaces\BME280/BME280_INTF.c ****     
  64:rhea\sensor\interfaces\BME280/BME280_INTF.c ****     // Setting measurement parameters for the BME280
  65:rhea\sensor\interfaces\BME280/BME280_INTF.c ****     rhea_sensor_SetAttribute("BME280", "filter",          BME280_FILTER_OFF);
 140              		.loc 1 65 0
 141 0094 4FF00002 		mov	r2, #0
 142 0098 4FF00003 		mov	r3, #0
 143 009c 1C49     		ldr	r1, .L2+36
 144 009e 1548     		ldr	r0, .L2+8
 145 00a0 FFF7FEFF 		bl	rhea_sensor_SetAttribute
ARM GAS  C:\Users\GYULAI~1\AppData\Local\Temp\ccwFQ2re.s 			page 5


  66:rhea\sensor\interfaces\BME280/BME280_INTF.c ****     rhea_sensor_SetAttribute("BME280", "temperatureOVRS", BME280_TEMPERATURE_OVERSAMPLING_1X);
 146              		.loc 1 66 0
 147 00a4 4FF02002 		mov	r2, #32
 148 00a8 4FF00003 		mov	r3, #0
 149 00ac 1B49     		ldr	r1, .L2+48
 150 00ae 1148     		ldr	r0, .L2+8
 151 00b0 FFF7FEFF 		bl	rhea_sensor_SetAttribute
  67:rhea\sensor\interfaces\BME280/BME280_INTF.c ****     rhea_sensor_SetAttribute("BME280", "pressureOVRS",    BME280_PRESSURE_OVERSAMPLING_1X);
 152              		.loc 1 67 0
 153 00b4 4FF00402 		mov	r2, #4
 154 00b8 4FF00003 		mov	r3, #0
 155 00bc 1A49     		ldr	r1, .L2+60
 156 00be 0D48     		ldr	r0, .L2+8
 157 00c0 FFF7FEFF 		bl	rhea_sensor_SetAttribute
  68:rhea\sensor\interfaces\BME280/BME280_INTF.c ****     rhea_sensor_SetAttribute("BME280", "humidityOVRS",    BME280_HUMIDITY_OVERSAMPLING_1X);
 158              		.loc 1 68 0
 159 00c4 4FF00102 		mov	r2, #1
 160 00c8 4FF00003 		mov	r3, #0
 161 00cc 1949     		ldr	r1, .L2+72
 162 00ce 0948     		ldr	r0, .L2+8
 163 00d0 FFF7FEFF 		bl	rhea_sensor_SetAttribute
  69:rhea\sensor\interfaces\BME280/BME280_INTF.c ****     rhea_sensor_SetAttribute("BME280", "mode",            BME280_MODE_FORCED);
 164              		.loc 1 69 0
 165 00d4 4FF00102 		mov	r2, #1
 166 00d8 4FF00003 		mov	r3, #0
 167 00dc 1849     		ldr	r1, .L2+84
 168 00de 0548     		ldr	r0, .L2+8
 169 00e0 FFF7FEFF 		bl	rhea_sensor_SetAttribute
  70:rhea\sensor\interfaces\BME280/BME280_INTF.c **** }
 170              		.loc 1 70 0
 171 00e4 00BF     		nop
 172 00e6 1437     		adds	r7, r7, #20
 173              		.cfi_def_cfa_offset 12
 174 00e8 BD46     		mov	sp, r7
 175              		.cfi_def_cfa_register 13
 176              		@ sp needed
 177 00ea 90BD     		pop	{r4, r7, pc}
 178              	.L3:
 179              		.align	2
 180              	.L2:
 181 00ec 00000000 		.word	bme280_GetTemperatureCelsius
 182 00f0 00000000 		.word	.LC1
 183 00f4 0C000000 		.word	.LC2
 184 00f8 00000000 		.word	bme280_GetPressure
 185 00fc 14000000 		.word	.LC3
 186 0100 00000000 		.word	bme280_GetHumidity
 187 0104 20000000 		.word	.LC4
 188 0108 00000000 		.word	bme280_SetFilterMode
 189 010c 00000000 		.word	bme280_GetFilterMode
 190 0110 2C000000 		.word	.LC5
 191 0114 00000000 		.word	bme280_SetTemperatureMode
 192 0118 00000000 		.word	bme280_GetTemperatureMode
 193 011c 34000000 		.word	.LC6
 194 0120 00000000 		.word	bme280_SetPressureMode
 195 0124 00000000 		.word	bme280_GetPressureMode
 196 0128 44000000 		.word	.LC7
 197 012c 00000000 		.word	bme280_SetHumidityMode
ARM GAS  C:\Users\GYULAI~1\AppData\Local\Temp\ccwFQ2re.s 			page 6


 198 0130 00000000 		.word	bme280_GetHumidityMode
 199 0134 54000000 		.word	.LC8
 200 0138 00000000 		.word	bme280_SetMeasurementMode
 201 013c 00000000 		.word	bme280_GetMeasurementMode
 202 0140 64000000 		.word	.LC9
 203 0144 6C000000 		.word	.LC0
 204              		.cfi_endproc
 205              	.LFE0:
 206              		.size	bme280_addInterface, .-bme280_addInterface
 207              		.global	__aeabi_i2d
 208              		.section	.text.bme280_GetTemperatureCelsius,"ax",%progbits
 209              		.align	2
 210              		.global	bme280_GetTemperatureCelsius
 211              		.thumb
 212              		.thumb_func
 213              		.type	bme280_GetTemperatureCelsius, %function
 214              	bme280_GetTemperatureCelsius:
 215              	.LFB1:
  71:rhea\sensor\interfaces\BME280/BME280_INTF.c **** 
  72:rhea\sensor\interfaces\BME280/BME280_INTF.c **** RHEA_SENSOR_MEASUREMENT_TYPE bme280_GetTemperatureCelsius(void) {
 216              		.loc 1 72 0
 217              		.cfi_startproc
 218              		@ args = 0, pretend = 0, frame = 8
 219              		@ frame_needed = 1, uses_anonymous_args = 0
 220 0000 90B5     		push	{r4, r7, lr}
 221              		.cfi_def_cfa_offset 12
 222              		.cfi_offset 4, -12
 223              		.cfi_offset 7, -8
 224              		.cfi_offset 14, -4
 225 0002 83B0     		sub	sp, sp, #12
 226              		.cfi_def_cfa_offset 24
 227 0004 00AF     		add	r7, sp, #0
 228              		.cfi_def_cfa_register 7
  73:rhea\sensor\interfaces\BME280/BME280_INTF.c ****     
  74:rhea\sensor\interfaces\BME280/BME280_INTF.c ****     // Reading measurement
  75:rhea\sensor\interfaces\BME280/BME280_INTF.c ****     RHEA_SENSOR_MEASUREMENT_TYPE result = BME280_GetTemperatureCelsius(1);
 229              		.loc 1 75 0
 230 0006 0120     		movs	r0, #1
 231 0008 FFF7FEFF 		bl	BME280_GetTemperatureCelsius
 232 000c 0346     		mov	r3, r0
 233 000e 1846     		mov	r0, r3
 234 0010 FFF7FEFF 		bl	__aeabi_i2d
 235 0014 0346     		mov	r3, r0
 236 0016 0C46     		mov	r4, r1
 237 0018 C7E90034 		strd	r3, [r7]
  76:rhea\sensor\interfaces\BME280/BME280_INTF.c ****     
  77:rhea\sensor\interfaces\BME280/BME280_INTF.c ****     // Starting next measurement
  78:rhea\sensor\interfaces\BME280/BME280_INTF.c ****     BME280_SetMeasurementMode(BME280_MODE_FORCED);
 238              		.loc 1 78 0
 239 001c 0120     		movs	r0, #1
 240 001e FFF7FEFF 		bl	BME280_SetMeasurementMode
  79:rhea\sensor\interfaces\BME280/BME280_INTF.c ****     
  80:rhea\sensor\interfaces\BME280/BME280_INTF.c ****     return result;
 241              		.loc 1 80 0
 242 0022 D7E90034 		ldrd	r3, [r7]
  81:rhea\sensor\interfaces\BME280/BME280_INTF.c **** }
 243              		.loc 1 81 0
ARM GAS  C:\Users\GYULAI~1\AppData\Local\Temp\ccwFQ2re.s 			page 7


 244 0026 1846     		mov	r0, r3
 245 0028 2146     		mov	r1, r4
 246 002a 0C37     		adds	r7, r7, #12
 247              		.cfi_def_cfa_offset 12
 248 002c BD46     		mov	sp, r7
 249              		.cfi_def_cfa_register 13
 250              		@ sp needed
 251 002e 90BD     		pop	{r4, r7, pc}
 252              		.cfi_endproc
 253              	.LFE1:
 254              		.size	bme280_GetTemperatureCelsius, .-bme280_GetTemperatureCelsius
 255              		.global	__aeabi_ui2d
 256              		.section	.text.bme280_GetPressure,"ax",%progbits
 257              		.align	2
 258              		.global	bme280_GetPressure
 259              		.thumb
 260              		.thumb_func
 261              		.type	bme280_GetPressure, %function
 262              	bme280_GetPressure:
 263              	.LFB2:
  82:rhea\sensor\interfaces\BME280/BME280_INTF.c **** 
  83:rhea\sensor\interfaces\BME280/BME280_INTF.c **** RHEA_SENSOR_MEASUREMENT_TYPE bme280_GetPressure(void) {
 264              		.loc 1 83 0
 265              		.cfi_startproc
 266              		@ args = 0, pretend = 0, frame = 8
 267              		@ frame_needed = 1, uses_anonymous_args = 0
 268 0000 90B5     		push	{r4, r7, lr}
 269              		.cfi_def_cfa_offset 12
 270              		.cfi_offset 4, -12
 271              		.cfi_offset 7, -8
 272              		.cfi_offset 14, -4
 273 0002 83B0     		sub	sp, sp, #12
 274              		.cfi_def_cfa_offset 24
 275 0004 00AF     		add	r7, sp, #0
 276              		.cfi_def_cfa_register 7
  84:rhea\sensor\interfaces\BME280/BME280_INTF.c ****     
  85:rhea\sensor\interfaces\BME280/BME280_INTF.c ****     // Reading measurement
  86:rhea\sensor\interfaces\BME280/BME280_INTF.c ****     RHEA_SENSOR_MEASUREMENT_TYPE result = BME280_GetPressure(1);
 277              		.loc 1 86 0
 278 0006 0120     		movs	r0, #1
 279 0008 FFF7FEFF 		bl	BME280_GetPressure
 280 000c 0346     		mov	r3, r0
 281 000e 1846     		mov	r0, r3
 282 0010 FFF7FEFF 		bl	__aeabi_ui2d
 283 0014 0346     		mov	r3, r0
 284 0016 0C46     		mov	r4, r1
 285 0018 C7E90034 		strd	r3, [r7]
  87:rhea\sensor\interfaces\BME280/BME280_INTF.c ****     
  88:rhea\sensor\interfaces\BME280/BME280_INTF.c ****     // Starting next measurement
  89:rhea\sensor\interfaces\BME280/BME280_INTF.c ****     BME280_SetMeasurementMode(BME280_MODE_FORCED);
 286              		.loc 1 89 0
 287 001c 0120     		movs	r0, #1
 288 001e FFF7FEFF 		bl	BME280_SetMeasurementMode
  90:rhea\sensor\interfaces\BME280/BME280_INTF.c ****     
  91:rhea\sensor\interfaces\BME280/BME280_INTF.c ****     return result;
 289              		.loc 1 91 0
 290 0022 D7E90034 		ldrd	r3, [r7]
ARM GAS  C:\Users\GYULAI~1\AppData\Local\Temp\ccwFQ2re.s 			page 8


  92:rhea\sensor\interfaces\BME280/BME280_INTF.c **** }
 291              		.loc 1 92 0
 292 0026 1846     		mov	r0, r3
 293 0028 2146     		mov	r1, r4
 294 002a 0C37     		adds	r7, r7, #12
 295              		.cfi_def_cfa_offset 12
 296 002c BD46     		mov	sp, r7
 297              		.cfi_def_cfa_register 13
 298              		@ sp needed
 299 002e 90BD     		pop	{r4, r7, pc}
 300              		.cfi_endproc
 301              	.LFE2:
 302              		.size	bme280_GetPressure, .-bme280_GetPressure
 303              		.section	.text.bme280_GetHumidity,"ax",%progbits
 304              		.align	2
 305              		.global	bme280_GetHumidity
 306              		.thumb
 307              		.thumb_func
 308              		.type	bme280_GetHumidity, %function
 309              	bme280_GetHumidity:
 310              	.LFB3:
  93:rhea\sensor\interfaces\BME280/BME280_INTF.c **** 
  94:rhea\sensor\interfaces\BME280/BME280_INTF.c **** RHEA_SENSOR_MEASUREMENT_TYPE bme280_GetHumidity(void) {
 311              		.loc 1 94 0
 312              		.cfi_startproc
 313              		@ args = 0, pretend = 0, frame = 8
 314              		@ frame_needed = 1, uses_anonymous_args = 0
 315 0000 90B5     		push	{r4, r7, lr}
 316              		.cfi_def_cfa_offset 12
 317              		.cfi_offset 4, -12
 318              		.cfi_offset 7, -8
 319              		.cfi_offset 14, -4
 320 0002 83B0     		sub	sp, sp, #12
 321              		.cfi_def_cfa_offset 24
 322 0004 00AF     		add	r7, sp, #0
 323              		.cfi_def_cfa_register 7
  95:rhea\sensor\interfaces\BME280/BME280_INTF.c ****     
  96:rhea\sensor\interfaces\BME280/BME280_INTF.c ****     // Reading measurement
  97:rhea\sensor\interfaces\BME280/BME280_INTF.c ****     RHEA_SENSOR_MEASUREMENT_TYPE result = BME280_GetHumidity(1);
 324              		.loc 1 97 0
 325 0006 0120     		movs	r0, #1
 326 0008 FFF7FEFF 		bl	BME280_GetHumidity
 327 000c 0346     		mov	r3, r0
 328 000e 1846     		mov	r0, r3
 329 0010 FFF7FEFF 		bl	__aeabi_ui2d
 330 0014 0346     		mov	r3, r0
 331 0016 0C46     		mov	r4, r1
 332 0018 C7E90034 		strd	r3, [r7]
  98:rhea\sensor\interfaces\BME280/BME280_INTF.c ****     
  99:rhea\sensor\interfaces\BME280/BME280_INTF.c ****     // Starting next measurement
 100:rhea\sensor\interfaces\BME280/BME280_INTF.c ****     BME280_SetMeasurementMode(BME280_MODE_FORCED);
 333              		.loc 1 100 0
 334 001c 0120     		movs	r0, #1
 335 001e FFF7FEFF 		bl	BME280_SetMeasurementMode
 101:rhea\sensor\interfaces\BME280/BME280_INTF.c ****     
 102:rhea\sensor\interfaces\BME280/BME280_INTF.c ****     return result;
 336              		.loc 1 102 0
ARM GAS  C:\Users\GYULAI~1\AppData\Local\Temp\ccwFQ2re.s 			page 9


 337 0022 D7E90034 		ldrd	r3, [r7]
 103:rhea\sensor\interfaces\BME280/BME280_INTF.c **** }
 338              		.loc 1 103 0
 339 0026 1846     		mov	r0, r3
 340 0028 2146     		mov	r1, r4
 341 002a 0C37     		adds	r7, r7, #12
 342              		.cfi_def_cfa_offset 12
 343 002c BD46     		mov	sp, r7
 344              		.cfi_def_cfa_register 13
 345              		@ sp needed
 346 002e 90BD     		pop	{r4, r7, pc}
 347              		.cfi_endproc
 348              	.LFE3:
 349              		.size	bme280_GetHumidity, .-bme280_GetHumidity
 350              		.section	.text.bme280_SetFilterMode,"ax",%progbits
 351              		.align	2
 352              		.global	bme280_SetFilterMode
 353              		.thumb
 354              		.thumb_func
 355              		.type	bme280_SetFilterMode, %function
 356              	bme280_SetFilterMode:
 357              	.LFB4:
 104:rhea\sensor\interfaces\BME280/BME280_INTF.c **** 
 105:rhea\sensor\interfaces\BME280/BME280_INTF.c **** void bme280_SetFilterMode(RHEA_SENSOR_ATTRIBUTE_TYPE value) {
 358              		.loc 1 105 0
 359              		.cfi_startproc
 360              		@ args = 0, pretend = 0, frame = 8
 361              		@ frame_needed = 1, uses_anonymous_args = 0
 362 0000 80B5     		push	{r7, lr}
 363              		.cfi_def_cfa_offset 8
 364              		.cfi_offset 7, -8
 365              		.cfi_offset 14, -4
 366 0002 82B0     		sub	sp, sp, #8
 367              		.cfi_def_cfa_offset 16
 368 0004 00AF     		add	r7, sp, #0
 369              		.cfi_def_cfa_register 7
 370 0006 C7E90001 		strd	r0, [r7]
 106:rhea\sensor\interfaces\BME280/BME280_INTF.c ****     BME280_SetFilterMode(value);
 371              		.loc 1 106 0
 372 000a 3B78     		ldrb	r3, [r7]	@ zero_extendqisi2
 373 000c 1846     		mov	r0, r3
 374 000e FFF7FEFF 		bl	BME280_SetFilterMode
 107:rhea\sensor\interfaces\BME280/BME280_INTF.c **** }
 375              		.loc 1 107 0
 376 0012 00BF     		nop
 377 0014 0837     		adds	r7, r7, #8
 378              		.cfi_def_cfa_offset 8
 379 0016 BD46     		mov	sp, r7
 380              		.cfi_def_cfa_register 13
 381              		@ sp needed
 382 0018 80BD     		pop	{r7, pc}
 383              		.cfi_endproc
 384              	.LFE4:
 385              		.size	bme280_SetFilterMode, .-bme280_SetFilterMode
 386 001a 00BF     		.section	.text.bme280_GetFilterMode,"ax",%progbits
 387              		.align	2
 388              		.global	bme280_GetFilterMode
ARM GAS  C:\Users\GYULAI~1\AppData\Local\Temp\ccwFQ2re.s 			page 10


 389              		.thumb
 390              		.thumb_func
 391              		.type	bme280_GetFilterMode, %function
 392              	bme280_GetFilterMode:
 393              	.LFB5:
 108:rhea\sensor\interfaces\BME280/BME280_INTF.c **** 
 109:rhea\sensor\interfaces\BME280/BME280_INTF.c **** RHEA_SENSOR_ATTRIBUTE_TYPE bme280_GetFilterMode(void) {
 394              		.loc 1 109 0
 395              		.cfi_startproc
 396              		@ args = 0, pretend = 0, frame = 0
 397              		@ frame_needed = 1, uses_anonymous_args = 0
 398 0000 98B5     		push	{r3, r4, r7, lr}
 399              		.cfi_def_cfa_offset 16
 400              		.cfi_offset 3, -16
 401              		.cfi_offset 4, -12
 402              		.cfi_offset 7, -8
 403              		.cfi_offset 14, -4
 404 0002 00AF     		add	r7, sp, #0
 405              		.cfi_def_cfa_register 7
 110:rhea\sensor\interfaces\BME280/BME280_INTF.c ****     return BME280_GetFilterMode();
 406              		.loc 1 110 0
 407 0004 FFF7FEFF 		bl	BME280_GetFilterMode
 408 0008 0346     		mov	r3, r0
 409 000a DBB2     		uxtb	r3, r3
 410 000c 4FF00004 		mov	r4, #0
 111:rhea\sensor\interfaces\BME280/BME280_INTF.c **** }
 411              		.loc 1 111 0
 412 0010 1846     		mov	r0, r3
 413 0012 2146     		mov	r1, r4
 414 0014 98BD     		pop	{r3, r4, r7, pc}
 415              		.cfi_endproc
 416              	.LFE5:
 417              		.size	bme280_GetFilterMode, .-bme280_GetFilterMode
 418 0016 00BF     		.section	.text.bme280_SetTemperatureMode,"ax",%progbits
 419              		.align	2
 420              		.global	bme280_SetTemperatureMode
 421              		.thumb
 422              		.thumb_func
 423              		.type	bme280_SetTemperatureMode, %function
 424              	bme280_SetTemperatureMode:
 425              	.LFB6:
 112:rhea\sensor\interfaces\BME280/BME280_INTF.c **** 
 113:rhea\sensor\interfaces\BME280/BME280_INTF.c **** void bme280_SetTemperatureMode(RHEA_SENSOR_ATTRIBUTE_TYPE value) {
 426              		.loc 1 113 0
 427              		.cfi_startproc
 428              		@ args = 0, pretend = 0, frame = 8
 429              		@ frame_needed = 1, uses_anonymous_args = 0
 430 0000 80B5     		push	{r7, lr}
 431              		.cfi_def_cfa_offset 8
 432              		.cfi_offset 7, -8
 433              		.cfi_offset 14, -4
 434 0002 82B0     		sub	sp, sp, #8
 435              		.cfi_def_cfa_offset 16
 436 0004 00AF     		add	r7, sp, #0
 437              		.cfi_def_cfa_register 7
 438 0006 C7E90001 		strd	r0, [r7]
 114:rhea\sensor\interfaces\BME280/BME280_INTF.c ****     BME280_SetTemperatureMode(value);
ARM GAS  C:\Users\GYULAI~1\AppData\Local\Temp\ccwFQ2re.s 			page 11


 439              		.loc 1 114 0
 440 000a 3B78     		ldrb	r3, [r7]	@ zero_extendqisi2
 441 000c 1846     		mov	r0, r3
 442 000e FFF7FEFF 		bl	BME280_SetTemperatureMode
 115:rhea\sensor\interfaces\BME280/BME280_INTF.c **** }
 443              		.loc 1 115 0
 444 0012 00BF     		nop
 445 0014 0837     		adds	r7, r7, #8
 446              		.cfi_def_cfa_offset 8
 447 0016 BD46     		mov	sp, r7
 448              		.cfi_def_cfa_register 13
 449              		@ sp needed
 450 0018 80BD     		pop	{r7, pc}
 451              		.cfi_endproc
 452              	.LFE6:
 453              		.size	bme280_SetTemperatureMode, .-bme280_SetTemperatureMode
 454 001a 00BF     		.section	.text.bme280_GetTemperatureMode,"ax",%progbits
 455              		.align	2
 456              		.global	bme280_GetTemperatureMode
 457              		.thumb
 458              		.thumb_func
 459              		.type	bme280_GetTemperatureMode, %function
 460              	bme280_GetTemperatureMode:
 461              	.LFB7:
 116:rhea\sensor\interfaces\BME280/BME280_INTF.c **** 
 117:rhea\sensor\interfaces\BME280/BME280_INTF.c **** RHEA_SENSOR_ATTRIBUTE_TYPE bme280_GetTemperatureMode(void) {
 462              		.loc 1 117 0
 463              		.cfi_startproc
 464              		@ args = 0, pretend = 0, frame = 0
 465              		@ frame_needed = 1, uses_anonymous_args = 0
 466 0000 98B5     		push	{r3, r4, r7, lr}
 467              		.cfi_def_cfa_offset 16
 468              		.cfi_offset 3, -16
 469              		.cfi_offset 4, -12
 470              		.cfi_offset 7, -8
 471              		.cfi_offset 14, -4
 472 0002 00AF     		add	r7, sp, #0
 473              		.cfi_def_cfa_register 7
 118:rhea\sensor\interfaces\BME280/BME280_INTF.c ****     return BME280_GetTemperatureMode();
 474              		.loc 1 118 0
 475 0004 FFF7FEFF 		bl	BME280_GetTemperatureMode
 476 0008 0346     		mov	r3, r0
 477 000a DBB2     		uxtb	r3, r3
 478 000c 4FF00004 		mov	r4, #0
 119:rhea\sensor\interfaces\BME280/BME280_INTF.c **** }
 479              		.loc 1 119 0
 480 0010 1846     		mov	r0, r3
 481 0012 2146     		mov	r1, r4
 482 0014 98BD     		pop	{r3, r4, r7, pc}
 483              		.cfi_endproc
 484              	.LFE7:
 485              		.size	bme280_GetTemperatureMode, .-bme280_GetTemperatureMode
 486 0016 00BF     		.section	.text.bme280_SetPressureMode,"ax",%progbits
 487              		.align	2
 488              		.global	bme280_SetPressureMode
 489              		.thumb
 490              		.thumb_func
ARM GAS  C:\Users\GYULAI~1\AppData\Local\Temp\ccwFQ2re.s 			page 12


 491              		.type	bme280_SetPressureMode, %function
 492              	bme280_SetPressureMode:
 493              	.LFB8:
 120:rhea\sensor\interfaces\BME280/BME280_INTF.c **** 
 121:rhea\sensor\interfaces\BME280/BME280_INTF.c **** void bme280_SetPressureMode(RHEA_SENSOR_ATTRIBUTE_TYPE value) {
 494              		.loc 1 121 0
 495              		.cfi_startproc
 496              		@ args = 0, pretend = 0, frame = 8
 497              		@ frame_needed = 1, uses_anonymous_args = 0
 498 0000 80B5     		push	{r7, lr}
 499              		.cfi_def_cfa_offset 8
 500              		.cfi_offset 7, -8
 501              		.cfi_offset 14, -4
 502 0002 82B0     		sub	sp, sp, #8
 503              		.cfi_def_cfa_offset 16
 504 0004 00AF     		add	r7, sp, #0
 505              		.cfi_def_cfa_register 7
 506 0006 C7E90001 		strd	r0, [r7]
 122:rhea\sensor\interfaces\BME280/BME280_INTF.c ****     BME280_SetPressureMode(value);
 507              		.loc 1 122 0
 508 000a 3B78     		ldrb	r3, [r7]	@ zero_extendqisi2
 509 000c 1846     		mov	r0, r3
 510 000e FFF7FEFF 		bl	BME280_SetPressureMode
 123:rhea\sensor\interfaces\BME280/BME280_INTF.c **** }
 511              		.loc 1 123 0
 512 0012 00BF     		nop
 513 0014 0837     		adds	r7, r7, #8
 514              		.cfi_def_cfa_offset 8
 515 0016 BD46     		mov	sp, r7
 516              		.cfi_def_cfa_register 13
 517              		@ sp needed
 518 0018 80BD     		pop	{r7, pc}
 519              		.cfi_endproc
 520              	.LFE8:
 521              		.size	bme280_SetPressureMode, .-bme280_SetPressureMode
 522 001a 00BF     		.section	.text.bme280_GetPressureMode,"ax",%progbits
 523              		.align	2
 524              		.global	bme280_GetPressureMode
 525              		.thumb
 526              		.thumb_func
 527              		.type	bme280_GetPressureMode, %function
 528              	bme280_GetPressureMode:
 529              	.LFB9:
 124:rhea\sensor\interfaces\BME280/BME280_INTF.c **** 
 125:rhea\sensor\interfaces\BME280/BME280_INTF.c **** RHEA_SENSOR_ATTRIBUTE_TYPE bme280_GetPressureMode(void) {
 530              		.loc 1 125 0
 531              		.cfi_startproc
 532              		@ args = 0, pretend = 0, frame = 0
 533              		@ frame_needed = 1, uses_anonymous_args = 0
 534 0000 98B5     		push	{r3, r4, r7, lr}
 535              		.cfi_def_cfa_offset 16
 536              		.cfi_offset 3, -16
 537              		.cfi_offset 4, -12
 538              		.cfi_offset 7, -8
 539              		.cfi_offset 14, -4
 540 0002 00AF     		add	r7, sp, #0
 541              		.cfi_def_cfa_register 7
ARM GAS  C:\Users\GYULAI~1\AppData\Local\Temp\ccwFQ2re.s 			page 13


 126:rhea\sensor\interfaces\BME280/BME280_INTF.c ****     return BME280_GetPressureMode();
 542              		.loc 1 126 0
 543 0004 FFF7FEFF 		bl	BME280_GetPressureMode
 544 0008 0346     		mov	r3, r0
 545 000a DBB2     		uxtb	r3, r3
 546 000c 4FF00004 		mov	r4, #0
 127:rhea\sensor\interfaces\BME280/BME280_INTF.c **** }
 547              		.loc 1 127 0
 548 0010 1846     		mov	r0, r3
 549 0012 2146     		mov	r1, r4
 550 0014 98BD     		pop	{r3, r4, r7, pc}
 551              		.cfi_endproc
 552              	.LFE9:
 553              		.size	bme280_GetPressureMode, .-bme280_GetPressureMode
 554 0016 00BF     		.section	.text.bme280_SetHumidityMode,"ax",%progbits
 555              		.align	2
 556              		.global	bme280_SetHumidityMode
 557              		.thumb
 558              		.thumb_func
 559              		.type	bme280_SetHumidityMode, %function
 560              	bme280_SetHumidityMode:
 561              	.LFB10:
 128:rhea\sensor\interfaces\BME280/BME280_INTF.c **** 
 129:rhea\sensor\interfaces\BME280/BME280_INTF.c **** void bme280_SetHumidityMode(RHEA_SENSOR_ATTRIBUTE_TYPE value) {
 562              		.loc 1 129 0
 563              		.cfi_startproc
 564              		@ args = 0, pretend = 0, frame = 8
 565              		@ frame_needed = 1, uses_anonymous_args = 0
 566 0000 80B5     		push	{r7, lr}
 567              		.cfi_def_cfa_offset 8
 568              		.cfi_offset 7, -8
 569              		.cfi_offset 14, -4
 570 0002 82B0     		sub	sp, sp, #8
 571              		.cfi_def_cfa_offset 16
 572 0004 00AF     		add	r7, sp, #0
 573              		.cfi_def_cfa_register 7
 574 0006 C7E90001 		strd	r0, [r7]
 130:rhea\sensor\interfaces\BME280/BME280_INTF.c ****     BME280_SetHumidityMode(value);
 575              		.loc 1 130 0
 576 000a 3B78     		ldrb	r3, [r7]	@ zero_extendqisi2
 577 000c 1846     		mov	r0, r3
 578 000e FFF7FEFF 		bl	BME280_SetHumidityMode
 131:rhea\sensor\interfaces\BME280/BME280_INTF.c **** }
 579              		.loc 1 131 0
 580 0012 00BF     		nop
 581 0014 0837     		adds	r7, r7, #8
 582              		.cfi_def_cfa_offset 8
 583 0016 BD46     		mov	sp, r7
 584              		.cfi_def_cfa_register 13
 585              		@ sp needed
 586 0018 80BD     		pop	{r7, pc}
 587              		.cfi_endproc
 588              	.LFE10:
 589              		.size	bme280_SetHumidityMode, .-bme280_SetHumidityMode
 590 001a 00BF     		.section	.text.bme280_GetHumidityMode,"ax",%progbits
 591              		.align	2
 592              		.global	bme280_GetHumidityMode
ARM GAS  C:\Users\GYULAI~1\AppData\Local\Temp\ccwFQ2re.s 			page 14


 593              		.thumb
 594              		.thumb_func
 595              		.type	bme280_GetHumidityMode, %function
 596              	bme280_GetHumidityMode:
 597              	.LFB11:
 132:rhea\sensor\interfaces\BME280/BME280_INTF.c **** 
 133:rhea\sensor\interfaces\BME280/BME280_INTF.c **** RHEA_SENSOR_ATTRIBUTE_TYPE bme280_GetHumidityMode(void) {
 598              		.loc 1 133 0
 599              		.cfi_startproc
 600              		@ args = 0, pretend = 0, frame = 0
 601              		@ frame_needed = 1, uses_anonymous_args = 0
 602 0000 98B5     		push	{r3, r4, r7, lr}
 603              		.cfi_def_cfa_offset 16
 604              		.cfi_offset 3, -16
 605              		.cfi_offset 4, -12
 606              		.cfi_offset 7, -8
 607              		.cfi_offset 14, -4
 608 0002 00AF     		add	r7, sp, #0
 609              		.cfi_def_cfa_register 7
 134:rhea\sensor\interfaces\BME280/BME280_INTF.c ****     return BME280_GetHumidityMode();
 610              		.loc 1 134 0
 611 0004 FFF7FEFF 		bl	BME280_GetHumidityMode
 612 0008 0346     		mov	r3, r0
 613 000a DBB2     		uxtb	r3, r3
 614 000c 4FF00004 		mov	r4, #0
 135:rhea\sensor\interfaces\BME280/BME280_INTF.c **** }
 615              		.loc 1 135 0
 616 0010 1846     		mov	r0, r3
 617 0012 2146     		mov	r1, r4
 618 0014 98BD     		pop	{r3, r4, r7, pc}
 619              		.cfi_endproc
 620              	.LFE11:
 621              		.size	bme280_GetHumidityMode, .-bme280_GetHumidityMode
 622 0016 00BF     		.section	.text.bme280_SetMeasurementMode,"ax",%progbits
 623              		.align	2
 624              		.global	bme280_SetMeasurementMode
 625              		.thumb
 626              		.thumb_func
 627              		.type	bme280_SetMeasurementMode, %function
 628              	bme280_SetMeasurementMode:
 629              	.LFB12:
 136:rhea\sensor\interfaces\BME280/BME280_INTF.c **** 
 137:rhea\sensor\interfaces\BME280/BME280_INTF.c **** void bme280_SetMeasurementMode(RHEA_SENSOR_ATTRIBUTE_TYPE value) {
 630              		.loc 1 137 0
 631              		.cfi_startproc
 632              		@ args = 0, pretend = 0, frame = 8
 633              		@ frame_needed = 1, uses_anonymous_args = 0
 634 0000 80B5     		push	{r7, lr}
 635              		.cfi_def_cfa_offset 8
 636              		.cfi_offset 7, -8
 637              		.cfi_offset 14, -4
 638 0002 82B0     		sub	sp, sp, #8
 639              		.cfi_def_cfa_offset 16
 640 0004 00AF     		add	r7, sp, #0
 641              		.cfi_def_cfa_register 7
 642 0006 C7E90001 		strd	r0, [r7]
 138:rhea\sensor\interfaces\BME280/BME280_INTF.c ****     BME280_SetMeasurementMode(value);
ARM GAS  C:\Users\GYULAI~1\AppData\Local\Temp\ccwFQ2re.s 			page 15


 643              		.loc 1 138 0
 644 000a 3B78     		ldrb	r3, [r7]	@ zero_extendqisi2
 645 000c 1846     		mov	r0, r3
 646 000e FFF7FEFF 		bl	BME280_SetMeasurementMode
 139:rhea\sensor\interfaces\BME280/BME280_INTF.c **** }
 647              		.loc 1 139 0
 648 0012 00BF     		nop
 649 0014 0837     		adds	r7, r7, #8
 650              		.cfi_def_cfa_offset 8
 651 0016 BD46     		mov	sp, r7
 652              		.cfi_def_cfa_register 13
 653              		@ sp needed
 654 0018 80BD     		pop	{r7, pc}
 655              		.cfi_endproc
 656              	.LFE12:
 657              		.size	bme280_SetMeasurementMode, .-bme280_SetMeasurementMode
 658 001a 00BF     		.section	.text.bme280_GetMeasurementMode,"ax",%progbits
 659              		.align	2
 660              		.global	bme280_GetMeasurementMode
 661              		.thumb
 662              		.thumb_func
 663              		.type	bme280_GetMeasurementMode, %function
 664              	bme280_GetMeasurementMode:
 665              	.LFB13:
 140:rhea\sensor\interfaces\BME280/BME280_INTF.c **** 
 141:rhea\sensor\interfaces\BME280/BME280_INTF.c **** RHEA_SENSOR_ATTRIBUTE_TYPE bme280_GetMeasurementMode(void) {
 666              		.loc 1 141 0
 667              		.cfi_startproc
 668              		@ args = 0, pretend = 0, frame = 0
 669              		@ frame_needed = 1, uses_anonymous_args = 0
 670 0000 98B5     		push	{r3, r4, r7, lr}
 671              		.cfi_def_cfa_offset 16
 672              		.cfi_offset 3, -16
 673              		.cfi_offset 4, -12
 674              		.cfi_offset 7, -8
 675              		.cfi_offset 14, -4
 676 0002 00AF     		add	r7, sp, #0
 677              		.cfi_def_cfa_register 7
 142:rhea\sensor\interfaces\BME280/BME280_INTF.c ****     return BME280_GetMeasurementMode();
 678              		.loc 1 142 0
 679 0004 FFF7FEFF 		bl	BME280_GetMeasurementMode
 680 0008 0346     		mov	r3, r0
 681 000a DBB2     		uxtb	r3, r3
 682 000c 4FF00004 		mov	r4, #0
 143:rhea\sensor\interfaces\BME280/BME280_INTF.c **** }...
 683              		.loc 1 143 0
 684 0010 1846     		mov	r0, r3
 685 0012 2146     		mov	r1, r4
 686 0014 98BD     		pop	{r3, r4, r7, pc}
 687              		.cfi_endproc
 688              	.LFE13:
 689              		.size	bme280_GetMeasurementMode, .-bme280_GetMeasurementMode
 690 0016 00BF     		.text
 691              	.Letext0:
 692              		.file 2 "e:\\cypress\\psoc creator\\4.2\\psoc creator\\import\\gnu\\arm\\5.4.1\\arm-none-eabi\\inc
 693              		.file 3 "e:\\cypress\\psoc creator\\4.2\\psoc creator\\import\\gnu\\arm\\5.4.1\\arm-none-eabi\\inc
 694              		.file 4 "rhea\\sensor\\interfaces\\BME280\\../../../drivers/BME280/BME280.h"
ARM GAS  C:\Users\GYULAI~1\AppData\Local\Temp\ccwFQ2re.s 			page 16


 695              		.section	.debug_info,"",%progbits
 696              	.Ldebug_info0:
 697 0000 E6020000 		.4byte	0x2e6
 698 0004 0400     		.2byte	0x4
 699 0006 00000000 		.4byte	.Ldebug_abbrev0
 700 000a 04       		.byte	0x4
 701 000b 01       		.uleb128 0x1
 702 000c 2A000000 		.4byte	.LASF37
 703 0010 0C       		.byte	0xc
 704 0011 11020000 		.4byte	.LASF38
 705 0015 21010000 		.4byte	.LASF39
 706 0019 00000000 		.4byte	.Ldebug_ranges0+0
 707 001d 00000000 		.4byte	0
 708 0021 00000000 		.4byte	.Ldebug_line0
 709 0025 02       		.uleb128 0x2
 710 0026 01       		.byte	0x1
 711 0027 06       		.byte	0x6
 712 0028 E1010000 		.4byte	.LASF0
 713 002c 03       		.uleb128 0x3
 714 002d AA010000 		.4byte	.LASF6
 715 0031 02       		.byte	0x2
 716 0032 1D       		.byte	0x1d
 717 0033 37000000 		.4byte	0x37
 718 0037 02       		.uleb128 0x2
 719 0038 01       		.byte	0x1
 720 0039 08       		.byte	0x8
 721 003a C4010000 		.4byte	.LASF1
 722 003e 02       		.uleb128 0x2
 723 003f 02       		.byte	0x2
 724 0040 05       		.byte	0x5
 725 0041 05000000 		.4byte	.LASF2
 726 0045 02       		.uleb128 0x2
 727 0046 02       		.byte	0x2
 728 0047 07       		.byte	0x7
 729 0048 3D020000 		.4byte	.LASF3
 730 004c 02       		.uleb128 0x2
 731 004d 04       		.byte	0x4
 732 004e 05       		.byte	0x5
 733 004f 68010000 		.4byte	.LASF4
 734 0053 02       		.uleb128 0x2
 735 0054 04       		.byte	0x4
 736 0055 07       		.byte	0x7
 737 0056 9E020000 		.4byte	.LASF5
 738 005a 03       		.uleb128 0x3
 739 005b 71010000 		.4byte	.LASF7
 740 005f 02       		.byte	0x2
 741 0060 59       		.byte	0x59
 742 0061 65000000 		.4byte	0x65
 743 0065 02       		.uleb128 0x2
 744 0066 08       		.byte	0x8
 745 0067 05       		.byte	0x5
 746 0068 13010000 		.4byte	.LASF8
 747 006c 02       		.uleb128 0x2
 748 006d 08       		.byte	0x8
 749 006e 07       		.byte	0x7
 750 006f ED010000 		.4byte	.LASF9
 751 0073 04       		.uleb128 0x4
ARM GAS  C:\Users\GYULAI~1\AppData\Local\Temp\ccwFQ2re.s 			page 17


 752 0074 04       		.byte	0x4
 753 0075 05       		.byte	0x5
 754 0076 696E7400 		.ascii	"int\000"
 755 007a 02       		.uleb128 0x2
 756 007b 04       		.byte	0x4
 757 007c 07       		.byte	0x7
 758 007d 04020000 		.4byte	.LASF10
 759 0081 03       		.uleb128 0x3
 760 0082 C6000000 		.4byte	.LASF11
 761 0086 03       		.byte	0x3
 762 0087 18       		.byte	0x18
 763 0088 2C000000 		.4byte	0x2c
 764 008c 03       		.uleb128 0x3
 765 008d B8000000 		.4byte	.LASF12
 766 0091 03       		.byte	0x3
 767 0092 38       		.byte	0x38
 768 0093 5A000000 		.4byte	0x5a
 769 0097 05       		.uleb128 0x5
 770 0098 0F000000 		.4byte	.LASF17
 771 009c 10       		.byte	0x10
 772 009d 04       		.byte	0x4
 773 009e 39       		.byte	0x39
 774 009f D4000000 		.4byte	0xd4
 775 00a3 06       		.uleb128 0x6
 776 00a4 B4010000 		.4byte	.LASF13
 777 00a8 04       		.byte	0x4
 778 00a9 40       		.byte	0x40
 779 00aa E4000000 		.4byte	0xe4
 780 00ae 00       		.byte	0
 781 00af 06       		.uleb128 0x6
 782 00b0 22030000 		.4byte	.LASF14
 783 00b4 04       		.byte	0x4
 784 00b5 45       		.byte	0x45
 785 00b6 EB000000 		.4byte	0xeb
 786 00ba 04       		.byte	0x4
 787 00bb 06       		.uleb128 0x6
 788 00bc CA020000 		.4byte	.LASF15
 789 00c0 04       		.byte	0x4
 790 00c1 4B       		.byte	0x4b
 791 00c2 FC000000 		.4byte	0xfc
 792 00c6 08       		.byte	0x8
 793 00c7 06       		.uleb128 0x6
 794 00c8 D2010000 		.4byte	.LASF16
 795 00cc 04       		.byte	0x4
 796 00cd 52       		.byte	0x52
 797 00ce 11010000 		.4byte	0x111
 798 00d2 0C       		.byte	0xc
 799 00d3 00       		.byte	0
 800 00d4 07       		.uleb128 0x7
 801 00d5 E4000000 		.4byte	0xe4
 802 00d9 08       		.uleb128 0x8
 803 00da 81000000 		.4byte	0x81
 804 00de 08       		.uleb128 0x8
 805 00df 81000000 		.4byte	0x81
 806 00e3 00       		.byte	0
 807 00e4 09       		.uleb128 0x9
 808 00e5 04       		.byte	0x4
ARM GAS  C:\Users\GYULAI~1\AppData\Local\Temp\ccwFQ2re.s 			page 18


 809 00e6 D4000000 		.4byte	0xd4
 810 00ea 0A       		.uleb128 0xa
 811 00eb 09       		.uleb128 0x9
 812 00ec 04       		.byte	0x4
 813 00ed EA000000 		.4byte	0xea
 814 00f1 07       		.uleb128 0x7
 815 00f2 FC000000 		.4byte	0xfc
 816 00f6 08       		.uleb128 0x8
 817 00f7 81000000 		.4byte	0x81
 818 00fb 00       		.byte	0
 819 00fc 09       		.uleb128 0x9
 820 00fd 04       		.byte	0x4
 821 00fe F1000000 		.4byte	0xf1
 822 0102 0B       		.uleb128 0xb
 823 0103 81000000 		.4byte	0x81
 824 0107 11010000 		.4byte	0x111
 825 010b 08       		.uleb128 0x8
 826 010c 81000000 		.4byte	0x81
 827 0110 00       		.byte	0
 828 0111 09       		.uleb128 0x9
 829 0112 04       		.byte	0x4
 830 0113 02010000 		.4byte	0x102
 831 0117 03       		.uleb128 0x3
 832 0118 0F000000 		.4byte	.LASF17
 833 011c 04       		.byte	0x4
 834 011d 54       		.byte	0x54
 835 011e 97000000 		.4byte	0x97
 836 0122 02       		.uleb128 0x2
 837 0123 08       		.byte	0x8
 838 0124 04       		.byte	0x4
 839 0125 B0020000 		.4byte	.LASF18
 840 0129 02       		.uleb128 0x2
 841 012a 01       		.byte	0x1
 842 012b 08       		.byte	0x8
 843 012c 50020000 		.4byte	.LASF19
 844 0130 0C       		.uleb128 0xc
 845 0131 CE000000 		.4byte	.LASF25
 846 0135 01       		.byte	0x1
 847 0136 26       		.byte	0x26
 848 0137 00000000 		.4byte	.LFB0
 849 013b 48010000 		.4byte	.LFE0-.LFB0
 850 013f 01       		.uleb128 0x1
 851 0140 9C       		.byte	0x9c
 852 0141 54010000 		.4byte	0x154
 853 0145 0D       		.uleb128 0xd
 854 0146 00000000 		.4byte	.LASF20
 855 014a 01       		.byte	0x1
 856 014b 35       		.byte	0x35
 857 014c 17010000 		.4byte	0x117
 858 0150 02       		.uleb128 0x2
 859 0151 91       		.byte	0x91
 860 0152 60       		.sleb128 -32
 861 0153 00       		.byte	0
 862 0154 0E       		.uleb128 0xe
 863 0155 55020000 		.4byte	.LASF22
 864 0159 01       		.byte	0x1
 865 015a 48       		.byte	0x48
ARM GAS  C:\Users\GYULAI~1\AppData\Local\Temp\ccwFQ2re.s 			page 19


 866 015b 22010000 		.4byte	0x122
 867 015f 00000000 		.4byte	.LFB1
 868 0163 30000000 		.4byte	.LFE1-.LFB1
 869 0167 01       		.uleb128 0x1
 870 0168 9C       		.byte	0x9c
 871 0169 7C010000 		.4byte	0x17c
 872 016d 0D       		.uleb128 0xd
 873 016e 8E010000 		.4byte	.LASF21
 874 0172 01       		.byte	0x1
 875 0173 4B       		.byte	0x4b
 876 0174 22010000 		.4byte	0x122
 877 0178 02       		.uleb128 0x2
 878 0179 91       		.byte	0x91
 879 017a 68       		.sleb128 -24
 880 017b 00       		.byte	0
 881 017c 0E       		.uleb128 0xe
 882 017d 7B010000 		.4byte	.LASF23
 883 0181 01       		.byte	0x1
 884 0182 53       		.byte	0x53
 885 0183 22010000 		.4byte	0x122
 886 0187 00000000 		.4byte	.LFB2
 887 018b 30000000 		.4byte	.LFE2-.LFB2
 888 018f 01       		.uleb128 0x1
 889 0190 9C       		.byte	0x9c
 890 0191 A4010000 		.4byte	0x1a4
 891 0195 0D       		.uleb128 0xd
 892 0196 8E010000 		.4byte	.LASF21
 893 019a 01       		.byte	0x1
 894 019b 56       		.byte	0x56
 895 019c 22010000 		.4byte	0x122
 896 01a0 02       		.uleb128 0x2
 897 01a1 91       		.byte	0x91
 898 01a2 68       		.sleb128 -24
 899 01a3 00       		.byte	0
 900 01a4 0E       		.uleb128 0xe
 901 01a5 B7020000 		.4byte	.LASF24
 902 01a9 01       		.byte	0x1
 903 01aa 5E       		.byte	0x5e
 904 01ab 22010000 		.4byte	0x122
 905 01af 00000000 		.4byte	.LFB3
 906 01b3 30000000 		.4byte	.LFE3-.LFB3
 907 01b7 01       		.uleb128 0x1
 908 01b8 9C       		.byte	0x9c
 909 01b9 CC010000 		.4byte	0x1cc
 910 01bd 0D       		.uleb128 0xd
 911 01be 8E010000 		.4byte	.LASF21
 912 01c2 01       		.byte	0x1
 913 01c3 61       		.byte	0x61
 914 01c4 22010000 		.4byte	0x122
 915 01c8 02       		.uleb128 0x2
 916 01c9 91       		.byte	0x91
 917 01ca 68       		.sleb128 -24
 918 01cb 00       		.byte	0
 919 01cc 0C       		.uleb128 0xc
 920 01cd 95010000 		.4byte	.LASF26
 921 01d1 01       		.byte	0x1
 922 01d2 69       		.byte	0x69
ARM GAS  C:\Users\GYULAI~1\AppData\Local\Temp\ccwFQ2re.s 			page 20


 923 01d3 00000000 		.4byte	.LFB4
 924 01d7 1A000000 		.4byte	.LFE4-.LFB4
 925 01db 01       		.uleb128 0x1
 926 01dc 9C       		.byte	0x9c
 927 01dd F0010000 		.4byte	0x1f0
 928 01e1 0F       		.uleb128 0xf
 929 01e2 C0000000 		.4byte	.LASF28
 930 01e6 01       		.byte	0x1
 931 01e7 69       		.byte	0x69
 932 01e8 8C000000 		.4byte	0x8c
 933 01ec 02       		.uleb128 0x2
 934 01ed 91       		.byte	0x91
 935 01ee 70       		.sleb128 -16
 936 01ef 00       		.byte	0
 937 01f0 10       		.uleb128 0x10
 938 01f1 89020000 		.4byte	.LASF29
 939 01f5 01       		.byte	0x1
 940 01f6 6D       		.byte	0x6d
 941 01f7 8C000000 		.4byte	0x8c
 942 01fb 00000000 		.4byte	.LFB5
 943 01ff 16000000 		.4byte	.LFE5-.LFB5
 944 0203 01       		.uleb128 0x1
 945 0204 9C       		.byte	0x9c
 946 0205 0C       		.uleb128 0xc
 947 0206 4E010000 		.4byte	.LASF27
 948 020a 01       		.byte	0x1
 949 020b 71       		.byte	0x71
 950 020c 00000000 		.4byte	.LFB6
 951 0210 1A000000 		.4byte	.LFE6-.LFB6
 952 0214 01       		.uleb128 0x1
 953 0215 9C       		.byte	0x9c
 954 0216 29020000 		.4byte	0x229
 955 021a 0F       		.uleb128 0xf
 956 021b C0000000 		.4byte	.LASF28
 957 021f 01       		.byte	0x1
 958 0220 71       		.byte	0x71
 959 0221 8C000000 		.4byte	0x8c
 960 0225 02       		.uleb128 0x2
 961 0226 91       		.byte	0x91
 962 0227 70       		.sleb128 -16
 963 0228 00       		.byte	0
 964 0229 10       		.uleb128 0x10
 965 022a 31030000 		.4byte	.LASF30
 966 022e 01       		.byte	0x1
 967 022f 75       		.byte	0x75
 968 0230 8C000000 		.4byte	0x8c
 969 0234 00000000 		.4byte	.LFB7
 970 0238 16000000 		.4byte	.LFE7-.LFB7
 971 023c 01       		.uleb128 0x1
 972 023d 9C       		.byte	0x9c
 973 023e 0C       		.uleb128 0xc
 974 023f DA020000 		.4byte	.LASF31
 975 0243 01       		.byte	0x1
 976 0244 79       		.byte	0x79
 977 0245 00000000 		.4byte	.LFB8
 978 0249 1A000000 		.4byte	.LFE8-.LFB8
 979 024d 01       		.uleb128 0x1
ARM GAS  C:\Users\GYULAI~1\AppData\Local\Temp\ccwFQ2re.s 			page 21


 980 024e 9C       		.byte	0x9c
 981 024f 62020000 		.4byte	0x262
 982 0253 0F       		.uleb128 0xf
 983 0254 C0000000 		.4byte	.LASF28
 984 0258 01       		.byte	0x1
 985 0259 79       		.byte	0x79
 986 025a 8C000000 		.4byte	0x8c
 987 025e 02       		.uleb128 0x2
 988 025f 91       		.byte	0x91
 989 0260 70       		.sleb128 -16
 990 0261 00       		.byte	0
 991 0262 10       		.uleb128 0x10
 992 0263 FC000000 		.4byte	.LASF32
 993 0267 01       		.byte	0x1
 994 0268 7D       		.byte	0x7d
 995 0269 8C000000 		.4byte	0x8c
 996 026d 00000000 		.4byte	.LFB9
 997 0271 16000000 		.4byte	.LFE9-.LFB9
 998 0275 01       		.uleb128 0x1
 999 0276 9C       		.byte	0x9c
 1000 0277 0C       		.uleb128 0xc
 1001 0278 72020000 		.4byte	.LASF33
 1002 027c 01       		.byte	0x1
 1003 027d 81       		.byte	0x81
 1004 027e 00000000 		.4byte	.LFB10
 1005 0282 1A000000 		.4byte	.LFE10-.LFB10
 1006 0286 01       		.uleb128 0x1
 1007 0287 9C       		.byte	0x9c
 1008 0288 9B020000 		.4byte	0x29b
 1009 028c 0F       		.uleb128 0xf
 1010 028d C0000000 		.4byte	.LASF28
 1011 0291 01       		.byte	0x1
 1012 0292 81       		.byte	0x81
 1013 0293 8C000000 		.4byte	0x8c
 1014 0297 02       		.uleb128 0x2
 1015 0298 91       		.byte	0x91
 1016 0299 70       		.sleb128 -16
 1017 029a 00       		.byte	0
 1018 029b 10       		.uleb128 0x10
 1019 029c 0B030000 		.4byte	.LASF34
 1020 02a0 01       		.byte	0x1
 1021 02a1 85       		.byte	0x85
 1022 02a2 8C000000 		.4byte	0x8c
 1023 02a6 00000000 		.4byte	.LFB11
 1024 02aa 16000000 		.4byte	.LFE11-.LFB11
 1025 02ae 01       		.uleb128 0x1
 1026 02af 9C       		.byte	0x9c
 1027 02b0 0C       		.uleb128 0xc
 1028 02b1 E2000000 		.4byte	.LASF35
 1029 02b5 01       		.byte	0x1
 1030 02b6 89       		.byte	0x89
 1031 02b7 00000000 		.4byte	.LFB12
 1032 02bb 1A000000 		.4byte	.LFE12-.LFB12
 1033 02bf 01       		.uleb128 0x1
 1034 02c0 9C       		.byte	0x9c
 1035 02c1 D4020000 		.4byte	0x2d4
 1036 02c5 0F       		.uleb128 0xf
ARM GAS  C:\Users\GYULAI~1\AppData\Local\Temp\ccwFQ2re.s 			page 22


 1037 02c6 C0000000 		.4byte	.LASF28
 1038 02ca 01       		.byte	0x1
 1039 02cb 89       		.byte	0x89
 1040 02cc 8C000000 		.4byte	0x8c
 1041 02d0 02       		.uleb128 0x2
 1042 02d1 91       		.byte	0x91
 1043 02d2 70       		.sleb128 -16
 1044 02d3 00       		.byte	0
 1045 02d4 10       		.uleb128 0x10
 1046 02d5 F1020000 		.4byte	.LASF36
 1047 02d9 01       		.byte	0x1
 1048 02da 8D       		.byte	0x8d
 1049 02db 8C000000 		.4byte	0x8c
 1050 02df 00000000 		.4byte	.LFB13
 1051 02e3 16000000 		.4byte	.LFE13-.LFB13
 1052 02e7 01       		.uleb128 0x1
 1053 02e8 9C       		.byte	0x9c
 1054 02e9 00       		.byte	0
 1055              		.section	.debug_abbrev,"",%progbits
 1056              	.Ldebug_abbrev0:
 1057 0000 01       		.uleb128 0x1
 1058 0001 11       		.uleb128 0x11
 1059 0002 01       		.byte	0x1
 1060 0003 25       		.uleb128 0x25
 1061 0004 0E       		.uleb128 0xe
 1062 0005 13       		.uleb128 0x13
 1063 0006 0B       		.uleb128 0xb
 1064 0007 03       		.uleb128 0x3
 1065 0008 0E       		.uleb128 0xe
 1066 0009 1B       		.uleb128 0x1b
 1067 000a 0E       		.uleb128 0xe
 1068 000b 55       		.uleb128 0x55
 1069 000c 17       		.uleb128 0x17
 1070 000d 11       		.uleb128 0x11
 1071 000e 01       		.uleb128 0x1
 1072 000f 10       		.uleb128 0x10
 1073 0010 17       		.uleb128 0x17
 1074 0011 00       		.byte	0
 1075 0012 00       		.byte	0
 1076 0013 02       		.uleb128 0x2
 1077 0014 24       		.uleb128 0x24
 1078 0015 00       		.byte	0
 1079 0016 0B       		.uleb128 0xb
 1080 0017 0B       		.uleb128 0xb
 1081 0018 3E       		.uleb128 0x3e
 1082 0019 0B       		.uleb128 0xb
 1083 001a 03       		.uleb128 0x3
 1084 001b 0E       		.uleb128 0xe
 1085 001c 00       		.byte	0
 1086 001d 00       		.byte	0
 1087 001e 03       		.uleb128 0x3
 1088 001f 16       		.uleb128 0x16
 1089 0020 00       		.byte	0
 1090 0021 03       		.uleb128 0x3
 1091 0022 0E       		.uleb128 0xe
 1092 0023 3A       		.uleb128 0x3a
 1093 0024 0B       		.uleb128 0xb
ARM GAS  C:\Users\GYULAI~1\AppData\Local\Temp\ccwFQ2re.s 			page 23


 1094 0025 3B       		.uleb128 0x3b
 1095 0026 0B       		.uleb128 0xb
 1096 0027 49       		.uleb128 0x49
 1097 0028 13       		.uleb128 0x13
 1098 0029 00       		.byte	0
 1099 002a 00       		.byte	0
 1100 002b 04       		.uleb128 0x4
 1101 002c 24       		.uleb128 0x24
 1102 002d 00       		.byte	0
 1103 002e 0B       		.uleb128 0xb
 1104 002f 0B       		.uleb128 0xb
 1105 0030 3E       		.uleb128 0x3e
 1106 0031 0B       		.uleb128 0xb
 1107 0032 03       		.uleb128 0x3
 1108 0033 08       		.uleb128 0x8
 1109 0034 00       		.byte	0
 1110 0035 00       		.byte	0
 1111 0036 05       		.uleb128 0x5
 1112 0037 13       		.uleb128 0x13
 1113 0038 01       		.byte	0x1
 1114 0039 03       		.uleb128 0x3
 1115 003a 0E       		.uleb128 0xe
 1116 003b 0B       		.uleb128 0xb
 1117 003c 0B       		.uleb128 0xb
 1118 003d 3A       		.uleb128 0x3a
 1119 003e 0B       		.uleb128 0xb
 1120 003f 3B       		.uleb128 0x3b
 1121 0040 0B       		.uleb128 0xb
 1122 0041 01       		.uleb128 0x1
 1123 0042 13       		.uleb128 0x13
 1124 0043 00       		.byte	0
 1125 0044 00       		.byte	0
 1126 0045 06       		.uleb128 0x6
 1127 0046 0D       		.uleb128 0xd
 1128 0047 00       		.byte	0
 1129 0048 03       		.uleb128 0x3
 1130 0049 0E       		.uleb128 0xe
 1131 004a 3A       		.uleb128 0x3a
 1132 004b 0B       		.uleb128 0xb
 1133 004c 3B       		.uleb128 0x3b
 1134 004d 0B       		.uleb128 0xb
 1135 004e 49       		.uleb128 0x49
 1136 004f 13       		.uleb128 0x13
 1137 0050 38       		.uleb128 0x38
 1138 0051 0B       		.uleb128 0xb
 1139 0052 00       		.byte	0
 1140 0053 00       		.byte	0
 1141 0054 07       		.uleb128 0x7
 1142 0055 15       		.uleb128 0x15
 1143 0056 01       		.byte	0x1
 1144 0057 27       		.uleb128 0x27
 1145 0058 19       		.uleb128 0x19
 1146 0059 01       		.uleb128 0x1
 1147 005a 13       		.uleb128 0x13
 1148 005b 00       		.byte	0
 1149 005c 00       		.byte	0
 1150 005d 08       		.uleb128 0x8
ARM GAS  C:\Users\GYULAI~1\AppData\Local\Temp\ccwFQ2re.s 			page 24


 1151 005e 05       		.uleb128 0x5
 1152 005f 00       		.byte	0
 1153 0060 49       		.uleb128 0x49
 1154 0061 13       		.uleb128 0x13
 1155 0062 00       		.byte	0
 1156 0063 00       		.byte	0
 1157 0064 09       		.uleb128 0x9
 1158 0065 0F       		.uleb128 0xf
 1159 0066 00       		.byte	0
 1160 0067 0B       		.uleb128 0xb
 1161 0068 0B       		.uleb128 0xb
 1162 0069 49       		.uleb128 0x49
 1163 006a 13       		.uleb128 0x13
 1164 006b 00       		.byte	0
 1165 006c 00       		.byte	0
 1166 006d 0A       		.uleb128 0xa
 1167 006e 15       		.uleb128 0x15
 1168 006f 00       		.byte	0
 1169 0070 27       		.uleb128 0x27
 1170 0071 19       		.uleb128 0x19
 1171 0072 00       		.byte	0
 1172 0073 00       		.byte	0
 1173 0074 0B       		.uleb128 0xb
 1174 0075 15       		.uleb128 0x15
 1175 0076 01       		.byte	0x1
 1176 0077 27       		.uleb128 0x27
 1177 0078 19       		.uleb128 0x19
 1178 0079 49       		.uleb128 0x49
 1179 007a 13       		.uleb128 0x13
 1180 007b 01       		.uleb128 0x1
 1181 007c 13       		.uleb128 0x13
 1182 007d 00       		.byte	0
 1183 007e 00       		.byte	0
 1184 007f 0C       		.uleb128 0xc
 1185 0080 2E       		.uleb128 0x2e
 1186 0081 01       		.byte	0x1
 1187 0082 3F       		.uleb128 0x3f
 1188 0083 19       		.uleb128 0x19
 1189 0084 03       		.uleb128 0x3
 1190 0085 0E       		.uleb128 0xe
 1191 0086 3A       		.uleb128 0x3a
 1192 0087 0B       		.uleb128 0xb
 1193 0088 3B       		.uleb128 0x3b
 1194 0089 0B       		.uleb128 0xb
 1195 008a 27       		.uleb128 0x27
 1196 008b 19       		.uleb128 0x19
 1197 008c 11       		.uleb128 0x11
 1198 008d 01       		.uleb128 0x1
 1199 008e 12       		.uleb128 0x12
 1200 008f 06       		.uleb128 0x6
 1201 0090 40       		.uleb128 0x40
 1202 0091 18       		.uleb128 0x18
 1203 0092 9642     		.uleb128 0x2116
 1204 0094 19       		.uleb128 0x19
 1205 0095 01       		.uleb128 0x1
 1206 0096 13       		.uleb128 0x13
 1207 0097 00       		.byte	0
ARM GAS  C:\Users\GYULAI~1\AppData\Local\Temp\ccwFQ2re.s 			page 25


 1208 0098 00       		.byte	0
 1209 0099 0D       		.uleb128 0xd
 1210 009a 34       		.uleb128 0x34
 1211 009b 00       		.byte	0
 1212 009c 03       		.uleb128 0x3
 1213 009d 0E       		.uleb128 0xe
 1214 009e 3A       		.uleb128 0x3a
 1215 009f 0B       		.uleb128 0xb
 1216 00a0 3B       		.uleb128 0x3b
 1217 00a1 0B       		.uleb128 0xb
 1218 00a2 49       		.uleb128 0x49
 1219 00a3 13       		.uleb128 0x13
 1220 00a4 02       		.uleb128 0x2
 1221 00a5 18       		.uleb128 0x18
 1222 00a6 00       		.byte	0
 1223 00a7 00       		.byte	0
 1224 00a8 0E       		.uleb128 0xe
 1225 00a9 2E       		.uleb128 0x2e
 1226 00aa 01       		.byte	0x1
 1227 00ab 3F       		.uleb128 0x3f
 1228 00ac 19       		.uleb128 0x19
 1229 00ad 03       		.uleb128 0x3
 1230 00ae 0E       		.uleb128 0xe
 1231 00af 3A       		.uleb128 0x3a
 1232 00b0 0B       		.uleb128 0xb
 1233 00b1 3B       		.uleb128 0x3b
 1234 00b2 0B       		.uleb128 0xb
 1235 00b3 27       		.uleb128 0x27
 1236 00b4 19       		.uleb128 0x19
 1237 00b5 49       		.uleb128 0x49
 1238 00b6 13       		.uleb128 0x13
 1239 00b7 11       		.uleb128 0x11
 1240 00b8 01       		.uleb128 0x1
 1241 00b9 12       		.uleb128 0x12
 1242 00ba 06       		.uleb128 0x6
 1243 00bb 40       		.uleb128 0x40
 1244 00bc 18       		.uleb128 0x18
 1245 00bd 9642     		.uleb128 0x2116
 1246 00bf 19       		.uleb128 0x19
 1247 00c0 01       		.uleb128 0x1
 1248 00c1 13       		.uleb128 0x13
 1249 00c2 00       		.byte	0
 1250 00c3 00       		.byte	0
 1251 00c4 0F       		.uleb128 0xf
 1252 00c5 05       		.uleb128 0x5
 1253 00c6 00       		.byte	0
 1254 00c7 03       		.uleb128 0x3
 1255 00c8 0E       		.uleb128 0xe
 1256 00c9 3A       		.uleb128 0x3a
 1257 00ca 0B       		.uleb128 0xb
 1258 00cb 3B       		.uleb128 0x3b
 1259 00cc 0B       		.uleb128 0xb
 1260 00cd 49       		.uleb128 0x49
 1261 00ce 13       		.uleb128 0x13
 1262 00cf 02       		.uleb128 0x2
 1263 00d0 18       		.uleb128 0x18
 1264 00d1 00       		.byte	0
ARM GAS  C:\Users\GYULAI~1\AppData\Local\Temp\ccwFQ2re.s 			page 26


 1265 00d2 00       		.byte	0
 1266 00d3 10       		.uleb128 0x10
 1267 00d4 2E       		.uleb128 0x2e
 1268 00d5 00       		.byte	0
 1269 00d6 3F       		.uleb128 0x3f
 1270 00d7 19       		.uleb128 0x19
 1271 00d8 03       		.uleb128 0x3
 1272 00d9 0E       		.uleb128 0xe
 1273 00da 3A       		.uleb128 0x3a
 1274 00db 0B       		.uleb128 0xb
 1275 00dc 3B       		.uleb128 0x3b
 1276 00dd 0B       		.uleb128 0xb
 1277 00de 27       		.uleb128 0x27
 1278 00df 19       		.uleb128 0x19
 1279 00e0 49       		.uleb128 0x49
 1280 00e1 13       		.uleb128 0x13
 1281 00e2 11       		.uleb128 0x11
 1282 00e3 01       		.uleb128 0x1
 1283 00e4 12       		.uleb128 0x12
 1284 00e5 06       		.uleb128 0x6
 1285 00e6 40       		.uleb128 0x40
 1286 00e7 18       		.uleb128 0x18
 1287 00e8 9642     		.uleb128 0x2116
 1288 00ea 19       		.uleb128 0x19
 1289 00eb 00       		.byte	0
 1290 00ec 00       		.byte	0
 1291 00ed 00       		.byte	0
 1292              		.section	.debug_aranges,"",%progbits
 1293 0000 84000000 		.4byte	0x84
 1294 0004 0200     		.2byte	0x2
 1295 0006 00000000 		.4byte	.Ldebug_info0
 1296 000a 04       		.byte	0x4
 1297 000b 00       		.byte	0
 1298 000c 0000     		.2byte	0
 1299 000e 0000     		.2byte	0
 1300 0010 00000000 		.4byte	.LFB0
 1301 0014 48010000 		.4byte	.LFE0-.LFB0
 1302 0018 00000000 		.4byte	.LFB1
 1303 001c 30000000 		.4byte	.LFE1-.LFB1
 1304 0020 00000000 		.4byte	.LFB2
 1305 0024 30000000 		.4byte	.LFE2-.LFB2
 1306 0028 00000000 		.4byte	.LFB3
 1307 002c 30000000 		.4byte	.LFE3-.LFB3
 1308 0030 00000000 		.4byte	.LFB4
 1309 0034 1A000000 		.4byte	.LFE4-.LFB4
 1310 0038 00000000 		.4byte	.LFB5
 1311 003c 16000000 		.4byte	.LFE5-.LFB5
 1312 0040 00000000 		.4byte	.LFB6
 1313 0044 1A000000 		.4byte	.LFE6-.LFB6
 1314 0048 00000000 		.4byte	.LFB7
 1315 004c 16000000 		.4byte	.LFE7-.LFB7
 1316 0050 00000000 		.4byte	.LFB8
 1317 0054 1A000000 		.4byte	.LFE8-.LFB8
 1318 0058 00000000 		.4byte	.LFB9
 1319 005c 16000000 		.4byte	.LFE9-.LFB9
 1320 0060 00000000 		.4byte	.LFB10
 1321 0064 1A000000 		.4byte	.LFE10-.LFB10
ARM GAS  C:\Users\GYULAI~1\AppData\Local\Temp\ccwFQ2re.s 			page 27


 1322 0068 00000000 		.4byte	.LFB11
 1323 006c 16000000 		.4byte	.LFE11-.LFB11
 1324 0070 00000000 		.4byte	.LFB12
 1325 0074 1A000000 		.4byte	.LFE12-.LFB12
 1326 0078 00000000 		.4byte	.LFB13
 1327 007c 16000000 		.4byte	.LFE13-.LFB13
 1328 0080 00000000 		.4byte	0
 1329 0084 00000000 		.4byte	0
 1330              		.section	.debug_ranges,"",%progbits
 1331              	.Ldebug_ranges0:
 1332 0000 00000000 		.4byte	.LFB0
 1333 0004 48010000 		.4byte	.LFE0
 1334 0008 00000000 		.4byte	.LFB1
 1335 000c 30000000 		.4byte	.LFE1
 1336 0010 00000000 		.4byte	.LFB2
 1337 0014 30000000 		.4byte	.LFE2
 1338 0018 00000000 		.4byte	.LFB3
 1339 001c 30000000 		.4byte	.LFE3
 1340 0020 00000000 		.4byte	.LFB4
 1341 0024 1A000000 		.4byte	.LFE4
 1342 0028 00000000 		.4byte	.LFB5
 1343 002c 16000000 		.4byte	.LFE5
 1344 0030 00000000 		.4byte	.LFB6
 1345 0034 1A000000 		.4byte	.LFE6
 1346 0038 00000000 		.4byte	.LFB7
 1347 003c 16000000 		.4byte	.LFE7
 1348 0040 00000000 		.4byte	.LFB8
 1349 0044 1A000000 		.4byte	.LFE8
 1350 0048 00000000 		.4byte	.LFB9
 1351 004c 16000000 		.4byte	.LFE9
 1352 0050 00000000 		.4byte	.LFB10
 1353 0054 1A000000 		.4byte	.LFE10
 1354 0058 00000000 		.4byte	.LFB11
 1355 005c 16000000 		.4byte	.LFE11
 1356 0060 00000000 		.4byte	.LFB12
 1357 0064 1A000000 		.4byte	.LFE12
 1358 0068 00000000 		.4byte	.LFB13
 1359 006c 16000000 		.4byte	.LFE13
 1360 0070 00000000 		.4byte	0
 1361 0074 00000000 		.4byte	0
 1362              		.section	.debug_line,"",%progbits
 1363              	.Ldebug_line0:
 1364 0000 6F020000 		.section	.debug_str,"MS",%progbits,1
 1364      02005901 
 1364      00000201 
 1364      FB0E0D00 
 1364      01010101 
 1365              	.LASF20:
 1366 0000 636E7472 		.ascii	"cntr\000"
 1366      00
 1367              	.LASF2:
 1368 0005 73686F72 		.ascii	"short int\000"
 1368      7420696E 
 1368      7400
 1369              	.LASF17:
 1370 000f 424D4532 		.ascii	"BME280_I2CControllerStruct\000"
 1370      38305F49 
ARM GAS  C:\Users\GYULAI~1\AppData\Local\Temp\ccwFQ2re.s 			page 28


 1370      3243436F 
 1370      6E74726F 
 1370      6C6C6572 
 1371              	.LASF37:
 1372 002a 474E5520 		.ascii	"GNU C11 5.4.1 20160609 (release) [ARM/embedded-5-br"
 1372      43313120 
 1372      352E342E 
 1372      31203230 
 1372      31363036 
 1373 005d 616E6368 		.ascii	"anch revision 237715] -mcpu=cortex-m3 -mthumb -g -O"
 1373      20726576 
 1373      6973696F 
 1373      6E203233 
 1373      37373135 
 1374 0090 30202D66 		.ascii	"0 -ffunction-sections -ffat-lto-objects\000"
 1374      66756E63 
 1374      74696F6E 
 1374      2D736563 
 1374      74696F6E 
 1375              	.LASF12:
 1376 00b8 696E7436 		.ascii	"int64_t\000"
 1376      345F7400 
 1377              	.LASF28:
 1378 00c0 76616C75 		.ascii	"value\000"
 1378      6500
 1379              	.LASF11:
 1380 00c6 75696E74 		.ascii	"uint8_t\000"
 1380      385F7400 
 1381              	.LASF25:
 1382 00ce 626D6532 		.ascii	"bme280_addInterface\000"
 1382      38305F61 
 1382      6464496E 
 1382      74657266 
 1382      61636500 
 1383              	.LASF35:
 1384 00e2 626D6532 		.ascii	"bme280_SetMeasurementMode\000"
 1384      38305F53 
 1384      65744D65 
 1384      61737572 
 1384      656D656E 
 1385              	.LASF32:
 1386 00fc 626D6532 		.ascii	"bme280_GetPressureMode\000"
 1386      38305F47 
 1386      65745072 
 1386      65737375 
 1386      72654D6F 
 1387              	.LASF8:
 1388 0113 6C6F6E67 		.ascii	"long long int\000"
 1388      206C6F6E 
 1388      6720696E 
 1388      7400
 1389              	.LASF39:
 1390 0121 453A5C43 		.ascii	"E:\\Cypress\\Projects\\RheaWorkspace\\Rhea.cydsn\000"
 1390      79707265 
 1390      73735C50 
 1390      726F6A65 
 1390      6374735C 
ARM GAS  C:\Users\GYULAI~1\AppData\Local\Temp\ccwFQ2re.s 			page 29


 1391              	.LASF27:
 1392 014e 626D6532 		.ascii	"bme280_SetTemperatureMode\000"
 1392      38305F53 
 1392      65745465 
 1392      6D706572 
 1392      61747572 
 1393              	.LASF4:
 1394 0168 6C6F6E67 		.ascii	"long int\000"
 1394      20696E74 
 1394      00
 1395              	.LASF7:
 1396 0171 5F5F696E 		.ascii	"__int64_t\000"
 1396      7436345F 
 1396      7400
 1397              	.LASF23:
 1398 017b 626D6532 		.ascii	"bme280_GetPressure\000"
 1398      38305F47 
 1398      65745072 
 1398      65737375 
 1398      726500
 1399              	.LASF21:
 1400 018e 72657375 		.ascii	"result\000"
 1400      6C7400
 1401              	.LASF26:
 1402 0195 626D6532 		.ascii	"bme280_SetFilterMode\000"
 1402      38305F53 
 1402      65744669 
 1402      6C746572 
 1402      4D6F6465 
 1403              	.LASF6:
 1404 01aa 5F5F7569 		.ascii	"__uint8_t\000"
 1404      6E74385F 
 1404      7400
 1405              	.LASF13:
 1406 01b4 4D617374 		.ascii	"MasterSendStart\000"
 1406      65725365 
 1406      6E645374 
 1406      61727400 
 1407              	.LASF1:
 1408 01c4 756E7369 		.ascii	"unsigned char\000"
 1408      676E6564 
 1408      20636861 
 1408      7200
 1409              	.LASF16:
 1410 01d2 4D617374 		.ascii	"MasterReadByte\000"
 1410      65725265 
 1410      61644279 
 1410      746500
 1411              	.LASF0:
 1412 01e1 7369676E 		.ascii	"signed char\000"
 1412      65642063 
 1412      68617200 
 1413              	.LASF9:
 1414 01ed 6C6F6E67 		.ascii	"long long unsigned int\000"
 1414      206C6F6E 
 1414      6720756E 
 1414      7369676E 
ARM GAS  C:\Users\GYULAI~1\AppData\Local\Temp\ccwFQ2re.s 			page 30


 1414      65642069 
 1415              	.LASF10:
 1416 0204 756E7369 		.ascii	"unsigned int\000"
 1416      676E6564 
 1416      20696E74 
 1416      00
 1417              	.LASF38:
 1418 0211 72686561 		.ascii	"rhea\\sensor\\interfaces\\BME280\\BME280_INTF.c\000"
 1418      5C73656E 
 1418      736F725C 
 1418      696E7465 
 1418      72666163 
 1419              	.LASF3:
 1420 023d 73686F72 		.ascii	"short unsigned int\000"
 1420      7420756E 
 1420      7369676E 
 1420      65642069 
 1420      6E7400
 1421              	.LASF19:
 1422 0250 63686172 		.ascii	"char\000"
 1422      00
 1423              	.LASF22:
 1424 0255 626D6532 		.ascii	"bme280_GetTemperatureCelsius\000"
 1424      38305F47 
 1424      65745465 
 1424      6D706572 
 1424      61747572 
 1425              	.LASF33:
 1426 0272 626D6532 		.ascii	"bme280_SetHumidityMode\000"
 1426      38305F53 
 1426      65744875 
 1426      6D696469 
 1426      74794D6F 
 1427              	.LASF29:
 1428 0289 626D6532 		.ascii	"bme280_GetFilterMode\000"
 1428      38305F47 
 1428      65744669 
 1428      6C746572 
 1428      4D6F6465 
 1429              	.LASF5:
 1430 029e 6C6F6E67 		.ascii	"long unsigned int\000"
 1430      20756E73 
 1430      69676E65 
 1430      6420696E 
 1430      7400
 1431              	.LASF18:
 1432 02b0 646F7562 		.ascii	"double\000"
 1432      6C6500
 1433              	.LASF24:
 1434 02b7 626D6532 		.ascii	"bme280_GetHumidity\000"
 1434      38305F47 
 1434      65744875 
 1434      6D696469 
 1434      747900
 1435              	.LASF15:
 1436 02ca 4D617374 		.ascii	"MasterWriteByte\000"
 1436      65725772 
ARM GAS  C:\Users\GYULAI~1\AppData\Local\Temp\ccwFQ2re.s 			page 31


 1436      69746542 
 1436      79746500 
 1437              	.LASF31:
 1438 02da 626D6532 		.ascii	"bme280_SetPressureMode\000"
 1438      38305F53 
 1438      65745072 
 1438      65737375 
 1438      72654D6F 
 1439              	.LASF36:
 1440 02f1 626D6532 		.ascii	"bme280_GetMeasurementMode\000"
 1440      38305F47 
 1440      65744D65 
 1440      61737572 
 1440      656D656E 
 1441              	.LASF34:
 1442 030b 626D6532 		.ascii	"bme280_GetHumidityMode\000"
 1442      38305F47 
 1442      65744875 
 1442      6D696469 
 1442      74794D6F 
 1443              	.LASF14:
 1444 0322 4D617374 		.ascii	"MasterSendStop\000"
 1444      65725365 
 1444      6E645374 
 1444      6F7000
 1445              	.LASF30:
 1446 0331 626D6532 		.ascii	"bme280_GetTemperatureMode\000"
 1446      38305F47 
 1446      65745465 
 1446      6D706572 
 1446      61747572 
 1447              		.ident	"GCC: (GNU Tools for ARM Embedded Processors) 5.4.1 20160609 (release) [ARM/embedded-5-bran
