ARM GAS  C:\Users\GYULAI~1\AppData\Local\Temp\ccS5s42b.s 			page 1


   1              		.syntax unified
   2              		.cpu cortex-m3
   3              		.fpu softvfp
   4              		.eabi_attribute 20, 1
   5              		.eabi_attribute 21, 1
   6              		.eabi_attribute 23, 3
   7              		.eabi_attribute 24, 1
   8              		.eabi_attribute 25, 1
   9              		.eabi_attribute 26, 1
  10              		.eabi_attribute 30, 6
  11              		.eabi_attribute 34, 1
  12              		.eabi_attribute 18, 4
  13              		.thumb
  14              		.syntax unified
  15              		.file	"BTN_INPUT.c"
  16              		.text
  17              	.Ltext0:
  18              		.cfi_sections	.debug_frame
  19              		.section	.text.BTN_INPUT_Write,"ax",%progbits
  20              		.align	2
  21              		.global	BTN_INPUT_Write
  22              		.thumb
  23              		.thumb_func
  24              		.type	BTN_INPUT_Write, %function
  25              	BTN_INPUT_Write:
  26              	.LFB0:
  27              		.file 1 "Generated_Source\\PSoC5\\BTN_INPUT.c"
   1:Generated_Source\PSoC5/BTN_INPUT.c **** /*******************************************************************************
   2:Generated_Source\PSoC5/BTN_INPUT.c **** * File Name: BTN_INPUT.c  
   3:Generated_Source\PSoC5/BTN_INPUT.c **** * Version 2.20
   4:Generated_Source\PSoC5/BTN_INPUT.c **** *
   5:Generated_Source\PSoC5/BTN_INPUT.c **** * Description:
   6:Generated_Source\PSoC5/BTN_INPUT.c **** *  This file contains API to enable firmware control of a Pins component.
   7:Generated_Source\PSoC5/BTN_INPUT.c **** *
   8:Generated_Source\PSoC5/BTN_INPUT.c **** * Note:
   9:Generated_Source\PSoC5/BTN_INPUT.c **** *
  10:Generated_Source\PSoC5/BTN_INPUT.c **** ********************************************************************************
  11:Generated_Source\PSoC5/BTN_INPUT.c **** * Copyright 2008-2015, Cypress Semiconductor Corporation.  All rights reserved.
  12:Generated_Source\PSoC5/BTN_INPUT.c **** * You may use this file only in accordance with the license, terms, conditions, 
  13:Generated_Source\PSoC5/BTN_INPUT.c **** * disclaimers, and limitations in the end user license agreement accompanying 
  14:Generated_Source\PSoC5/BTN_INPUT.c **** * the software package with which this file was provided.
  15:Generated_Source\PSoC5/BTN_INPUT.c **** *******************************************************************************/
  16:Generated_Source\PSoC5/BTN_INPUT.c **** 
  17:Generated_Source\PSoC5/BTN_INPUT.c **** #include "cytypes.h"
  18:Generated_Source\PSoC5/BTN_INPUT.c **** #include "BTN_INPUT.h"
  19:Generated_Source\PSoC5/BTN_INPUT.c **** 
  20:Generated_Source\PSoC5/BTN_INPUT.c **** /* APIs are not generated for P15[7:6] on PSoC 5 */
  21:Generated_Source\PSoC5/BTN_INPUT.c **** #if !(CY_PSOC5A &&\
  22:Generated_Source\PSoC5/BTN_INPUT.c **** 	 BTN_INPUT__PORT == 15 && ((BTN_INPUT__MASK & 0xC0) != 0))
  23:Generated_Source\PSoC5/BTN_INPUT.c **** 
  24:Generated_Source\PSoC5/BTN_INPUT.c **** 
  25:Generated_Source\PSoC5/BTN_INPUT.c **** /*******************************************************************************
  26:Generated_Source\PSoC5/BTN_INPUT.c **** * Function Name: BTN_INPUT_Write
  27:Generated_Source\PSoC5/BTN_INPUT.c **** ****************************************************************************//**
  28:Generated_Source\PSoC5/BTN_INPUT.c **** *
  29:Generated_Source\PSoC5/BTN_INPUT.c **** * \brief Writes the value to the physical port (data output register), masking
  30:Generated_Source\PSoC5/BTN_INPUT.c **** *  and shifting the bits appropriately. 
ARM GAS  C:\Users\GYULAI~1\AppData\Local\Temp\ccS5s42b.s 			page 2


  31:Generated_Source\PSoC5/BTN_INPUT.c **** *
  32:Generated_Source\PSoC5/BTN_INPUT.c **** * The data output register controls the signal applied to the physical pin in 
  33:Generated_Source\PSoC5/BTN_INPUT.c **** * conjunction with the drive mode parameter. This function avoids changing 
  34:Generated_Source\PSoC5/BTN_INPUT.c **** * other bits in the port by using the appropriate method (read-modify-write or
  35:Generated_Source\PSoC5/BTN_INPUT.c **** * bit banding).
  36:Generated_Source\PSoC5/BTN_INPUT.c **** *
  37:Generated_Source\PSoC5/BTN_INPUT.c **** * <b>Note</b> This function should not be used on a hardware digital output pin 
  38:Generated_Source\PSoC5/BTN_INPUT.c **** * as it is driven by the hardware signal attached to it.
  39:Generated_Source\PSoC5/BTN_INPUT.c **** *
  40:Generated_Source\PSoC5/BTN_INPUT.c **** * \param value
  41:Generated_Source\PSoC5/BTN_INPUT.c **** *  Value to write to the component instance.
  42:Generated_Source\PSoC5/BTN_INPUT.c **** *
  43:Generated_Source\PSoC5/BTN_INPUT.c **** * \return 
  44:Generated_Source\PSoC5/BTN_INPUT.c **** *  None 
  45:Generated_Source\PSoC5/BTN_INPUT.c **** *
  46:Generated_Source\PSoC5/BTN_INPUT.c **** * \sideeffect
  47:Generated_Source\PSoC5/BTN_INPUT.c **** *  If you use read-modify-write operations that are not atomic; the Interrupt 
  48:Generated_Source\PSoC5/BTN_INPUT.c **** *  Service Routines (ISR) can cause corruption of this function. An ISR that 
  49:Generated_Source\PSoC5/BTN_INPUT.c **** *  interrupts this function and performs writes to the Pins component data 
  50:Generated_Source\PSoC5/BTN_INPUT.c **** *  register can cause corrupted port data. To avoid this issue, you should 
  51:Generated_Source\PSoC5/BTN_INPUT.c **** *  either use the Per-Pin APIs (primary method) or disable interrupts around 
  52:Generated_Source\PSoC5/BTN_INPUT.c **** *  this function.
  53:Generated_Source\PSoC5/BTN_INPUT.c **** *
  54:Generated_Source\PSoC5/BTN_INPUT.c **** * \funcusage
  55:Generated_Source\PSoC5/BTN_INPUT.c **** *  \snippet BTN_INPUT_SUT.c usage_BTN_INPUT_Write
  56:Generated_Source\PSoC5/BTN_INPUT.c **** *******************************************************************************/
  57:Generated_Source\PSoC5/BTN_INPUT.c **** void BTN_INPUT_Write(uint8 value)
  58:Generated_Source\PSoC5/BTN_INPUT.c **** {
  28              		.loc 1 58 0
  29              		.cfi_startproc
  30              		@ args = 0, pretend = 0, frame = 16
  31              		@ frame_needed = 1, uses_anonymous_args = 0
  32              		@ link register save eliminated.
  33 0000 80B4     		push	{r7}
  34              		.cfi_def_cfa_offset 4
  35              		.cfi_offset 7, -4
  36 0002 85B0     		sub	sp, sp, #20
  37              		.cfi_def_cfa_offset 24
  38 0004 00AF     		add	r7, sp, #0
  39              		.cfi_def_cfa_register 7
  40 0006 0346     		mov	r3, r0
  41 0008 FB71     		strb	r3, [r7, #7]
  59:Generated_Source\PSoC5/BTN_INPUT.c ****     uint8 staticBits = (BTN_INPUT_DR & (uint8)(~BTN_INPUT_MASK));
  42              		.loc 1 59 0
  43 000a 094B     		ldr	r3, .L2
  44 000c 1B78     		ldrb	r3, [r3]
  45 000e DBB2     		uxtb	r3, r3
  46 0010 03F01F03 		and	r3, r3, #31
  47 0014 FB73     		strb	r3, [r7, #15]
  60:Generated_Source\PSoC5/BTN_INPUT.c ****     BTN_INPUT_DR = staticBits | ((uint8)(value << BTN_INPUT_SHIFT) & BTN_INPUT_MASK);
  48              		.loc 1 60 0
  49 0016 0649     		ldr	r1, .L2
  50 0018 FB79     		ldrb	r3, [r7, #7]
  51 001a 5B01     		lsls	r3, r3, #5
  52 001c DAB2     		uxtb	r2, r3
  53 001e FB7B     		ldrb	r3, [r7, #15]
  54 0020 1343     		orrs	r3, r3, r2
ARM GAS  C:\Users\GYULAI~1\AppData\Local\Temp\ccS5s42b.s 			page 3


  55 0022 DBB2     		uxtb	r3, r3
  56 0024 0B70     		strb	r3, [r1]
  61:Generated_Source\PSoC5/BTN_INPUT.c **** }
  57              		.loc 1 61 0
  58 0026 00BF     		nop
  59 0028 1437     		adds	r7, r7, #20
  60              		.cfi_def_cfa_offset 4
  61 002a BD46     		mov	sp, r7
  62              		.cfi_def_cfa_register 13
  63              		@ sp needed
  64 002c 80BC     		pop	{r7}
  65              		.cfi_restore 7
  66              		.cfi_def_cfa_offset 0
  67 002e 7047     		bx	lr
  68              	.L3:
  69              		.align	2
  70              	.L2:
  71 0030 10510040 		.word	1073762576
  72              		.cfi_endproc
  73              	.LFE0:
  74              		.size	BTN_INPUT_Write, .-BTN_INPUT_Write
  75              		.section	.text.BTN_INPUT_SetDriveMode,"ax",%progbits
  76              		.align	2
  77              		.global	BTN_INPUT_SetDriveMode
  78              		.thumb
  79              		.thumb_func
  80              		.type	BTN_INPUT_SetDriveMode, %function
  81              	BTN_INPUT_SetDriveMode:
  82              	.LFB1:
  62:Generated_Source\PSoC5/BTN_INPUT.c **** 
  63:Generated_Source\PSoC5/BTN_INPUT.c **** 
  64:Generated_Source\PSoC5/BTN_INPUT.c **** /*******************************************************************************
  65:Generated_Source\PSoC5/BTN_INPUT.c **** * Function Name: BTN_INPUT_SetDriveMode
  66:Generated_Source\PSoC5/BTN_INPUT.c **** ****************************************************************************//**
  67:Generated_Source\PSoC5/BTN_INPUT.c **** *
  68:Generated_Source\PSoC5/BTN_INPUT.c **** * \brief Sets the drive mode for each of the Pins component's pins.
  69:Generated_Source\PSoC5/BTN_INPUT.c **** * 
  70:Generated_Source\PSoC5/BTN_INPUT.c **** * <b>Note</b> This affects all pins in the Pins component instance. Use the
  71:Generated_Source\PSoC5/BTN_INPUT.c **** * Per-Pin APIs if you wish to control individual pin's drive modes.
  72:Generated_Source\PSoC5/BTN_INPUT.c **** *
  73:Generated_Source\PSoC5/BTN_INPUT.c **** * \param mode
  74:Generated_Source\PSoC5/BTN_INPUT.c **** *  Mode for the selected signals. Valid options are documented in 
  75:Generated_Source\PSoC5/BTN_INPUT.c **** *  \ref driveMode.
  76:Generated_Source\PSoC5/BTN_INPUT.c **** *
  77:Generated_Source\PSoC5/BTN_INPUT.c **** * \return
  78:Generated_Source\PSoC5/BTN_INPUT.c **** *  None
  79:Generated_Source\PSoC5/BTN_INPUT.c **** *
  80:Generated_Source\PSoC5/BTN_INPUT.c **** * \sideeffect
  81:Generated_Source\PSoC5/BTN_INPUT.c **** *  If you use read-modify-write operations that are not atomic, the ISR can
  82:Generated_Source\PSoC5/BTN_INPUT.c **** *  cause corruption of this function. An ISR that interrupts this function 
  83:Generated_Source\PSoC5/BTN_INPUT.c **** *  and performs writes to the Pins component Drive Mode registers can cause 
  84:Generated_Source\PSoC5/BTN_INPUT.c **** *  corrupted port data. To avoid this issue, you should either use the Per-Pin
  85:Generated_Source\PSoC5/BTN_INPUT.c **** *  APIs (primary method) or disable interrupts around this function.
  86:Generated_Source\PSoC5/BTN_INPUT.c **** *
  87:Generated_Source\PSoC5/BTN_INPUT.c **** * \funcusage
  88:Generated_Source\PSoC5/BTN_INPUT.c **** *  \snippet BTN_INPUT_SUT.c usage_BTN_INPUT_SetDriveMode
  89:Generated_Source\PSoC5/BTN_INPUT.c **** *******************************************************************************/
ARM GAS  C:\Users\GYULAI~1\AppData\Local\Temp\ccS5s42b.s 			page 4


  90:Generated_Source\PSoC5/BTN_INPUT.c **** void BTN_INPUT_SetDriveMode(uint8 mode)
  91:Generated_Source\PSoC5/BTN_INPUT.c **** {
  83              		.loc 1 91 0
  84              		.cfi_startproc
  85              		@ args = 0, pretend = 0, frame = 8
  86              		@ frame_needed = 1, uses_anonymous_args = 0
  87              		@ link register save eliminated.
  88 0000 80B4     		push	{r7}
  89              		.cfi_def_cfa_offset 4
  90              		.cfi_offset 7, -4
  91 0002 83B0     		sub	sp, sp, #12
  92              		.cfi_def_cfa_offset 16
  93 0004 00AF     		add	r7, sp, #0
  94              		.cfi_def_cfa_register 7
  95 0006 0346     		mov	r3, r0
  96 0008 FB71     		strb	r3, [r7, #7]
  92:Generated_Source\PSoC5/BTN_INPUT.c **** 	CyPins_SetPinDriveMode(BTN_INPUT_0, mode);
  97              		.loc 1 92 0
  98 000a 1C49     		ldr	r1, .L5
  99 000c 1B4B     		ldr	r3, .L5
 100 000e 1B78     		ldrb	r3, [r3]
 101 0010 DBB2     		uxtb	r3, r3
 102 0012 5BB2     		sxtb	r3, r3
 103 0014 23F00E03 		bic	r3, r3, #14
 104 0018 5AB2     		sxtb	r2, r3
 105 001a 97F90730 		ldrsb	r3, [r7, #7]
 106 001e 03F00E03 		and	r3, r3, #14
 107 0022 5BB2     		sxtb	r3, r3
 108 0024 1343     		orrs	r3, r3, r2
 109 0026 5BB2     		sxtb	r3, r3
 110 0028 DBB2     		uxtb	r3, r3
 111 002a 0B70     		strb	r3, [r1]
  93:Generated_Source\PSoC5/BTN_INPUT.c **** 	CyPins_SetPinDriveMode(BTN_INPUT_1, mode);
 112              		.loc 1 93 0
 113 002c 1449     		ldr	r1, .L5+4
 114 002e 144B     		ldr	r3, .L5+4
 115 0030 1B78     		ldrb	r3, [r3]
 116 0032 DBB2     		uxtb	r3, r3
 117 0034 5BB2     		sxtb	r3, r3
 118 0036 23F00E03 		bic	r3, r3, #14
 119 003a 5AB2     		sxtb	r2, r3
 120 003c 97F90730 		ldrsb	r3, [r7, #7]
 121 0040 03F00E03 		and	r3, r3, #14
 122 0044 5BB2     		sxtb	r3, r3
 123 0046 1343     		orrs	r3, r3, r2
 124 0048 5BB2     		sxtb	r3, r3
 125 004a DBB2     		uxtb	r3, r3
 126 004c 0B70     		strb	r3, [r1]
  94:Generated_Source\PSoC5/BTN_INPUT.c **** 	CyPins_SetPinDriveMode(BTN_INPUT_2, mode);
 127              		.loc 1 94 0
 128 004e 0D49     		ldr	r1, .L5+8
 129 0050 0C4B     		ldr	r3, .L5+8
 130 0052 1B78     		ldrb	r3, [r3]
 131 0054 DBB2     		uxtb	r3, r3
 132 0056 5BB2     		sxtb	r3, r3
 133 0058 23F00E03 		bic	r3, r3, #14
 134 005c 5AB2     		sxtb	r2, r3
ARM GAS  C:\Users\GYULAI~1\AppData\Local\Temp\ccS5s42b.s 			page 5


 135 005e 97F90730 		ldrsb	r3, [r7, #7]
 136 0062 03F00E03 		and	r3, r3, #14
 137 0066 5BB2     		sxtb	r3, r3
 138 0068 1343     		orrs	r3, r3, r2
 139 006a 5BB2     		sxtb	r3, r3
 140 006c DBB2     		uxtb	r3, r3
 141 006e 0B70     		strb	r3, [r1]
  95:Generated_Source\PSoC5/BTN_INPUT.c **** }
 142              		.loc 1 95 0
 143 0070 00BF     		nop
 144 0072 0C37     		adds	r7, r7, #12
 145              		.cfi_def_cfa_offset 4
 146 0074 BD46     		mov	sp, r7
 147              		.cfi_def_cfa_register 13
 148              		@ sp needed
 149 0076 80BC     		pop	{r7}
 150              		.cfi_restore 7
 151              		.cfi_def_cfa_offset 0
 152 0078 7047     		bx	lr
 153              	.L6:
 154 007a 00BF     		.align	2
 155              	.L5:
 156 007c 0D500040 		.word	1073762317
 157 0080 0E500040 		.word	1073762318
 158 0084 0F500040 		.word	1073762319
 159              		.cfi_endproc
 160              	.LFE1:
 161              		.size	BTN_INPUT_SetDriveMode, .-BTN_INPUT_SetDriveMode
 162              		.section	.text.BTN_INPUT_Read,"ax",%progbits
 163              		.align	2
 164              		.global	BTN_INPUT_Read
 165              		.thumb
 166              		.thumb_func
 167              		.type	BTN_INPUT_Read, %function
 168              	BTN_INPUT_Read:
 169              	.LFB2:
  96:Generated_Source\PSoC5/BTN_INPUT.c **** 
  97:Generated_Source\PSoC5/BTN_INPUT.c **** 
  98:Generated_Source\PSoC5/BTN_INPUT.c **** /*******************************************************************************
  99:Generated_Source\PSoC5/BTN_INPUT.c **** * Function Name: BTN_INPUT_Read
 100:Generated_Source\PSoC5/BTN_INPUT.c **** ****************************************************************************//**
 101:Generated_Source\PSoC5/BTN_INPUT.c **** *
 102:Generated_Source\PSoC5/BTN_INPUT.c **** * \brief Reads the associated physical port (pin status register) and masks 
 103:Generated_Source\PSoC5/BTN_INPUT.c **** *  the required bits according to the width and bit position of the component
 104:Generated_Source\PSoC5/BTN_INPUT.c **** *  instance. 
 105:Generated_Source\PSoC5/BTN_INPUT.c **** *
 106:Generated_Source\PSoC5/BTN_INPUT.c **** * The pin's status register returns the current logic level present on the 
 107:Generated_Source\PSoC5/BTN_INPUT.c **** * physical pin.
 108:Generated_Source\PSoC5/BTN_INPUT.c **** *
 109:Generated_Source\PSoC5/BTN_INPUT.c **** * \return 
 110:Generated_Source\PSoC5/BTN_INPUT.c **** *  The current value for the pins in the component as a right justified number.
 111:Generated_Source\PSoC5/BTN_INPUT.c **** *
 112:Generated_Source\PSoC5/BTN_INPUT.c **** * \funcusage
 113:Generated_Source\PSoC5/BTN_INPUT.c **** *  \snippet BTN_INPUT_SUT.c usage_BTN_INPUT_Read  
 114:Generated_Source\PSoC5/BTN_INPUT.c **** *******************************************************************************/
 115:Generated_Source\PSoC5/BTN_INPUT.c **** uint8 BTN_INPUT_Read(void)
 116:Generated_Source\PSoC5/BTN_INPUT.c **** {
ARM GAS  C:\Users\GYULAI~1\AppData\Local\Temp\ccS5s42b.s 			page 6


 170              		.loc 1 116 0
 171              		.cfi_startproc
 172              		@ args = 0, pretend = 0, frame = 0
 173              		@ frame_needed = 1, uses_anonymous_args = 0
 174              		@ link register save eliminated.
 175 0000 80B4     		push	{r7}
 176              		.cfi_def_cfa_offset 4
 177              		.cfi_offset 7, -4
 178 0002 00AF     		add	r7, sp, #0
 179              		.cfi_def_cfa_register 7
 117:Generated_Source\PSoC5/BTN_INPUT.c ****     return (BTN_INPUT_PS & BTN_INPUT_MASK) >> BTN_INPUT_SHIFT;
 180              		.loc 1 117 0
 181 0004 054B     		ldr	r3, .L9
 182 0006 1B78     		ldrb	r3, [r3]
 183 0008 DBB2     		uxtb	r3, r3
 184 000a 03F0E003 		and	r3, r3, #224
 185 000e 5B09     		lsrs	r3, r3, #5
 186 0010 DBB2     		uxtb	r3, r3
 118:Generated_Source\PSoC5/BTN_INPUT.c **** }
 187              		.loc 1 118 0
 188 0012 1846     		mov	r0, r3
 189 0014 BD46     		mov	sp, r7
 190              		.cfi_def_cfa_register 13
 191              		@ sp needed
 192 0016 80BC     		pop	{r7}
 193              		.cfi_restore 7
 194              		.cfi_def_cfa_offset 0
 195 0018 7047     		bx	lr
 196              	.L10:
 197 001a 00BF     		.align	2
 198              	.L9:
 199 001c 11510040 		.word	1073762577
 200              		.cfi_endproc
 201              	.LFE2:
 202              		.size	BTN_INPUT_Read, .-BTN_INPUT_Read
 203              		.section	.text.BTN_INPUT_ReadDataReg,"ax",%progbits
 204              		.align	2
 205              		.global	BTN_INPUT_ReadDataReg
 206              		.thumb
 207              		.thumb_func
 208              		.type	BTN_INPUT_ReadDataReg, %function
 209              	BTN_INPUT_ReadDataReg:
 210              	.LFB3:
 119:Generated_Source\PSoC5/BTN_INPUT.c **** 
 120:Generated_Source\PSoC5/BTN_INPUT.c **** 
 121:Generated_Source\PSoC5/BTN_INPUT.c **** /*******************************************************************************
 122:Generated_Source\PSoC5/BTN_INPUT.c **** * Function Name: BTN_INPUT_ReadDataReg
 123:Generated_Source\PSoC5/BTN_INPUT.c **** ****************************************************************************//**
 124:Generated_Source\PSoC5/BTN_INPUT.c **** *
 125:Generated_Source\PSoC5/BTN_INPUT.c **** * \brief Reads the associated physical port's data output register and masks 
 126:Generated_Source\PSoC5/BTN_INPUT.c **** *  the correct bits according to the width and bit position of the component 
 127:Generated_Source\PSoC5/BTN_INPUT.c **** *  instance. 
 128:Generated_Source\PSoC5/BTN_INPUT.c **** *
 129:Generated_Source\PSoC5/BTN_INPUT.c **** * The data output register controls the signal applied to the physical pin in 
 130:Generated_Source\PSoC5/BTN_INPUT.c **** * conjunction with the drive mode parameter. This is not the same as the 
 131:Generated_Source\PSoC5/BTN_INPUT.c **** * preferred BTN_INPUT_Read() API because the 
 132:Generated_Source\PSoC5/BTN_INPUT.c **** * BTN_INPUT_ReadDataReg() reads the data register instead of the status 
ARM GAS  C:\Users\GYULAI~1\AppData\Local\Temp\ccS5s42b.s 			page 7


 133:Generated_Source\PSoC5/BTN_INPUT.c **** * register. For output pins this is a useful function to determine the value 
 134:Generated_Source\PSoC5/BTN_INPUT.c **** * just written to the pin.
 135:Generated_Source\PSoC5/BTN_INPUT.c **** *
 136:Generated_Source\PSoC5/BTN_INPUT.c **** * \return 
 137:Generated_Source\PSoC5/BTN_INPUT.c **** *  The current value of the data register masked and shifted into a right 
 138:Generated_Source\PSoC5/BTN_INPUT.c **** *  justified number for the component instance.
 139:Generated_Source\PSoC5/BTN_INPUT.c **** *
 140:Generated_Source\PSoC5/BTN_INPUT.c **** * \funcusage
 141:Generated_Source\PSoC5/BTN_INPUT.c **** *  \snippet BTN_INPUT_SUT.c usage_BTN_INPUT_ReadDataReg 
 142:Generated_Source\PSoC5/BTN_INPUT.c **** *******************************************************************************/
 143:Generated_Source\PSoC5/BTN_INPUT.c **** uint8 BTN_INPUT_ReadDataReg(void)
 144:Generated_Source\PSoC5/BTN_INPUT.c **** {
 211              		.loc 1 144 0
 212              		.cfi_startproc
 213              		@ args = 0, pretend = 0, frame = 0
 214              		@ frame_needed = 1, uses_anonymous_args = 0
 215              		@ link register save eliminated.
 216 0000 80B4     		push	{r7}
 217              		.cfi_def_cfa_offset 4
 218              		.cfi_offset 7, -4
 219 0002 00AF     		add	r7, sp, #0
 220              		.cfi_def_cfa_register 7
 145:Generated_Source\PSoC5/BTN_INPUT.c ****     return (BTN_INPUT_DR & BTN_INPUT_MASK) >> BTN_INPUT_SHIFT;
 221              		.loc 1 145 0
 222 0004 054B     		ldr	r3, .L13
 223 0006 1B78     		ldrb	r3, [r3]
 224 0008 DBB2     		uxtb	r3, r3
 225 000a 03F0E003 		and	r3, r3, #224
 226 000e 5B09     		lsrs	r3, r3, #5
 227 0010 DBB2     		uxtb	r3, r3
 146:Generated_Source\PSoC5/BTN_INPUT.c **** }
 228              		.loc 1 146 0
 229 0012 1846     		mov	r0, r3
 230 0014 BD46     		mov	sp, r7
 231              		.cfi_def_cfa_register 13
 232              		@ sp needed
 233 0016 80BC     		pop	{r7}
 234              		.cfi_restore 7
 235              		.cfi_def_cfa_offset 0
 236 0018 7047     		bx	lr
 237              	.L14:
 238 001a 00BF     		.align	2
 239              	.L13:
 240 001c 10510040 		.word	1073762576
 241              		.cfi_endproc
 242              	.LFE3:
 243              		.size	BTN_INPUT_ReadDataReg, .-BTN_INPUT_ReadDataReg
 244              		.text
 245              	.Letext0:
 246              		.file 2 "Generated_Source\\PSoC5\\cytypes.h"
 247              		.section	.debug_info,"",%progbits
 248              	.Ldebug_info0:
 249 0000 1A010000 		.4byte	0x11a
 250 0004 0400     		.2byte	0x4
 251 0006 00000000 		.4byte	.Ldebug_abbrev0
 252 000a 04       		.byte	0x4
 253 000b 01       		.uleb128 0x1
ARM GAS  C:\Users\GYULAI~1\AppData\Local\Temp\ccS5s42b.s 			page 8


 254 000c 00000000 		.4byte	.LASF20
 255 0010 0C       		.byte	0xc
 256 0011 30010000 		.4byte	.LASF21
 257 0015 9F000000 		.4byte	.LASF22
 258 0019 00000000 		.4byte	.Ldebug_ranges0+0
 259 001d 00000000 		.4byte	0
 260 0021 00000000 		.4byte	.Ldebug_line0
 261 0025 02       		.uleb128 0x2
 262 0026 01       		.byte	0x1
 263 0027 06       		.byte	0x6
 264 0028 BF010000 		.4byte	.LASF0
 265 002c 02       		.uleb128 0x2
 266 002d 01       		.byte	0x1
 267 002e 08       		.byte	0x8
 268 002f E1000000 		.4byte	.LASF1
 269 0033 02       		.uleb128 0x2
 270 0034 02       		.byte	0x2
 271 0035 05       		.byte	0x5
 272 0036 A6010000 		.4byte	.LASF2
 273 003a 02       		.uleb128 0x2
 274 003b 02       		.byte	0x2
 275 003c 07       		.byte	0x7
 276 003d 1D010000 		.4byte	.LASF3
 277 0041 02       		.uleb128 0x2
 278 0042 04       		.byte	0x4
 279 0043 05       		.byte	0x5
 280 0044 B6010000 		.4byte	.LASF4
 281 0048 02       		.uleb128 0x2
 282 0049 04       		.byte	0x4
 283 004a 07       		.byte	0x7
 284 004b 0B010000 		.4byte	.LASF5
 285 004f 02       		.uleb128 0x2
 286 0050 08       		.byte	0x8
 287 0051 05       		.byte	0x5
 288 0052 93010000 		.4byte	.LASF6
 289 0056 02       		.uleb128 0x2
 290 0057 08       		.byte	0x8
 291 0058 07       		.byte	0x7
 292 0059 67010000 		.4byte	.LASF7
 293 005d 03       		.uleb128 0x3
 294 005e 04       		.byte	0x4
 295 005f 05       		.byte	0x5
 296 0060 696E7400 		.ascii	"int\000"
 297 0064 02       		.uleb128 0x2
 298 0065 04       		.byte	0x4
 299 0066 07       		.byte	0x7
 300 0067 5A010000 		.4byte	.LASF8
 301 006b 04       		.uleb128 0x4
 302 006c B0010000 		.4byte	.LASF12
 303 0070 02       		.byte	0x2
 304 0071 E401     		.2byte	0x1e4
 305 0073 2C000000 		.4byte	0x2c
 306 0077 02       		.uleb128 0x2
 307 0078 04       		.byte	0x4
 308 0079 04       		.byte	0x4
 309 007a DB000000 		.4byte	.LASF9
 310 007e 02       		.uleb128 0x2
ARM GAS  C:\Users\GYULAI~1\AppData\Local\Temp\ccS5s42b.s 			page 9


 311 007f 08       		.byte	0x8
 312 0080 04       		.byte	0x4
 313 0081 53010000 		.4byte	.LASF10
 314 0085 02       		.uleb128 0x2
 315 0086 01       		.byte	0x1
 316 0087 08       		.byte	0x8
 317 0088 A1010000 		.4byte	.LASF11
 318 008c 04       		.uleb128 0x4
 319 008d 06010000 		.4byte	.LASF13
 320 0091 02       		.byte	0x2
 321 0092 8E02     		.2byte	0x28e
 322 0094 98000000 		.4byte	0x98
 323 0098 05       		.uleb128 0x5
 324 0099 6B000000 		.4byte	0x6b
 325 009d 06       		.uleb128 0x6
 326 009e 83010000 		.4byte	.LASF14
 327 00a2 01       		.byte	0x1
 328 00a3 39       		.byte	0x39
 329 00a4 00000000 		.4byte	.LFB0
 330 00a8 34000000 		.4byte	.LFE0-.LFB0
 331 00ac 01       		.uleb128 0x1
 332 00ad 9C       		.byte	0x9c
 333 00ae CF000000 		.4byte	0xcf
 334 00b2 07       		.uleb128 0x7
 335 00b3 8E000000 		.4byte	.LASF16
 336 00b7 01       		.byte	0x1
 337 00b8 39       		.byte	0x39
 338 00b9 6B000000 		.4byte	0x6b
 339 00bd 02       		.uleb128 0x2
 340 00be 91       		.byte	0x91
 341 00bf 6F       		.sleb128 -17
 342 00c0 08       		.uleb128 0x8
 343 00c1 94000000 		.4byte	.LASF23
 344 00c5 01       		.byte	0x1
 345 00c6 3B       		.byte	0x3b
 346 00c7 6B000000 		.4byte	0x6b
 347 00cb 02       		.uleb128 0x2
 348 00cc 91       		.byte	0x91
 349 00cd 77       		.sleb128 -9
 350 00ce 00       		.byte	0
 351 00cf 06       		.uleb128 0x6
 352 00d0 EF000000 		.4byte	.LASF15
 353 00d4 01       		.byte	0x1
 354 00d5 5A       		.byte	0x5a
 355 00d6 00000000 		.4byte	.LFB1
 356 00da 88000000 		.4byte	.LFE1-.LFB1
 357 00de 01       		.uleb128 0x1
 358 00df 9C       		.byte	0x9c
 359 00e0 F3000000 		.4byte	0xf3
 360 00e4 07       		.uleb128 0x7
 361 00e5 7E010000 		.4byte	.LASF17
 362 00e9 01       		.byte	0x1
 363 00ea 5A       		.byte	0x5a
 364 00eb 6B000000 		.4byte	0x6b
 365 00ef 02       		.uleb128 0x2
 366 00f0 91       		.byte	0x91
 367 00f1 77       		.sleb128 -9
ARM GAS  C:\Users\GYULAI~1\AppData\Local\Temp\ccS5s42b.s 			page 10


 368 00f2 00       		.byte	0
 369 00f3 09       		.uleb128 0x9
 370 00f4 CC000000 		.4byte	.LASF18
 371 00f8 01       		.byte	0x1
 372 00f9 73       		.byte	0x73
 373 00fa 6B000000 		.4byte	0x6b
 374 00fe 00000000 		.4byte	.LFB2
 375 0102 20000000 		.4byte	.LFE2-.LFB2
 376 0106 01       		.uleb128 0x1
 377 0107 9C       		.byte	0x9c
 378 0108 09       		.uleb128 0x9
 379 0109 CB010000 		.4byte	.LASF19
 380 010d 01       		.byte	0x1
 381 010e 8F       		.byte	0x8f
 382 010f 6B000000 		.4byte	0x6b
 383 0113 00000000 		.4byte	.LFB3
 384 0117 20000000 		.4byte	.LFE3-.LFB3
 385 011b 01       		.uleb128 0x1
 386 011c 9C       		.byte	0x9c
 387 011d 00       		.byte	0
 388              		.section	.debug_abbrev,"",%progbits
 389              	.Ldebug_abbrev0:
 390 0000 01       		.uleb128 0x1
 391 0001 11       		.uleb128 0x11
 392 0002 01       		.byte	0x1
 393 0003 25       		.uleb128 0x25
 394 0004 0E       		.uleb128 0xe
 395 0005 13       		.uleb128 0x13
 396 0006 0B       		.uleb128 0xb
 397 0007 03       		.uleb128 0x3
 398 0008 0E       		.uleb128 0xe
 399 0009 1B       		.uleb128 0x1b
 400 000a 0E       		.uleb128 0xe
 401 000b 55       		.uleb128 0x55
 402 000c 17       		.uleb128 0x17
 403 000d 11       		.uleb128 0x11
 404 000e 01       		.uleb128 0x1
 405 000f 10       		.uleb128 0x10
 406 0010 17       		.uleb128 0x17
 407 0011 00       		.byte	0
 408 0012 00       		.byte	0
 409 0013 02       		.uleb128 0x2
 410 0014 24       		.uleb128 0x24
 411 0015 00       		.byte	0
 412 0016 0B       		.uleb128 0xb
 413 0017 0B       		.uleb128 0xb
 414 0018 3E       		.uleb128 0x3e
 415 0019 0B       		.uleb128 0xb
 416 001a 03       		.uleb128 0x3
 417 001b 0E       		.uleb128 0xe
 418 001c 00       		.byte	0
 419 001d 00       		.byte	0
 420 001e 03       		.uleb128 0x3
 421 001f 24       		.uleb128 0x24
 422 0020 00       		.byte	0
 423 0021 0B       		.uleb128 0xb
 424 0022 0B       		.uleb128 0xb
ARM GAS  C:\Users\GYULAI~1\AppData\Local\Temp\ccS5s42b.s 			page 11


 425 0023 3E       		.uleb128 0x3e
 426 0024 0B       		.uleb128 0xb
 427 0025 03       		.uleb128 0x3
 428 0026 08       		.uleb128 0x8
 429 0027 00       		.byte	0
 430 0028 00       		.byte	0
 431 0029 04       		.uleb128 0x4
 432 002a 16       		.uleb128 0x16
 433 002b 00       		.byte	0
 434 002c 03       		.uleb128 0x3
 435 002d 0E       		.uleb128 0xe
 436 002e 3A       		.uleb128 0x3a
 437 002f 0B       		.uleb128 0xb
 438 0030 3B       		.uleb128 0x3b
 439 0031 05       		.uleb128 0x5
 440 0032 49       		.uleb128 0x49
 441 0033 13       		.uleb128 0x13
 442 0034 00       		.byte	0
 443 0035 00       		.byte	0
 444 0036 05       		.uleb128 0x5
 445 0037 35       		.uleb128 0x35
 446 0038 00       		.byte	0
 447 0039 49       		.uleb128 0x49
 448 003a 13       		.uleb128 0x13
 449 003b 00       		.byte	0
 450 003c 00       		.byte	0
 451 003d 06       		.uleb128 0x6
 452 003e 2E       		.uleb128 0x2e
 453 003f 01       		.byte	0x1
 454 0040 3F       		.uleb128 0x3f
 455 0041 19       		.uleb128 0x19
 456 0042 03       		.uleb128 0x3
 457 0043 0E       		.uleb128 0xe
 458 0044 3A       		.uleb128 0x3a
 459 0045 0B       		.uleb128 0xb
 460 0046 3B       		.uleb128 0x3b
 461 0047 0B       		.uleb128 0xb
 462 0048 27       		.uleb128 0x27
 463 0049 19       		.uleb128 0x19
 464 004a 11       		.uleb128 0x11
 465 004b 01       		.uleb128 0x1
 466 004c 12       		.uleb128 0x12
 467 004d 06       		.uleb128 0x6
 468 004e 40       		.uleb128 0x40
 469 004f 18       		.uleb128 0x18
 470 0050 9742     		.uleb128 0x2117
 471 0052 19       		.uleb128 0x19
 472 0053 01       		.uleb128 0x1
 473 0054 13       		.uleb128 0x13
 474 0055 00       		.byte	0
 475 0056 00       		.byte	0
 476 0057 07       		.uleb128 0x7
 477 0058 05       		.uleb128 0x5
 478 0059 00       		.byte	0
 479 005a 03       		.uleb128 0x3
 480 005b 0E       		.uleb128 0xe
 481 005c 3A       		.uleb128 0x3a
ARM GAS  C:\Users\GYULAI~1\AppData\Local\Temp\ccS5s42b.s 			page 12


 482 005d 0B       		.uleb128 0xb
 483 005e 3B       		.uleb128 0x3b
 484 005f 0B       		.uleb128 0xb
 485 0060 49       		.uleb128 0x49
 486 0061 13       		.uleb128 0x13
 487 0062 02       		.uleb128 0x2
 488 0063 18       		.uleb128 0x18
 489 0064 00       		.byte	0
 490 0065 00       		.byte	0
 491 0066 08       		.uleb128 0x8
 492 0067 34       		.uleb128 0x34
 493 0068 00       		.byte	0
 494 0069 03       		.uleb128 0x3
 495 006a 0E       		.uleb128 0xe
 496 006b 3A       		.uleb128 0x3a
 497 006c 0B       		.uleb128 0xb
 498 006d 3B       		.uleb128 0x3b
 499 006e 0B       		.uleb128 0xb
 500 006f 49       		.uleb128 0x49
 501 0070 13       		.uleb128 0x13
 502 0071 02       		.uleb128 0x2
 503 0072 18       		.uleb128 0x18
 504 0073 00       		.byte	0
 505 0074 00       		.byte	0
 506 0075 09       		.uleb128 0x9
 507 0076 2E       		.uleb128 0x2e
 508 0077 00       		.byte	0
 509 0078 3F       		.uleb128 0x3f
 510 0079 19       		.uleb128 0x19
 511 007a 03       		.uleb128 0x3
 512 007b 0E       		.uleb128 0xe
 513 007c 3A       		.uleb128 0x3a
 514 007d 0B       		.uleb128 0xb
 515 007e 3B       		.uleb128 0x3b
 516 007f 0B       		.uleb128 0xb
 517 0080 27       		.uleb128 0x27
 518 0081 19       		.uleb128 0x19
 519 0082 49       		.uleb128 0x49
 520 0083 13       		.uleb128 0x13
 521 0084 11       		.uleb128 0x11
 522 0085 01       		.uleb128 0x1
 523 0086 12       		.uleb128 0x12
 524 0087 06       		.uleb128 0x6
 525 0088 40       		.uleb128 0x40
 526 0089 18       		.uleb128 0x18
 527 008a 9742     		.uleb128 0x2117
 528 008c 19       		.uleb128 0x19
 529 008d 00       		.byte	0
 530 008e 00       		.byte	0
 531 008f 00       		.byte	0
 532              		.section	.debug_aranges,"",%progbits
 533 0000 34000000 		.4byte	0x34
 534 0004 0200     		.2byte	0x2
 535 0006 00000000 		.4byte	.Ldebug_info0
 536 000a 04       		.byte	0x4
 537 000b 00       		.byte	0
 538 000c 0000     		.2byte	0
ARM GAS  C:\Users\GYULAI~1\AppData\Local\Temp\ccS5s42b.s 			page 13


 539 000e 0000     		.2byte	0
 540 0010 00000000 		.4byte	.LFB0
 541 0014 34000000 		.4byte	.LFE0-.LFB0
 542 0018 00000000 		.4byte	.LFB1
 543 001c 88000000 		.4byte	.LFE1-.LFB1
 544 0020 00000000 		.4byte	.LFB2
 545 0024 20000000 		.4byte	.LFE2-.LFB2
 546 0028 00000000 		.4byte	.LFB3
 547 002c 20000000 		.4byte	.LFE3-.LFB3
 548 0030 00000000 		.4byte	0
 549 0034 00000000 		.4byte	0
 550              		.section	.debug_ranges,"",%progbits
 551              	.Ldebug_ranges0:
 552 0000 00000000 		.4byte	.LFB0
 553 0004 34000000 		.4byte	.LFE0
 554 0008 00000000 		.4byte	.LFB1
 555 000c 88000000 		.4byte	.LFE1
 556 0010 00000000 		.4byte	.LFB2
 557 0014 20000000 		.4byte	.LFE2
 558 0018 00000000 		.4byte	.LFB3
 559 001c 20000000 		.4byte	.LFE3
 560 0020 00000000 		.4byte	0
 561 0024 00000000 		.4byte	0
 562              		.section	.debug_line,"",%progbits
 563              	.Ldebug_line0:
 564 0000 99000000 		.section	.debug_str,"MS",%progbits,1
 564      02004600 
 564      00000201 
 564      FB0E0D00 
 564      01010101 
 565              	.LASF20:
 566 0000 474E5520 		.ascii	"GNU C11 5.4.1 20160609 (release) [ARM/embedded-5-br"
 566      43313120 
 566      352E342E 
 566      31203230 
 566      31363036 
 567 0033 616E6368 		.ascii	"anch revision 237715] -mcpu=cortex-m3 -mthumb -g -O"
 567      20726576 
 567      6973696F 
 567      6E203233 
 567      37373135 
 568 0066 30202D66 		.ascii	"0 -ffunction-sections -ffat-lto-objects\000"
 568      66756E63 
 568      74696F6E 
 568      2D736563 
 568      74696F6E 
 569              	.LASF16:
 570 008e 76616C75 		.ascii	"value\000"
 570      6500
 571              	.LASF23:
 572 0094 73746174 		.ascii	"staticBits\000"
 572      69634269 
 572      747300
 573              	.LASF22:
 574 009f 453A5C43 		.ascii	"E:\\Cypress\\Projects\\RheaWorkspace\\Rhea.cydsn\000"
 574      79707265 
 574      73735C50 
ARM GAS  C:\Users\GYULAI~1\AppData\Local\Temp\ccS5s42b.s 			page 14


 574      726F6A65 
 574      6374735C 
 575              	.LASF18:
 576 00cc 42544E5F 		.ascii	"BTN_INPUT_Read\000"
 576      494E5055 
 576      545F5265 
 576      616400
 577              	.LASF9:
 578 00db 666C6F61 		.ascii	"float\000"
 578      7400
 579              	.LASF1:
 580 00e1 756E7369 		.ascii	"unsigned char\000"
 580      676E6564 
 580      20636861 
 580      7200
 581              	.LASF15:
 582 00ef 42544E5F 		.ascii	"BTN_INPUT_SetDriveMode\000"
 582      494E5055 
 582      545F5365 
 582      74447269 
 582      76654D6F 
 583              	.LASF13:
 584 0106 72656738 		.ascii	"reg8\000"
 584      00
 585              	.LASF5:
 586 010b 6C6F6E67 		.ascii	"long unsigned int\000"
 586      20756E73 
 586      69676E65 
 586      6420696E 
 586      7400
 587              	.LASF3:
 588 011d 73686F72 		.ascii	"short unsigned int\000"
 588      7420756E 
 588      7369676E 
 588      65642069 
 588      6E7400
 589              	.LASF21:
 590 0130 47656E65 		.ascii	"Generated_Source\\PSoC5\\BTN_INPUT.c\000"
 590      72617465 
 590      645F536F 
 590      75726365 
 590      5C50536F 
 591              	.LASF10:
 592 0153 646F7562 		.ascii	"double\000"
 592      6C6500
 593              	.LASF8:
 594 015a 756E7369 		.ascii	"unsigned int\000"
 594      676E6564 
 594      20696E74 
 594      00
 595              	.LASF7:
 596 0167 6C6F6E67 		.ascii	"long long unsigned int\000"
 596      206C6F6E 
 596      6720756E 
 596      7369676E 
 596      65642069 
 597              	.LASF17:
ARM GAS  C:\Users\GYULAI~1\AppData\Local\Temp\ccS5s42b.s 			page 15


 598 017e 6D6F6465 		.ascii	"mode\000"
 598      00
 599              	.LASF14:
 600 0183 42544E5F 		.ascii	"BTN_INPUT_Write\000"
 600      494E5055 
 600      545F5772 
 600      69746500 
 601              	.LASF6:
 602 0193 6C6F6E67 		.ascii	"long long int\000"
 602      206C6F6E 
 602      6720696E 
 602      7400
 603              	.LASF11:
 604 01a1 63686172 		.ascii	"char\000"
 604      00
 605              	.LASF2:
 606 01a6 73686F72 		.ascii	"short int\000"
 606      7420696E 
 606      7400
 607              	.LASF12:
 608 01b0 75696E74 		.ascii	"uint8\000"
 608      3800
 609              	.LASF4:
 610 01b6 6C6F6E67 		.ascii	"long int\000"
 610      20696E74 
 610      00
 611              	.LASF0:
 612 01bf 7369676E 		.ascii	"signed char\000"
 612      65642063 
 612      68617200 
 613              	.LASF19:
 614 01cb 42544E5F 		.ascii	"BTN_INPUT_ReadDataReg\000"
 614      494E5055 
 614      545F5265 
 614      61644461 
 614      74615265 
 615              		.ident	"GCC: (GNU Tools for ARM Embedded Processors) 5.4.1 20160609 (release) [ARM/embedded-5-bran
