ARM GAS  C:\Users\GYULAI~1\AppData\Local\Temp\ccvgi7Xa.s 			page 1


   1              		.syntax unified
   2              		.cpu cortex-m3
   3              		.fpu softvfp
   4              		.eabi_attribute 20, 1
   5              		.eabi_attribute 21, 1
   6              		.eabi_attribute 23, 3
   7              		.eabi_attribute 24, 1
   8              		.eabi_attribute 25, 1
   9              		.eabi_attribute 26, 1
  10              		.eabi_attribute 30, 6
  11              		.eabi_attribute 34, 1
  12              		.eabi_attribute 18, 4
  13              		.thumb
  14              		.syntax unified
  15              		.file	"command.c"
  16              		.text
  17              	.Ltext0:
  18              		.cfi_sections	.debug_frame
  19              		.global	serial_data_ready
  20              		.bss
  21              		.type	serial_data_ready, %object
  22              		.size	serial_data_ready, 1
  23              	serial_data_ready:
  24 0000 00       		.space	1
  25              		.comm	serialBuffer,256,4
  26              		.section	.text.InitializeSerialCommandLine,"ax",%progbits
  27              		.align	2
  28              		.global	InitializeSerialCommandLine
  29              		.thumb
  30              		.thumb_func
  31              		.type	InitializeSerialCommandLine, %function
  32              	InitializeSerialCommandLine:
  33              	.LFB63:
  34              		.file 1 "application\\command\\command.c"
   1:application\command/command.c **** /*********************************************************************************
   2:application\command/command.c ****  * Copyright (c) 2020 Peter Gyulai
   3:application\command/command.c ****  *
   4:application\command/command.c ****  * Permission is hereby granted, free of charge, to any person obtaining a copy
   5:application\command/command.c ****  * of this software and associated documentation files (the "Software"), to deal
   6:application\command/command.c ****  * in the Software without restriction, including without limitation the rights
   7:application\command/command.c ****  * to use, copy, modify, merge, publish, distribute, sublicense, and/or sell
   8:application\command/command.c ****  * copies of the Software, and to permit persons to whom the Software is
   9:application\command/command.c ****  * furnished to do so, subject to the following conditions:
  10:application\command/command.c ****  *
  11:application\command/command.c ****  * The above copyright notice and this permission notice shall be included in all
  12:application\command/command.c ****  * copies or substantial portions of the Software.
  13:application\command/command.c ****  *
  14:application\command/command.c ****  * THE SOFTWARE IS PROVIDED "AS IS", WITHOUT WARRANTY OF ANY KIND,
  15:application\command/command.c ****  * EXPRESS OR IMPLIED, INCLUDING BUT NOT LIMITED TO THE WARRANTIES OF
  16:application\command/command.c ****  * MERCHANTABILITY, FITNESS FOR A PARTICULAR PURPOSE AND NONINFRINGEMENT.
  17:application\command/command.c ****  * IN NO EVENT SHALL THE AUTHORS OR COPYRIGHT HOLDERS BE LIABLE FOR ANY CLAIM,
  18:application\command/command.c ****  * DAMAGES OR OTHER LIABILITY, WHETHER IN AN ACTION OF CONTRACT, TORT OR
  19:application\command/command.c ****  * OTHERWISE, ARISING FROM, OUT OF OR IN CONNECTION WITH THE SOFTWARE OR THE USE
  20:application\command/command.c ****  * OR OTHER DEALINGS IN THE SOFTWARE.
  21:application\command/command.c **** **********************************************************************************/
  22:application\command/command.c **** 
  23:application\command/command.c **** /**
ARM GAS  C:\Users\GYULAI~1\AppData\Local\Temp\ccvgi7Xa.s 			page 2


  24:application\command/command.c ****  * @file    command.c
  25:application\command/command.c ****  * @author  Peter Gyulai
  26:application\command/command.c ****  * @version 1.0.0
  27:application\command/command.c ****  * @date    2020.04.21
  28:application\command/command.c ****  * @brief   Serial command line parser implementations.
  29:application\command/command.c ****  * @details
  30:application\command/command.c ****  * This file contains the implementation for the serial command line parser.
  31:application\command/command.c ****  */
  32:application\command/command.c **** 
  33:application\command/command.c **** // Project includes
  34:application\command/command.c **** #include "../../rhea/uart/uart.h"
  35:application\command/command.c **** #include "command.h"
  36:application\command/command.c **** 
  37:application\command/command.c **** 
  38:application\command/command.c **** // Defines the size of the receive buffer
  39:application\command/command.c **** #define SERIAL_RX_BUFFER_SIZE (256)
  40:application\command/command.c **** 
  41:application\command/command.c **** // External serial status indicator flag 
  42:application\command/command.c **** volatile uint8_t serial_data_ready = 0;
  43:application\command/command.c **** 
  44:application\command/command.c **** // Serial RX buffer
  45:application\command/command.c **** uint8_t serialBuffer[SERIAL_RX_BUFFER_SIZE];
  46:application\command/command.c ****     
  47:application\command/command.c **** void InitializeSerialCommandLine(void) {
  35              		.loc 1 47 0
  36              		.cfi_startproc
  37              		@ args = 0, pretend = 0, frame = 0
  38              		@ frame_needed = 1, uses_anonymous_args = 0
  39 0000 80B5     		push	{r7, lr}
  40              		.cfi_def_cfa_offset 8
  41              		.cfi_offset 7, -8
  42              		.cfi_offset 14, -4
  43 0002 00AF     		add	r7, sp, #0
  44              		.cfi_def_cfa_register 7
  48:application\command/command.c ****     
  49:application\command/command.c ****     // Initializing and enabling the serial interrupt
  50:application\command/command.c ****     UART_RX_INTR_StartEx(SERIAL_DATA_ARRIVED);
  45              		.loc 1 50 0
  46 0004 0248     		ldr	r0, .L2
  47 0006 FFF7FEFF 		bl	UART_RX_INTR_StartEx
  51:application\command/command.c **** }
  48              		.loc 1 51 0
  49 000a 00BF     		nop
  50 000c 80BD     		pop	{r7, pc}
  51              	.L3:
  52 000e 00BF     		.align	2
  53              	.L2:
  54 0010 00000000 		.word	SERIAL_DATA_ARRIVED
  55              		.cfi_endproc
  56              	.LFE63:
  57              		.size	InitializeSerialCommandLine, .-InitializeSerialCommandLine
  58              		.section	.text.processCommand,"ax",%progbits
  59              		.align	2
  60              		.global	processCommand
  61              		.thumb
  62              		.thumb_func
  63              		.type	processCommand, %function
ARM GAS  C:\Users\GYULAI~1\AppData\Local\Temp\ccvgi7Xa.s 			page 3


  64              	processCommand:
  65              	.LFB64:
  52:application\command/command.c **** 
  53:application\command/command.c **** void processCommand(const char *buffer, uint64_t length) {
  66              		.loc 1 53 0
  67              		.cfi_startproc
  68              		@ args = 0, pretend = 0, frame = 16
  69              		@ frame_needed = 1, uses_anonymous_args = 0
  70              		@ link register save eliminated.
  71 0000 80B4     		push	{r7}
  72              		.cfi_def_cfa_offset 4
  73              		.cfi_offset 7, -4
  74 0002 85B0     		sub	sp, sp, #20
  75              		.cfi_def_cfa_offset 24
  76 0004 00AF     		add	r7, sp, #0
  77              		.cfi_def_cfa_register 7
  78 0006 F860     		str	r0, [r7, #12]
  79 0008 C7E90023 		strd	r2, [r7]
  54:application\command/command.c ****     
  55:application\command/command.c **** }
  80              		.loc 1 55 0
  81 000c 00BF     		nop
  82 000e 1437     		adds	r7, r7, #20
  83              		.cfi_def_cfa_offset 4
  84 0010 BD46     		mov	sp, r7
  85              		.cfi_def_cfa_register 13
  86              		@ sp needed
  87 0012 80BC     		pop	{r7}
  88              		.cfi_restore 7
  89              		.cfi_def_cfa_offset 0
  90 0014 7047     		bx	lr
  91              		.cfi_endproc
  92              	.LFE64:
  93              		.size	processCommand, .-processCommand
  94 0016 00BF     		.section	.text.ProcessCommandLine,"ax",%progbits
  95              		.align	2
  96              		.global	ProcessCommandLine
  97              		.thumb
  98              		.thumb_func
  99              		.type	ProcessCommandLine, %function
 100              	ProcessCommandLine:
 101              	.LFB65:
  56:application\command/command.c **** 
  57:application\command/command.c **** void ProcessCommandLine(void) {
 102              		.loc 1 57 0
 103              		.cfi_startproc
 104              		@ args = 0, pretend = 0, frame = 24
 105              		@ frame_needed = 1, uses_anonymous_args = 0
 106 0000 90B5     		push	{r4, r7, lr}
 107              		.cfi_def_cfa_offset 12
 108              		.cfi_offset 4, -12
 109              		.cfi_offset 7, -8
 110              		.cfi_offset 14, -4
 111 0002 87B0     		sub	sp, sp, #28
 112              		.cfi_def_cfa_offset 40
 113 0004 00AF     		add	r7, sp, #0
 114              		.cfi_def_cfa_register 7
ARM GAS  C:\Users\GYULAI~1\AppData\Local\Temp\ccvgi7Xa.s 			page 4


  58:application\command/command.c ****     
  59:application\command/command.c ****     // Checking serial status flag
  60:application\command/command.c ****     if(!serial_data_ready) return;
 115              		.loc 1 60 0
 116 0006 294B     		ldr	r3, .L13
 117 0008 1B78     		ldrb	r3, [r3]
 118 000a DBB2     		uxtb	r3, r3
 119 000c 002B     		cmp	r3, #0
 120 000e 49D0     		beq	.L12
  61:application\command/command.c ****     
  62:application\command/command.c ****     // Clearing serial status flag
  63:application\command/command.c ****     serial_data_ready = 0;
 121              		.loc 1 63 0
 122 0010 264B     		ldr	r3, .L13
 123 0012 0022     		movs	r2, #0
 124 0014 1A70     		strb	r2, [r3]
  64:application\command/command.c ****     
  65:application\command/command.c ****     // Reading the number of bytes available
  66:application\command/command.c ****     uint64_t bytesAvailable = rhea_uart_BytesAvailable();
 125              		.loc 1 66 0
 126 0016 FFF7FEFF 		bl	rhea_uart_BytesAvailable
 127 001a C7E90201 		strd	r0, [r7, #8]
 128              	.LBB2:
  67:application\command/command.c ****     
  68:application\command/command.c ****     // Serial RX buffer current write index
  69:application\command/command.c ****     static uint64_t currentIndex = 0;
  70:application\command/command.c ****     
  71:application\command/command.c ****     // Serial RX buffer current read index
  72:application\command/command.c ****     static uint64_t currentReadIndex = 0;
  73:application\command/command.c ****     
  74:application\command/command.c ****     // Reading bytes
  75:application\command/command.c ****     for(uint64_t i = 0; i < bytesAvailable; i++) {
 129              		.loc 1 75 0
 130 001e 4FF00003 		mov	r3, #0
 131 0022 4FF00004 		mov	r4, #0
 132 0026 C7E90434 		strd	r3, [r7, #16]
 133 002a 32E0     		b	.L8
 134              	.L11:
 135              	.LBB3:
  76:application\command/command.c ****         
  77:application\command/command.c ****         // Reading next character
  78:application\command/command.c ****         uint8_t nextChar = rhea_uart_ReadByte();
 136              		.loc 1 78 0
 137 002c FFF7FEFF 		bl	rhea_uart_ReadByte
 138 0030 0346     		mov	r3, r0
 139 0032 FB71     		strb	r3, [r7, #7]
  79:application\command/command.c ****         
  80:application\command/command.c ****         // Checking command termination
  81:application\command/command.c ****         if(nextChar == '\n') {
 140              		.loc 1 81 0
 141 0034 FB79     		ldrb	r3, [r7, #7]	@ zero_extendqisi2
 142 0036 0A2B     		cmp	r3, #10
 143 0038 0ED1     		bne	.L9
  82:application\command/command.c ****             
  83:application\command/command.c ****             // Processing command
  84:application\command/command.c ****             processCommand(serialBuffer, currentIndex);
 144              		.loc 1 84 0
ARM GAS  C:\Users\GYULAI~1\AppData\Local\Temp\ccvgi7Xa.s 			page 5


 145 003a 1D4B     		ldr	r3, .L13+4
 146 003c 18CB     		ldmia	r3, {r3-r4}
 147 003e 1A46     		mov	r2, r3
 148 0040 2346     		mov	r3, r4
 149 0042 1C48     		ldr	r0, .L13+8
 150 0044 FFF7FEFF 		bl	processCommand
  85:application\command/command.c ****             
  86:application\command/command.c ****             // Resetting buffer index
  87:application\command/command.c ****             currentIndex = 0;
 151              		.loc 1 87 0
 152 0048 194A     		ldr	r2, .L13+4
 153 004a 4FF00003 		mov	r3, #0
 154 004e 4FF00004 		mov	r4, #0
 155 0052 C2E90034 		strd	r3, [r2]
 156 0056 15E0     		b	.L10
 157              	.L9:
  88:application\command/command.c ****         } 
  89:application\command/command.c ****         else {
  90:application\command/command.c ****             
  91:application\command/command.c ****             // Storing next character
  92:application\command/command.c ****             serialBuffer[currentIndex = (currentIndex + 1) % SERIAL_RX_BUFFER_SIZE] = nextChar;
 158              		.loc 1 92 0
 159 0058 154B     		ldr	r3, .L13+4
 160 005a 18CB     		ldmia	r3, {r3-r4}
 161 005c 0133     		adds	r3, r3, #1
 162 005e 44F10004 		adc	r4, r4, #0
 163 0062 4FF0FF01 		mov	r1, #255
 164 0066 4FF00002 		mov	r2, #0
 165 006a 03EA0103 		and	r3, r3, r1
 166 006e 04EA0204 		and	r4, r4, r2
 167 0072 0F4A     		ldr	r2, .L13+4
 168 0074 C2E90034 		strd	r3, [r2]
 169 0078 0D4B     		ldr	r3, .L13+4
 170 007a 18CB     		ldmia	r3, {r3-r4}
 171 007c 0D4A     		ldr	r2, .L13+8
 172 007e 1344     		add	r3, r3, r2
 173 0080 FA79     		ldrb	r2, [r7, #7]
 174 0082 1A70     		strb	r2, [r3]
 175              	.L10:
 176              	.LBE3:
  75:application\command/command.c ****         
 177              		.loc 1 75 0 discriminator 2
 178 0084 D7E90434 		ldrd	r3, [r7, #16]
 179 0088 0133     		adds	r3, r3, #1
 180 008a 44F10004 		adc	r4, r4, #0
 181 008e C7E90434 		strd	r3, [r7, #16]
 182              	.L8:
  75:application\command/command.c ****         
 183              		.loc 1 75 0 is_stmt 0 discriminator 1
 184 0092 D7E90412 		ldrd	r1, [r7, #16]
 185 0096 D7E90234 		ldrd	r3, [r7, #8]
 186 009a A242     		cmp	r2, r4
 187 009c 08BF     		it	eq
 188 009e 9942     		cmpeq	r1, r3
 189 00a0 C4D3     		bcc	.L11
 190 00a2 00E0     		b	.L5
 191              	.L12:
ARM GAS  C:\Users\GYULAI~1\AppData\Local\Temp\ccvgi7Xa.s 			page 6


 192              	.LBE2:
  60:application\command/command.c ****     
 193              		.loc 1 60 0 is_stmt 1
 194 00a4 00BF     		nop
 195              	.L5:
  93:application\command/command.c ****         }
  94:application\command/command.c ****     }
  95:application\command/command.c **** }
 196              		.loc 1 95 0
 197 00a6 1C37     		adds	r7, r7, #28
 198              		.cfi_def_cfa_offset 12
 199 00a8 BD46     		mov	sp, r7
 200              		.cfi_def_cfa_register 13
 201              		@ sp needed
 202 00aa 90BD     		pop	{r4, r7, pc}
 203              	.L14:
 204              		.align	2
 205              	.L13:
 206 00ac 00000000 		.word	serial_data_ready
 207 00b0 08000000 		.word	currentIndex.6032
 208 00b4 00000000 		.word	serialBuffer
 209              		.cfi_endproc
 210              	.LFE65:
 211              		.size	ProcessCommandLine, .-ProcessCommandLine
 212              		.section	.text.SERIAL_DATA_ARRIVED,"ax",%progbits
 213              		.align	2
 214              		.global	SERIAL_DATA_ARRIVED
 215              		.thumb
 216              		.thumb_func
 217              		.type	SERIAL_DATA_ARRIVED, %function
 218              	SERIAL_DATA_ARRIVED:
 219              	.LFB66:
  96:application\command/command.c **** 
  97:application\command/command.c **** CY_ISR_PROTO(SERIAL_DATA_ARRIVED) {
 220              		.loc 1 97 0
 221              		.cfi_startproc
 222              		@ args = 0, pretend = 0, frame = 0
 223              		@ frame_needed = 1, uses_anonymous_args = 0
 224              		@ link register save eliminated.
 225 0000 80B4     		push	{r7}
 226              		.cfi_def_cfa_offset 4
 227              		.cfi_offset 7, -4
 228 0002 00AF     		add	r7, sp, #0
 229              		.cfi_def_cfa_register 7
  98:application\command/command.c ****     serial_data_ready = 1;   
 230              		.loc 1 98 0
 231 0004 034B     		ldr	r3, .L16
 232 0006 0122     		movs	r2, #1
 233 0008 1A70     		strb	r2, [r3]
  99:application\command/command.c **** }
 234              		.loc 1 99 0
 235 000a 00BF     		nop
 236 000c BD46     		mov	sp, r7
 237              		.cfi_def_cfa_register 13
 238              		@ sp needed
 239 000e 80BC     		pop	{r7}
 240              		.cfi_restore 7
ARM GAS  C:\Users\GYULAI~1\AppData\Local\Temp\ccvgi7Xa.s 			page 7


 241              		.cfi_def_cfa_offset 0
 242 0010 7047     		bx	lr
 243              	.L17:
 244 0012 00BF     		.align	2
 245              	.L16:
 246 0014 00000000 		.word	serial_data_ready
 247              		.cfi_endproc
 248              	.LFE66:
 249              		.size	SERIAL_DATA_ARRIVED, .-SERIAL_DATA_ARRIVED
 250              		.bss
 251 0001 00000000 		.align	3
 251      000000
 252              	currentIndex.6032:
 253 0008 00000000 		.space	8
 253      00000000 
 254              		.align	3
 255              	currentReadIndex.6033:
 256 0010 00000000 		.space	8
 256      00000000 
 257              		.text
 258              	.Letext0:
 259              		.file 2 "e:\\cypress\\psoc creator\\4.2\\psoc creator\\import\\gnu\\arm\\5.4.1\\arm-none-eabi\\inc
 260              		.file 3 "e:\\cypress\\psoc creator\\4.2\\psoc creator\\import\\gnu\\arm\\5.4.1\\arm-none-eabi\\inc
 261              		.file 4 "Generated_Source\\PSoC5/core_cm3.h"
 262              		.section	.debug_info,"",%progbits
 263              	.Ldebug_info0:
 264 0000 E8010000 		.4byte	0x1e8
 265 0004 0400     		.2byte	0x4
 266 0006 00000000 		.4byte	.Ldebug_abbrev0
 267 000a 04       		.byte	0x4
 268 000b 01       		.uleb128 0x1
 269 000c 0A000000 		.4byte	.LASF33
 270 0010 0C       		.byte	0xc
 271 0011 DA000000 		.4byte	.LASF34
 272 0015 F8000000 		.4byte	.LASF35
 273 0019 00000000 		.4byte	.Ldebug_ranges0+0
 274 001d 00000000 		.4byte	0
 275 0021 00000000 		.4byte	.Ldebug_line0
 276 0025 02       		.uleb128 0x2
 277 0026 01       		.byte	0x1
 278 0027 06       		.byte	0x6
 279 0028 38020000 		.4byte	.LASF0
 280 002c 03       		.uleb128 0x3
 281 002d 00000000 		.4byte	.LASF4
 282 0031 02       		.byte	0x2
 283 0032 1D       		.byte	0x1d
 284 0033 37000000 		.4byte	0x37
 285 0037 02       		.uleb128 0x2
 286 0038 01       		.byte	0x1
 287 0039 08       		.byte	0x8
 288 003a 3A010000 		.4byte	.LASF1
 289 003e 02       		.uleb128 0x2
 290 003f 02       		.byte	0x2
 291 0040 05       		.byte	0x5
 292 0041 07020000 		.4byte	.LASF2
 293 0045 02       		.uleb128 0x2
 294 0046 02       		.byte	0x2
ARM GAS  C:\Users\GYULAI~1\AppData\Local\Temp\ccvgi7Xa.s 			page 8


 295 0047 07       		.byte	0x7
 296 0048 76010000 		.4byte	.LASF3
 297 004c 03       		.uleb128 0x3
 298 004d AA000000 		.4byte	.LASF5
 299 0051 02       		.byte	0x2
 300 0052 3F       		.byte	0x3f
 301 0053 57000000 		.4byte	0x57
 302 0057 02       		.uleb128 0x2
 303 0058 04       		.byte	0x4
 304 0059 05       		.byte	0x5
 305 005a 18020000 		.4byte	.LASF6
 306 005e 02       		.uleb128 0x2
 307 005f 04       		.byte	0x4
 308 0060 07       		.byte	0x7
 309 0061 64010000 		.4byte	.LASF7
 310 0065 02       		.uleb128 0x2
 311 0066 08       		.byte	0x8
 312 0067 05       		.byte	0x5
 313 0068 E7010000 		.4byte	.LASF8
 314 006c 03       		.uleb128 0x3
 315 006d 21020000 		.4byte	.LASF9
 316 0071 02       		.byte	0x2
 317 0072 5B       		.byte	0x5b
 318 0073 77000000 		.4byte	0x77
 319 0077 02       		.uleb128 0x2
 320 0078 08       		.byte	0x8
 321 0079 07       		.byte	0x7
 322 007a AA010000 		.4byte	.LASF10
 323 007e 04       		.uleb128 0x4
 324 007f 04       		.byte	0x4
 325 0080 05       		.byte	0x5
 326 0081 696E7400 		.ascii	"int\000"
 327 0085 02       		.uleb128 0x2
 328 0086 04       		.byte	0x4
 329 0087 07       		.byte	0x7
 330 0088 9D010000 		.4byte	.LASF11
 331 008c 03       		.uleb128 0x3
 332 008d C1010000 		.4byte	.LASF12
 333 0091 03       		.byte	0x3
 334 0092 18       		.byte	0x18
 335 0093 2C000000 		.4byte	0x2c
 336 0097 03       		.uleb128 0x3
 337 0098 D6010000 		.4byte	.LASF13
 338 009c 03       		.byte	0x3
 339 009d 2C       		.byte	0x2c
 340 009e 4C000000 		.4byte	0x4c
 341 00a2 03       		.uleb128 0x3
 342 00a3 D1000000 		.4byte	.LASF14
 343 00a7 03       		.byte	0x3
 344 00a8 3C       		.byte	0x3c
 345 00a9 6C000000 		.4byte	0x6c
 346 00ad 02       		.uleb128 0x2
 347 00ae 04       		.byte	0x4
 348 00af 04       		.byte	0x4
 349 00b0 34010000 		.4byte	.LASF15
 350 00b4 02       		.uleb128 0x2
 351 00b5 08       		.byte	0x8
ARM GAS  C:\Users\GYULAI~1\AppData\Local\Temp\ccvgi7Xa.s 			page 9


 352 00b6 04       		.byte	0x4
 353 00b7 96010000 		.4byte	.LASF16
 354 00bb 02       		.uleb128 0x2
 355 00bc 01       		.byte	0x1
 356 00bd 08       		.byte	0x8
 357 00be 02020000 		.4byte	.LASF17
 358 00c2 02       		.uleb128 0x2
 359 00c3 08       		.byte	0x8
 360 00c4 04       		.byte	0x4
 361 00c5 2C020000 		.4byte	.LASF18
 362 00c9 02       		.uleb128 0x2
 363 00ca 04       		.byte	0x4
 364 00cb 07       		.byte	0x7
 365 00cc DE010000 		.4byte	.LASF19
 366 00d0 05       		.uleb128 0x5
 367 00d1 04       		.byte	0x4
 368 00d2 D6000000 		.4byte	0xd6
 369 00d6 06       		.uleb128 0x6
 370 00d7 BB000000 		.4byte	0xbb
 371 00db 07       		.uleb128 0x7
 372 00dc 8C000000 		.4byte	0x8c
 373 00e0 08       		.uleb128 0x8
 374 00e1 48010000 		.4byte	.LASF28
 375 00e5 01       		.byte	0x1
 376 00e6 2F       		.byte	0x2f
 377 00e7 00000000 		.4byte	.LFB63
 378 00eb 14000000 		.4byte	.LFE63-.LFB63
 379 00ef 01       		.uleb128 0x1
 380 00f0 9C       		.byte	0x9c
 381 00f1 09       		.uleb128 0x9
 382 00f2 6F020000 		.4byte	.LASF22
 383 00f6 01       		.byte	0x1
 384 00f7 35       		.byte	0x35
 385 00f8 00000000 		.4byte	.LFB64
 386 00fc 16000000 		.4byte	.LFE64-.LFB64
 387 0100 01       		.uleb128 0x1
 388 0101 9C       		.byte	0x9c
 389 0102 23010000 		.4byte	0x123
 390 0106 0A       		.uleb128 0xa
 391 0107 11020000 		.4byte	.LASF20
 392 010b 01       		.byte	0x1
 393 010c 35       		.byte	0x35
 394 010d D0000000 		.4byte	0xd0
 395 0111 02       		.uleb128 0x2
 396 0112 91       		.byte	0x91
 397 0113 74       		.sleb128 -12
 398 0114 0A       		.uleb128 0xa
 399 0115 55020000 		.4byte	.LASF21
 400 0119 01       		.byte	0x1
 401 011a 35       		.byte	0x35
 402 011b A2000000 		.4byte	0xa2
 403 011f 02       		.uleb128 0x2
 404 0120 91       		.byte	0x91
 405 0121 68       		.sleb128 -24
 406 0122 00       		.byte	0
 407 0123 0B       		.uleb128 0xb
 408 0124 5C020000 		.4byte	.LASF23
ARM GAS  C:\Users\GYULAI~1\AppData\Local\Temp\ccvgi7Xa.s 			page 10


 409 0128 01       		.byte	0x1
 410 0129 39       		.byte	0x39
 411 012a 00000000 		.4byte	.LFB65
 412 012e B8000000 		.4byte	.LFE65-.LFB65
 413 0132 01       		.uleb128 0x1
 414 0133 9C       		.byte	0x9c
 415 0134 97010000 		.4byte	0x197
 416 0138 0C       		.uleb128 0xc
 417 0139 25010000 		.4byte	.LASF24
 418 013d 01       		.byte	0x1
 419 013e 42       		.byte	0x42
 420 013f A2000000 		.4byte	0xa2
 421 0143 02       		.uleb128 0x2
 422 0144 91       		.byte	0x91
 423 0145 60       		.sleb128 -32
 424 0146 0C       		.uleb128 0xc
 425 0147 C9010000 		.4byte	.LASF25
 426 014b 01       		.byte	0x1
 427 014c 45       		.byte	0x45
 428 014d A2000000 		.4byte	0xa2
 429 0151 05       		.uleb128 0x5
 430 0152 03       		.byte	0x3
 431 0153 08000000 		.4byte	currentIndex.6032
 432 0157 0C       		.uleb128 0xc
 433 0158 44020000 		.4byte	.LASF26
 434 015c 01       		.byte	0x1
 435 015d 48       		.byte	0x48
 436 015e A2000000 		.4byte	0xa2
 437 0162 05       		.uleb128 0x5
 438 0163 03       		.byte	0x3
 439 0164 10000000 		.4byte	currentReadIndex.6033
 440 0168 0D       		.uleb128 0xd
 441 0169 1E000000 		.4byte	.LBB2
 442 016d 86000000 		.4byte	.LBE2-.LBB2
 443 0171 0E       		.uleb128 0xe
 444 0172 6900     		.ascii	"i\000"
 445 0174 01       		.byte	0x1
 446 0175 4B       		.byte	0x4b
 447 0176 A2000000 		.4byte	0xa2
 448 017a 02       		.uleb128 0x2
 449 017b 91       		.byte	0x91
 450 017c 68       		.sleb128 -24
 451 017d 0D       		.uleb128 0xd
 452 017e 2C000000 		.4byte	.LBB3
 453 0182 58000000 		.4byte	.LBE3-.LBB3
 454 0186 0C       		.uleb128 0xc
 455 0187 B4000000 		.4byte	.LASF27
 456 018b 01       		.byte	0x1
 457 018c 4E       		.byte	0x4e
 458 018d 8C000000 		.4byte	0x8c
 459 0191 02       		.uleb128 0x2
 460 0192 91       		.byte	0x91
 461 0193 5F       		.sleb128 -33
 462 0194 00       		.byte	0
 463 0195 00       		.byte	0
 464 0196 00       		.byte	0
 465 0197 0F       		.uleb128 0xf
ARM GAS  C:\Users\GYULAI~1\AppData\Local\Temp\ccvgi7Xa.s 			page 11


 466 0198 BD000000 		.4byte	.LASF29
 467 019c 01       		.byte	0x1
 468 019d 61       		.byte	0x61
 469 019e 00000000 		.4byte	.LFB66
 470 01a2 18000000 		.4byte	.LFE66-.LFB66
 471 01a6 01       		.uleb128 0x1
 472 01a7 9C       		.byte	0x9c
 473 01a8 10       		.uleb128 0x10
 474 01a9 89010000 		.4byte	.LASF30
 475 01ad 04       		.byte	0x4
 476 01ae 1207     		.2byte	0x712
 477 01b0 B4010000 		.4byte	0x1b4
 478 01b4 07       		.uleb128 0x7
 479 01b5 97000000 		.4byte	0x97
 480 01b9 11       		.uleb128 0x11
 481 01ba 98000000 		.4byte	.LASF31
 482 01be 01       		.byte	0x1
 483 01bf 2A       		.byte	0x2a
 484 01c0 DB000000 		.4byte	0xdb
 485 01c4 05       		.uleb128 0x5
 486 01c5 03       		.byte	0x3
 487 01c6 00000000 		.4byte	serial_data_ready
 488 01ca 12       		.uleb128 0x12
 489 01cb 8C000000 		.4byte	0x8c
 490 01cf DA010000 		.4byte	0x1da
 491 01d3 13       		.uleb128 0x13
 492 01d4 C9000000 		.4byte	0xc9
 493 01d8 FF       		.byte	0xff
 494 01d9 00       		.byte	0
 495 01da 11       		.uleb128 0x11
 496 01db F5010000 		.4byte	.LASF32
 497 01df 01       		.byte	0x1
 498 01e0 2D       		.byte	0x2d
 499 01e1 CA010000 		.4byte	0x1ca
 500 01e5 05       		.uleb128 0x5
 501 01e6 03       		.byte	0x3
 502 01e7 00000000 		.4byte	serialBuffer
 503 01eb 00       		.byte	0
 504              		.section	.debug_abbrev,"",%progbits
 505              	.Ldebug_abbrev0:
 506 0000 01       		.uleb128 0x1
 507 0001 11       		.uleb128 0x11
 508 0002 01       		.byte	0x1
 509 0003 25       		.uleb128 0x25
 510 0004 0E       		.uleb128 0xe
 511 0005 13       		.uleb128 0x13
 512 0006 0B       		.uleb128 0xb
 513 0007 03       		.uleb128 0x3
 514 0008 0E       		.uleb128 0xe
 515 0009 1B       		.uleb128 0x1b
 516 000a 0E       		.uleb128 0xe
 517 000b 55       		.uleb128 0x55
 518 000c 17       		.uleb128 0x17
 519 000d 11       		.uleb128 0x11
 520 000e 01       		.uleb128 0x1
 521 000f 10       		.uleb128 0x10
 522 0010 17       		.uleb128 0x17
ARM GAS  C:\Users\GYULAI~1\AppData\Local\Temp\ccvgi7Xa.s 			page 12


 523 0011 00       		.byte	0
 524 0012 00       		.byte	0
 525 0013 02       		.uleb128 0x2
 526 0014 24       		.uleb128 0x24
 527 0015 00       		.byte	0
 528 0016 0B       		.uleb128 0xb
 529 0017 0B       		.uleb128 0xb
 530 0018 3E       		.uleb128 0x3e
 531 0019 0B       		.uleb128 0xb
 532 001a 03       		.uleb128 0x3
 533 001b 0E       		.uleb128 0xe
 534 001c 00       		.byte	0
 535 001d 00       		.byte	0
 536 001e 03       		.uleb128 0x3
 537 001f 16       		.uleb128 0x16
 538 0020 00       		.byte	0
 539 0021 03       		.uleb128 0x3
 540 0022 0E       		.uleb128 0xe
 541 0023 3A       		.uleb128 0x3a
 542 0024 0B       		.uleb128 0xb
 543 0025 3B       		.uleb128 0x3b
 544 0026 0B       		.uleb128 0xb
 545 0027 49       		.uleb128 0x49
 546 0028 13       		.uleb128 0x13
 547 0029 00       		.byte	0
 548 002a 00       		.byte	0
 549 002b 04       		.uleb128 0x4
 550 002c 24       		.uleb128 0x24
 551 002d 00       		.byte	0
 552 002e 0B       		.uleb128 0xb
 553 002f 0B       		.uleb128 0xb
 554 0030 3E       		.uleb128 0x3e
 555 0031 0B       		.uleb128 0xb
 556 0032 03       		.uleb128 0x3
 557 0033 08       		.uleb128 0x8
 558 0034 00       		.byte	0
 559 0035 00       		.byte	0
 560 0036 05       		.uleb128 0x5
 561 0037 0F       		.uleb128 0xf
 562 0038 00       		.byte	0
 563 0039 0B       		.uleb128 0xb
 564 003a 0B       		.uleb128 0xb
 565 003b 49       		.uleb128 0x49
 566 003c 13       		.uleb128 0x13
 567 003d 00       		.byte	0
 568 003e 00       		.byte	0
 569 003f 06       		.uleb128 0x6
 570 0040 26       		.uleb128 0x26
 571 0041 00       		.byte	0
 572 0042 49       		.uleb128 0x49
 573 0043 13       		.uleb128 0x13
 574 0044 00       		.byte	0
 575 0045 00       		.byte	0
 576 0046 07       		.uleb128 0x7
 577 0047 35       		.uleb128 0x35
 578 0048 00       		.byte	0
 579 0049 49       		.uleb128 0x49
ARM GAS  C:\Users\GYULAI~1\AppData\Local\Temp\ccvgi7Xa.s 			page 13


 580 004a 13       		.uleb128 0x13
 581 004b 00       		.byte	0
 582 004c 00       		.byte	0
 583 004d 08       		.uleb128 0x8
 584 004e 2E       		.uleb128 0x2e
 585 004f 00       		.byte	0
 586 0050 3F       		.uleb128 0x3f
 587 0051 19       		.uleb128 0x19
 588 0052 03       		.uleb128 0x3
 589 0053 0E       		.uleb128 0xe
 590 0054 3A       		.uleb128 0x3a
 591 0055 0B       		.uleb128 0xb
 592 0056 3B       		.uleb128 0x3b
 593 0057 0B       		.uleb128 0xb
 594 0058 27       		.uleb128 0x27
 595 0059 19       		.uleb128 0x19
 596 005a 11       		.uleb128 0x11
 597 005b 01       		.uleb128 0x1
 598 005c 12       		.uleb128 0x12
 599 005d 06       		.uleb128 0x6
 600 005e 40       		.uleb128 0x40
 601 005f 18       		.uleb128 0x18
 602 0060 9642     		.uleb128 0x2116
 603 0062 19       		.uleb128 0x19
 604 0063 00       		.byte	0
 605 0064 00       		.byte	0
 606 0065 09       		.uleb128 0x9
 607 0066 2E       		.uleb128 0x2e
 608 0067 01       		.byte	0x1
 609 0068 3F       		.uleb128 0x3f
 610 0069 19       		.uleb128 0x19
 611 006a 03       		.uleb128 0x3
 612 006b 0E       		.uleb128 0xe
 613 006c 3A       		.uleb128 0x3a
 614 006d 0B       		.uleb128 0xb
 615 006e 3B       		.uleb128 0x3b
 616 006f 0B       		.uleb128 0xb
 617 0070 27       		.uleb128 0x27
 618 0071 19       		.uleb128 0x19
 619 0072 11       		.uleb128 0x11
 620 0073 01       		.uleb128 0x1
 621 0074 12       		.uleb128 0x12
 622 0075 06       		.uleb128 0x6
 623 0076 40       		.uleb128 0x40
 624 0077 18       		.uleb128 0x18
 625 0078 9742     		.uleb128 0x2117
 626 007a 19       		.uleb128 0x19
 627 007b 01       		.uleb128 0x1
 628 007c 13       		.uleb128 0x13
 629 007d 00       		.byte	0
 630 007e 00       		.byte	0
 631 007f 0A       		.uleb128 0xa
 632 0080 05       		.uleb128 0x5
 633 0081 00       		.byte	0
 634 0082 03       		.uleb128 0x3
 635 0083 0E       		.uleb128 0xe
 636 0084 3A       		.uleb128 0x3a
ARM GAS  C:\Users\GYULAI~1\AppData\Local\Temp\ccvgi7Xa.s 			page 14


 637 0085 0B       		.uleb128 0xb
 638 0086 3B       		.uleb128 0x3b
 639 0087 0B       		.uleb128 0xb
 640 0088 49       		.uleb128 0x49
 641 0089 13       		.uleb128 0x13
 642 008a 02       		.uleb128 0x2
 643 008b 18       		.uleb128 0x18
 644 008c 00       		.byte	0
 645 008d 00       		.byte	0
 646 008e 0B       		.uleb128 0xb
 647 008f 2E       		.uleb128 0x2e
 648 0090 01       		.byte	0x1
 649 0091 3F       		.uleb128 0x3f
 650 0092 19       		.uleb128 0x19
 651 0093 03       		.uleb128 0x3
 652 0094 0E       		.uleb128 0xe
 653 0095 3A       		.uleb128 0x3a
 654 0096 0B       		.uleb128 0xb
 655 0097 3B       		.uleb128 0x3b
 656 0098 0B       		.uleb128 0xb
 657 0099 27       		.uleb128 0x27
 658 009a 19       		.uleb128 0x19
 659 009b 11       		.uleb128 0x11
 660 009c 01       		.uleb128 0x1
 661 009d 12       		.uleb128 0x12
 662 009e 06       		.uleb128 0x6
 663 009f 40       		.uleb128 0x40
 664 00a0 18       		.uleb128 0x18
 665 00a1 9642     		.uleb128 0x2116
 666 00a3 19       		.uleb128 0x19
 667 00a4 01       		.uleb128 0x1
 668 00a5 13       		.uleb128 0x13
 669 00a6 00       		.byte	0
 670 00a7 00       		.byte	0
 671 00a8 0C       		.uleb128 0xc
 672 00a9 34       		.uleb128 0x34
 673 00aa 00       		.byte	0
 674 00ab 03       		.uleb128 0x3
 675 00ac 0E       		.uleb128 0xe
 676 00ad 3A       		.uleb128 0x3a
 677 00ae 0B       		.uleb128 0xb
 678 00af 3B       		.uleb128 0x3b
 679 00b0 0B       		.uleb128 0xb
 680 00b1 49       		.uleb128 0x49
 681 00b2 13       		.uleb128 0x13
 682 00b3 02       		.uleb128 0x2
 683 00b4 18       		.uleb128 0x18
 684 00b5 00       		.byte	0
 685 00b6 00       		.byte	0
 686 00b7 0D       		.uleb128 0xd
 687 00b8 0B       		.uleb128 0xb
 688 00b9 01       		.byte	0x1
 689 00ba 11       		.uleb128 0x11
 690 00bb 01       		.uleb128 0x1
 691 00bc 12       		.uleb128 0x12
 692 00bd 06       		.uleb128 0x6
 693 00be 00       		.byte	0
ARM GAS  C:\Users\GYULAI~1\AppData\Local\Temp\ccvgi7Xa.s 			page 15


 694 00bf 00       		.byte	0
 695 00c0 0E       		.uleb128 0xe
 696 00c1 34       		.uleb128 0x34
 697 00c2 00       		.byte	0
 698 00c3 03       		.uleb128 0x3
 699 00c4 08       		.uleb128 0x8
 700 00c5 3A       		.uleb128 0x3a
 701 00c6 0B       		.uleb128 0xb
 702 00c7 3B       		.uleb128 0x3b
 703 00c8 0B       		.uleb128 0xb
 704 00c9 49       		.uleb128 0x49
 705 00ca 13       		.uleb128 0x13
 706 00cb 02       		.uleb128 0x2
 707 00cc 18       		.uleb128 0x18
 708 00cd 00       		.byte	0
 709 00ce 00       		.byte	0
 710 00cf 0F       		.uleb128 0xf
 711 00d0 2E       		.uleb128 0x2e
 712 00d1 00       		.byte	0
 713 00d2 3F       		.uleb128 0x3f
 714 00d3 19       		.uleb128 0x19
 715 00d4 03       		.uleb128 0x3
 716 00d5 0E       		.uleb128 0xe
 717 00d6 3A       		.uleb128 0x3a
 718 00d7 0B       		.uleb128 0xb
 719 00d8 3B       		.uleb128 0x3b
 720 00d9 0B       		.uleb128 0xb
 721 00da 27       		.uleb128 0x27
 722 00db 19       		.uleb128 0x19
 723 00dc 11       		.uleb128 0x11
 724 00dd 01       		.uleb128 0x1
 725 00de 12       		.uleb128 0x12
 726 00df 06       		.uleb128 0x6
 727 00e0 40       		.uleb128 0x40
 728 00e1 18       		.uleb128 0x18
 729 00e2 9742     		.uleb128 0x2117
 730 00e4 19       		.uleb128 0x19
 731 00e5 00       		.byte	0
 732 00e6 00       		.byte	0
 733 00e7 10       		.uleb128 0x10
 734 00e8 34       		.uleb128 0x34
 735 00e9 00       		.byte	0
 736 00ea 03       		.uleb128 0x3
 737 00eb 0E       		.uleb128 0xe
 738 00ec 3A       		.uleb128 0x3a
 739 00ed 0B       		.uleb128 0xb
 740 00ee 3B       		.uleb128 0x3b
 741 00ef 05       		.uleb128 0x5
 742 00f0 49       		.uleb128 0x49
 743 00f1 13       		.uleb128 0x13
 744 00f2 3F       		.uleb128 0x3f
 745 00f3 19       		.uleb128 0x19
 746 00f4 3C       		.uleb128 0x3c
 747 00f5 19       		.uleb128 0x19
 748 00f6 00       		.byte	0
 749 00f7 00       		.byte	0
 750 00f8 11       		.uleb128 0x11
ARM GAS  C:\Users\GYULAI~1\AppData\Local\Temp\ccvgi7Xa.s 			page 16


 751 00f9 34       		.uleb128 0x34
 752 00fa 00       		.byte	0
 753 00fb 03       		.uleb128 0x3
 754 00fc 0E       		.uleb128 0xe
 755 00fd 3A       		.uleb128 0x3a
 756 00fe 0B       		.uleb128 0xb
 757 00ff 3B       		.uleb128 0x3b
 758 0100 0B       		.uleb128 0xb
 759 0101 49       		.uleb128 0x49
 760 0102 13       		.uleb128 0x13
 761 0103 3F       		.uleb128 0x3f
 762 0104 19       		.uleb128 0x19
 763 0105 02       		.uleb128 0x2
 764 0106 18       		.uleb128 0x18
 765 0107 00       		.byte	0
 766 0108 00       		.byte	0
 767 0109 12       		.uleb128 0x12
 768 010a 01       		.uleb128 0x1
 769 010b 01       		.byte	0x1
 770 010c 49       		.uleb128 0x49
 771 010d 13       		.uleb128 0x13
 772 010e 01       		.uleb128 0x1
 773 010f 13       		.uleb128 0x13
 774 0110 00       		.byte	0
 775 0111 00       		.byte	0
 776 0112 13       		.uleb128 0x13
 777 0113 21       		.uleb128 0x21
 778 0114 00       		.byte	0
 779 0115 49       		.uleb128 0x49
 780 0116 13       		.uleb128 0x13
 781 0117 2F       		.uleb128 0x2f
 782 0118 0B       		.uleb128 0xb
 783 0119 00       		.byte	0
 784 011a 00       		.byte	0
 785 011b 00       		.byte	0
 786              		.section	.debug_aranges,"",%progbits
 787 0000 34000000 		.4byte	0x34
 788 0004 0200     		.2byte	0x2
 789 0006 00000000 		.4byte	.Ldebug_info0
 790 000a 04       		.byte	0x4
 791 000b 00       		.byte	0
 792 000c 0000     		.2byte	0
 793 000e 0000     		.2byte	0
 794 0010 00000000 		.4byte	.LFB63
 795 0014 14000000 		.4byte	.LFE63-.LFB63
 796 0018 00000000 		.4byte	.LFB64
 797 001c 16000000 		.4byte	.LFE64-.LFB64
 798 0020 00000000 		.4byte	.LFB65
 799 0024 B8000000 		.4byte	.LFE65-.LFB65
 800 0028 00000000 		.4byte	.LFB66
 801 002c 18000000 		.4byte	.LFE66-.LFB66
 802 0030 00000000 		.4byte	0
 803 0034 00000000 		.4byte	0
 804              		.section	.debug_ranges,"",%progbits
 805              	.Ldebug_ranges0:
 806 0000 00000000 		.4byte	.LFB63
 807 0004 14000000 		.4byte	.LFE63
ARM GAS  C:\Users\GYULAI~1\AppData\Local\Temp\ccvgi7Xa.s 			page 17


 808 0008 00000000 		.4byte	.LFB64
 809 000c 16000000 		.4byte	.LFE64
 810 0010 00000000 		.4byte	.LFB65
 811 0014 B8000000 		.4byte	.LFE65
 812 0018 00000000 		.4byte	.LFB66
 813 001c 18000000 		.4byte	.LFE66
 814 0020 00000000 		.4byte	0
 815 0024 00000000 		.4byte	0
 816              		.section	.debug_line,"",%progbits
 817              	.Ldebug_line0:
 818 0000 96010000 		.section	.debug_str,"MS",%progbits,1
 818      02002E01 
 818      00000201 
 818      FB0E0D00 
 818      01010101 
 819              	.LASF4:
 820 0000 5F5F7569 		.ascii	"__uint8_t\000"
 820      6E74385F 
 820      7400
 821              	.LASF33:
 822 000a 474E5520 		.ascii	"GNU C11 5.4.1 20160609 (release) [ARM/embedded-5-br"
 822      43313120 
 822      352E342E 
 822      31203230 
 822      31363036 
 823 003d 616E6368 		.ascii	"anch revision 237715] -mcpu=cortex-m3 -mthumb -g -O"
 823      20726576 
 823      6973696F 
 823      6E203233 
 823      37373135 
 824 0070 30202D66 		.ascii	"0 -ffunction-sections -ffat-lto-objects\000"
 824      66756E63 
 824      74696F6E 
 824      2D736563 
 824      74696F6E 
 825              	.LASF31:
 826 0098 73657269 		.ascii	"serial_data_ready\000"
 826      616C5F64 
 826      6174615F 
 826      72656164 
 826      7900
 827              	.LASF5:
 828 00aa 5F5F696E 		.ascii	"__int32_t\000"
 828      7433325F 
 828      7400
 829              	.LASF27:
 830 00b4 6E657874 		.ascii	"nextChar\000"
 830      43686172 
 830      00
 831              	.LASF29:
 832 00bd 53455249 		.ascii	"SERIAL_DATA_ARRIVED\000"
 832      414C5F44 
 832      4154415F 
 832      41525249 
 832      56454400 
 833              	.LASF14:
 834 00d1 75696E74 		.ascii	"uint64_t\000"
ARM GAS  C:\Users\GYULAI~1\AppData\Local\Temp\ccvgi7Xa.s 			page 18


 834      36345F74 
 834      00
 835              	.LASF34:
 836 00da 6170706C 		.ascii	"application\\command\\command.c\000"
 836      69636174 
 836      696F6E5C 
 836      636F6D6D 
 836      616E645C 
 837              	.LASF35:
 838 00f8 453A5C43 		.ascii	"E:\\Cypress\\Projects\\RheaWorkspace\\Rhea.cydsn\000"
 838      79707265 
 838      73735C50 
 838      726F6A65 
 838      6374735C 
 839              	.LASF24:
 840 0125 62797465 		.ascii	"bytesAvailable\000"
 840      73417661 
 840      696C6162 
 840      6C6500
 841              	.LASF15:
 842 0134 666C6F61 		.ascii	"float\000"
 842      7400
 843              	.LASF1:
 844 013a 756E7369 		.ascii	"unsigned char\000"
 844      676E6564 
 844      20636861 
 844      7200
 845              	.LASF28:
 846 0148 496E6974 		.ascii	"InitializeSerialCommandLine\000"
 846      69616C69 
 846      7A655365 
 846      7269616C 
 846      436F6D6D 
 847              	.LASF7:
 848 0164 6C6F6E67 		.ascii	"long unsigned int\000"
 848      20756E73 
 848      69676E65 
 848      6420696E 
 848      7400
 849              	.LASF3:
 850 0176 73686F72 		.ascii	"short unsigned int\000"
 850      7420756E 
 850      7369676E 
 850      65642069 
 850      6E7400
 851              	.LASF30:
 852 0189 49544D5F 		.ascii	"ITM_RxBuffer\000"
 852      52784275 
 852      66666572 
 852      00
 853              	.LASF16:
 854 0196 646F7562 		.ascii	"double\000"
 854      6C6500
 855              	.LASF11:
 856 019d 756E7369 		.ascii	"unsigned int\000"
 856      676E6564 
 856      20696E74 
ARM GAS  C:\Users\GYULAI~1\AppData\Local\Temp\ccvgi7Xa.s 			page 19


 856      00
 857              	.LASF10:
 858 01aa 6C6F6E67 		.ascii	"long long unsigned int\000"
 858      206C6F6E 
 858      6720756E 
 858      7369676E 
 858      65642069 
 859              	.LASF12:
 860 01c1 75696E74 		.ascii	"uint8_t\000"
 860      385F7400 
 861              	.LASF25:
 862 01c9 63757272 		.ascii	"currentIndex\000"
 862      656E7449 
 862      6E646578 
 862      00
 863              	.LASF13:
 864 01d6 696E7433 		.ascii	"int32_t\000"
 864      325F7400 
 865              	.LASF19:
 866 01de 73697A65 		.ascii	"sizetype\000"
 866      74797065 
 866      00
 867              	.LASF8:
 868 01e7 6C6F6E67 		.ascii	"long long int\000"
 868      206C6F6E 
 868      6720696E 
 868      7400
 869              	.LASF32:
 870 01f5 73657269 		.ascii	"serialBuffer\000"
 870      616C4275 
 870      66666572 
 870      00
 871              	.LASF17:
 872 0202 63686172 		.ascii	"char\000"
 872      00
 873              	.LASF2:
 874 0207 73686F72 		.ascii	"short int\000"
 874      7420696E 
 874      7400
 875              	.LASF20:
 876 0211 62756666 		.ascii	"buffer\000"
 876      657200
 877              	.LASF6:
 878 0218 6C6F6E67 		.ascii	"long int\000"
 878      20696E74 
 878      00
 879              	.LASF9:
 880 0221 5F5F7569 		.ascii	"__uint64_t\000"
 880      6E743634 
 880      5F7400
 881              	.LASF18:
 882 022c 6C6F6E67 		.ascii	"long double\000"
 882      20646F75 
 882      626C6500 
 883              	.LASF0:
 884 0238 7369676E 		.ascii	"signed char\000"
 884      65642063 
ARM GAS  C:\Users\GYULAI~1\AppData\Local\Temp\ccvgi7Xa.s 			page 20


 884      68617200 
 885              	.LASF26:
 886 0244 63757272 		.ascii	"currentReadIndex\000"
 886      656E7452 
 886      65616449 
 886      6E646578 
 886      00
 887              	.LASF21:
 888 0255 6C656E67 		.ascii	"length\000"
 888      746800
 889              	.LASF23:
 890 025c 50726F63 		.ascii	"ProcessCommandLine\000"
 890      65737343 
 890      6F6D6D61 
 890      6E644C69 
 890      6E6500
 891              	.LASF22:
 892 026f 70726F63 		.ascii	"processCommand\000"
 892      65737343 
 892      6F6D6D61 
 892      6E6400
 893              		.ident	"GCC: (GNU Tools for ARM Embedded Processors) 5.4.1 20160609 (release) [ARM/embedded-5-bran
