ARM GAS  C:\Users\GYULAI~1\AppData\Local\Temp\ccBDnooJ.s 			page 1


   1              		.syntax unified
   2              		.cpu cortex-m3
   3              		.fpu softvfp
   4              		.eabi_attribute 20, 1
   5              		.eabi_attribute 21, 1
   6              		.eabi_attribute 23, 3
   7              		.eabi_attribute 24, 1
   8              		.eabi_attribute 25, 1
   9              		.eabi_attribute 26, 1
  10              		.eabi_attribute 30, 6
  11              		.eabi_attribute 34, 1
  12              		.eabi_attribute 18, 4
  13              		.thumb
  14              		.syntax unified
  15              		.file	"cymetadata.c"
  16              		.text
  17              	.Ltext0:
  18              		.cfi_sections	.debug_frame
  19              		.global	cy_meta_configecc
  20              		.section	.cyconfigecc,"a",%progbits
  21              		.align	2
  22              		.type	cy_meta_configecc, %object
  23              		.size	cy_meta_configecc, 1452
  24              	cy_meta_configecc:
  25 0000 01       		.byte	1
  26 0001 45       		.byte	69
  27 0002 00       		.byte	0
  28 0003 40       		.byte	64
  29 0004 02       		.byte	2
  30 0005 4F       		.byte	79
  31 0006 00       		.byte	0
  32 0007 40       		.byte	64
  33 0008 02       		.byte	2
  34 0009 52       		.byte	82
  35 000a 00       		.byte	0
  36 000b 40       		.byte	64
  37 000c 01       		.byte	1
  38 000d 64       		.byte	100
  39 000e 00       		.byte	0
  40 000f 40       		.byte	64
  41 0010 01       		.byte	1
  42 0011 65       		.byte	101
  43 0012 00       		.byte	0
  44 0013 40       		.byte	64
  45 0014 01       		.byte	1
  46 0015 03       		.byte	3
  47 0016 01       		.byte	1
  48 0017 40       		.byte	64
  49 0018 01       		.byte	1
  50 0019 07       		.byte	7
  51 001a 01       		.byte	1
  52 001b 40       		.byte	64
  53 001c 08       		.byte	8
  54 001d 08       		.byte	8
  55 001e 01       		.byte	1
  56 001f 40       		.byte	64
  57 0020 44       		.byte	68
ARM GAS  C:\Users\GYULAI~1\AppData\Local\Temp\ccBDnooJ.s 			page 2


  58 0021 09       		.byte	9
  59 0022 01       		.byte	1
  60 0023 40       		.byte	64
  61 0024 44       		.byte	68
  62 0025 0A       		.byte	10
  63 0026 01       		.byte	1
  64 0027 40       		.byte	64
  65 0028 2C       		.byte	44
  66 0029 0B       		.byte	11
  67 002a 01       		.byte	1
  68 002b 40       		.byte	64
  69 002c 04       		.byte	4
  70 002d 0C       		.byte	12
  71 002e 01       		.byte	1
  72 002f 40       		.byte	64
  73 0030 03       		.byte	3
  74 0031 0D       		.byte	13
  75 0032 01       		.byte	1
  76 0033 40       		.byte	64
  77 0034 04       		.byte	4
  78 0035 15       		.byte	21
  79 0036 01       		.byte	1
  80 0037 40       		.byte	64
  81 0038 03       		.byte	3
  82 0039 17       		.byte	23
  83 003a 01       		.byte	1
  84 003b 40       		.byte	64
  85 003c 49       		.byte	73
  86 003d 18       		.byte	24
  87 003e 01       		.byte	1
  88 003f 40       		.byte	64
  89 0040 48       		.byte	72
  90 0041 19       		.byte	25
  91 0042 01       		.byte	1
  92 0043 40       		.byte	64
  93 0044 3F       		.byte	63
  94 0045 1A       		.byte	26
  95 0046 01       		.byte	1
  96 0047 40       		.byte	64
  97 0048 45       		.byte	69
  98 0049 1B       		.byte	27
  99 004a 01       		.byte	1
 100 004b 40       		.byte	64
 101 004c 07       		.byte	7
 102 004d 40       		.byte	64
 103 004e 01       		.byte	1
 104 004f 40       		.byte	64
 105 0050 06       		.byte	6
 106 0051 41       		.byte	65
 107 0052 01       		.byte	1
 108 0053 40       		.byte	64
 109 0054 0A       		.byte	10
 110 0055 42       		.byte	66
 111 0056 01       		.byte	1
 112 0057 40       		.byte	64
 113 0058 05       		.byte	5
 114 0059 43       		.byte	67
ARM GAS  C:\Users\GYULAI~1\AppData\Local\Temp\ccBDnooJ.s 			page 3


 115 005a 01       		.byte	1
 116 005b 40       		.byte	64
 117 005c 02       		.byte	2
 118 005d 44       		.byte	68
 119 005e 01       		.byte	1
 120 005f 40       		.byte	64
 121 0060 01       		.byte	1
 122 0061 45       		.byte	69
 123 0062 01       		.byte	1
 124 0063 40       		.byte	64
 125 0064 01       		.byte	1
 126 0065 46       		.byte	70
 127 0066 01       		.byte	1
 128 0067 40       		.byte	64
 129 0068 02       		.byte	2
 130 0069 47       		.byte	71
 131 006a 01       		.byte	1
 132 006b 40       		.byte	64
 133 006c 09       		.byte	9
 134 006d 48       		.byte	72
 135 006e 01       		.byte	1
 136 006f 40       		.byte	64
 137 0070 14       		.byte	20
 138 0071 49       		.byte	73
 139 0072 01       		.byte	1
 140 0073 40       		.byte	64
 141 0074 0F       		.byte	15
 142 0075 4C       		.byte	76
 143 0076 01       		.byte	1
 144 0077 40       		.byte	64
 145 0078 0D       		.byte	13
 146 0079 4D       		.byte	77
 147 007a 01       		.byte	1
 148 007b 40       		.byte	64
 149 007c 04       		.byte	4
 150 007d 50       		.byte	80
 151 007e 01       		.byte	1
 152 007f 40       		.byte	64
 153 0080 03       		.byte	3
 154 0081 51       		.byte	81
 155 0082 01       		.byte	1
 156 0083 40       		.byte	64
 157 0084 62       		.byte	98
 158 0085 01       		.byte	1
 159 0086 01       		.byte	1
 160 0087 80       		.byte	-128
 161 0088 0A       		.byte	10
 162 0089 4B       		.byte	75
 163 008a 60       		.byte	96
 164 008b 82       		.byte	-126
 165 008c 64       		.byte	100
 166 008d 03       		.byte	3
 167 008e 88       		.byte	-120
 168 008f 72       		.byte	114
 169 0090 8B       		.byte	-117
 170 0091 3B       		.byte	59
 171 0092 E6       		.byte	-26
ARM GAS  C:\Users\GYULAI~1\AppData\Local\Temp\ccBDnooJ.s 			page 4


 172 0093 40       		.byte	64
 173 0094 EE       		.byte	-18
 174 0095 01       		.byte	1
 175 0096 88       		.byte	-120
 176 0097 01       		.byte	1
 177 0098 9A       		.byte	-102
 178 0099 01       		.byte	1
 179 009a B2       		.byte	-78
 180 009b 01       		.byte	1
 181 009c D2       		.byte	-46
 182 009d 03       		.byte	3
 183 009e D8       		.byte	-40
 184 009f 04       		.byte	4
 185 00a0 DB       		.byte	-37
 186 00a1 04       		.byte	4
 187 00a2 DC       		.byte	-36
 188 00a3 01       		.byte	1
 189 00a4 DF       		.byte	-33
 190 00a5 01       		.byte	1
 191 00a6 00       		.byte	0
 192 00a7 10       		.byte	16
 193 00a8 04       		.byte	4
 194 00a9 08       		.byte	8
 195 00aa 05       		.byte	5
 196 00ab 10       		.byte	16
 197 00ac 07       		.byte	7
 198 00ad 40       		.byte	64
 199 00ae 0A       		.byte	10
 200 00af 08       		.byte	8
 201 00b0 0C       		.byte	12
 202 00b1 06       		.byte	6
 203 00b2 0E       		.byte	14
 204 00b3 04       		.byte	4
 205 00b4 0F       		.byte	15
 206 00b5 01       		.byte	1
 207 00b6 15       		.byte	21
 208 00b7 90       		.byte	-112
 209 00b8 17       		.byte	23
 210 00b9 05       		.byte	5
 211 00ba 18       		.byte	24
 212 00bb 20       		.byte	32
 213 00bc 1D       		.byte	29
 214 00bd 0B       		.byte	11
 215 00be 24       		.byte	36
 216 00bf 40       		.byte	64
 217 00c0 27       		.byte	39
 218 00c1 02       		.byte	2
 219 00c2 2C       		.byte	44
 220 00c3 03       		.byte	3
 221 00c4 2D       		.byte	45
 222 00c5 02       		.byte	2
 223 00c6 2F       		.byte	47
 224 00c7 08       		.byte	8
 225 00c8 34       		.byte	52
 226 00c9 14       		.byte	20
 227 00ca 35       		.byte	53
 228 00cb 01       		.byte	1
ARM GAS  C:\Users\GYULAI~1\AppData\Local\Temp\ccBDnooJ.s 			page 5


 229 00cc 36       		.byte	54
 230 00cd 24       		.byte	36
 231 00ce 3D       		.byte	61
 232 00cf A0       		.byte	-96
 233 00d0 3E       		.byte	62
 234 00d1 04       		.byte	4
 235 00d2 3F       		.byte	63
 236 00d3 01       		.byte	1
 237 00d4 45       		.byte	69
 238 00d5 A8       		.byte	-88
 239 00d6 47       		.byte	71
 240 00d7 02       		.byte	2
 241 00d8 4C       		.byte	76
 242 00d9 40       		.byte	64
 243 00da 4D       		.byte	77
 244 00db 02       		.byte	2
 245 00dc 4E       		.byte	78
 246 00dd 08       		.byte	8
 247 00de 4F       		.byte	79
 248 00df 08       		.byte	8
 249 00e0 56       		.byte	86
 250 00e1 01       		.byte	1
 251 00e2 57       		.byte	87
 252 00e3 60       		.byte	96
 253 00e4 5F       		.byte	95
 254 00e5 08       		.byte	8
 255 00e6 68       		.byte	104
 256 00e7 0A       		.byte	10
 257 00e8 69       		.byte	105
 258 00e9 20       		.byte	32
 259 00ea 6D       		.byte	109
 260 00eb 91       		.byte	-111
 261 00ec 6E       		.byte	110
 262 00ed 04       		.byte	4
 263 00ee 6F       		.byte	111
 264 00ef 09       		.byte	9
 265 00f0 74       		.byte	116
 266 00f1 64       		.byte	100
 267 00f2 76       		.byte	118
 268 00f3 12       		.byte	18
 269 00f4 77       		.byte	119
 270 00f5 20       		.byte	32
 271 00f6 90       		.byte	-112
 272 00f7 10       		.byte	16
 273 00f8 93       		.byte	-109
 274 00f9 A1       		.byte	-95
 275 00fa 94       		.byte	-108
 276 00fb A4       		.byte	-92
 277 00fc 95       		.byte	-107
 278 00fd 21       		.byte	33
 279 00fe 96       		.byte	-106
 280 00ff 28       		.byte	40
 281 0100 99       		.byte	-103
 282 0101 20       		.byte	32
 283 0102 9B       		.byte	-101
 284 0103 08       		.byte	8
 285 0104 9C       		.byte	-100
ARM GAS  C:\Users\GYULAI~1\AppData\Local\Temp\ccBDnooJ.s 			page 6


 286 0105 11       		.byte	17
 287 0106 9D       		.byte	-99
 288 0107 01       		.byte	1
 289 0108 9E       		.byte	-98
 290 0109 13       		.byte	19
 291 010a 9F       		.byte	-97
 292 010b 04       		.byte	4
 293 010c A1       		.byte	-95
 294 010d 80       		.byte	-128
 295 010e A2       		.byte	-94
 296 010f 94       		.byte	-108
 297 0110 A4       		.byte	-92
 298 0111 2E       		.byte	46
 299 0112 A5       		.byte	-91
 300 0113 30       		.byte	48
 301 0114 A6       		.byte	-90
 302 0115 20       		.byte	32
 303 0116 A7       		.byte	-89
 304 0117 60       		.byte	96
 305 0118 AA       		.byte	-86
 306 0119 01       		.byte	1
 307 011a B4       		.byte	-76
 308 011b 01       		.byte	1
 309 011c C0       		.byte	-64
 310 011d 72       		.byte	114
 311 011e C2       		.byte	-62
 312 011f F2       		.byte	-14
 313 0120 C4       		.byte	-60
 314 0121 F0       		.byte	-16
 315 0122 CA       		.byte	-54
 316 0123 B0       		.byte	-80
 317 0124 CC       		.byte	-52
 318 0125 E0       		.byte	-32
 319 0126 CE       		.byte	-50
 320 0127 F0       		.byte	-16
 321 0128 D0       		.byte	-48
 322 0129 F0       		.byte	-16
 323 012a D2       		.byte	-46
 324 012b 20       		.byte	32
 325 012c D6       		.byte	-42
 326 012d 40       		.byte	64
 327 012e 01       		.byte	1
 328 012f 02       		.byte	2
 329 0130 06       		.byte	6
 330 0131 01       		.byte	1
 331 0132 07       		.byte	7
 332 0133 04       		.byte	4
 333 0134 09       		.byte	9
 334 0135 03       		.byte	3
 335 0136 0C       		.byte	12
 336 0137 02       		.byte	2
 337 0138 0D       		.byte	13
 338 0139 03       		.byte	3
 339 013a 10       		.byte	16
 340 013b 01       		.byte	1
 341 013c 12       		.byte	18
 342 013d 02       		.byte	2
ARM GAS  C:\Users\GYULAI~1\AppData\Local\Temp\ccBDnooJ.s 			page 7


 343 013e 13       		.byte	19
 344 013f 03       		.byte	3
 345 0140 15       		.byte	21
 346 0141 03       		.byte	3
 347 0142 16       		.byte	22
 348 0143 01       		.byte	1
 349 0144 19       		.byte	25
 350 0145 01       		.byte	1
 351 0146 1A       		.byte	26
 352 0147 04       		.byte	4
 353 0148 1C       		.byte	28
 354 0149 08       		.byte	8
 355 014a 21       		.byte	33
 356 014b 02       		.byte	2
 357 014c 27       		.byte	39
 358 014d 03       		.byte	3
 359 014e 29       		.byte	41
 360 014f 03       		.byte	3
 361 0150 2F       		.byte	47
 362 0151 03       		.byte	3
 363 0152 32       		.byte	50
 364 0153 04       		.byte	4
 365 0154 34       		.byte	52
 366 0155 03       		.byte	3
 367 0156 36       		.byte	54
 368 0157 08       		.byte	8
 369 0158 37       		.byte	55
 370 0159 07       		.byte	7
 371 015a 3B       		.byte	59
 372 015b 80       		.byte	-128
 373 015c 3E       		.byte	62
 374 015d 50       		.byte	80
 375 015e 58       		.byte	88
 376 015f 04       		.byte	4
 377 0160 59       		.byte	89
 378 0161 04       		.byte	4
 379 0162 5C       		.byte	92
 380 0163 01       		.byte	1
 381 0164 5F       		.byte	95
 382 0165 01       		.byte	1
 383 0166 81       		.byte	-127
 384 0167 12       		.byte	18
 385 0168 82       		.byte	-126
 386 0169 72       		.byte	114
 387 016a 84       		.byte	-124
 388 016b 07       		.byte	7
 389 016c 85       		.byte	-123
 390 016d 13       		.byte	19
 391 016e 88       		.byte	-120
 392 016f 38       		.byte	56
 393 0170 89       		.byte	-119
 394 0171 F7       		.byte	-9
 395 0172 8A       		.byte	-118
 396 0173 43       		.byte	67
 397 0174 8C       		.byte	-116
 398 0175 18       		.byte	24
 399 0176 8E       		.byte	-114
ARM GAS  C:\Users\GYULAI~1\AppData\Local\Temp\ccBDnooJ.s 			page 8


 400 0177 40       		.byte	64
 401 0178 8F       		.byte	-113
 402 0179 24       		.byte	36
 403 017a 92       		.byte	-110
 404 017b 04       		.byte	4
 405 017c 93       		.byte	-109
 406 017d BF       		.byte	-65
 407 017e 95       		.byte	-107
 408 017f 48       		.byte	72
 409 0180 97       		.byte	-105
 410 0181 97       		.byte	-105
 411 0182 98       		.byte	-104
 412 0183 39       		.byte	57
 413 0184 99       		.byte	-103
 414 0185 68       		.byte	104
 415 0186 9A       		.byte	-102
 416 0187 40       		.byte	64
 417 0188 9B       		.byte	-101
 418 0189 93       		.byte	-109
 419 018a 9C       		.byte	-100
 420 018b 2B       		.byte	43
 421 018c 9D       		.byte	-99
 422 018d 7F       		.byte	127
 423 018e 9E       		.byte	-98
 424 018f 40       		.byte	64
 425 0190 9F       		.byte	-97
 426 0191 80       		.byte	-128
 427 0192 A1       		.byte	-95
 428 0193 12       		.byte	18
 429 0194 A4       		.byte	-92
 430 0195 5B       		.byte	91
 431 0196 A5       		.byte	-91
 432 0197 11       		.byte	17
 433 0198 A6       		.byte	-90
 434 0199 20       		.byte	32
 435 019a A9       		.byte	-87
 436 019b 07       		.byte	7
 437 019c AE       		.byte	-82
 438 019d FB       		.byte	-5
 439 019e AF       		.byte	-81
 440 019f BF       		.byte	-65
 441 01a0 B0       		.byte	-80
 442 01a1 07       		.byte	7
 443 01a2 B2       		.byte	-78
 444 01a3 80       		.byte	-128
 445 01a4 B3       		.byte	-77
 446 01a5 7F       		.byte	127
 447 01a6 B4       		.byte	-76
 448 01a7 78       		.byte	120
 449 01a8 B5       		.byte	-75
 450 01a9 C0       		.byte	-64
 451 01aa B6       		.byte	-74
 452 01ab 78       		.byte	120
 453 01ac BA       		.byte	-70
 454 01ad A0       		.byte	-96
 455 01ae BF       		.byte	-65
 456 01af 14       		.byte	20
ARM GAS  C:\Users\GYULAI~1\AppData\Local\Temp\ccBDnooJ.s 			page 9


 457 01b0 D8       		.byte	-40
 458 01b1 04       		.byte	4
 459 01b2 D9       		.byte	-39
 460 01b3 04       		.byte	4
 461 01b4 DF       		.byte	-33
 462 01b5 01       		.byte	1
 463 01b6 02       		.byte	2
 464 01b7 01       		.byte	1
 465 01b8 03       		.byte	3
 466 01b9 20       		.byte	32
 467 01ba 04       		.byte	4
 468 01bb 80       		.byte	-128
 469 01bc 05       		.byte	5
 470 01bd 11       		.byte	17
 471 01be 07       		.byte	7
 472 01bf 10       		.byte	16
 473 01c0 08       		.byte	8
 474 01c1 01       		.byte	1
 475 01c2 0A       		.byte	10
 476 01c3 28       		.byte	40
 477 01c4 0B       		.byte	11
 478 01c5 02       		.byte	2
 479 01c6 0D       		.byte	13
 480 01c7 22       		.byte	34
 481 01c8 0F       		.byte	15
 482 01c9 01       		.byte	1
 483 01ca 14       		.byte	20
 484 01cb 01       		.byte	1
 485 01cc 17       		.byte	23
 486 01cd 04       		.byte	4
 487 01ce 18       		.byte	24
 488 01cf 12       		.byte	18
 489 01d0 19       		.byte	25
 490 01d1 20       		.byte	32
 491 01d2 1D       		.byte	29
 492 01d3 92       		.byte	-110
 493 01d4 1E       		.byte	30
 494 01d5 28       		.byte	40
 495 01d6 1F       		.byte	31
 496 01d7 51       		.byte	81
 497 01d8 21       		.byte	33
 498 01d9 40       		.byte	64
 499 01da 22       		.byte	34
 500 01db 80       		.byte	-128
 501 01dc 23       		.byte	35
 502 01dd 01       		.byte	1
 503 01de 27       		.byte	39
 504 01df 18       		.byte	24
 505 01e0 28       		.byte	40
 506 01e1 11       		.byte	17
 507 01e2 2A       		.byte	42
 508 01e3 12       		.byte	18
 509 01e4 2C       		.byte	44
 510 01e5 2A       		.byte	42
 511 01e6 2D       		.byte	45
 512 01e7 01       		.byte	1
 513 01e8 30       		.byte	48
ARM GAS  C:\Users\GYULAI~1\AppData\Local\Temp\ccBDnooJ.s 			page 10


 514 01e9 20       		.byte	32
 515 01ea 31       		.byte	49
 516 01eb 01       		.byte	1
 517 01ec 33       		.byte	51
 518 01ed 04       		.byte	4
 519 01ee 35       		.byte	53
 520 01ef 01       		.byte	1
 521 01f0 36       		.byte	54
 522 01f1 A4       		.byte	-92
 523 01f2 38       		.byte	56
 524 01f3 04       		.byte	4
 525 01f4 39       		.byte	57
 526 01f5 A1       		.byte	-95
 527 01f6 3C       		.byte	60
 528 01f7 08       		.byte	8
 529 01f8 3D       		.byte	61
 530 01f9 20       		.byte	32
 531 01fa 3E       		.byte	62
 532 01fb 02       		.byte	2
 533 01fc 3F       		.byte	63
 534 01fd 80       		.byte	-128
 535 01fe 94       		.byte	-108
 536 01ff 20       		.byte	32
 537 0200 A2       		.byte	-94
 538 0201 01       		.byte	1
 539 0202 C0       		.byte	-64
 540 0203 F5       		.byte	-11
 541 0204 C2       		.byte	-62
 542 0205 DF       		.byte	-33
 543 0206 C4       		.byte	-60
 544 0207 A0       		.byte	-96
 545 0208 CA       		.byte	-54
 546 0209 FF       		.byte	-1
 547 020a CC       		.byte	-52
 548 020b F7       		.byte	-9
 549 020c CE       		.byte	-50
 550 020d FF       		.byte	-1
 551 020e 38       		.byte	56
 552 020f 80       		.byte	-128
 553 0210 3E       		.byte	62
 554 0211 40       		.byte	64
 555 0212 58       		.byte	88
 556 0213 04       		.byte	4
 557 0214 5F       		.byte	95
 558 0215 01       		.byte	1
 559 0216 1E       		.byte	30
 560 0217 02       		.byte	2
 561 0218 8C       		.byte	-116
 562 0219 10       		.byte	16
 563 021a E6       		.byte	-26
 564 021b 40       		.byte	64
 565 021c E0       		.byte	-32
 566 021d 08       		.byte	8
 567 021e E6       		.byte	-26
 568 021f 08       		.byte	8
 569 0220 EA       		.byte	-22
 570 0221 01       		.byte	1
ARM GAS  C:\Users\GYULAI~1\AppData\Local\Temp\ccBDnooJ.s 			page 11


 571 0222 EE       		.byte	-18
 572 0223 88       		.byte	-120
 573 0224 E2       		.byte	-30
 574 0225 02       		.byte	2
 575 0226 E4       		.byte	-28
 576 0227 01       		.byte	1
 577 0228 E6       		.byte	-26
 578 0229 08       		.byte	8
 579 022a 01       		.byte	1
 580 022b 20       		.byte	32
 581 022c 05       		.byte	5
 582 022d 60       		.byte	96
 583 022e 09       		.byte	9
 584 022f 06       		.byte	6
 585 0230 0B       		.byte	11
 586 0231 79       		.byte	121
 587 0232 0D       		.byte	13
 588 0233 04       		.byte	4
 589 0234 13       		.byte	19
 590 0235 79       		.byte	121
 591 0236 15       		.byte	21
 592 0237 7F       		.byte	127
 593 0238 19       		.byte	25
 594 0239 06       		.byte	6
 595 023a 1A       		.byte	26
 596 023b 02       		.byte	2
 597 023c 1D       		.byte	29
 598 023d 40       		.byte	64
 599 023e 21       		.byte	33
 600 023f 07       		.byte	7
 601 0240 22       		.byte	34
 602 0241 01       		.byte	1
 603 0242 23       		.byte	35
 604 0243 70       		.byte	112
 605 0244 25       		.byte	37
 606 0245 02       		.byte	2
 607 0246 29       		.byte	41
 608 0247 79       		.byte	121
 609 0248 2A       		.byte	42
 610 0249 02       		.byte	2
 611 024a 2B       		.byte	43
 612 024b 06       		.byte	6
 613 024c 2D       		.byte	45
 614 024d 01       		.byte	1
 615 024e 2F       		.byte	47
 616 024f 08       		.byte	8
 617 0250 30       		.byte	48
 618 0251 02       		.byte	2
 619 0252 32       		.byte	50
 620 0253 01       		.byte	1
 621 0254 33       		.byte	51
 622 0255 07       		.byte	7
 623 0256 35       		.byte	53
 624 0257 1E       		.byte	30
 625 0258 37       		.byte	55
 626 0259 60       		.byte	96
 627 025a 3B       		.byte	59
ARM GAS  C:\Users\GYULAI~1\AppData\Local\Temp\ccBDnooJ.s 			page 12


 628 025b 20       		.byte	32
 629 025c 3E       		.byte	62
 630 025d 01       		.byte	1
 631 025e 58       		.byte	88
 632 025f 04       		.byte	4
 633 0260 59       		.byte	89
 634 0261 04       		.byte	4
 635 0262 5F       		.byte	95
 636 0263 01       		.byte	1
 637 0264 80       		.byte	-128
 638 0265 65       		.byte	101
 639 0266 81       		.byte	-127
 640 0267 6C       		.byte	108
 641 0268 82       		.byte	-126
 642 0269 92       		.byte	-110
 643 026a 83       		.byte	-125
 644 026b 13       		.byte	19
 645 026c 84       		.byte	-124
 646 026d 99       		.byte	-103
 647 026e 85       		.byte	-123
 648 026f 01       		.byte	1
 649 0270 86       		.byte	-122
 650 0271 66       		.byte	102
 651 0272 88       		.byte	-120
 652 0273 67       		.byte	103
 653 0274 89       		.byte	-119
 654 0275 60       		.byte	96
 655 0276 8A       		.byte	-118
 656 0277 88       		.byte	-120
 657 0278 8C       		.byte	-116
 658 0279 44       		.byte	68
 659 027a 8D       		.byte	-115
 660 027b 67       		.byte	103
 661 027c 8F       		.byte	-113
 662 027d 18       		.byte	24
 663 027e 92       		.byte	-110
 664 027f 1E       		.byte	30
 665 0280 93       		.byte	-109
 666 0281 1F       		.byte	31
 667 0282 94       		.byte	-108
 668 0283 F9       		.byte	-7
 669 0284 95       		.byte	-107
 670 0285 7B       		.byte	123
 671 0286 96       		.byte	-106
 672 0287 02       		.byte	2
 673 0288 97       		.byte	-105
 674 0289 04       		.byte	4
 675 028a 99       		.byte	-103
 676 028b 20       		.byte	32
 677 028c 9A       		.byte	-102
 678 028d 01       		.byte	1
 679 028e 9C       		.byte	-100
 680 028f 01       		.byte	1
 681 0290 9D       		.byte	-99
 682 0291 02       		.byte	2
 683 0292 A0       		.byte	-96
 684 0293 04       		.byte	4
ARM GAS  C:\Users\GYULAI~1\AppData\Local\Temp\ccBDnooJ.s 			page 13


 685 0294 A1       		.byte	-95
 686 0295 40       		.byte	64
 687 0296 A4       		.byte	-92
 688 0297 24       		.byte	36
 689 0298 A5       		.byte	-91
 690 0299 0F       		.byte	15
 691 029a A7       		.byte	-89
 692 029b 70       		.byte	112
 693 029c A8       		.byte	-88
 694 029d 64       		.byte	100
 695 029e A9       		.byte	-87
 696 029f 03       		.byte	3
 697 02a0 AC       		.byte	-84
 698 02a1 01       		.byte	1
 699 02a2 AD       		.byte	-83
 700 02a3 03       		.byte	3
 701 02a4 AE       		.byte	-82
 702 02a5 06       		.byte	6
 703 02a6 AF       		.byte	-81
 704 02a7 1C       		.byte	28
 705 02a8 B2       		.byte	-78
 706 02a9 80       		.byte	-128
 707 02aa B4       		.byte	-76
 708 02ab 7F       		.byte	127
 709 02ac B5       		.byte	-75
 710 02ad 7F       		.byte	127
 711 02ae B7       		.byte	-73
 712 02af 7F       		.byte	127
 713 02b0 B8       		.byte	-72
 714 02b1 08       		.byte	8
 715 02b2 BB       		.byte	-69
 716 02b3 A0       		.byte	-96
 717 02b4 BE       		.byte	-66
 718 02b5 10       		.byte	16
 719 02b6 D8       		.byte	-40
 720 02b7 04       		.byte	4
 721 02b8 D9       		.byte	-39
 722 02b9 04       		.byte	4
 723 02ba DF       		.byte	-33
 724 02bb 01       		.byte	1
 725 02bc 00       		.byte	0
 726 02bd 80       		.byte	-128
 727 02be 02       		.byte	2
 728 02bf A0       		.byte	-96
 729 02c0 03       		.byte	3
 730 02c1 A4       		.byte	-92
 731 02c2 08       		.byte	8
 732 02c3 80       		.byte	-128
 733 02c4 09       		.byte	9
 734 02c5 02       		.byte	2
 735 02c6 0A       		.byte	10
 736 02c7 01       		.byte	1
 737 02c8 0B       		.byte	11
 738 02c9 28       		.byte	40
 739 02ca 0F       		.byte	15
 740 02cb 08       		.byte	8
 741 02cc 10       		.byte	16
ARM GAS  C:\Users\GYULAI~1\AppData\Local\Temp\ccBDnooJ.s 			page 14


 742 02cd 22       		.byte	34
 743 02ce 11       		.byte	17
 744 02cf 01       		.byte	1
 745 02d0 13       		.byte	19
 746 02d1 20       		.byte	32
 747 02d2 14       		.byte	20
 748 02d3 80       		.byte	-128
 749 02d4 17       		.byte	23
 750 02d5 10       		.byte	16
 751 02d6 18       		.byte	24
 752 02d7 04       		.byte	4
 753 02d8 1A       		.byte	26
 754 02d9 20       		.byte	32
 755 02da 1F       		.byte	31
 756 02db 05       		.byte	5
 757 02dc 21       		.byte	33
 758 02dd 60       		.byte	96
 759 02de 22       		.byte	34
 760 02df 20       		.byte	32
 761 02e0 24       		.byte	36
 762 02e1 01       		.byte	1
 763 02e2 25       		.byte	37
 764 02e3 10       		.byte	16
 765 02e4 26       		.byte	38
 766 02e5 08       		.byte	8
 767 02e6 27       		.byte	39
 768 02e7 14       		.byte	20
 769 02e8 28       		.byte	40
 770 02e9 01       		.byte	1
 771 02ea 29       		.byte	41
 772 02eb 10       		.byte	16
 773 02ec 2A       		.byte	42
 774 02ed 02       		.byte	2
 775 02ee 2B       		.byte	43
 776 02ef 20       		.byte	32
 777 02f0 2C       		.byte	44
 778 02f1 26       		.byte	38
 779 02f2 2F       		.byte	47
 780 02f3 80       		.byte	-128
 781 02f4 30       		.byte	48
 782 02f5 20       		.byte	32
 783 02f6 31       		.byte	49
 784 02f7 01       		.byte	1
 785 02f8 33       		.byte	51
 786 02f9 44       		.byte	68
 787 02fa 35       		.byte	53
 788 02fb 01       		.byte	1
 789 02fc 36       		.byte	54
 790 02fd 04       		.byte	4
 791 02fe 37       		.byte	55
 792 02ff 60       		.byte	96
 793 0300 38       		.byte	56
 794 0301 08       		.byte	8
 795 0302 3A       		.byte	58
 796 0303 10       		.byte	16
 797 0304 3B       		.byte	59
 798 0305 81       		.byte	-127
ARM GAS  C:\Users\GYULAI~1\AppData\Local\Temp\ccBDnooJ.s 			page 15


 799 0306 3C       		.byte	60
 800 0307 88       		.byte	-120
 801 0308 3D       		.byte	61
 802 0309 20       		.byte	32
 803 030a 3E       		.byte	62
 804 030b 01       		.byte	1
 805 030c 44       		.byte	68
 806 030d 04       		.byte	4
 807 030e 45       		.byte	69
 808 030f 20       		.byte	32
 809 0310 85       		.byte	-123
 810 0311 44       		.byte	68
 811 0312 90       		.byte	-112
 812 0313 48       		.byte	72
 813 0314 91       		.byte	-111
 814 0315 11       		.byte	17
 815 0316 92       		.byte	-110
 816 0317 04       		.byte	4
 817 0318 93       		.byte	-109
 818 0319 A1       		.byte	-95
 819 031a 94       		.byte	-108
 820 031b 04       		.byte	4
 821 031c 95       		.byte	-107
 822 031d 80       		.byte	-128
 823 031e 96       		.byte	-106
 824 031f 28       		.byte	40
 825 0320 98       		.byte	-104
 826 0321 01       		.byte	1
 827 0322 99       		.byte	-103
 828 0323 23       		.byte	35
 829 0324 9A       		.byte	-102
 830 0325 12       		.byte	18
 831 0326 9B       		.byte	-101
 832 0327 21       		.byte	33
 833 0328 9D       		.byte	-99
 834 0329 10       		.byte	16
 835 032a 9F       		.byte	-97
 836 032b 44       		.byte	68
 837 032c A0       		.byte	-96
 838 032d 62       		.byte	98
 839 032e A1       		.byte	-95
 840 032f 02       		.byte	2
 841 0330 A2       		.byte	-94
 842 0331 94       		.byte	-108
 843 0332 A3       		.byte	-93
 844 0333 04       		.byte	4
 845 0334 A5       		.byte	-91
 846 0335 30       		.byte	48
 847 0336 A6       		.byte	-90
 848 0337 28       		.byte	40
 849 0338 A8       		.byte	-88
 850 0339 04       		.byte	4
 851 033a C0       		.byte	-64
 852 033b 0F       		.byte	15
 853 033c C2       		.byte	-62
 854 033d 4F       		.byte	79
 855 033e C4       		.byte	-60
ARM GAS  C:\Users\GYULAI~1\AppData\Local\Temp\ccBDnooJ.s 			page 16


 856 033f 5F       		.byte	95
 857 0340 CA       		.byte	-54
 858 0341 FF       		.byte	-1
 859 0342 CC       		.byte	-52
 860 0343 FF       		.byte	-1
 861 0344 CE       		.byte	-50
 862 0345 FF       		.byte	-1
 863 0346 E2       		.byte	-30
 864 0347 0A       		.byte	10
 865 0348 E4       		.byte	-28
 866 0349 01       		.byte	1
 867 034a EE       		.byte	-18
 868 034b 01       		.byte	1
 869 034c 06       		.byte	6
 870 034d 03       		.byte	3
 871 034e 07       		.byte	7
 872 034f 04       		.byte	4
 873 0350 0C       		.byte	12
 874 0351 08       		.byte	8
 875 0352 0F       		.byte	15
 876 0353 02       		.byte	2
 877 0354 12       		.byte	18
 878 0355 08       		.byte	8
 879 0356 14       		.byte	20
 880 0357 01       		.byte	1
 881 0358 1F       		.byte	31
 882 0359 01       		.byte	1
 883 035a 26       		.byte	38
 884 035b 04       		.byte	4
 885 035c 30       		.byte	48
 886 035d 08       		.byte	8
 887 035e 31       		.byte	49
 888 035f 01       		.byte	1
 889 0360 32       		.byte	50
 890 0361 02       		.byte	2
 891 0362 33       		.byte	51
 892 0363 04       		.byte	4
 893 0364 34       		.byte	52
 894 0365 04       		.byte	4
 895 0366 36       		.byte	54
 896 0367 01       		.byte	1
 897 0368 37       		.byte	55
 898 0369 02       		.byte	2
 899 036a 58       		.byte	88
 900 036b 04       		.byte	4
 901 036c 59       		.byte	89
 902 036d 04       		.byte	4
 903 036e 5C       		.byte	92
 904 036f 11       		.byte	17
 905 0370 5F       		.byte	95
 906 0371 01       		.byte	1
 907 0372 80       		.byte	-128
 908 0373 10       		.byte	16
 909 0374 82       		.byte	-126
 910 0375 20       		.byte	32
 911 0376 83       		.byte	-125
 912 0377 01       		.byte	1
ARM GAS  C:\Users\GYULAI~1\AppData\Local\Temp\ccBDnooJ.s 			page 17


 913 0378 86       		.byte	-122
 914 0379 01       		.byte	1
 915 037a 87       		.byte	-121
 916 037b 02       		.byte	2
 917 037c 88       		.byte	-120
 918 037d 18       		.byte	24
 919 037e 8A       		.byte	-118
 920 037f 20       		.byte	32
 921 0380 8C       		.byte	-116
 922 0381 01       		.byte	1
 923 0382 8D       		.byte	-115
 924 0383 08       		.byte	8
 925 0384 8F       		.byte	-113
 926 0385 10       		.byte	16
 927 0386 90       		.byte	-112
 928 0387 40       		.byte	64
 929 0388 91       		.byte	-111
 930 0389 01       		.byte	1
 931 038a 92       		.byte	-110
 932 038b 81       		.byte	-127
 933 038c 94       		.byte	-108
 934 038d 80       		.byte	-128
 935 038e 95       		.byte	-107
 936 038f 01       		.byte	1
 937 0390 96       		.byte	-106
 938 0391 40       		.byte	64
 939 0392 9A       		.byte	-102
 940 0393 02       		.byte	2
 941 0394 9B       		.byte	-101
 942 0395 01       		.byte	1
 943 0396 9D       		.byte	-99
 944 0397 08       		.byte	8
 945 0398 9E       		.byte	-98
 946 0399 01       		.byte	1
 947 039a 9F       		.byte	-97
 948 039b 10       		.byte	16
 949 039c A0       		.byte	-96
 950 039d 08       		.byte	8
 951 039e A2       		.byte	-94
 952 039f 20       		.byte	32
 953 03a0 A3       		.byte	-93
 954 03a1 20       		.byte	32
 955 03a2 A4       		.byte	-92
 956 03a3 01       		.byte	1
 957 03a4 A7       		.byte	-89
 958 03a5 01       		.byte	1
 959 03a6 AA       		.byte	-86
 960 03a7 04       		.byte	4
 961 03a8 AB       		.byte	-85
 962 03a9 04       		.byte	4
 963 03aa AE       		.byte	-82
 964 03ab 01       		.byte	1
 965 03ac AF       		.byte	-81
 966 03ad 21       		.byte	33
 967 03ae B1       		.byte	-79
 968 03af 1F       		.byte	31
 969 03b0 B2       		.byte	-78
ARM GAS  C:\Users\GYULAI~1\AppData\Local\Temp\ccBDnooJ.s 			page 18


 970 03b1 C0       		.byte	-64
 971 03b2 B3       		.byte	-77
 972 03b3 20       		.byte	32
 973 03b4 B4       		.byte	-76
 974 03b5 3F       		.byte	63
 975 03b6 B8       		.byte	-72
 976 03b7 20       		.byte	32
 977 03b8 B9       		.byte	-71
 978 03b9 02       		.byte	2
 979 03ba BE       		.byte	-66
 980 03bb 04       		.byte	4
 981 03bc BF       		.byte	-65
 982 03bd 04       		.byte	4
 983 03be D4       		.byte	-44
 984 03bf 1B       		.byte	27
 985 03c0 D6       		.byte	-42
 986 03c1 04       		.byte	4
 987 03c2 D8       		.byte	-40
 988 03c3 04       		.byte	4
 989 03c4 D9       		.byte	-39
 990 03c5 04       		.byte	4
 991 03c6 DB       		.byte	-37
 992 03c7 04       		.byte	4
 993 03c8 DF       		.byte	-33
 994 03c9 05       		.byte	5
 995 03ca 00       		.byte	0
 996 03cb 80       		.byte	-128
 997 03cc 03       		.byte	3
 998 03cd 20       		.byte	32
 999 03ce 05       		.byte	5
 1000 03cf 18       		.byte	24
 1001 03d0 07       		.byte	7
 1002 03d1 41       		.byte	65
 1003 03d2 0A       		.byte	10
 1004 03d3 A0       		.byte	-96
 1005 03d4 0C       		.byte	12
 1006 03d5 02       		.byte	2
 1007 03d6 0E       		.byte	14
 1008 03d7 24       		.byte	36
 1009 03d8 0F       		.byte	15
 1010 03d9 01       		.byte	1
 1011 03da 10       		.byte	16
 1012 03db 20       		.byte	32
 1013 03dc 14       		.byte	20
 1014 03dd 80       		.byte	-128
 1015 03de 15       		.byte	21
 1016 03df 90       		.byte	-112
 1017 03e0 16       		.byte	22
 1018 03e1 80       		.byte	-128
 1019 03e2 17       		.byte	23
 1020 03e3 04       		.byte	4
 1021 03e4 19       		.byte	25
 1022 03e5 40       		.byte	64
 1023 03e6 1A       		.byte	26
 1024 03e7 20       		.byte	32
 1025 03e8 1B       		.byte	27
 1026 03e9 21       		.byte	33
ARM GAS  C:\Users\GYULAI~1\AppData\Local\Temp\ccBDnooJ.s 			page 19


 1027 03ea 1C       		.byte	28
 1028 03eb 08       		.byte	8
 1029 03ec 1D       		.byte	29
 1030 03ed 10       		.byte	16
 1031 03ee 1F       		.byte	31
 1032 03ef 04       		.byte	4
 1033 03f0 20       		.byte	32
 1034 03f1 80       		.byte	-128
 1035 03f2 22       		.byte	34
 1036 03f3 44       		.byte	68
 1037 03f4 27       		.byte	39
 1038 03f5 60       		.byte	96
 1039 03f6 2C       		.byte	44
 1040 03f7 02       		.byte	2
 1041 03f8 2D       		.byte	45
 1042 03f9 1A       		.byte	26
 1043 03fa 2F       		.byte	47
 1044 03fb 10       		.byte	16
 1045 03fc 32       		.byte	50
 1046 03fd 40       		.byte	64
 1047 03fe 36       		.byte	54
 1048 03ff 20       		.byte	32
 1049 0400 37       		.byte	55
 1050 0401 45       		.byte	69
 1051 0402 38       		.byte	56
 1052 0403 80       		.byte	-128
 1053 0404 39       		.byte	57
 1054 0405 08       		.byte	8
 1055 0406 3E       		.byte	62
 1056 0407 84       		.byte	-124
 1057 0408 3F       		.byte	63
 1058 0409 01       		.byte	1
 1059 040a 5C       		.byte	92
 1060 040b 41       		.byte	65
 1061 040c 5F       		.byte	95
 1062 040d 20       		.byte	32
 1063 040e 64       		.byte	100
 1064 040f 40       		.byte	64
 1065 0410 65       		.byte	101
 1066 0411 20       		.byte	32
 1067 0412 67       		.byte	103
 1068 0413 02       		.byte	2
 1069 0414 7F       		.byte	127
 1070 0415 04       		.byte	4
 1071 0416 84       		.byte	-124
 1072 0417 60       		.byte	96
 1073 0418 88       		.byte	-120
 1074 0419 80       		.byte	-128
 1075 041a 90       		.byte	-112
 1076 041b C1       		.byte	-63
 1077 041c 91       		.byte	-111
 1078 041d 98       		.byte	-104
 1079 041e 92       		.byte	-110
 1080 041f 04       		.byte	4
 1081 0420 93       		.byte	-109
 1082 0421 23       		.byte	35
 1083 0422 96       		.byte	-106
ARM GAS  C:\Users\GYULAI~1\AppData\Local\Temp\ccBDnooJ.s 			page 20


 1084 0423 08       		.byte	8
 1085 0424 99       		.byte	-103
 1086 0425 22       		.byte	34
 1087 0426 9B       		.byte	-101
 1088 0427 05       		.byte	5
 1089 0428 9C       		.byte	-100
 1090 0429 80       		.byte	-128
 1091 042a 9D       		.byte	-99
 1092 042b 50       		.byte	80
 1093 042c 9F       		.byte	-97
 1094 042d 40       		.byte	64
 1095 042e A0       		.byte	-96
 1096 042f 02       		.byte	2
 1097 0430 A2       		.byte	-94
 1098 0431 30       		.byte	48
 1099 0432 A4       		.byte	-92
 1100 0433 04       		.byte	4
 1101 0434 A7       		.byte	-89
 1102 0435 01       		.byte	1
 1103 0436 AF       		.byte	-81
 1104 0437 01       		.byte	1
 1105 0438 B4       		.byte	-76
 1106 0439 40       		.byte	64
 1107 043a C0       		.byte	-64
 1108 043b F5       		.byte	-11
 1109 043c C2       		.byte	-62
 1110 043d FC       		.byte	-4
 1111 043e C4       		.byte	-60
 1112 043f F4       		.byte	-12
 1113 0440 CA       		.byte	-54
 1114 0441 F0       		.byte	-16
 1115 0442 CC       		.byte	-52
 1116 0443 F8       		.byte	-8
 1117 0444 CE       		.byte	-50
 1118 0445 DA       		.byte	-38
 1119 0446 D6       		.byte	-42
 1120 0447 B0       		.byte	-80
 1121 0448 D8       		.byte	-40
 1122 0449 B0       		.byte	-80
 1123 044a DE       		.byte	-34
 1124 044b 20       		.byte	32
 1125 044c E0       		.byte	-32
 1126 044d 08       		.byte	8
 1127 044e E2       		.byte	-30
 1128 044f 02       		.byte	2
 1129 0450 EA       		.byte	-22
 1130 0451 01       		.byte	1
 1131 0452 EE       		.byte	-18
 1132 0453 80       		.byte	-128
 1133 0454 32       		.byte	50
 1134 0455 04       		.byte	4
 1135 0456 33       		.byte	51
 1136 0457 80       		.byte	-128
 1137 0458 35       		.byte	53
 1138 0459 80       		.byte	-128
 1139 045a 37       		.byte	55
 1140 045b 02       		.byte	2
ARM GAS  C:\Users\GYULAI~1\AppData\Local\Temp\ccBDnooJ.s 			page 21


 1141 045c 39       		.byte	57
 1142 045d 10       		.byte	16
 1143 045e CC       		.byte	-52
 1144 045f F0       		.byte	-16
 1145 0460 CE       		.byte	-50
 1146 0461 10       		.byte	16
 1147 0462 8D       		.byte	-115
 1148 0463 80       		.byte	-128
 1149 0464 95       		.byte	-107
 1150 0465 10       		.byte	16
 1151 0466 96       		.byte	-106
 1152 0467 08       		.byte	8
 1153 0468 9D       		.byte	-99
 1154 0469 80       		.byte	-128
 1155 046a 9F       		.byte	-97
 1156 046b 02       		.byte	2
 1157 046c A7       		.byte	-89
 1158 046d 80       		.byte	-128
 1159 046e 13       		.byte	19
 1160 046f 02       		.byte	2
 1161 0470 3E       		.byte	62
 1162 0471 10       		.byte	16
 1163 0472 59       		.byte	89
 1164 0473 04       		.byte	4
 1165 0474 95       		.byte	-107
 1166 0475 10       		.byte	16
 1167 0476 96       		.byte	-106
 1168 0477 08       		.byte	8
 1169 0478 9F       		.byte	-97
 1170 0479 02       		.byte	2
 1171 047a A7       		.byte	-89
 1172 047b 80       		.byte	-128
 1173 047c C4       		.byte	-60
 1174 047d 10       		.byte	16
 1175 047e CE       		.byte	-50
 1176 047f 20       		.byte	32
 1177 0480 D6       		.byte	-42
 1178 0481 40       		.byte	64
 1179 0482 95       		.byte	-107
 1180 0483 10       		.byte	16
 1181 0484 96       		.byte	-106
 1182 0485 18       		.byte	24
 1183 0486 A7       		.byte	-89
 1184 0487 80       		.byte	-128
 1185 0488 A9       		.byte	-87
 1186 0489 04       		.byte	4
 1187 048a EE       		.byte	-18
 1188 048b 80       		.byte	-128
 1189 048c 7C       		.byte	124
 1190 048d 40       		.byte	64
 1191 048e DE       		.byte	-34
 1192 048f 04       		.byte	4
 1193 0490 94       		.byte	-108
 1194 0491 40       		.byte	64
 1195 0492 94       		.byte	-108
 1196 0493 40       		.byte	64
 1197 0494 B4       		.byte	-76
ARM GAS  C:\Users\GYULAI~1\AppData\Local\Temp\ccBDnooJ.s 			page 22


 1198 0495 40       		.byte	64
 1199 0496 E8       		.byte	-24
 1200 0497 02       		.byte	2
 1201 0498 81       		.byte	-127
 1202 0499 01       		.byte	1
 1203 049a 84       		.byte	-124
 1204 049b 08       		.byte	8
 1205 049c 87       		.byte	-121
 1206 049d 80       		.byte	-128
 1207 049e 95       		.byte	-107
 1208 049f 10       		.byte	16
 1209 04a0 96       		.byte	-106
 1210 04a1 18       		.byte	24
 1211 04a2 A7       		.byte	-89
 1212 04a3 80       		.byte	-128
 1213 04a4 E2       		.byte	-30
 1214 04a5 40       		.byte	64
 1215 04a6 E4       		.byte	-28
 1216 04a7 80       		.byte	-128
 1217 04a8 E6       		.byte	-26
 1218 04a9 10       		.byte	16
 1219 04aa 11       		.byte	17
 1220 04ab 02       		.byte	2
 1221 04ac 16       		.byte	22
 1222 04ad 40       		.byte	64
 1223 04ae 70       		.byte	112
 1224 04af 08       		.byte	8
 1225 04b0 76       		.byte	118
 1226 04b1 20       		.byte	32
 1227 04b2 85       		.byte	-123
 1228 04b3 10       		.byte	16
 1229 04b4 86       		.byte	-122
 1230 04b5 40       		.byte	64
 1231 04b6 95       		.byte	-107
 1232 04b7 10       		.byte	16
 1233 04b8 9A       		.byte	-102
 1234 04b9 20       		.byte	32
 1235 04ba A0       		.byte	-96
 1236 04bb 08       		.byte	8
 1237 04bc A5       		.byte	-91
 1238 04bd 01       		.byte	1
 1239 04be AA       		.byte	-86
 1240 04bf 10       		.byte	16
 1241 04c0 AE       		.byte	-82
 1242 04c1 04       		.byte	4
 1243 04c2 B2       		.byte	-78
 1244 04c3 20       		.byte	32
 1245 04c4 C4       		.byte	-60
 1246 04c5 30       		.byte	48
 1247 04c6 DC       		.byte	-36
 1248 04c7 80       		.byte	-128
 1249 04c8 DE       		.byte	-34
 1250 04c9 20       		.byte	32
 1251 04ca E0       		.byte	-32
 1252 04cb 10       		.byte	16
 1253 04cc E6       		.byte	-26
 1254 04cd 10       		.byte	16
ARM GAS  C:\Users\GYULAI~1\AppData\Local\Temp\ccBDnooJ.s 			page 23


 1255 04ce EA       		.byte	-22
 1256 04cf 80       		.byte	-128
 1257 04d0 EE       		.byte	-18
 1258 04d1 10       		.byte	16
 1259 04d2 0A       		.byte	10
 1260 04d3 04       		.byte	4
 1261 04d4 0C       		.byte	12
 1262 04d5 80       		.byte	-128
 1263 04d6 0D       		.byte	13
 1264 04d7 08       		.byte	8
 1265 04d8 13       		.byte	19
 1266 04d9 24       		.byte	36
 1267 04da 16       		.byte	22
 1268 04db 40       		.byte	64
 1269 04dc 7B       		.byte	123
 1270 04dd 08       		.byte	8
 1271 04de 7F       		.byte	127
 1272 04df 40       		.byte	64
 1273 04e0 83       		.byte	-125
 1274 04e1 08       		.byte	8
 1275 04e2 84       		.byte	-124
 1276 04e3 80       		.byte	-128
 1277 04e4 87       		.byte	-121
 1278 04e5 04       		.byte	4
 1279 04e6 A6       		.byte	-90
 1280 04e7 20       		.byte	32
 1281 04e8 AA       		.byte	-86
 1282 04e9 20       		.byte	32
 1283 04ea C2       		.byte	-62
 1284 04eb 07       		.byte	7
 1285 04ec C4       		.byte	-60
 1286 04ed 0E       		.byte	14
 1287 04ee DE       		.byte	-34
 1288 04ef 03       		.byte	3
 1289 04f0 12       		.byte	18
 1290 04f1 20       		.byte	32
 1291 04f2 86       		.byte	-122
 1292 04f3 04       		.byte	4
 1293 04f4 87       		.byte	-121
 1294 04f5 40       		.byte	64
 1295 04f6 8A       		.byte	-118
 1296 04f7 20       		.byte	32
 1297 04f8 92       		.byte	-110
 1298 04f9 04       		.byte	4
 1299 04fa 97       		.byte	-105
 1300 04fb 80       		.byte	-128
 1301 04fc A6       		.byte	-90
 1302 04fd 20       		.byte	32
 1303 04fe AB       		.byte	-85
 1304 04ff 20       		.byte	32
 1305 0500 B2       		.byte	-78
 1306 0501 40       		.byte	64
 1307 0502 B5       		.byte	-75
 1308 0503 08       		.byte	8
 1309 0504 C4       		.byte	-60
 1310 0505 08       		.byte	8
 1311 0506 E2       		.byte	-30
ARM GAS  C:\Users\GYULAI~1\AppData\Local\Temp\ccBDnooJ.s 			page 24


 1312 0507 04       		.byte	4
 1313 0508 EE       		.byte	-18
 1314 0509 09       		.byte	9
 1315 050a 00       		.byte	0
 1316 050b 03       		.byte	3
 1317 050c 0C       		.byte	12
 1318 050d 03       		.byte	3
 1319 050e 10       		.byte	16
 1320 050f 03       		.byte	3
 1321 0510 1C       		.byte	28
 1322 0511 03       		.byte	3
 1323 0512 00       		.byte	0
 1324 0513 BF       		.byte	-65
 1325 0514 01       		.byte	1
 1326 0515 03       		.byte	3
 1327 0516 03       		.byte	3
 1328 0517 C0       		.byte	-64
 1329 0518 00       		.byte	0
 1330 0519 20       		.byte	32
 1331 051a 80       		.byte	-128
 1332 051b 44       		.byte	68
 1333 051c 00       		.byte	0
 1334 051d 3E       		.byte	62
 1335 051e 80       		.byte	-128
 1336 051f 00       		.byte	0
 1337 0520 00       		.byte	0
 1338 0521 44       		.byte	68
 1339 0522 40       		.byte	64
 1340 0523 10       		.byte	16
 1341 0524 00       		.byte	0
 1342 0525 3A       		.byte	58
 1343 0526 00       		.byte	0
 1344 0527 04       		.byte	4
 1345 0528 01       		.byte	1
 1346 0529 00       		.byte	0
 1347 052a 02       		.byte	2
 1348 052b 41       		.byte	65
 1349 052c 04       		.byte	4
 1350 052d 02       		.byte	2
 1351 052e 02       		.byte	2
 1352 052f 44       		.byte	68
 1353 0530 3F       		.byte	63
 1354 0531 08       		.byte	8
 1355 0532 00       		.byte	0
 1356 0533 44       		.byte	68
 1357 0534 20       		.byte	32
 1358 0535 00       		.byte	0
 1359 0536 02       		.byte	2
 1360 0537 00       		.byte	0
 1361 0538 3D       		.byte	61
 1362 0539 00       		.byte	0
 1363 053a 02       		.byte	2
 1364 053b 40       		.byte	64
 1365 053c 02       		.byte	2
 1366 053d 00       		.byte	0
 1367 053e 10       		.byte	16
 1368 053f 00       		.byte	0
ARM GAS  C:\Users\GYULAI~1\AppData\Local\Temp\ccBDnooJ.s 			page 25


 1369 0540 3F       		.byte	63
 1370 0541 3E       		.byte	62
 1371 0542 00       		.byte	0
 1372 0543 00       		.byte	0
 1373 0544 08       		.byte	8
 1374 0545 01       		.byte	1
 1375 0546 02       		.byte	2
 1376 0547 7E       		.byte	126
 1377 0548 3F       		.byte	63
 1378 0549 40       		.byte	64
 1379 054a C0       		.byte	-64
 1380 054b 00       		.byte	0
 1381 054c 00       		.byte	0
 1382 054d 00       		.byte	0
 1383 054e 00       		.byte	0
 1384 054f 3F       		.byte	63
 1385 0550 00       		.byte	0
 1386 0551 00       		.byte	0
 1387 0552 00       		.byte	0
 1388 0553 00       		.byte	0
 1389 0554 00       		.byte	0
 1390 0555 00       		.byte	0
 1391 0556 04       		.byte	4
 1392 0557 41       		.byte	65
 1393 0558 24       		.byte	36
 1394 0559 01       		.byte	1
 1395 055a 06       		.byte	6
 1396 055b 00       		.byte	0
 1397 055c 03       		.byte	3
 1398 055d DC       		.byte	-36
 1399 055e EB       		.byte	-21
 1400 055f F0       		.byte	-16
 1401 0560 2F       		.byte	47
 1402 0561 FF       		.byte	-1
 1403 0562 FF       		.byte	-1
 1404 0563 FF       		.byte	-1
 1405 0564 62       		.byte	98
 1406 0565 A0       		.byte	-96
 1407 0566 F0       		.byte	-16
 1408 0567 41       		.byte	65
 1409 0568 0C       		.byte	12
 1410 0569 00       		.byte	0
 1411 056a 00       		.byte	0
 1412 056b 00       		.byte	0
 1413 056c 00       		.byte	0
 1414 056d 00       		.byte	0
 1415 056e 02       		.byte	2
 1416 056f 12       		.byte	18
 1417 0570 04       		.byte	4
 1418 0571 04       		.byte	4
 1419 0572 04       		.byte	4
 1420 0573 04       		.byte	4
 1421 0574 00       		.byte	0
 1422 0575 00       		.byte	0
 1423 0576 00       		.byte	0
 1424 0577 01       		.byte	1
 1425 0578 00       		.byte	0
ARM GAS  C:\Users\GYULAI~1\AppData\Local\Temp\ccBDnooJ.s 			page 26


 1426 0579 00       		.byte	0
 1427 057a 00       		.byte	0
 1428 057b 00       		.byte	0
 1429 057c 00       		.byte	0
 1430 057d 00       		.byte	0
 1431 057e 40       		.byte	64
 1432 057f 02       		.byte	2
 1433 0580 00       		.byte	0
 1434 0581 10       		.byte	16
 1435 0582 30       		.byte	48
 1436 0583 10       		.byte	16
 1437 0584 00       		.byte	0
 1438 0585 10       		.byte	16
 1439 0586 10       		.byte	16
 1440 0587 12       		.byte	18
 1441 0588 00       		.byte	0
 1442 0589 00       		.byte	0
 1443 058a 00       		.byte	0
 1444 058b 00       		.byte	0
 1445 058c 00       		.byte	0
 1446 058d 00       		.byte	0
 1447 058e 00       		.byte	0
 1448 058f 00       		.byte	0
 1449 0590 00       		.byte	0
 1450 0591 00       		.byte	0
 1451 0592 00       		.byte	0
 1452 0593 00       		.byte	0
 1453 0594 00       		.byte	0
 1454 0595 00       		.byte	0
 1455 0596 00       		.byte	0
 1456 0597 00       		.byte	0
 1457 0598 87       		.byte	-121
 1458 0599 00       		.byte	0
 1459 059a 40       		.byte	64
 1460 059b 84       		.byte	-124
 1461 059c 83       		.byte	-125
 1462 059d 00       		.byte	0
 1463 059e 83       		.byte	-125
 1464 059f 00       		.byte	0
 1465 05a0 00       		.byte	0
 1466 05a1 00       		.byte	0
 1467 05a2 00       		.byte	0
 1468 05a3 00       		.byte	0
 1469 05a4 E0       		.byte	-32
 1470 05a5 EB       		.byte	-21
 1471 05a6 0B       		.byte	11
 1472 05a7 00       		.byte	0
 1473 05a8 00       		.byte	0
 1474 05a9 00       		.byte	0
 1475 05aa 00       		.byte	0
 1476 05ab 00       		.byte	0
 1477              		.global	cy_meta_custnvl
 1478              		.section	.cycustnvl,"a",%progbits
 1479              		.align	2
 1480              		.type	cy_meta_custnvl, %object
 1481              		.size	cy_meta_custnvl, 4
 1482              	cy_meta_custnvl:
ARM GAS  C:\Users\GYULAI~1\AppData\Local\Temp\ccBDnooJ.s 			page 27


 1483 0000 00       		.byte	0
 1484 0001 00       		.byte	0
 1485 0002 40       		.byte	64
 1486 0003 05       		.byte	5
 1487              		.global	cy_meta_wonvl
 1488              		.section	.cywolatch,"a",%progbits
 1489              		.align	2
 1490              		.type	cy_meta_wonvl, %object
 1491              		.size	cy_meta_wonvl, 4
 1492              	cy_meta_wonvl:
 1493 0000 BC       		.byte	-68
 1494 0001 90       		.byte	-112
 1495 0002 AC       		.byte	-84
 1496 0003 AF       		.byte	-81
 1497              		.global	cy_meta_flashprotect
 1498              		.section	.cyflashprotect,"a",%progbits
 1499              		.align	2
 1500              		.type	cy_meta_flashprotect, %object
 1501              		.size	cy_meta_flashprotect, 256
 1502              	cy_meta_flashprotect:
 1503 0000 00000000 		.space	256
 1503      00000000 
 1503      00000000 
 1503      00000000 
 1503      00000000 
 1504              		.global	cy_metadata
 1505              		.section	.cymeta,"a",%progbits
 1506              		.align	2
 1507              		.type	cy_metadata, %object
 1508              		.size	cy_metadata, 12
 1509              	cy_metadata:
 1510 0000 00       		.byte	0
 1511 0001 01       		.byte	1
 1512 0002 2E       		.byte	46
 1513 0003 16       		.byte	22
 1514 0004 10       		.byte	16
 1515 0005 69       		.byte	105
 1516 0006 00       		.byte	0
 1517 0007 01       		.byte	1
 1518 0008 00       		.byte	0
 1519 0009 00       		.byte	0
 1520 000a 00       		.byte	0
 1521 000b 00       		.byte	0
 1522              		.text
 1523              	.Letext0:
 1524              		.file 1 "e:\\cypress\\psoc creator\\4.2\\psoc creator\\import\\gnu\\arm\\5.4.1\\arm-none-eabi\\inc
 1525              		.file 2 "e:\\cypress\\psoc creator\\4.2\\psoc creator\\import\\gnu\\arm\\5.4.1\\arm-none-eabi\\inc
 1526              		.file 3 "Generated_Source\\PSoC5\\cymetadata.c"
 1527              		.section	.debug_info,"",%progbits
 1528              	.Ldebug_info0:
 1529 0000 32010000 		.4byte	0x132
 1530 0004 0400     		.2byte	0x4
 1531 0006 00000000 		.4byte	.Ldebug_abbrev0
 1532 000a 04       		.byte	0x4
 1533 000b 01       		.uleb128 0x1
 1534 000c 0A000000 		.4byte	.LASF17
 1535 0010 0C       		.byte	0xc
ARM GAS  C:\Users\GYULAI~1\AppData\Local\Temp\ccBDnooJ.s 			page 28


 1536 0011 AB010000 		.4byte	.LASF18
 1537 0015 A4000000 		.4byte	.LASF19
 1538 0019 00000000 		.4byte	.Ldebug_line0
 1539 001d 02       		.uleb128 0x2
 1540 001e 01       		.byte	0x1
 1541 001f 06       		.byte	0x6
 1542 0020 9F010000 		.4byte	.LASF0
 1543 0024 03       		.uleb128 0x3
 1544 0025 00000000 		.4byte	.LASF9
 1545 0029 01       		.byte	0x1
 1546 002a 1D       		.byte	0x1d
 1547 002b 2F000000 		.4byte	0x2f
 1548 002f 02       		.uleb128 0x2
 1549 0030 01       		.byte	0x1
 1550 0031 08       		.byte	0x8
 1551 0032 D1000000 		.4byte	.LASF1
 1552 0036 02       		.uleb128 0x2
 1553 0037 02       		.byte	0x2
 1554 0038 05       		.byte	0x5
 1555 0039 8C010000 		.4byte	.LASF2
 1556 003d 02       		.uleb128 0x2
 1557 003e 02       		.byte	0x2
 1558 003f 07       		.byte	0x7
 1559 0040 F1000000 		.4byte	.LASF3
 1560 0044 02       		.uleb128 0x2
 1561 0045 04       		.byte	0x4
 1562 0046 05       		.byte	0x5
 1563 0047 96010000 		.4byte	.LASF4
 1564 004b 02       		.uleb128 0x2
 1565 004c 04       		.byte	0x4
 1566 004d 07       		.byte	0x7
 1567 004e DF000000 		.4byte	.LASF5
 1568 0052 02       		.uleb128 0x2
 1569 0053 08       		.byte	0x8
 1570 0054 05       		.byte	0x5
 1571 0055 7E010000 		.4byte	.LASF6
 1572 0059 02       		.uleb128 0x2
 1573 005a 08       		.byte	0x8
 1574 005b 07       		.byte	0x7
 1575 005c 33010000 		.4byte	.LASF7
 1576 0060 04       		.uleb128 0x4
 1577 0061 04       		.byte	0x4
 1578 0062 05       		.byte	0x5
 1579 0063 696E7400 		.ascii	"int\000"
 1580 0067 02       		.uleb128 0x2
 1581 0068 04       		.byte	0x4
 1582 0069 07       		.byte	0x7
 1583 006a 26010000 		.4byte	.LASF8
 1584 006e 03       		.uleb128 0x3
 1585 006f 4A010000 		.4byte	.LASF10
 1586 0073 02       		.byte	0x2
 1587 0074 18       		.byte	0x18
 1588 0075 24000000 		.4byte	0x24
 1589 0079 05       		.uleb128 0x5
 1590 007a 91000000 		.4byte	0x91
 1591 007e 8A000000 		.4byte	0x8a
 1592 0082 06       		.uleb128 0x6
ARM GAS  C:\Users\GYULAI~1\AppData\Local\Temp\ccBDnooJ.s 			page 29


 1593 0083 8A000000 		.4byte	0x8a
 1594 0087 AB05     		.2byte	0x5ab
 1595 0089 00       		.byte	0
 1596 008a 02       		.uleb128 0x2
 1597 008b 04       		.byte	0x4
 1598 008c 07       		.byte	0x7
 1599 008d 75010000 		.4byte	.LASF11
 1600 0091 07       		.uleb128 0x7
 1601 0092 6E000000 		.4byte	0x6e
 1602 0096 08       		.uleb128 0x8
 1603 0097 14010000 		.4byte	.LASF12
 1604 009b 03       		.byte	0x3
 1605 009c 1F       		.byte	0x1f
 1606 009d A7000000 		.4byte	0xa7
 1607 00a1 05       		.uleb128 0x5
 1608 00a2 03       		.byte	0x3
 1609 00a3 00000000 		.4byte	cy_meta_configecc
 1610 00a7 07       		.uleb128 0x7
 1611 00a8 79000000 		.4byte	0x79
 1612 00ac 05       		.uleb128 0x5
 1613 00ad 91000000 		.4byte	0x91
 1614 00b1 BC000000 		.4byte	0xbc
 1615 00b5 09       		.uleb128 0x9
 1616 00b6 8A000000 		.4byte	0x8a
 1617 00ba 03       		.byte	0x3
 1618 00bb 00       		.byte	0
 1619 00bc 08       		.uleb128 0x8
 1620 00bd 04010000 		.4byte	.LASF13
 1621 00c1 03       		.byte	0x3
 1622 00c2 E2       		.byte	0xe2
 1623 00c3 CD000000 		.4byte	0xcd
 1624 00c7 05       		.uleb128 0x5
 1625 00c8 03       		.byte	0x3
 1626 00c9 00000000 		.4byte	cy_meta_custnvl
 1627 00cd 07       		.uleb128 0x7
 1628 00ce AC000000 		.4byte	0xac
 1629 00d2 08       		.uleb128 0x8
 1630 00d3 67010000 		.4byte	.LASF14
 1631 00d7 03       		.byte	0x3
 1632 00d8 F0       		.byte	0xf0
 1633 00d9 E3000000 		.4byte	0xe3
 1634 00dd 05       		.uleb128 0x5
 1635 00de 03       		.byte	0x3
 1636 00df 00000000 		.4byte	cy_meta_wonvl
 1637 00e3 07       		.uleb128 0x7
 1638 00e4 AC000000 		.4byte	0xac
 1639 00e8 05       		.uleb128 0x5
 1640 00e9 91000000 		.4byte	0x91
 1641 00ed F8000000 		.4byte	0xf8
 1642 00f1 09       		.uleb128 0x9
 1643 00f2 8A000000 		.4byte	0x8a
 1644 00f6 FF       		.byte	0xff
 1645 00f7 00       		.byte	0
 1646 00f8 08       		.uleb128 0x8
 1647 00f9 52010000 		.4byte	.LASF15
 1648 00fd 03       		.byte	0x3
 1649 00fe FE       		.byte	0xfe
ARM GAS  C:\Users\GYULAI~1\AppData\Local\Temp\ccBDnooJ.s 			page 30


 1650 00ff 09010000 		.4byte	0x109
 1651 0103 05       		.uleb128 0x5
 1652 0104 03       		.byte	0x3
 1653 0105 00000000 		.4byte	cy_meta_flashprotect
 1654 0109 07       		.uleb128 0x7
 1655 010a E8000000 		.4byte	0xe8
 1656 010e 05       		.uleb128 0x5
 1657 010f 91000000 		.4byte	0x91
 1658 0113 1E010000 		.4byte	0x11e
 1659 0117 09       		.uleb128 0x9
 1660 0118 8A000000 		.4byte	0x8a
 1661 011c 0B       		.byte	0xb
 1662 011d 00       		.byte	0
 1663 011e 0A       		.uleb128 0xa
 1664 011f 98000000 		.4byte	.LASF16
 1665 0123 03       		.byte	0x3
 1666 0124 2B01     		.2byte	0x12b
 1667 0126 30010000 		.4byte	0x130
 1668 012a 05       		.uleb128 0x5
 1669 012b 03       		.byte	0x3
 1670 012c 00000000 		.4byte	cy_metadata
 1671 0130 07       		.uleb128 0x7
 1672 0131 0E010000 		.4byte	0x10e
 1673 0135 00       		.byte	0
 1674              		.section	.debug_abbrev,"",%progbits
 1675              	.Ldebug_abbrev0:
 1676 0000 01       		.uleb128 0x1
 1677 0001 11       		.uleb128 0x11
 1678 0002 01       		.byte	0x1
 1679 0003 25       		.uleb128 0x25
 1680 0004 0E       		.uleb128 0xe
 1681 0005 13       		.uleb128 0x13
 1682 0006 0B       		.uleb128 0xb
 1683 0007 03       		.uleb128 0x3
 1684 0008 0E       		.uleb128 0xe
 1685 0009 1B       		.uleb128 0x1b
 1686 000a 0E       		.uleb128 0xe
 1687 000b 10       		.uleb128 0x10
 1688 000c 17       		.uleb128 0x17
 1689 000d 00       		.byte	0
 1690 000e 00       		.byte	0
 1691 000f 02       		.uleb128 0x2
 1692 0010 24       		.uleb128 0x24
 1693 0011 00       		.byte	0
 1694 0012 0B       		.uleb128 0xb
 1695 0013 0B       		.uleb128 0xb
 1696 0014 3E       		.uleb128 0x3e
 1697 0015 0B       		.uleb128 0xb
 1698 0016 03       		.uleb128 0x3
 1699 0017 0E       		.uleb128 0xe
 1700 0018 00       		.byte	0
 1701 0019 00       		.byte	0
 1702 001a 03       		.uleb128 0x3
 1703 001b 16       		.uleb128 0x16
 1704 001c 00       		.byte	0
 1705 001d 03       		.uleb128 0x3
 1706 001e 0E       		.uleb128 0xe
ARM GAS  C:\Users\GYULAI~1\AppData\Local\Temp\ccBDnooJ.s 			page 31


 1707 001f 3A       		.uleb128 0x3a
 1708 0020 0B       		.uleb128 0xb
 1709 0021 3B       		.uleb128 0x3b
 1710 0022 0B       		.uleb128 0xb
 1711 0023 49       		.uleb128 0x49
 1712 0024 13       		.uleb128 0x13
 1713 0025 00       		.byte	0
 1714 0026 00       		.byte	0
 1715 0027 04       		.uleb128 0x4
 1716 0028 24       		.uleb128 0x24
 1717 0029 00       		.byte	0
 1718 002a 0B       		.uleb128 0xb
 1719 002b 0B       		.uleb128 0xb
 1720 002c 3E       		.uleb128 0x3e
 1721 002d 0B       		.uleb128 0xb
 1722 002e 03       		.uleb128 0x3
 1723 002f 08       		.uleb128 0x8
 1724 0030 00       		.byte	0
 1725 0031 00       		.byte	0
 1726 0032 05       		.uleb128 0x5
 1727 0033 01       		.uleb128 0x1
 1728 0034 01       		.byte	0x1
 1729 0035 49       		.uleb128 0x49
 1730 0036 13       		.uleb128 0x13
 1731 0037 01       		.uleb128 0x1
 1732 0038 13       		.uleb128 0x13
 1733 0039 00       		.byte	0
 1734 003a 00       		.byte	0
 1735 003b 06       		.uleb128 0x6
 1736 003c 21       		.uleb128 0x21
 1737 003d 00       		.byte	0
 1738 003e 49       		.uleb128 0x49
 1739 003f 13       		.uleb128 0x13
 1740 0040 2F       		.uleb128 0x2f
 1741 0041 05       		.uleb128 0x5
 1742 0042 00       		.byte	0
 1743 0043 00       		.byte	0
 1744 0044 07       		.uleb128 0x7
 1745 0045 26       		.uleb128 0x26
 1746 0046 00       		.byte	0
 1747 0047 49       		.uleb128 0x49
 1748 0048 13       		.uleb128 0x13
 1749 0049 00       		.byte	0
 1750 004a 00       		.byte	0
 1751 004b 08       		.uleb128 0x8
 1752 004c 34       		.uleb128 0x34
 1753 004d 00       		.byte	0
 1754 004e 03       		.uleb128 0x3
 1755 004f 0E       		.uleb128 0xe
 1756 0050 3A       		.uleb128 0x3a
 1757 0051 0B       		.uleb128 0xb
 1758 0052 3B       		.uleb128 0x3b
 1759 0053 0B       		.uleb128 0xb
 1760 0054 49       		.uleb128 0x49
 1761 0055 13       		.uleb128 0x13
 1762 0056 3F       		.uleb128 0x3f
 1763 0057 19       		.uleb128 0x19
ARM GAS  C:\Users\GYULAI~1\AppData\Local\Temp\ccBDnooJ.s 			page 32


 1764 0058 02       		.uleb128 0x2
 1765 0059 18       		.uleb128 0x18
 1766 005a 00       		.byte	0
 1767 005b 00       		.byte	0
 1768 005c 09       		.uleb128 0x9
 1769 005d 21       		.uleb128 0x21
 1770 005e 00       		.byte	0
 1771 005f 49       		.uleb128 0x49
 1772 0060 13       		.uleb128 0x13
 1773 0061 2F       		.uleb128 0x2f
 1774 0062 0B       		.uleb128 0xb
 1775 0063 00       		.byte	0
 1776 0064 00       		.byte	0
 1777 0065 0A       		.uleb128 0xa
 1778 0066 34       		.uleb128 0x34
 1779 0067 00       		.byte	0
 1780 0068 03       		.uleb128 0x3
 1781 0069 0E       		.uleb128 0xe
 1782 006a 3A       		.uleb128 0x3a
 1783 006b 0B       		.uleb128 0xb
 1784 006c 3B       		.uleb128 0x3b
 1785 006d 05       		.uleb128 0x5
 1786 006e 49       		.uleb128 0x49
 1787 006f 13       		.uleb128 0x13
 1788 0070 3F       		.uleb128 0x3f
 1789 0071 19       		.uleb128 0x19
 1790 0072 02       		.uleb128 0x2
 1791 0073 18       		.uleb128 0x18
 1792 0074 00       		.byte	0
 1793 0075 00       		.byte	0
 1794 0076 00       		.byte	0
 1795              		.section	.debug_aranges,"",%progbits
 1796 0000 14000000 		.4byte	0x14
 1797 0004 0200     		.2byte	0x2
 1798 0006 00000000 		.4byte	.Ldebug_info0
 1799 000a 04       		.byte	0x4
 1800 000b 00       		.byte	0
 1801 000c 0000     		.2byte	0
 1802 000e 0000     		.2byte	0
 1803 0010 00000000 		.4byte	0
 1804 0014 00000000 		.4byte	0
 1805              		.section	.debug_line,"",%progbits
 1806              	.Ldebug_line0:
 1807 0000 15010000 		.section	.debug_str,"MS",%progbits,1
 1807      02000F01 
 1807      00000201 
 1807      FB0E0D00 
 1807      01010101 
 1808              	.LASF9:
 1809 0000 5F5F7569 		.ascii	"__uint8_t\000"
 1809      6E74385F 
 1809      7400
 1810              	.LASF17:
 1811 000a 474E5520 		.ascii	"GNU C11 5.4.1 20160609 (release) [ARM/embedded-5-br"
 1811      43313120 
 1811      352E342E 
 1811      31203230 
ARM GAS  C:\Users\GYULAI~1\AppData\Local\Temp\ccBDnooJ.s 			page 33


 1811      31363036 
 1812 003d 616E6368 		.ascii	"anch revision 237715] -mcpu=cortex-m3 -mthumb -g -O"
 1812      20726576 
 1812      6973696F 
 1812      6E203233 
 1812      37373135 
 1813 0070 30202D66 		.ascii	"0 -ffunction-sections -ffat-lto-objects\000"
 1813      66756E63 
 1813      74696F6E 
 1813      2D736563 
 1813      74696F6E 
 1814              	.LASF16:
 1815 0098 63795F6D 		.ascii	"cy_metadata\000"
 1815      65746164 
 1815      61746100 
 1816              	.LASF19:
 1817 00a4 453A5C43 		.ascii	"E:\\Cypress\\Projects\\RheaWorkspace\\Rhea.cydsn\000"
 1817      79707265 
 1817      73735C50 
 1817      726F6A65 
 1817      6374735C 
 1818              	.LASF1:
 1819 00d1 756E7369 		.ascii	"unsigned char\000"
 1819      676E6564 
 1819      20636861 
 1819      7200
 1820              	.LASF5:
 1821 00df 6C6F6E67 		.ascii	"long unsigned int\000"
 1821      20756E73 
 1821      69676E65 
 1821      6420696E 
 1821      7400
 1822              	.LASF3:
 1823 00f1 73686F72 		.ascii	"short unsigned int\000"
 1823      7420756E 
 1823      7369676E 
 1823      65642069 
 1823      6E7400
 1824              	.LASF13:
 1825 0104 63795F6D 		.ascii	"cy_meta_custnvl\000"
 1825      6574615F 
 1825      63757374 
 1825      6E766C00 
 1826              	.LASF12:
 1827 0114 63795F6D 		.ascii	"cy_meta_configecc\000"
 1827      6574615F 
 1827      636F6E66 
 1827      69676563 
 1827      6300
 1828              	.LASF8:
 1829 0126 756E7369 		.ascii	"unsigned int\000"
 1829      676E6564 
 1829      20696E74 
 1829      00
 1830              	.LASF7:
 1831 0133 6C6F6E67 		.ascii	"long long unsigned int\000"
 1831      206C6F6E 
ARM GAS  C:\Users\GYULAI~1\AppData\Local\Temp\ccBDnooJ.s 			page 34


 1831      6720756E 
 1831      7369676E 
 1831      65642069 
 1832              	.LASF10:
 1833 014a 75696E74 		.ascii	"uint8_t\000"
 1833      385F7400 
 1834              	.LASF15:
 1835 0152 63795F6D 		.ascii	"cy_meta_flashprotect\000"
 1835      6574615F 
 1835      666C6173 
 1835      6870726F 
 1835      74656374 
 1836              	.LASF14:
 1837 0167 63795F6D 		.ascii	"cy_meta_wonvl\000"
 1837      6574615F 
 1837      776F6E76 
 1837      6C00
 1838              	.LASF11:
 1839 0175 73697A65 		.ascii	"sizetype\000"
 1839      74797065 
 1839      00
 1840              	.LASF6:
 1841 017e 6C6F6E67 		.ascii	"long long int\000"
 1841      206C6F6E 
 1841      6720696E 
 1841      7400
 1842              	.LASF2:
 1843 018c 73686F72 		.ascii	"short int\000"
 1843      7420696E 
 1843      7400
 1844              	.LASF4:
 1845 0196 6C6F6E67 		.ascii	"long int\000"
 1845      20696E74 
 1845      00
 1846              	.LASF0:
 1847 019f 7369676E 		.ascii	"signed char\000"
 1847      65642063 
 1847      68617200 
 1848              	.LASF18:
 1849 01ab 47656E65 		.ascii	"Generated_Source\\PSoC5\\cymetadata.c\000"
 1849      72617465 
 1849      645F536F 
 1849      75726365 
 1849      5C50536F 
 1850              		.ident	"GCC: (GNU Tools for ARM Embedded Processors) 5.4.1 20160609 (release) [ARM/embedded-5-bran
