ARM GAS  C:\Users\GYULAI~1\AppData\Local\Temp\ccNYeuiP.s 			page 1


   1              		.syntax unified
   2              		.cpu cortex-m3
   3              		.fpu softvfp
   4              		.eabi_attribute 20, 1
   5              		.eabi_attribute 21, 1
   6              		.eabi_attribute 23, 3
   7              		.eabi_attribute 24, 1
   8              		.eabi_attribute 25, 1
   9              		.eabi_attribute 26, 1
  10              		.eabi_attribute 30, 1
  11              		.eabi_attribute 34, 1
  12              		.eabi_attribute 18, 4
  13              		.thumb
  14              		.syntax unified
  15              		.file	"gfx_impl.c"
  16              		.text
  17              	.Ltext0:
  18              		.cfi_sections	.debug_frame
  19              		.section	.text.rhea_gfx_initialize_impl,"ax",%progbits
  20              		.align	2
  21              		.global	rhea_gfx_initialize_impl
  22              		.thumb
  23              		.thumb_func
  24              		.type	rhea_gfx_initialize_impl, %function
  25              	rhea_gfx_initialize_impl:
  26              	.LFB0:
  27              		.file 1 "rhea\\gfx\\gfx_impl.c"
   1:rhea\gfx/gfx_impl.c **** /*********************************************************************************
   2:rhea\gfx/gfx_impl.c ****  * Copyright (c) 2020 Peter Gyulai
   3:rhea\gfx/gfx_impl.c ****  *
   4:rhea\gfx/gfx_impl.c ****  * Permission is hereby granted, free of charge, to any person obtaining a copy
   5:rhea\gfx/gfx_impl.c ****  * of this software and associated documentation files (the "Software"), to deal
   6:rhea\gfx/gfx_impl.c ****  * in the Software without restriction, including without limitation the rights
   7:rhea\gfx/gfx_impl.c ****  * to use, copy, modify, merge, publish, distribute, sublicense, and/or sell
   8:rhea\gfx/gfx_impl.c ****  * copies of the Software, and to permit persons to whom the Software is
   9:rhea\gfx/gfx_impl.c ****  * furnished to do so, subject to the following conditions:
  10:rhea\gfx/gfx_impl.c ****  *
  11:rhea\gfx/gfx_impl.c ****  * The above copyright notice and this permission notice shall be included in all
  12:rhea\gfx/gfx_impl.c ****  * copies or substantial portions of the Software.
  13:rhea\gfx/gfx_impl.c ****  *
  14:rhea\gfx/gfx_impl.c ****  * THE SOFTWARE IS PROVIDED "AS IS", WITHOUT WARRANTY OF ANY KIND,
  15:rhea\gfx/gfx_impl.c ****  * EXPRESS OR IMPLIED, INCLUDING BUT NOT LIMITED TO THE WARRANTIES OF
  16:rhea\gfx/gfx_impl.c ****  * MERCHANTABILITY, FITNESS FOR A PARTICULAR PURPOSE AND NONINFRINGEMENT.
  17:rhea\gfx/gfx_impl.c ****  * IN NO EVENT SHALL THE AUTHORS OR COPYRIGHT HOLDERS BE LIABLE FOR ANY CLAIM,
  18:rhea\gfx/gfx_impl.c ****  * DAMAGES OR OTHER LIABILITY, WHETHER IN AN ACTION OF CONTRACT, TORT OR
  19:rhea\gfx/gfx_impl.c ****  * OTHERWISE, ARISING FROM, OUT OF OR IN CONNECTION WITH THE SOFTWARE OR THE USE
  20:rhea\gfx/gfx_impl.c ****  * OR OTHER DEALINGS IN THE SOFTWARE.
  21:rhea\gfx/gfx_impl.c **** **********************************************************************************/
  22:rhea\gfx/gfx_impl.c **** 
  23:rhea\gfx/gfx_impl.c **** /**
  24:rhea\gfx/gfx_impl.c ****  * @file    gfx_impl.c
  25:rhea\gfx/gfx_impl.c ****  * @author  Peter Gyulai
  26:rhea\gfx/gfx_impl.c ****  * @version 1.0.0
  27:rhea\gfx/gfx_impl.c ****  * @date    2020.04.19
  28:rhea\gfx/gfx_impl.c ****  * @brief   Graphics driver implementation.
  29:rhea\gfx/gfx_impl.c ****  * @details
  30:rhea\gfx/gfx_impl.c ****  * This file contains the graphics driver implementation. Implement the driver 
ARM GAS  C:\Users\GYULAI~1\AppData\Local\Temp\ccNYeuiP.s 			page 2


  31:rhea\gfx/gfx_impl.c ****  * functionality here when porting to a new graphics target driver.
  32:rhea\gfx/gfx_impl.c ****  */
  33:rhea\gfx/gfx_impl.c **** 
  34:rhea\gfx/gfx_impl.c **** // Including necessary headers
  35:rhea\gfx/gfx_impl.c **** #include "gfx_config.h"
  36:rhea\gfx/gfx_impl.c **** #include "gfx_impl.h"
  37:rhea\gfx/gfx_impl.c **** #include "gfx.h"
  38:rhea\gfx/gfx_impl.c **** 
  39:rhea\gfx/gfx_impl.c **** // Implementation for SSD1306 graphics target
  40:rhea\gfx/gfx_impl.c **** #if defined(RHEA_GFX_TARGET_SSD1306)
  41:rhea\gfx/gfx_impl.c **** 
  42:rhea\gfx/gfx_impl.c ****     // Defining display resolution
  43:rhea\gfx/gfx_impl.c ****     #if     defined(RHEA_GFX_RESOLUTION_128X64) 
  44:rhea\gfx/gfx_impl.c ****         #define SSD1306_128X64
  45:rhea\gfx/gfx_impl.c ****     #elif   defined(RHEA_GFX_RESOLUTION_128X32) 
  46:rhea\gfx/gfx_impl.c ****         #define SSD1306_128X32
  47:rhea\gfx/gfx_impl.c ****     #elif   defined(RHEA_GFX_RESOLUTION_96X16)  
  48:rhea\gfx/gfx_impl.c ****         #define SSD1306_96X16
  49:rhea\gfx/gfx_impl.c ****     #endif
  50:rhea\gfx/gfx_impl.c **** 
  51:rhea\gfx/gfx_impl.c ****     // Including SSD1306 driver
  52:rhea\gfx/gfx_impl.c ****     #include "../drivers/SSD1306/SSD1306.h"
  53:rhea\gfx/gfx_impl.c **** 
  54:rhea\gfx/gfx_impl.c ****     // Including I2C driver
  55:rhea\gfx/gfx_impl.c ****     #include "../i2c/i2c.h"
  56:rhea\gfx/gfx_impl.c **** 
  57:rhea\gfx/gfx_impl.c ****     void rhea_gfx_initialize_impl(void) {
  28              		.loc 1 57 0
  29              		.cfi_startproc
  30              		@ args = 0, pretend = 0, frame = 16
  31              		@ frame_needed = 0, uses_anonymous_args = 0
  32 0000 00B5     		push	{lr}
  33              		.cfi_def_cfa_offset 4
  34              		.cfi_offset 14, -4
  35 0002 85B0     		sub	sp, sp, #20
  36              		.cfi_def_cfa_offset 24
  58:rhea\gfx/gfx_impl.c **** 
  59:rhea\gfx/gfx_impl.c ****         // Initializing I2C controller structure
  60:rhea\gfx/gfx_impl.c ****         SSD1306_I2CControllerStruct controller = {
  37              		.loc 1 60 0
  38 0004 054A     		ldr	r2, .L3
  39 0006 01AB     		add	r3, sp, #4
  40 0008 07CA     		ldmia	r2, {r0, r1, r2}
  41 000a 83E80700 		stmia	r3, {r0, r1, r2}
  61:rhea\gfx/gfx_impl.c ****             .MasterSendStart = rhea_i2c_MasterSendStart,
  62:rhea\gfx/gfx_impl.c ****             .MasterSendStop  = rhea_i2c_MasterSendStop,
  63:rhea\gfx/gfx_impl.c ****             .MasterWriteByte = rhea_i2c_MasterWriteByte
  64:rhea\gfx/gfx_impl.c ****         };
  65:rhea\gfx/gfx_impl.c **** 
  66:rhea\gfx/gfx_impl.c ****         // Installing I2C controller to the driver
  67:rhea\gfx/gfx_impl.c ****         SSD1306_SetI2CController(controller);
  42              		.loc 1 67 0
  43 000e FFF7FEFF 		bl	SSD1306_SetI2CController
  44              	.LVL0:
  68:rhea\gfx/gfx_impl.c **** 
  69:rhea\gfx/gfx_impl.c ****         // Initializing driver
  70:rhea\gfx/gfx_impl.c ****         SSD1306_Init();
ARM GAS  C:\Users\GYULAI~1\AppData\Local\Temp\ccNYeuiP.s 			page 3


  45              		.loc 1 70 0
  46 0012 FFF7FEFF 		bl	SSD1306_Init
  47              	.LVL1:
  71:rhea\gfx/gfx_impl.c ****     }
  48              		.loc 1 71 0
  49 0016 05B0     		add	sp, sp, #20
  50              		.cfi_def_cfa_offset 4
  51              		@ sp needed
  52 0018 5DF804FB 		ldr	pc, [sp], #4
  53              	.L4:
  54              		.align	2
  55              	.L3:
  56 001c 00000000 		.word	.LANCHOR0
  57              		.cfi_endproc
  58              	.LFE0:
  59              		.size	rhea_gfx_initialize_impl, .-rhea_gfx_initialize_impl
  60              		.section	.text.rhea_gfx_reset_impl,"ax",%progbits
  61              		.align	2
  62              		.global	rhea_gfx_reset_impl
  63              		.thumb
  64              		.thumb_func
  65              		.type	rhea_gfx_reset_impl, %function
  66              	rhea_gfx_reset_impl:
  67              	.LFB1:
  72:rhea\gfx/gfx_impl.c **** 
  73:rhea\gfx/gfx_impl.c ****     void rhea_gfx_reset_impl(void) {
  68              		.loc 1 73 0
  69              		.cfi_startproc
  70              		@ args = 0, pretend = 0, frame = 0
  71              		@ frame_needed = 0, uses_anonymous_args = 0
  72 0000 08B5     		push	{r3, lr}
  73              		.cfi_def_cfa_offset 8
  74              		.cfi_offset 3, -8
  75              		.cfi_offset 14, -4
  74:rhea\gfx/gfx_impl.c **** 
  75:rhea\gfx/gfx_impl.c ****         // Resetting driver
  76:rhea\gfx/gfx_impl.c ****         SSD1306_Reset();
  76              		.loc 1 76 0
  77 0002 FFF7FEFF 		bl	SSD1306_Reset
  78              	.LVL2:
  79 0006 08BD     		pop	{r3, pc}
  80              		.cfi_endproc
  81              	.LFE1:
  82              		.size	rhea_gfx_reset_impl, .-rhea_gfx_reset_impl
  83              		.section	.text.rhea_gfx_clear_impl,"ax",%progbits
  84              		.align	2
  85              		.global	rhea_gfx_clear_impl
  86              		.thumb
  87              		.thumb_func
  88              		.type	rhea_gfx_clear_impl, %function
  89              	rhea_gfx_clear_impl:
  90              	.LFB2:
  77:rhea\gfx/gfx_impl.c ****     }
  78:rhea\gfx/gfx_impl.c **** 
  79:rhea\gfx/gfx_impl.c ****     void rhea_gfx_clear_impl(void) {
  91              		.loc 1 79 0
  92              		.cfi_startproc
ARM GAS  C:\Users\GYULAI~1\AppData\Local\Temp\ccNYeuiP.s 			page 4


  93              		@ args = 0, pretend = 0, frame = 0
  94              		@ frame_needed = 0, uses_anonymous_args = 0
  95 0000 08B5     		push	{r3, lr}
  96              		.cfi_def_cfa_offset 8
  97              		.cfi_offset 3, -8
  98              		.cfi_offset 14, -4
  80:rhea\gfx/gfx_impl.c **** 
  81:rhea\gfx/gfx_impl.c ****         // Clearing driver
  82:rhea\gfx/gfx_impl.c ****         SSD1306_ClearDisplay();
  99              		.loc 1 82 0
 100 0002 FFF7FEFF 		bl	SSD1306_ClearDisplay
 101              	.LVL3:
  83:rhea\gfx/gfx_impl.c **** 
  84:rhea\gfx/gfx_impl.c ****         // Refreshing display
  85:rhea\gfx/gfx_impl.c ****         SSD1306_RefreshDisplay();
 102              		.loc 1 85 0
 103 0006 FFF7FEFF 		bl	SSD1306_RefreshDisplay
 104              	.LVL4:
 105 000a 08BD     		pop	{r3, pc}
 106              		.cfi_endproc
 107              	.LFE2:
 108              		.size	rhea_gfx_clear_impl, .-rhea_gfx_clear_impl
 109              		.section	.text.rhea_gfx_refresh_impl,"ax",%progbits
 110              		.align	2
 111              		.global	rhea_gfx_refresh_impl
 112              		.thumb
 113              		.thumb_func
 114              		.type	rhea_gfx_refresh_impl, %function
 115              	rhea_gfx_refresh_impl:
 116              	.LFB3:
  86:rhea\gfx/gfx_impl.c ****     }
  87:rhea\gfx/gfx_impl.c **** 
  88:rhea\gfx/gfx_impl.c ****     void rhea_gfx_refresh_impl(void) {
 117              		.loc 1 88 0
 118              		.cfi_startproc
 119              		@ args = 0, pretend = 0, frame = 0
 120              		@ frame_needed = 0, uses_anonymous_args = 0
 121 0000 08B5     		push	{r3, lr}
 122              		.cfi_def_cfa_offset 8
 123              		.cfi_offset 3, -8
 124              		.cfi_offset 14, -4
  89:rhea\gfx/gfx_impl.c **** 
  90:rhea\gfx/gfx_impl.c ****         // Refreshing display
  91:rhea\gfx/gfx_impl.c ****         SSD1306_RefreshDisplay();
 125              		.loc 1 91 0
 126 0002 FFF7FEFF 		bl	SSD1306_RefreshDisplay
 127              	.LVL5:
 128 0006 08BD     		pop	{r3, pc}
 129              		.cfi_endproc
 130              	.LFE3:
 131              		.size	rhea_gfx_refresh_impl, .-rhea_gfx_refresh_impl
 132              		.section	.text.rhea_gfx_writePixel_impl,"ax",%progbits
 133              		.align	2
 134              		.global	rhea_gfx_writePixel_impl
 135              		.thumb
 136              		.thumb_func
 137              		.type	rhea_gfx_writePixel_impl, %function
ARM GAS  C:\Users\GYULAI~1\AppData\Local\Temp\ccNYeuiP.s 			page 5


 138              	rhea_gfx_writePixel_impl:
 139              	.LFB4:
  92:rhea\gfx/gfx_impl.c ****     }
  93:rhea\gfx/gfx_impl.c **** 
  94:rhea\gfx/gfx_impl.c ****     void rhea_gfx_writePixel_impl(rhea_gfx_coordinate x, rhea_gfx_coordinate y, rhea_gfx_color colo
 140              		.loc 1 94 0
 141              		.cfi_startproc
 142              		@ args = 0, pretend = 0, frame = 0
 143              		@ frame_needed = 0, uses_anonymous_args = 0
 144              	.LVL6:
 145 0000 08B5     		push	{r3, lr}
 146              		.cfi_def_cfa_offset 8
 147              		.cfi_offset 3, -8
 148              		.cfi_offset 14, -4
  95:rhea\gfx/gfx_impl.c **** 
  96:rhea\gfx/gfx_impl.c ****         // Writing pixel to the display buffer
  97:rhea\gfx/gfx_impl.c ****         SSD1306_WritePixel(x, y, color);
 149              		.loc 1 97 0
 150 0002 C9B2     		uxtb	r1, r1
 151              	.LVL7:
 152 0004 C0B2     		uxtb	r0, r0
 153              	.LVL8:
 154 0006 FFF7FEFF 		bl	SSD1306_WritePixel
 155              	.LVL9:
 156 000a 08BD     		pop	{r3, pc}
 157              		.cfi_endproc
 158              	.LFE4:
 159              		.size	rhea_gfx_writePixel_impl, .-rhea_gfx_writePixel_impl
 160              		.section	.rodata
 161              		.align	2
 162              		.set	.LANCHOR0,. + 0
 163              	.LC0:
 164 0000 00000000 		.word	rhea_i2c_MasterSendStart
 165 0004 00000000 		.word	rhea_i2c_MasterSendStop
 166 0008 00000000 		.word	rhea_i2c_MasterWriteByte
 167              		.text
 168              	.Letext0:
 169              		.file 2 "e:\\cypress\\psoc creator\\4.2\\psoc creator\\import\\gnu\\arm\\5.4.1\\arm-none-eabi\\inc
 170              		.file 3 "e:\\cypress\\psoc creator\\4.2\\psoc creator\\import\\gnu\\arm\\5.4.1\\arm-none-eabi\\inc
 171              		.file 4 "rhea\\gfx\\gfx.h"
 172              		.file 5 "rhea\\gfx\\../drivers/SSD1306/SSD1306.h"
 173              		.section	.debug_info,"",%progbits
 174              	.Ldebug_info0:
 175 0000 49020000 		.4byte	0x249
 176 0004 0400     		.2byte	0x4
 177 0006 00000000 		.4byte	.Ldebug_abbrev0
 178 000a 04       		.byte	0x4
 179 000b 01       		.uleb128 0x1
 180 000c EB000000 		.4byte	.LASF31
 181 0010 0C       		.byte	0xc
 182 0011 50000000 		.4byte	.LASF32
 183 0015 7B000000 		.4byte	.LASF33
 184 0019 00000000 		.4byte	.Ldebug_ranges0+0
 185 001d 00000000 		.4byte	0
 186 0021 00000000 		.4byte	.Ldebug_line0
 187 0025 02       		.uleb128 0x2
 188 0026 01       		.byte	0x1
ARM GAS  C:\Users\GYULAI~1\AppData\Local\Temp\ccNYeuiP.s 			page 6


 189 0027 06       		.byte	0x6
 190 0028 98020000 		.4byte	.LASF0
 191 002c 03       		.uleb128 0x3
 192 002d 23000000 		.4byte	.LASF3
 193 0031 02       		.byte	0x2
 194 0032 1D       		.byte	0x1d
 195 0033 37000000 		.4byte	0x37
 196 0037 02       		.uleb128 0x2
 197 0038 01       		.byte	0x1
 198 0039 08       		.byte	0x8
 199 003a DD000000 		.4byte	.LASF1
 200 003e 02       		.uleb128 0x2
 201 003f 02       		.byte	0x2
 202 0040 05       		.byte	0x5
 203 0041 5C020000 		.4byte	.LASF2
 204 0045 03       		.uleb128 0x3
 205 0046 C9010000 		.4byte	.LASF4
 206 004a 02       		.byte	0x2
 207 004b 2B       		.byte	0x2b
 208 004c 50000000 		.4byte	0x50
 209 0050 02       		.uleb128 0x2
 210 0051 02       		.byte	0x2
 211 0052 07       		.byte	0x7
 212 0053 B6010000 		.4byte	.LASF5
 213 0057 02       		.uleb128 0x2
 214 0058 04       		.byte	0x4
 215 0059 05       		.byte	0x5
 216 005a 82020000 		.4byte	.LASF6
 217 005e 02       		.uleb128 0x2
 218 005f 04       		.byte	0x4
 219 0060 07       		.byte	0x7
 220 0061 8F010000 		.4byte	.LASF7
 221 0065 02       		.uleb128 0x2
 222 0066 08       		.byte	0x8
 223 0067 05       		.byte	0x5
 224 0068 43020000 		.4byte	.LASF8
 225 006c 02       		.uleb128 0x2
 226 006d 08       		.byte	0x8
 227 006e 07       		.byte	0x7
 228 006f F7010000 		.4byte	.LASF9
 229 0073 04       		.uleb128 0x4
 230 0074 04       		.byte	0x4
 231 0075 05       		.byte	0x5
 232 0076 696E7400 		.ascii	"int\000"
 233 007a 02       		.uleb128 0x2
 234 007b 04       		.byte	0x4
 235 007c 07       		.byte	0x7
 236 007d EA010000 		.4byte	.LASF10
 237 0081 03       		.uleb128 0x3
 238 0082 0E020000 		.4byte	.LASF11
 239 0086 03       		.byte	0x3
 240 0087 18       		.byte	0x18
 241 0088 2C000000 		.4byte	0x2c
 242 008c 03       		.uleb128 0x3
 243 008d 66020000 		.4byte	.LASF12
 244 0091 03       		.byte	0x3
 245 0092 24       		.byte	0x24
ARM GAS  C:\Users\GYULAI~1\AppData\Local\Temp\ccNYeuiP.s 			page 7


 246 0093 45000000 		.4byte	0x45
 247 0097 03       		.uleb128 0x3
 248 0098 2D000000 		.4byte	.LASF13
 249 009c 04       		.byte	0x4
 250 009d 45       		.byte	0x45
 251 009e 81000000 		.4byte	0x81
 252 00a2 03       		.uleb128 0x3
 253 00a3 0F000000 		.4byte	.LASF14
 254 00a7 04       		.byte	0x4
 255 00a8 4B       		.byte	0x4b
 256 00a9 8C000000 		.4byte	0x8c
 257 00ad 05       		.uleb128 0x5
 258 00ae C1000000 		.4byte	.LASF18
 259 00b2 0C       		.byte	0xc
 260 00b3 05       		.byte	0x5
 261 00b4 39       		.byte	0x39
 262 00b5 DE000000 		.4byte	0xde
 263 00b9 06       		.uleb128 0x6
 264 00ba DA010000 		.4byte	.LASF15
 265 00be 05       		.byte	0x5
 266 00bf 40       		.byte	0x40
 267 00c0 EE000000 		.4byte	0xee
 268 00c4 00       		.byte	0
 269 00c5 06       		.uleb128 0x6
 270 00c6 00000000 		.4byte	.LASF16
 271 00ca 05       		.byte	0x5
 272 00cb 45       		.byte	0x45
 273 00cc F5000000 		.4byte	0xf5
 274 00d0 04       		.byte	0x4
 275 00d1 06       		.uleb128 0x6
 276 00d2 A4020000 		.4byte	.LASF17
 277 00d6 05       		.byte	0x5
 278 00d7 4B       		.byte	0x4b
 279 00d8 06010000 		.4byte	0x106
 280 00dc 08       		.byte	0x8
 281 00dd 00       		.byte	0
 282 00de 07       		.uleb128 0x7
 283 00df EE000000 		.4byte	0xee
 284 00e3 08       		.uleb128 0x8
 285 00e4 81000000 		.4byte	0x81
 286 00e8 08       		.uleb128 0x8
 287 00e9 81000000 		.4byte	0x81
 288 00ed 00       		.byte	0
 289 00ee 09       		.uleb128 0x9
 290 00ef 04       		.byte	0x4
 291 00f0 DE000000 		.4byte	0xde
 292 00f4 0A       		.uleb128 0xa
 293 00f5 09       		.uleb128 0x9
 294 00f6 04       		.byte	0x4
 295 00f7 F4000000 		.4byte	0xf4
 296 00fb 07       		.uleb128 0x7
 297 00fc 06010000 		.4byte	0x106
 298 0100 08       		.uleb128 0x8
 299 0101 81000000 		.4byte	0x81
 300 0105 00       		.byte	0
 301 0106 09       		.uleb128 0x9
 302 0107 04       		.byte	0x4
ARM GAS  C:\Users\GYULAI~1\AppData\Local\Temp\ccNYeuiP.s 			page 8


 303 0108 FB000000 		.4byte	0xfb
 304 010c 03       		.uleb128 0x3
 305 010d C1000000 		.4byte	.LASF18
 306 0111 05       		.byte	0x5
 307 0112 4D       		.byte	0x4d
 308 0113 AD000000 		.4byte	0xad
 309 0117 0B       		.uleb128 0xb
 310 0118 A8000000 		.4byte	.LASF19
 311 011c 01       		.byte	0x1
 312 011d 39       		.byte	0x39
 313 011e 00000000 		.4byte	.LFB0
 314 0122 20000000 		.4byte	.LFE0-.LFB0
 315 0126 01       		.uleb128 0x1
 316 0127 9C       		.byte	0x9c
 317 0128 4D010000 		.4byte	0x14d
 318 012c 0C       		.uleb128 0xc
 319 012d 51020000 		.4byte	.LASF34
 320 0131 01       		.byte	0x1
 321 0132 3C       		.byte	0x3c
 322 0133 0C010000 		.4byte	0x10c
 323 0137 02       		.uleb128 0x2
 324 0138 91       		.byte	0x91
 325 0139 6C       		.sleb128 -20
 326 013a 0D       		.uleb128 0xd
 327 013b 12000000 		.4byte	.LVL0
 328 013f 0A020000 		.4byte	0x20a
 329 0143 0D       		.uleb128 0xd
 330 0144 16000000 		.4byte	.LVL1
 331 0148 15020000 		.4byte	0x215
 332 014c 00       		.byte	0
 333 014d 0B       		.uleb128 0xb
 334 014e 2F020000 		.4byte	.LASF20
 335 0152 01       		.byte	0x1
 336 0153 49       		.byte	0x49
 337 0154 00000000 		.4byte	.LFB1
 338 0158 08000000 		.4byte	.LFE1-.LFB1
 339 015c 01       		.uleb128 0x1
 340 015d 9C       		.byte	0x9c
 341 015e 6C010000 		.4byte	0x16c
 342 0162 0D       		.uleb128 0xd
 343 0163 06000000 		.4byte	.LVL2
 344 0167 20020000 		.4byte	0x220
 345 016b 00       		.byte	0
 346 016c 0B       		.uleb128 0xb
 347 016d 3C000000 		.4byte	.LASF21
 348 0171 01       		.byte	0x1
 349 0172 4F       		.byte	0x4f
 350 0173 00000000 		.4byte	.LFB2
 351 0177 0C000000 		.4byte	.LFE2-.LFB2
 352 017b 01       		.uleb128 0x1
 353 017c 9C       		.byte	0x9c
 354 017d 94010000 		.4byte	0x194
 355 0181 0D       		.uleb128 0xd
 356 0182 06000000 		.4byte	.LVL3
 357 0186 2B020000 		.4byte	0x22b
 358 018a 0D       		.uleb128 0xd
 359 018b 0A000000 		.4byte	.LVL4
ARM GAS  C:\Users\GYULAI~1\AppData\Local\Temp\ccNYeuiP.s 			page 9


 360 018f 36020000 		.4byte	0x236
 361 0193 00       		.byte	0
 362 0194 0B       		.uleb128 0xb
 363 0195 79010000 		.4byte	.LASF22
 364 0199 01       		.byte	0x1
 365 019a 58       		.byte	0x58
 366 019b 00000000 		.4byte	.LFB3
 367 019f 08000000 		.4byte	.LFE3-.LFB3
 368 01a3 01       		.uleb128 0x1
 369 01a4 9C       		.byte	0x9c
 370 01a5 B3010000 		.4byte	0x1b3
 371 01a9 0D       		.uleb128 0xd
 372 01aa 06000000 		.4byte	.LVL5
 373 01ae 36020000 		.4byte	0x236
 374 01b2 00       		.byte	0
 375 01b3 0B       		.uleb128 0xb
 376 01b4 C2020000 		.4byte	.LASF23
 377 01b8 01       		.byte	0x1
 378 01b9 5E       		.byte	0x5e
 379 01ba 00000000 		.4byte	.LFB4
 380 01be 0C000000 		.4byte	.LFE4-.LFB4
 381 01c2 01       		.uleb128 0x1
 382 01c3 9C       		.byte	0x9c
 383 01c4 0A020000 		.4byte	0x20a
 384 01c8 0E       		.uleb128 0xe
 385 01c9 7800     		.ascii	"x\000"
 386 01cb 01       		.byte	0x1
 387 01cc 5E       		.byte	0x5e
 388 01cd A2000000 		.4byte	0xa2
 389 01d1 00000000 		.4byte	.LLST0
 390 01d5 0E       		.uleb128 0xe
 391 01d6 7900     		.ascii	"y\000"
 392 01d8 01       		.byte	0x1
 393 01d9 5E       		.byte	0x5e
 394 01da A2000000 		.4byte	0xa2
 395 01de 21000000 		.4byte	.LLST1
 396 01e2 0F       		.uleb128 0xf
 397 01e3 D4010000 		.4byte	.LASF24
 398 01e7 01       		.byte	0x1
 399 01e8 5E       		.byte	0x5e
 400 01e9 97000000 		.4byte	0x97
 401 01ed 42000000 		.4byte	.LLST2
 402 01f1 10       		.uleb128 0x10
 403 01f2 0A000000 		.4byte	.LVL9
 404 01f6 41020000 		.4byte	0x241
 405 01fa 11       		.uleb128 0x11
 406 01fb 01       		.uleb128 0x1
 407 01fc 50       		.byte	0x50
 408 01fd 03       		.uleb128 0x3
 409 01fe F3       		.byte	0xf3
 410 01ff 01       		.uleb128 0x1
 411 0200 50       		.byte	0x50
 412 0201 11       		.uleb128 0x11
 413 0202 01       		.uleb128 0x1
 414 0203 51       		.byte	0x51
 415 0204 03       		.uleb128 0x3
 416 0205 F3       		.byte	0xf3
ARM GAS  C:\Users\GYULAI~1\AppData\Local\Temp\ccNYeuiP.s 			page 10


 417 0206 01       		.uleb128 0x1
 418 0207 51       		.byte	0x51
 419 0208 00       		.byte	0
 420 0209 00       		.byte	0
 421 020a 12       		.uleb128 0x12
 422 020b 16020000 		.4byte	.LASF25
 423 020f 16020000 		.4byte	.LASF25
 424 0213 05       		.byte	0x5
 425 0214 53       		.byte	0x53
 426 0215 12       		.uleb128 0x12
 427 0216 8B020000 		.4byte	.LASF26
 428 021a 8B020000 		.4byte	.LASF26
 429 021e 05       		.byte	0x5
 430 021f 6F       		.byte	0x6f
 431 0220 12       		.uleb128 0x12
 432 0221 B4020000 		.4byte	.LASF27
 433 0225 B4020000 		.4byte	.LASF27
 434 0229 05       		.byte	0x5
 435 022a 74       		.byte	0x74
 436 022b 12       		.uleb128 0x12
 437 022c A1010000 		.4byte	.LASF28
 438 0230 A1010000 		.4byte	.LASF28
 439 0234 05       		.byte	0x5
 440 0235 A9       		.byte	0xa9
 441 0236 12       		.uleb128 0x12
 442 0237 64000000 		.4byte	.LASF29
 443 023b 64000000 		.4byte	.LASF29
 444 023f 05       		.byte	0x5
 445 0240 AE       		.byte	0xae
 446 0241 12       		.uleb128 0x12
 447 0242 6F020000 		.4byte	.LASF30
 448 0246 6F020000 		.4byte	.LASF30
 449 024a 05       		.byte	0x5
 450 024b A1       		.byte	0xa1
 451 024c 00       		.byte	0
 452              		.section	.debug_abbrev,"",%progbits
 453              	.Ldebug_abbrev0:
 454 0000 01       		.uleb128 0x1
 455 0001 11       		.uleb128 0x11
 456 0002 01       		.byte	0x1
 457 0003 25       		.uleb128 0x25
 458 0004 0E       		.uleb128 0xe
 459 0005 13       		.uleb128 0x13
 460 0006 0B       		.uleb128 0xb
 461 0007 03       		.uleb128 0x3
 462 0008 0E       		.uleb128 0xe
 463 0009 1B       		.uleb128 0x1b
 464 000a 0E       		.uleb128 0xe
 465 000b 55       		.uleb128 0x55
 466 000c 17       		.uleb128 0x17
 467 000d 11       		.uleb128 0x11
 468 000e 01       		.uleb128 0x1
 469 000f 10       		.uleb128 0x10
 470 0010 17       		.uleb128 0x17
 471 0011 00       		.byte	0
 472 0012 00       		.byte	0
 473 0013 02       		.uleb128 0x2
ARM GAS  C:\Users\GYULAI~1\AppData\Local\Temp\ccNYeuiP.s 			page 11


 474 0014 24       		.uleb128 0x24
 475 0015 00       		.byte	0
 476 0016 0B       		.uleb128 0xb
 477 0017 0B       		.uleb128 0xb
 478 0018 3E       		.uleb128 0x3e
 479 0019 0B       		.uleb128 0xb
 480 001a 03       		.uleb128 0x3
 481 001b 0E       		.uleb128 0xe
 482 001c 00       		.byte	0
 483 001d 00       		.byte	0
 484 001e 03       		.uleb128 0x3
 485 001f 16       		.uleb128 0x16
 486 0020 00       		.byte	0
 487 0021 03       		.uleb128 0x3
 488 0022 0E       		.uleb128 0xe
 489 0023 3A       		.uleb128 0x3a
 490 0024 0B       		.uleb128 0xb
 491 0025 3B       		.uleb128 0x3b
 492 0026 0B       		.uleb128 0xb
 493 0027 49       		.uleb128 0x49
 494 0028 13       		.uleb128 0x13
 495 0029 00       		.byte	0
 496 002a 00       		.byte	0
 497 002b 04       		.uleb128 0x4
 498 002c 24       		.uleb128 0x24
 499 002d 00       		.byte	0
 500 002e 0B       		.uleb128 0xb
 501 002f 0B       		.uleb128 0xb
 502 0030 3E       		.uleb128 0x3e
 503 0031 0B       		.uleb128 0xb
 504 0032 03       		.uleb128 0x3
 505 0033 08       		.uleb128 0x8
 506 0034 00       		.byte	0
 507 0035 00       		.byte	0
 508 0036 05       		.uleb128 0x5
 509 0037 13       		.uleb128 0x13
 510 0038 01       		.byte	0x1
 511 0039 03       		.uleb128 0x3
 512 003a 0E       		.uleb128 0xe
 513 003b 0B       		.uleb128 0xb
 514 003c 0B       		.uleb128 0xb
 515 003d 3A       		.uleb128 0x3a
 516 003e 0B       		.uleb128 0xb
 517 003f 3B       		.uleb128 0x3b
 518 0040 0B       		.uleb128 0xb
 519 0041 01       		.uleb128 0x1
 520 0042 13       		.uleb128 0x13
 521 0043 00       		.byte	0
 522 0044 00       		.byte	0
 523 0045 06       		.uleb128 0x6
 524 0046 0D       		.uleb128 0xd
 525 0047 00       		.byte	0
 526 0048 03       		.uleb128 0x3
 527 0049 0E       		.uleb128 0xe
 528 004a 3A       		.uleb128 0x3a
 529 004b 0B       		.uleb128 0xb
 530 004c 3B       		.uleb128 0x3b
ARM GAS  C:\Users\GYULAI~1\AppData\Local\Temp\ccNYeuiP.s 			page 12


 531 004d 0B       		.uleb128 0xb
 532 004e 49       		.uleb128 0x49
 533 004f 13       		.uleb128 0x13
 534 0050 38       		.uleb128 0x38
 535 0051 0B       		.uleb128 0xb
 536 0052 00       		.byte	0
 537 0053 00       		.byte	0
 538 0054 07       		.uleb128 0x7
 539 0055 15       		.uleb128 0x15
 540 0056 01       		.byte	0x1
 541 0057 27       		.uleb128 0x27
 542 0058 19       		.uleb128 0x19
 543 0059 01       		.uleb128 0x1
 544 005a 13       		.uleb128 0x13
 545 005b 00       		.byte	0
 546 005c 00       		.byte	0
 547 005d 08       		.uleb128 0x8
 548 005e 05       		.uleb128 0x5
 549 005f 00       		.byte	0
 550 0060 49       		.uleb128 0x49
 551 0061 13       		.uleb128 0x13
 552 0062 00       		.byte	0
 553 0063 00       		.byte	0
 554 0064 09       		.uleb128 0x9
 555 0065 0F       		.uleb128 0xf
 556 0066 00       		.byte	0
 557 0067 0B       		.uleb128 0xb
 558 0068 0B       		.uleb128 0xb
 559 0069 49       		.uleb128 0x49
 560 006a 13       		.uleb128 0x13
 561 006b 00       		.byte	0
 562 006c 00       		.byte	0
 563 006d 0A       		.uleb128 0xa
 564 006e 15       		.uleb128 0x15
 565 006f 00       		.byte	0
 566 0070 27       		.uleb128 0x27
 567 0071 19       		.uleb128 0x19
 568 0072 00       		.byte	0
 569 0073 00       		.byte	0
 570 0074 0B       		.uleb128 0xb
 571 0075 2E       		.uleb128 0x2e
 572 0076 01       		.byte	0x1
 573 0077 3F       		.uleb128 0x3f
 574 0078 19       		.uleb128 0x19
 575 0079 03       		.uleb128 0x3
 576 007a 0E       		.uleb128 0xe
 577 007b 3A       		.uleb128 0x3a
 578 007c 0B       		.uleb128 0xb
 579 007d 3B       		.uleb128 0x3b
 580 007e 0B       		.uleb128 0xb
 581 007f 27       		.uleb128 0x27
 582 0080 19       		.uleb128 0x19
 583 0081 11       		.uleb128 0x11
 584 0082 01       		.uleb128 0x1
 585 0083 12       		.uleb128 0x12
 586 0084 06       		.uleb128 0x6
 587 0085 40       		.uleb128 0x40
ARM GAS  C:\Users\GYULAI~1\AppData\Local\Temp\ccNYeuiP.s 			page 13


 588 0086 18       		.uleb128 0x18
 589 0087 9742     		.uleb128 0x2117
 590 0089 19       		.uleb128 0x19
 591 008a 01       		.uleb128 0x1
 592 008b 13       		.uleb128 0x13
 593 008c 00       		.byte	0
 594 008d 00       		.byte	0
 595 008e 0C       		.uleb128 0xc
 596 008f 34       		.uleb128 0x34
 597 0090 00       		.byte	0
 598 0091 03       		.uleb128 0x3
 599 0092 0E       		.uleb128 0xe
 600 0093 3A       		.uleb128 0x3a
 601 0094 0B       		.uleb128 0xb
 602 0095 3B       		.uleb128 0x3b
 603 0096 0B       		.uleb128 0xb
 604 0097 49       		.uleb128 0x49
 605 0098 13       		.uleb128 0x13
 606 0099 02       		.uleb128 0x2
 607 009a 18       		.uleb128 0x18
 608 009b 00       		.byte	0
 609 009c 00       		.byte	0
 610 009d 0D       		.uleb128 0xd
 611 009e 898201   		.uleb128 0x4109
 612 00a1 00       		.byte	0
 613 00a2 11       		.uleb128 0x11
 614 00a3 01       		.uleb128 0x1
 615 00a4 31       		.uleb128 0x31
 616 00a5 13       		.uleb128 0x13
 617 00a6 00       		.byte	0
 618 00a7 00       		.byte	0
 619 00a8 0E       		.uleb128 0xe
 620 00a9 05       		.uleb128 0x5
 621 00aa 00       		.byte	0
 622 00ab 03       		.uleb128 0x3
 623 00ac 08       		.uleb128 0x8
 624 00ad 3A       		.uleb128 0x3a
 625 00ae 0B       		.uleb128 0xb
 626 00af 3B       		.uleb128 0x3b
 627 00b0 0B       		.uleb128 0xb
 628 00b1 49       		.uleb128 0x49
 629 00b2 13       		.uleb128 0x13
 630 00b3 02       		.uleb128 0x2
 631 00b4 17       		.uleb128 0x17
 632 00b5 00       		.byte	0
 633 00b6 00       		.byte	0
 634 00b7 0F       		.uleb128 0xf
 635 00b8 05       		.uleb128 0x5
 636 00b9 00       		.byte	0
 637 00ba 03       		.uleb128 0x3
 638 00bb 0E       		.uleb128 0xe
 639 00bc 3A       		.uleb128 0x3a
 640 00bd 0B       		.uleb128 0xb
 641 00be 3B       		.uleb128 0x3b
 642 00bf 0B       		.uleb128 0xb
 643 00c0 49       		.uleb128 0x49
 644 00c1 13       		.uleb128 0x13
ARM GAS  C:\Users\GYULAI~1\AppData\Local\Temp\ccNYeuiP.s 			page 14


 645 00c2 02       		.uleb128 0x2
 646 00c3 17       		.uleb128 0x17
 647 00c4 00       		.byte	0
 648 00c5 00       		.byte	0
 649 00c6 10       		.uleb128 0x10
 650 00c7 898201   		.uleb128 0x4109
 651 00ca 01       		.byte	0x1
 652 00cb 11       		.uleb128 0x11
 653 00cc 01       		.uleb128 0x1
 654 00cd 31       		.uleb128 0x31
 655 00ce 13       		.uleb128 0x13
 656 00cf 00       		.byte	0
 657 00d0 00       		.byte	0
 658 00d1 11       		.uleb128 0x11
 659 00d2 8A8201   		.uleb128 0x410a
 660 00d5 00       		.byte	0
 661 00d6 02       		.uleb128 0x2
 662 00d7 18       		.uleb128 0x18
 663 00d8 9142     		.uleb128 0x2111
 664 00da 18       		.uleb128 0x18
 665 00db 00       		.byte	0
 666 00dc 00       		.byte	0
 667 00dd 12       		.uleb128 0x12
 668 00de 2E       		.uleb128 0x2e
 669 00df 00       		.byte	0
 670 00e0 3F       		.uleb128 0x3f
 671 00e1 19       		.uleb128 0x19
 672 00e2 3C       		.uleb128 0x3c
 673 00e3 19       		.uleb128 0x19
 674 00e4 6E       		.uleb128 0x6e
 675 00e5 0E       		.uleb128 0xe
 676 00e6 03       		.uleb128 0x3
 677 00e7 0E       		.uleb128 0xe
 678 00e8 3A       		.uleb128 0x3a
 679 00e9 0B       		.uleb128 0xb
 680 00ea 3B       		.uleb128 0x3b
 681 00eb 0B       		.uleb128 0xb
 682 00ec 00       		.byte	0
 683 00ed 00       		.byte	0
 684 00ee 00       		.byte	0
 685              		.section	.debug_loc,"",%progbits
 686              	.Ldebug_loc0:
 687              	.LLST0:
 688 0000 00000000 		.4byte	.LVL6
 689 0004 06000000 		.4byte	.LVL8
 690 0008 0100     		.2byte	0x1
 691 000a 50       		.byte	0x50
 692 000b 06000000 		.4byte	.LVL8
 693 000f 0C000000 		.4byte	.LFE4
 694 0013 0400     		.2byte	0x4
 695 0015 F3       		.byte	0xf3
 696 0016 01       		.uleb128 0x1
 697 0017 50       		.byte	0x50
 698 0018 9F       		.byte	0x9f
 699 0019 00000000 		.4byte	0
 700 001d 00000000 		.4byte	0
 701              	.LLST1:
ARM GAS  C:\Users\GYULAI~1\AppData\Local\Temp\ccNYeuiP.s 			page 15


 702 0021 00000000 		.4byte	.LVL6
 703 0025 04000000 		.4byte	.LVL7
 704 0029 0100     		.2byte	0x1
 705 002b 51       		.byte	0x51
 706 002c 04000000 		.4byte	.LVL7
 707 0030 0C000000 		.4byte	.LFE4
 708 0034 0400     		.2byte	0x4
 709 0036 F3       		.byte	0xf3
 710 0037 01       		.uleb128 0x1
 711 0038 51       		.byte	0x51
 712 0039 9F       		.byte	0x9f
 713 003a 00000000 		.4byte	0
 714 003e 00000000 		.4byte	0
 715              	.LLST2:
 716 0042 00000000 		.4byte	.LVL6
 717 0046 09000000 		.4byte	.LVL9-1
 718 004a 0100     		.2byte	0x1
 719 004c 52       		.byte	0x52
 720 004d 09000000 		.4byte	.LVL9-1
 721 0051 0C000000 		.4byte	.LFE4
 722 0055 0400     		.2byte	0x4
 723 0057 F3       		.byte	0xf3
 724 0058 01       		.uleb128 0x1
 725 0059 52       		.byte	0x52
 726 005a 9F       		.byte	0x9f
 727 005b 00000000 		.4byte	0
 728 005f 00000000 		.4byte	0
 729              		.section	.debug_aranges,"",%progbits
 730 0000 3C000000 		.4byte	0x3c
 731 0004 0200     		.2byte	0x2
 732 0006 00000000 		.4byte	.Ldebug_info0
 733 000a 04       		.byte	0x4
 734 000b 00       		.byte	0
 735 000c 0000     		.2byte	0
 736 000e 0000     		.2byte	0
 737 0010 00000000 		.4byte	.LFB0
 738 0014 20000000 		.4byte	.LFE0-.LFB0
 739 0018 00000000 		.4byte	.LFB1
 740 001c 08000000 		.4byte	.LFE1-.LFB1
 741 0020 00000000 		.4byte	.LFB2
 742 0024 0C000000 		.4byte	.LFE2-.LFB2
 743 0028 00000000 		.4byte	.LFB3
 744 002c 08000000 		.4byte	.LFE3-.LFB3
 745 0030 00000000 		.4byte	.LFB4
 746 0034 0C000000 		.4byte	.LFE4-.LFB4
 747 0038 00000000 		.4byte	0
 748 003c 00000000 		.4byte	0
 749              		.section	.debug_ranges,"",%progbits
 750              	.Ldebug_ranges0:
 751 0000 00000000 		.4byte	.LFB0
 752 0004 20000000 		.4byte	.LFE0
 753 0008 00000000 		.4byte	.LFB1
 754 000c 08000000 		.4byte	.LFE1
 755 0010 00000000 		.4byte	.LFB2
 756 0014 0C000000 		.4byte	.LFE2
 757 0018 00000000 		.4byte	.LFB3
 758 001c 08000000 		.4byte	.LFE3
ARM GAS  C:\Users\GYULAI~1\AppData\Local\Temp\ccNYeuiP.s 			page 16


 759 0020 00000000 		.4byte	.LFB4
 760 0024 0C000000 		.4byte	.LFE4
 761 0028 00000000 		.4byte	0
 762 002c 00000000 		.4byte	0
 763              		.section	.debug_line,"",%progbits
 764              	.Ldebug_line0:
 765 0000 8F010000 		.section	.debug_str,"MS",%progbits,1
 765      02003101 
 765      00000201 
 765      FB0E0D00 
 765      01010101 
 766              	.LASF16:
 767 0000 4D617374 		.ascii	"MasterSendStop\000"
 767      65725365 
 767      6E645374 
 767      6F7000
 768              	.LASF14:
 769 000f 72686561 		.ascii	"rhea_gfx_coordinate\000"
 769      5F676678 
 769      5F636F6F 
 769      7264696E 
 769      61746500 
 770              	.LASF3:
 771 0023 5F5F7569 		.ascii	"__uint8_t\000"
 771      6E74385F 
 771      7400
 772              	.LASF13:
 773 002d 72686561 		.ascii	"rhea_gfx_color\000"
 773      5F676678 
 773      5F636F6C 
 773      6F7200
 774              	.LASF21:
 775 003c 72686561 		.ascii	"rhea_gfx_clear_impl\000"
 775      5F676678 
 775      5F636C65 
 775      61725F69 
 775      6D706C00 
 776              	.LASF32:
 777 0050 72686561 		.ascii	"rhea\\gfx\\gfx_impl.c\000"
 777      5C676678 
 777      5C676678 
 777      5F696D70 
 777      6C2E6300 
 778              	.LASF29:
 779 0064 53534431 		.ascii	"SSD1306_RefreshDisplay\000"
 779      3330365F 
 779      52656672 
 779      65736844 
 779      6973706C 
 780              	.LASF33:
 781 007b 453A5C43 		.ascii	"E:\\Cypress\\Projects\\RheaWorkspace\\Rhea.cydsn\000"
 781      79707265 
 781      73735C50 
 781      726F6A65 
 781      6374735C 
 782              	.LASF19:
 783 00a8 72686561 		.ascii	"rhea_gfx_initialize_impl\000"
ARM GAS  C:\Users\GYULAI~1\AppData\Local\Temp\ccNYeuiP.s 			page 17


 783      5F676678 
 783      5F696E69 
 783      7469616C 
 783      697A655F 
 784              	.LASF18:
 785 00c1 53534431 		.ascii	"SSD1306_I2CControllerStruct\000"
 785      3330365F 
 785      49324343 
 785      6F6E7472 
 785      6F6C6C65 
 786              	.LASF1:
 787 00dd 756E7369 		.ascii	"unsigned char\000"
 787      676E6564 
 787      20636861 
 787      7200
 788              	.LASF31:
 789 00eb 474E5520 		.ascii	"GNU C11 5.4.1 20160609 (release) [ARM/embedded-5-br"
 789      43313120 
 789      352E342E 
 789      31203230 
 789      31363036 
 790 011e 616E6368 		.ascii	"anch revision 237715] -mcpu=cortex-m3 -mthumb -g -O"
 790      20726576 
 790      6973696F 
 790      6E203233 
 790      37373135 
 791 0151 67202D66 		.ascii	"g -ffunction-sections -ffat-lto-objects\000"
 791      66756E63 
 791      74696F6E 
 791      2D736563 
 791      74696F6E 
 792              	.LASF22:
 793 0179 72686561 		.ascii	"rhea_gfx_refresh_impl\000"
 793      5F676678 
 793      5F726566 
 793      72657368 
 793      5F696D70 
 794              	.LASF7:
 795 018f 6C6F6E67 		.ascii	"long unsigned int\000"
 795      20756E73 
 795      69676E65 
 795      6420696E 
 795      7400
 796              	.LASF28:
 797 01a1 53534431 		.ascii	"SSD1306_ClearDisplay\000"
 797      3330365F 
 797      436C6561 
 797      72446973 
 797      706C6179 
 798              	.LASF5:
 799 01b6 73686F72 		.ascii	"short unsigned int\000"
 799      7420756E 
 799      7369676E 
 799      65642069 
 799      6E7400
 800              	.LASF4:
 801 01c9 5F5F7569 		.ascii	"__uint16_t\000"
ARM GAS  C:\Users\GYULAI~1\AppData\Local\Temp\ccNYeuiP.s 			page 18


 801      6E743136 
 801      5F7400
 802              	.LASF24:
 803 01d4 636F6C6F 		.ascii	"color\000"
 803      7200
 804              	.LASF15:
 805 01da 4D617374 		.ascii	"MasterSendStart\000"
 805      65725365 
 805      6E645374 
 805      61727400 
 806              	.LASF10:
 807 01ea 756E7369 		.ascii	"unsigned int\000"
 807      676E6564 
 807      20696E74 
 807      00
 808              	.LASF9:
 809 01f7 6C6F6E67 		.ascii	"long long unsigned int\000"
 809      206C6F6E 
 809      6720756E 
 809      7369676E 
 809      65642069 
 810              	.LASF11:
 811 020e 75696E74 		.ascii	"uint8_t\000"
 811      385F7400 
 812              	.LASF25:
 813 0216 53534431 		.ascii	"SSD1306_SetI2CController\000"
 813      3330365F 
 813      53657449 
 813      3243436F 
 813      6E74726F 
 814              	.LASF20:
 815 022f 72686561 		.ascii	"rhea_gfx_reset_impl\000"
 815      5F676678 
 815      5F726573 
 815      65745F69 
 815      6D706C00 
 816              	.LASF8:
 817 0243 6C6F6E67 		.ascii	"long long int\000"
 817      206C6F6E 
 817      6720696E 
 817      7400
 818              	.LASF34:
 819 0251 636F6E74 		.ascii	"controller\000"
 819      726F6C6C 
 819      657200
 820              	.LASF2:
 821 025c 73686F72 		.ascii	"short int\000"
 821      7420696E 
 821      7400
 822              	.LASF12:
 823 0266 75696E74 		.ascii	"uint16_t\000"
 823      31365F74 
 823      00
 824              	.LASF30:
 825 026f 53534431 		.ascii	"SSD1306_WritePixel\000"
 825      3330365F 
 825      57726974 
ARM GAS  C:\Users\GYULAI~1\AppData\Local\Temp\ccNYeuiP.s 			page 19


 825      65506978 
 825      656C00
 826              	.LASF6:
 827 0282 6C6F6E67 		.ascii	"long int\000"
 827      20696E74 
 827      00
 828              	.LASF26:
 829 028b 53534431 		.ascii	"SSD1306_Init\000"
 829      3330365F 
 829      496E6974 
 829      00
 830              	.LASF0:
 831 0298 7369676E 		.ascii	"signed char\000"
 831      65642063 
 831      68617200 
 832              	.LASF17:
 833 02a4 4D617374 		.ascii	"MasterWriteByte\000"
 833      65725772 
 833      69746542 
 833      79746500 
 834              	.LASF27:
 835 02b4 53534431 		.ascii	"SSD1306_Reset\000"
 835      3330365F 
 835      52657365 
 835      7400
 836              	.LASF23:
 837 02c2 72686561 		.ascii	"rhea_gfx_writePixel_impl\000"
 837      5F676678 
 837      5F777269 
 837      74655069 
 837      78656C5F 
 838              		.ident	"GCC: (GNU Tools for ARM Embedded Processors) 5.4.1 20160609 (release) [ARM/embedded-5-bran
