ARM GAS  C:\Users\GYULAI~1\AppData\Local\Temp\ccaJwfkW.s 			page 1


   1              		.syntax unified
   2              		.cpu cortex-m3
   3              		.fpu softvfp
   4              		.eabi_attribute 20, 1
   5              		.eabi_attribute 21, 1
   6              		.eabi_attribute 23, 3
   7              		.eabi_attribute 24, 1
   8              		.eabi_attribute 25, 1
   9              		.eabi_attribute 26, 1
  10              		.eabi_attribute 30, 1
  11              		.eabi_attribute 34, 1
  12              		.eabi_attribute 18, 4
  13              		.thumb
  14              		.syntax unified
  15              		.file	"i2c_rhea.c"
  16              		.text
  17              	.Ltext0:
  18              		.cfi_sections	.debug_frame
  19              		.section	.text.rhea_i2c_Initialize,"ax",%progbits
  20              		.align	2
  21              		.global	rhea_i2c_Initialize
  22              		.thumb
  23              		.thumb_func
  24              		.type	rhea_i2c_Initialize, %function
  25              	rhea_i2c_Initialize:
  26              	.LFB0:
  27              		.file 1 "rhea\\i2c\\i2c_rhea.c"
   1:rhea\i2c/i2c_rhea.c **** /*********************************************************************************
   2:rhea\i2c/i2c_rhea.c ****  * Copyright (c) 2020 Peter Gyulai
   3:rhea\i2c/i2c_rhea.c ****  *
   4:rhea\i2c/i2c_rhea.c ****  * Permission is hereby granted, free of charge, to any person obtaining a copy
   5:rhea\i2c/i2c_rhea.c ****  * of this software and associated documentation files (the "Software"), to deal
   6:rhea\i2c/i2c_rhea.c ****  * in the Software without restriction, including without limitation the rights
   7:rhea\i2c/i2c_rhea.c ****  * to use, copy, modify, merge, publish, distribute, sublicense, and/or sell
   8:rhea\i2c/i2c_rhea.c ****  * copies of the Software, and to permit persons to whom the Software is
   9:rhea\i2c/i2c_rhea.c ****  * furnished to do so, subject to the following conditions:
  10:rhea\i2c/i2c_rhea.c ****  *
  11:rhea\i2c/i2c_rhea.c ****  * The above copyright notice and this permission notice shall be included in all
  12:rhea\i2c/i2c_rhea.c ****  * copies or substantial portions of the Software.
  13:rhea\i2c/i2c_rhea.c ****  *
  14:rhea\i2c/i2c_rhea.c ****  * THE SOFTWARE IS PROVIDED "AS IS", WITHOUT WARRANTY OF ANY KIND,
  15:rhea\i2c/i2c_rhea.c ****  * EXPRESS OR IMPLIED, INCLUDING BUT NOT LIMITED TO THE WARRANTIES OF
  16:rhea\i2c/i2c_rhea.c ****  * MERCHANTABILITY, FITNESS FOR A PARTICULAR PURPOSE AND NONINFRINGEMENT.
  17:rhea\i2c/i2c_rhea.c ****  * IN NO EVENT SHALL THE AUTHORS OR COPYRIGHT HOLDERS BE LIABLE FOR ANY CLAIM,
  18:rhea\i2c/i2c_rhea.c ****  * DAMAGES OR OTHER LIABILITY, WHETHER IN AN ACTION OF CONTRACT, TORT OR
  19:rhea\i2c/i2c_rhea.c ****  * OTHERWISE, ARISING FROM, OUT OF OR IN CONNECTION WITH THE SOFTWARE OR THE USE
  20:rhea\i2c/i2c_rhea.c ****  * OR OTHER DEALINGS IN THE SOFTWARE.
  21:rhea\i2c/i2c_rhea.c **** **********************************************************************************/
  22:rhea\i2c/i2c_rhea.c **** 
  23:rhea\i2c/i2c_rhea.c **** /**
  24:rhea\i2c/i2c_rhea.c ****  * @file    i2c.c
  25:rhea\i2c/i2c_rhea.c ****  * @author  Peter Gyulai
  26:rhea\i2c/i2c_rhea.c ****  * @version 1.0.0
  27:rhea\i2c/i2c_rhea.c ****  * @date    2020.04.19
  28:rhea\i2c/i2c_rhea.c ****  * @brief   Library implementation.
  29:rhea\i2c/i2c_rhea.c ****  * @details
  30:rhea\i2c/i2c_rhea.c ****  * This file contains the function definitions used by the Rhea I2C library.
ARM GAS  C:\Users\GYULAI~1\AppData\Local\Temp\ccaJwfkW.s 			page 2


  31:rhea\i2c/i2c_rhea.c ****  */
  32:rhea\i2c/i2c_rhea.c **** 
  33:rhea\i2c/i2c_rhea.c **** // Doxygen documentation duplication suppression
  34:rhea\i2c/i2c_rhea.c **** #ifndef DOXYGEN_SHOULD_SKIP_THIS
  35:rhea\i2c/i2c_rhea.c **** 
  36:rhea\i2c/i2c_rhea.c **** // Project includes
  37:rhea\i2c/i2c_rhea.c **** #include "i2c.h"
  38:rhea\i2c/i2c_rhea.c **** #include "i2c_impl.h"
  39:rhea\i2c/i2c_rhea.c **** 
  40:rhea\i2c/i2c_rhea.c **** void rhea_i2c_Initialize(void) {
  28              		.loc 1 40 0
  29              		.cfi_startproc
  30              		@ args = 0, pretend = 0, frame = 0
  31              		@ frame_needed = 0, uses_anonymous_args = 0
  32 0000 08B5     		push	{r3, lr}
  33              		.cfi_def_cfa_offset 8
  34              		.cfi_offset 3, -8
  35              		.cfi_offset 14, -4
  41:rhea\i2c/i2c_rhea.c **** 
  42:rhea\i2c/i2c_rhea.c **** 	// Invoking target driver
  43:rhea\i2c/i2c_rhea.c **** 	rhea_i2c_initialize_impl();
  36              		.loc 1 43 0
  37 0002 FFF7FEFF 		bl	rhea_i2c_initialize_impl
  38              	.LVL0:
  39 0006 08BD     		pop	{r3, pc}
  40              		.cfi_endproc
  41              	.LFE0:
  42              		.size	rhea_i2c_Initialize, .-rhea_i2c_Initialize
  43              		.section	.text.rhea_i2c_MasterSendStart,"ax",%progbits
  44              		.align	2
  45              		.global	rhea_i2c_MasterSendStart
  46              		.thumb
  47              		.thumb_func
  48              		.type	rhea_i2c_MasterSendStart, %function
  49              	rhea_i2c_MasterSendStart:
  50              	.LFB1:
  44:rhea\i2c/i2c_rhea.c **** }
  45:rhea\i2c/i2c_rhea.c **** 
  46:rhea\i2c/i2c_rhea.c **** void rhea_i2c_MasterSendStart(uint8_t address, uint8_t read) {
  51              		.loc 1 46 0
  52              		.cfi_startproc
  53              		@ args = 0, pretend = 0, frame = 0
  54              		@ frame_needed = 0, uses_anonymous_args = 0
  55              	.LVL1:
  56 0000 08B5     		push	{r3, lr}
  57              		.cfi_def_cfa_offset 8
  58              		.cfi_offset 3, -8
  59              		.cfi_offset 14, -4
  47:rhea\i2c/i2c_rhea.c **** 
  48:rhea\i2c/i2c_rhea.c **** 	// Invoking target driver
  49:rhea\i2c/i2c_rhea.c **** 	rhea_i2c_masterSendStart_impl(address, read);
  60              		.loc 1 49 0
  61 0002 FFF7FEFF 		bl	rhea_i2c_masterSendStart_impl
  62              	.LVL2:
  63 0006 08BD     		pop	{r3, pc}
  64              		.cfi_endproc
  65              	.LFE1:
ARM GAS  C:\Users\GYULAI~1\AppData\Local\Temp\ccaJwfkW.s 			page 3


  66              		.size	rhea_i2c_MasterSendStart, .-rhea_i2c_MasterSendStart
  67              		.section	.text.rhea_i2c_MasterSendStop,"ax",%progbits
  68              		.align	2
  69              		.global	rhea_i2c_MasterSendStop
  70              		.thumb
  71              		.thumb_func
  72              		.type	rhea_i2c_MasterSendStop, %function
  73              	rhea_i2c_MasterSendStop:
  74              	.LFB2:
  50:rhea\i2c/i2c_rhea.c **** }
  51:rhea\i2c/i2c_rhea.c **** 
  52:rhea\i2c/i2c_rhea.c **** 
  53:rhea\i2c/i2c_rhea.c **** void rhea_i2c_MasterSendStop(void) {
  75              		.loc 1 53 0
  76              		.cfi_startproc
  77              		@ args = 0, pretend = 0, frame = 0
  78              		@ frame_needed = 0, uses_anonymous_args = 0
  79 0000 08B5     		push	{r3, lr}
  80              		.cfi_def_cfa_offset 8
  81              		.cfi_offset 3, -8
  82              		.cfi_offset 14, -4
  54:rhea\i2c/i2c_rhea.c **** 
  55:rhea\i2c/i2c_rhea.c **** 	// Invoking target driver
  56:rhea\i2c/i2c_rhea.c **** 	rhea_i2c_masterSendStop_impl();
  83              		.loc 1 56 0
  84 0002 FFF7FEFF 		bl	rhea_i2c_masterSendStop_impl
  85              	.LVL3:
  86 0006 08BD     		pop	{r3, pc}
  87              		.cfi_endproc
  88              	.LFE2:
  89              		.size	rhea_i2c_MasterSendStop, .-rhea_i2c_MasterSendStop
  90              		.section	.text.rhea_i2c_MasterReadByte,"ax",%progbits
  91              		.align	2
  92              		.global	rhea_i2c_MasterReadByte
  93              		.thumb
  94              		.thumb_func
  95              		.type	rhea_i2c_MasterReadByte, %function
  96              	rhea_i2c_MasterReadByte:
  97              	.LFB3:
  57:rhea\i2c/i2c_rhea.c **** }
  58:rhea\i2c/i2c_rhea.c **** 
  59:rhea\i2c/i2c_rhea.c **** 
  60:rhea\i2c/i2c_rhea.c **** uint8_t rhea_i2c_MasterReadByte(uint8_t ack) {
  98              		.loc 1 60 0
  99              		.cfi_startproc
 100              		@ args = 0, pretend = 0, frame = 0
 101              		@ frame_needed = 0, uses_anonymous_args = 0
 102              	.LVL4:
 103 0000 08B5     		push	{r3, lr}
 104              		.cfi_def_cfa_offset 8
 105              		.cfi_offset 3, -8
 106              		.cfi_offset 14, -4
  61:rhea\i2c/i2c_rhea.c **** 
  62:rhea\i2c/i2c_rhea.c **** 	// Invoking target driver
  63:rhea\i2c/i2c_rhea.c **** 	return rhea_i2c_masterReadByte_impl(ack);
 107              		.loc 1 63 0
 108 0002 FFF7FEFF 		bl	rhea_i2c_masterReadByte_impl
ARM GAS  C:\Users\GYULAI~1\AppData\Local\Temp\ccaJwfkW.s 			page 4


 109              	.LVL5:
  64:rhea\i2c/i2c_rhea.c **** }
 110              		.loc 1 64 0
 111 0006 08BD     		pop	{r3, pc}
 112              		.cfi_endproc
 113              	.LFE3:
 114              		.size	rhea_i2c_MasterReadByte, .-rhea_i2c_MasterReadByte
 115              		.section	.text.rhea_i2c_MasterWriteByte,"ax",%progbits
 116              		.align	2
 117              		.global	rhea_i2c_MasterWriteByte
 118              		.thumb
 119              		.thumb_func
 120              		.type	rhea_i2c_MasterWriteByte, %function
 121              	rhea_i2c_MasterWriteByte:
 122              	.LFB4:
  65:rhea\i2c/i2c_rhea.c **** 
  66:rhea\i2c/i2c_rhea.c **** void rhea_i2c_MasterWriteByte(uint8_t byte) {
 123              		.loc 1 66 0
 124              		.cfi_startproc
 125              		@ args = 0, pretend = 0, frame = 0
 126              		@ frame_needed = 0, uses_anonymous_args = 0
 127              	.LVL6:
 128 0000 08B5     		push	{r3, lr}
 129              		.cfi_def_cfa_offset 8
 130              		.cfi_offset 3, -8
 131              		.cfi_offset 14, -4
  67:rhea\i2c/i2c_rhea.c **** 
  68:rhea\i2c/i2c_rhea.c **** 	// Invoking target driver
  69:rhea\i2c/i2c_rhea.c **** 	rhea_i2c_masterWriteByte_impl(byte);
 132              		.loc 1 69 0
 133 0002 FFF7FEFF 		bl	rhea_i2c_masterWriteByte_impl
 134              	.LVL7:
 135 0006 08BD     		pop	{r3, pc}
 136              		.cfi_endproc
 137              	.LFE4:
 138              		.size	rhea_i2c_MasterWriteByte, .-rhea_i2c_MasterWriteByte
 139              		.text
 140              	.Letext0:
 141              		.file 2 "e:\\cypress\\psoc creator\\4.2\\psoc creator\\import\\gnu\\arm\\5.4.1\\arm-none-eabi\\inc
 142              		.file 3 "e:\\cypress\\psoc creator\\4.2\\psoc creator\\import\\gnu\\arm\\5.4.1\\arm-none-eabi\\inc
 143              		.file 4 "rhea\\i2c\\i2c_impl.h"
 144              		.section	.debug_info,"",%progbits
 145              	.Ldebug_info0:
 146 0000 90010000 		.4byte	0x190
 147 0004 0400     		.2byte	0x4
 148 0006 00000000 		.4byte	.Ldebug_abbrev0
 149 000a 04       		.byte	0x4
 150 000b 01       		.uleb128 0x1
 151 000c 98000000 		.4byte	.LASF23
 152 0010 0C       		.byte	0xc
 153 0011 FF010000 		.4byte	.LASF24
 154 0015 5D000000 		.4byte	.LASF25
 155 0019 00000000 		.4byte	.Ldebug_ranges0+0
 156 001d 00000000 		.4byte	0
 157 0021 00000000 		.4byte	.Ldebug_line0
 158 0025 02       		.uleb128 0x2
 159 0026 01       		.byte	0x1
ARM GAS  C:\Users\GYULAI~1\AppData\Local\Temp\ccaJwfkW.s 			page 5


 160 0027 06       		.byte	0x6
 161 0028 5C020000 		.4byte	.LASF0
 162 002c 03       		.uleb128 0x3
 163 002d 1D000000 		.4byte	.LASF9
 164 0031 02       		.byte	0x2
 165 0032 1D       		.byte	0x1d
 166 0033 37000000 		.4byte	0x37
 167 0037 02       		.uleb128 0x2
 168 0038 01       		.byte	0x1
 169 0039 08       		.byte	0x8
 170 003a 8A000000 		.4byte	.LASF1
 171 003e 02       		.uleb128 0x2
 172 003f 02       		.byte	0x2
 173 0040 05       		.byte	0x5
 174 0041 13020000 		.4byte	.LASF2
 175 0045 02       		.uleb128 0x2
 176 0046 02       		.byte	0x2
 177 0047 07       		.byte	0x7
 178 0048 50010000 		.4byte	.LASF3
 179 004c 02       		.uleb128 0x2
 180 004d 04       		.byte	0x4
 181 004e 05       		.byte	0x5
 182 004f 3A020000 		.4byte	.LASF4
 183 0053 02       		.uleb128 0x2
 184 0054 04       		.byte	0x4
 185 0055 07       		.byte	0x7
 186 0056 3E010000 		.4byte	.LASF5
 187 005a 02       		.uleb128 0x2
 188 005b 08       		.byte	0x8
 189 005c 05       		.byte	0x5
 190 005d F1010000 		.4byte	.LASF6
 191 0061 02       		.uleb128 0x2
 192 0062 08       		.byte	0x8
 193 0063 07       		.byte	0x7
 194 0064 D2010000 		.4byte	.LASF7
 195 0068 04       		.uleb128 0x4
 196 0069 04       		.byte	0x4
 197 006a 05       		.byte	0x5
 198 006b 696E7400 		.ascii	"int\000"
 199 006f 02       		.uleb128 0x2
 200 0070 04       		.byte	0x4
 201 0071 07       		.byte	0x7
 202 0072 BD010000 		.4byte	.LASF8
 203 0076 03       		.uleb128 0x3
 204 0077 E9010000 		.4byte	.LASF10
 205 007b 03       		.byte	0x3
 206 007c 18       		.byte	0x18
 207 007d 2C000000 		.4byte	0x2c
 208 0081 05       		.uleb128 0x5
 209 0082 68020000 		.4byte	.LASF11
 210 0086 01       		.byte	0x1
 211 0087 28       		.byte	0x28
 212 0088 00000000 		.4byte	.LFB0
 213 008c 08000000 		.4byte	.LFE0-.LFB0
 214 0090 01       		.uleb128 0x1
 215 0091 9C       		.byte	0x9c
 216 0092 A0000000 		.4byte	0xa0
ARM GAS  C:\Users\GYULAI~1\AppData\Local\Temp\ccaJwfkW.s 			page 6


 217 0096 06       		.uleb128 0x6
 218 0097 06000000 		.4byte	.LVL0
 219 009b 5C010000 		.4byte	0x15c
 220 009f 00       		.byte	0
 221 00a0 05       		.uleb128 0x5
 222 00a1 3F000000 		.4byte	.LASF12
 223 00a5 01       		.byte	0x1
 224 00a6 2E       		.byte	0x2e
 225 00a7 00000000 		.4byte	.LFB1
 226 00ab 08000000 		.4byte	.LFE1-.LFB1
 227 00af 01       		.uleb128 0x1
 228 00b0 9C       		.byte	0x9c
 229 00b1 DD000000 		.4byte	0xdd
 230 00b5 07       		.uleb128 0x7
 231 00b6 CA010000 		.4byte	.LASF13
 232 00ba 01       		.byte	0x1
 233 00bb 2E       		.byte	0x2e
 234 00bc 76000000 		.4byte	0x76
 235 00c0 00000000 		.4byte	.LLST0
 236 00c4 07       		.uleb128 0x7
 237 00c5 9A010000 		.4byte	.LASF14
 238 00c9 01       		.byte	0x1
 239 00ca 2E       		.byte	0x2e
 240 00cb 76000000 		.4byte	0x76
 241 00cf 21000000 		.4byte	.LLST1
 242 00d3 06       		.uleb128 0x6
 243 00d4 06000000 		.4byte	.LVL2
 244 00d8 67010000 		.4byte	0x167
 245 00dc 00       		.byte	0
 246 00dd 05       		.uleb128 0x5
 247 00de 26010000 		.4byte	.LASF15
 248 00e2 01       		.byte	0x1
 249 00e3 35       		.byte	0x35
 250 00e4 00000000 		.4byte	.LFB2
 251 00e8 08000000 		.4byte	.LFE2-.LFB2
 252 00ec 01       		.uleb128 0x1
 253 00ed 9C       		.byte	0x9c
 254 00ee FC000000 		.4byte	0xfc
 255 00f2 06       		.uleb128 0x6
 256 00f3 06000000 		.4byte	.LVL3
 257 00f7 72010000 		.4byte	0x172
 258 00fb 00       		.byte	0
 259 00fc 08       		.uleb128 0x8
 260 00fd 27000000 		.4byte	.LASF26
 261 0101 01       		.byte	0x1
 262 0102 3C       		.byte	0x3c
 263 0103 76000000 		.4byte	0x76
 264 0107 00000000 		.4byte	.LFB3
 265 010b 08000000 		.4byte	.LFE3-.LFB3
 266 010f 01       		.uleb128 0x1
 267 0110 9C       		.byte	0x9c
 268 0111 2E010000 		.4byte	0x12e
 269 0115 09       		.uleb128 0x9
 270 0116 61636B00 		.ascii	"ack\000"
 271 011a 01       		.byte	0x1
 272 011b 3C       		.byte	0x3c
 273 011c 76000000 		.4byte	0x76
ARM GAS  C:\Users\GYULAI~1\AppData\Local\Temp\ccaJwfkW.s 			page 7


 274 0120 42000000 		.4byte	.LLST2
 275 0124 06       		.uleb128 0x6
 276 0125 06000000 		.4byte	.LVL5
 277 0129 7D010000 		.4byte	0x17d
 278 012d 00       		.byte	0
 279 012e 05       		.uleb128 0x5
 280 012f 43020000 		.4byte	.LASF16
 281 0133 01       		.byte	0x1
 282 0134 42       		.byte	0x42
 283 0135 00000000 		.4byte	.LFB4
 284 0139 08000000 		.4byte	.LFE4-.LFB4
 285 013d 01       		.uleb128 0x1
 286 013e 9C       		.byte	0x9c
 287 013f 5C010000 		.4byte	0x15c
 288 0143 07       		.uleb128 0x7
 289 0144 58000000 		.4byte	.LASF17
 290 0148 01       		.byte	0x1
 291 0149 42       		.byte	0x42
 292 014a 76000000 		.4byte	0x76
 293 014e 63000000 		.4byte	.LLST3
 294 0152 06       		.uleb128 0x6
 295 0153 06000000 		.4byte	.LVL7
 296 0157 88010000 		.4byte	0x188
 297 015b 00       		.byte	0
 298 015c 0A       		.uleb128 0xa
 299 015d 81010000 		.4byte	.LASF18
 300 0161 81010000 		.4byte	.LASF18
 301 0165 04       		.byte	0x4
 302 0166 2E       		.byte	0x2e
 303 0167 0A       		.uleb128 0xa
 304 0168 9F010000 		.4byte	.LASF19
 305 016c 9F010000 		.4byte	.LASF19
 306 0170 04       		.byte	0x4
 307 0171 36       		.byte	0x36
 308 0172 0A       		.uleb128 0xa
 309 0173 00000000 		.4byte	.LASF20
 310 0177 00000000 		.4byte	.LASF20
 311 017b 04       		.byte	0x4
 312 017c 3C       		.byte	0x3c
 313 017d 0A       		.uleb128 0xa
 314 017e 1D020000 		.4byte	.LASF21
 315 0182 1D020000 		.4byte	.LASF21
 316 0186 04       		.byte	0x4
 317 0187 44       		.byte	0x44
 318 0188 0A       		.uleb128 0xa
 319 0189 63010000 		.4byte	.LASF22
 320 018d 63010000 		.4byte	.LASF22
 321 0191 04       		.byte	0x4
 322 0192 4B       		.byte	0x4b
 323 0193 00       		.byte	0
 324              		.section	.debug_abbrev,"",%progbits
 325              	.Ldebug_abbrev0:
 326 0000 01       		.uleb128 0x1
 327 0001 11       		.uleb128 0x11
 328 0002 01       		.byte	0x1
 329 0003 25       		.uleb128 0x25
 330 0004 0E       		.uleb128 0xe
ARM GAS  C:\Users\GYULAI~1\AppData\Local\Temp\ccaJwfkW.s 			page 8


 331 0005 13       		.uleb128 0x13
 332 0006 0B       		.uleb128 0xb
 333 0007 03       		.uleb128 0x3
 334 0008 0E       		.uleb128 0xe
 335 0009 1B       		.uleb128 0x1b
 336 000a 0E       		.uleb128 0xe
 337 000b 55       		.uleb128 0x55
 338 000c 17       		.uleb128 0x17
 339 000d 11       		.uleb128 0x11
 340 000e 01       		.uleb128 0x1
 341 000f 10       		.uleb128 0x10
 342 0010 17       		.uleb128 0x17
 343 0011 00       		.byte	0
 344 0012 00       		.byte	0
 345 0013 02       		.uleb128 0x2
 346 0014 24       		.uleb128 0x24
 347 0015 00       		.byte	0
 348 0016 0B       		.uleb128 0xb
 349 0017 0B       		.uleb128 0xb
 350 0018 3E       		.uleb128 0x3e
 351 0019 0B       		.uleb128 0xb
 352 001a 03       		.uleb128 0x3
 353 001b 0E       		.uleb128 0xe
 354 001c 00       		.byte	0
 355 001d 00       		.byte	0
 356 001e 03       		.uleb128 0x3
 357 001f 16       		.uleb128 0x16
 358 0020 00       		.byte	0
 359 0021 03       		.uleb128 0x3
 360 0022 0E       		.uleb128 0xe
 361 0023 3A       		.uleb128 0x3a
 362 0024 0B       		.uleb128 0xb
 363 0025 3B       		.uleb128 0x3b
 364 0026 0B       		.uleb128 0xb
 365 0027 49       		.uleb128 0x49
 366 0028 13       		.uleb128 0x13
 367 0029 00       		.byte	0
 368 002a 00       		.byte	0
 369 002b 04       		.uleb128 0x4
 370 002c 24       		.uleb128 0x24
 371 002d 00       		.byte	0
 372 002e 0B       		.uleb128 0xb
 373 002f 0B       		.uleb128 0xb
 374 0030 3E       		.uleb128 0x3e
 375 0031 0B       		.uleb128 0xb
 376 0032 03       		.uleb128 0x3
 377 0033 08       		.uleb128 0x8
 378 0034 00       		.byte	0
 379 0035 00       		.byte	0
 380 0036 05       		.uleb128 0x5
 381 0037 2E       		.uleb128 0x2e
 382 0038 01       		.byte	0x1
 383 0039 3F       		.uleb128 0x3f
 384 003a 19       		.uleb128 0x19
 385 003b 03       		.uleb128 0x3
 386 003c 0E       		.uleb128 0xe
 387 003d 3A       		.uleb128 0x3a
ARM GAS  C:\Users\GYULAI~1\AppData\Local\Temp\ccaJwfkW.s 			page 9


 388 003e 0B       		.uleb128 0xb
 389 003f 3B       		.uleb128 0x3b
 390 0040 0B       		.uleb128 0xb
 391 0041 27       		.uleb128 0x27
 392 0042 19       		.uleb128 0x19
 393 0043 11       		.uleb128 0x11
 394 0044 01       		.uleb128 0x1
 395 0045 12       		.uleb128 0x12
 396 0046 06       		.uleb128 0x6
 397 0047 40       		.uleb128 0x40
 398 0048 18       		.uleb128 0x18
 399 0049 9742     		.uleb128 0x2117
 400 004b 19       		.uleb128 0x19
 401 004c 01       		.uleb128 0x1
 402 004d 13       		.uleb128 0x13
 403 004e 00       		.byte	0
 404 004f 00       		.byte	0
 405 0050 06       		.uleb128 0x6
 406 0051 898201   		.uleb128 0x4109
 407 0054 00       		.byte	0
 408 0055 11       		.uleb128 0x11
 409 0056 01       		.uleb128 0x1
 410 0057 31       		.uleb128 0x31
 411 0058 13       		.uleb128 0x13
 412 0059 00       		.byte	0
 413 005a 00       		.byte	0
 414 005b 07       		.uleb128 0x7
 415 005c 05       		.uleb128 0x5
 416 005d 00       		.byte	0
 417 005e 03       		.uleb128 0x3
 418 005f 0E       		.uleb128 0xe
 419 0060 3A       		.uleb128 0x3a
 420 0061 0B       		.uleb128 0xb
 421 0062 3B       		.uleb128 0x3b
 422 0063 0B       		.uleb128 0xb
 423 0064 49       		.uleb128 0x49
 424 0065 13       		.uleb128 0x13
 425 0066 02       		.uleb128 0x2
 426 0067 17       		.uleb128 0x17
 427 0068 00       		.byte	0
 428 0069 00       		.byte	0
 429 006a 08       		.uleb128 0x8
 430 006b 2E       		.uleb128 0x2e
 431 006c 01       		.byte	0x1
 432 006d 3F       		.uleb128 0x3f
 433 006e 19       		.uleb128 0x19
 434 006f 03       		.uleb128 0x3
 435 0070 0E       		.uleb128 0xe
 436 0071 3A       		.uleb128 0x3a
 437 0072 0B       		.uleb128 0xb
 438 0073 3B       		.uleb128 0x3b
 439 0074 0B       		.uleb128 0xb
 440 0075 27       		.uleb128 0x27
 441 0076 19       		.uleb128 0x19
 442 0077 49       		.uleb128 0x49
 443 0078 13       		.uleb128 0x13
 444 0079 11       		.uleb128 0x11
ARM GAS  C:\Users\GYULAI~1\AppData\Local\Temp\ccaJwfkW.s 			page 10


 445 007a 01       		.uleb128 0x1
 446 007b 12       		.uleb128 0x12
 447 007c 06       		.uleb128 0x6
 448 007d 40       		.uleb128 0x40
 449 007e 18       		.uleb128 0x18
 450 007f 9742     		.uleb128 0x2117
 451 0081 19       		.uleb128 0x19
 452 0082 01       		.uleb128 0x1
 453 0083 13       		.uleb128 0x13
 454 0084 00       		.byte	0
 455 0085 00       		.byte	0
 456 0086 09       		.uleb128 0x9
 457 0087 05       		.uleb128 0x5
 458 0088 00       		.byte	0
 459 0089 03       		.uleb128 0x3
 460 008a 08       		.uleb128 0x8
 461 008b 3A       		.uleb128 0x3a
 462 008c 0B       		.uleb128 0xb
 463 008d 3B       		.uleb128 0x3b
 464 008e 0B       		.uleb128 0xb
 465 008f 49       		.uleb128 0x49
 466 0090 13       		.uleb128 0x13
 467 0091 02       		.uleb128 0x2
 468 0092 17       		.uleb128 0x17
 469 0093 00       		.byte	0
 470 0094 00       		.byte	0
 471 0095 0A       		.uleb128 0xa
 472 0096 2E       		.uleb128 0x2e
 473 0097 00       		.byte	0
 474 0098 3F       		.uleb128 0x3f
 475 0099 19       		.uleb128 0x19
 476 009a 3C       		.uleb128 0x3c
 477 009b 19       		.uleb128 0x19
 478 009c 6E       		.uleb128 0x6e
 479 009d 0E       		.uleb128 0xe
 480 009e 03       		.uleb128 0x3
 481 009f 0E       		.uleb128 0xe
 482 00a0 3A       		.uleb128 0x3a
 483 00a1 0B       		.uleb128 0xb
 484 00a2 3B       		.uleb128 0x3b
 485 00a3 0B       		.uleb128 0xb
 486 00a4 00       		.byte	0
 487 00a5 00       		.byte	0
 488 00a6 00       		.byte	0
 489              		.section	.debug_loc,"",%progbits
 490              	.Ldebug_loc0:
 491              	.LLST0:
 492 0000 00000000 		.4byte	.LVL1
 493 0004 05000000 		.4byte	.LVL2-1
 494 0008 0100     		.2byte	0x1
 495 000a 50       		.byte	0x50
 496 000b 05000000 		.4byte	.LVL2-1
 497 000f 08000000 		.4byte	.LFE1
 498 0013 0400     		.2byte	0x4
 499 0015 F3       		.byte	0xf3
 500 0016 01       		.uleb128 0x1
 501 0017 50       		.byte	0x50
ARM GAS  C:\Users\GYULAI~1\AppData\Local\Temp\ccaJwfkW.s 			page 11


 502 0018 9F       		.byte	0x9f
 503 0019 00000000 		.4byte	0
 504 001d 00000000 		.4byte	0
 505              	.LLST1:
 506 0021 00000000 		.4byte	.LVL1
 507 0025 05000000 		.4byte	.LVL2-1
 508 0029 0100     		.2byte	0x1
 509 002b 51       		.byte	0x51
 510 002c 05000000 		.4byte	.LVL2-1
 511 0030 08000000 		.4byte	.LFE1
 512 0034 0400     		.2byte	0x4
 513 0036 F3       		.byte	0xf3
 514 0037 01       		.uleb128 0x1
 515 0038 51       		.byte	0x51
 516 0039 9F       		.byte	0x9f
 517 003a 00000000 		.4byte	0
 518 003e 00000000 		.4byte	0
 519              	.LLST2:
 520 0042 00000000 		.4byte	.LVL4
 521 0046 05000000 		.4byte	.LVL5-1
 522 004a 0100     		.2byte	0x1
 523 004c 50       		.byte	0x50
 524 004d 05000000 		.4byte	.LVL5-1
 525 0051 08000000 		.4byte	.LFE3
 526 0055 0400     		.2byte	0x4
 527 0057 F3       		.byte	0xf3
 528 0058 01       		.uleb128 0x1
 529 0059 50       		.byte	0x50
 530 005a 9F       		.byte	0x9f
 531 005b 00000000 		.4byte	0
 532 005f 00000000 		.4byte	0
 533              	.LLST3:
 534 0063 00000000 		.4byte	.LVL6
 535 0067 05000000 		.4byte	.LVL7-1
 536 006b 0100     		.2byte	0x1
 537 006d 50       		.byte	0x50
 538 006e 05000000 		.4byte	.LVL7-1
 539 0072 08000000 		.4byte	.LFE4
 540 0076 0400     		.2byte	0x4
 541 0078 F3       		.byte	0xf3
 542 0079 01       		.uleb128 0x1
 543 007a 50       		.byte	0x50
 544 007b 9F       		.byte	0x9f
 545 007c 00000000 		.4byte	0
 546 0080 00000000 		.4byte	0
 547              		.section	.debug_aranges,"",%progbits
 548 0000 3C000000 		.4byte	0x3c
 549 0004 0200     		.2byte	0x2
 550 0006 00000000 		.4byte	.Ldebug_info0
 551 000a 04       		.byte	0x4
 552 000b 00       		.byte	0
 553 000c 0000     		.2byte	0
 554 000e 0000     		.2byte	0
 555 0010 00000000 		.4byte	.LFB0
 556 0014 08000000 		.4byte	.LFE0-.LFB0
 557 0018 00000000 		.4byte	.LFB1
 558 001c 08000000 		.4byte	.LFE1-.LFB1
ARM GAS  C:\Users\GYULAI~1\AppData\Local\Temp\ccaJwfkW.s 			page 12


 559 0020 00000000 		.4byte	.LFB2
 560 0024 08000000 		.4byte	.LFE2-.LFB2
 561 0028 00000000 		.4byte	.LFB3
 562 002c 08000000 		.4byte	.LFE3-.LFB3
 563 0030 00000000 		.4byte	.LFB4
 564 0034 08000000 		.4byte	.LFE4-.LFB4
 565 0038 00000000 		.4byte	0
 566 003c 00000000 		.4byte	0
 567              		.section	.debug_ranges,"",%progbits
 568              	.Ldebug_ranges0:
 569 0000 00000000 		.4byte	.LFB0
 570 0004 08000000 		.4byte	.LFE0
 571 0008 00000000 		.4byte	.LFB1
 572 000c 08000000 		.4byte	.LFE1
 573 0010 00000000 		.4byte	.LFB2
 574 0014 08000000 		.4byte	.LFE2
 575 0018 00000000 		.4byte	.LFB3
 576 001c 08000000 		.4byte	.LFE3
 577 0020 00000000 		.4byte	.LFB4
 578 0024 08000000 		.4byte	.LFE4
 579 0028 00000000 		.4byte	0
 580 002c 00000000 		.4byte	0
 581              		.section	.debug_line,"",%progbits
 582              	.Ldebug_line0:
 583 0000 65010000 		.section	.debug_str,"MS",%progbits,1
 583      02000D01 
 583      00000201 
 583      FB0E0D00 
 583      01010101 
 584              	.LASF20:
 585 0000 72686561 		.ascii	"rhea_i2c_masterSendStop_impl\000"
 585      5F693263 
 585      5F6D6173 
 585      74657253 
 585      656E6453 
 586              	.LASF9:
 587 001d 5F5F7569 		.ascii	"__uint8_t\000"
 587      6E74385F 
 587      7400
 588              	.LASF26:
 589 0027 72686561 		.ascii	"rhea_i2c_MasterReadByte\000"
 589      5F693263 
 589      5F4D6173 
 589      74657252 
 589      65616442 
 590              	.LASF12:
 591 003f 72686561 		.ascii	"rhea_i2c_MasterSendStart\000"
 591      5F693263 
 591      5F4D6173 
 591      74657253 
 591      656E6453 
 592              	.LASF17:
 593 0058 62797465 		.ascii	"byte\000"
 593      00
 594              	.LASF25:
 595 005d 453A5C43 		.ascii	"E:\\Cypress\\Projects\\RheaWorkspace\\Rhea.cydsn\000"
 595      79707265 
ARM GAS  C:\Users\GYULAI~1\AppData\Local\Temp\ccaJwfkW.s 			page 13


 595      73735C50 
 595      726F6A65 
 595      6374735C 
 596              	.LASF1:
 597 008a 756E7369 		.ascii	"unsigned char\000"
 597      676E6564 
 597      20636861 
 597      7200
 598              	.LASF23:
 599 0098 474E5520 		.ascii	"GNU C11 5.4.1 20160609 (release) [ARM/embedded-5-br"
 599      43313120 
 599      352E342E 
 599      31203230 
 599      31363036 
 600 00cb 616E6368 		.ascii	"anch revision 237715] -mcpu=cortex-m3 -mthumb -g -O"
 600      20726576 
 600      6973696F 
 600      6E203233 
 600      37373135 
 601 00fe 67202D66 		.ascii	"g -ffunction-sections -ffat-lto-objects\000"
 601      66756E63 
 601      74696F6E 
 601      2D736563 
 601      74696F6E 
 602              	.LASF15:
 603 0126 72686561 		.ascii	"rhea_i2c_MasterSendStop\000"
 603      5F693263 
 603      5F4D6173 
 603      74657253 
 603      656E6453 
 604              	.LASF5:
 605 013e 6C6F6E67 		.ascii	"long unsigned int\000"
 605      20756E73 
 605      69676E65 
 605      6420696E 
 605      7400
 606              	.LASF3:
 607 0150 73686F72 		.ascii	"short unsigned int\000"
 607      7420756E 
 607      7369676E 
 607      65642069 
 607      6E7400
 608              	.LASF22:
 609 0163 72686561 		.ascii	"rhea_i2c_masterWriteByte_impl\000"
 609      5F693263 
 609      5F6D6173 
 609      74657257 
 609      72697465 
 610              	.LASF18:
 611 0181 72686561 		.ascii	"rhea_i2c_initialize_impl\000"
 611      5F693263 
 611      5F696E69 
 611      7469616C 
 611      697A655F 
 612              	.LASF14:
 613 019a 72656164 		.ascii	"read\000"
 613      00
ARM GAS  C:\Users\GYULAI~1\AppData\Local\Temp\ccaJwfkW.s 			page 14


 614              	.LASF19:
 615 019f 72686561 		.ascii	"rhea_i2c_masterSendStart_impl\000"
 615      5F693263 
 615      5F6D6173 
 615      74657253 
 615      656E6453 
 616              	.LASF8:
 617 01bd 756E7369 		.ascii	"unsigned int\000"
 617      676E6564 
 617      20696E74 
 617      00
 618              	.LASF13:
 619 01ca 61646472 		.ascii	"address\000"
 619      65737300 
 620              	.LASF7:
 621 01d2 6C6F6E67 		.ascii	"long long unsigned int\000"
 621      206C6F6E 
 621      6720756E 
 621      7369676E 
 621      65642069 
 622              	.LASF10:
 623 01e9 75696E74 		.ascii	"uint8_t\000"
 623      385F7400 
 624              	.LASF6:
 625 01f1 6C6F6E67 		.ascii	"long long int\000"
 625      206C6F6E 
 625      6720696E 
 625      7400
 626              	.LASF24:
 627 01ff 72686561 		.ascii	"rhea\\i2c\\i2c_rhea.c\000"
 627      5C693263 
 627      5C693263 
 627      5F726865 
 627      612E6300 
 628              	.LASF2:
 629 0213 73686F72 		.ascii	"short int\000"
 629      7420696E 
 629      7400
 630              	.LASF21:
 631 021d 72686561 		.ascii	"rhea_i2c_masterReadByte_impl\000"
 631      5F693263 
 631      5F6D6173 
 631      74657252 
 631      65616442 
 632              	.LASF4:
 633 023a 6C6F6E67 		.ascii	"long int\000"
 633      20696E74 
 633      00
 634              	.LASF16:
 635 0243 72686561 		.ascii	"rhea_i2c_MasterWriteByte\000"
 635      5F693263 
 635      5F4D6173 
 635      74657257 
 635      72697465 
 636              	.LASF0:
 637 025c 7369676E 		.ascii	"signed char\000"
 637      65642063 
ARM GAS  C:\Users\GYULAI~1\AppData\Local\Temp\ccaJwfkW.s 			page 15


 637      68617200 
 638              	.LASF11:
 639 0268 72686561 		.ascii	"rhea_i2c_Initialize\000"
 639      5F693263 
 639      5F496E69 
 639      7469616C 
 639      697A6500 
 640              		.ident	"GCC: (GNU Tools for ARM Embedded Processors) 5.4.1 20160609 (release) [ARM/embedded-5-bran
