ARM GAS  C:\Users\GYULAI~1\AppData\Local\Temp\ccQQ9Wff.s 			page 1


   1              		.syntax unified
   2              		.cpu cortex-m3
   3              		.fpu softvfp
   4              		.eabi_attribute 20, 1
   5              		.eabi_attribute 21, 1
   6              		.eabi_attribute 23, 3
   7              		.eabi_attribute 24, 1
   8              		.eabi_attribute 25, 1
   9              		.eabi_attribute 26, 1
  10              		.eabi_attribute 30, 1
  11              		.eabi_attribute 34, 1
  12              		.eabi_attribute 18, 4
  13              		.thumb
  14              		.syntax unified
  15              		.file	"input.c"
  16              		.text
  17              	.Ltext0:
  18              		.cfi_sections	.debug_frame
  19              		.section	.text.BTN_ENTER_ISR,"ax",%progbits
  20              		.align	2
  21              		.global	BTN_ENTER_ISR
  22              		.thumb
  23              		.thumb_func
  24              		.type	BTN_ENTER_ISR, %function
  25              	BTN_ENTER_ISR:
  26              	.LFB64:
  27              		.file 1 "application\\input\\input.c"
   1:application\input/input.c **** /*********************************************************************************
   2:application\input/input.c ****  * Copyright (c) 2020 Peter Gyulai
   3:application\input/input.c ****  *
   4:application\input/input.c ****  * Permission is hereby granted, free of charge, to any person obtaining a copy
   5:application\input/input.c ****  * of this software and associated documentation files (the "Software"), to deal
   6:application\input/input.c ****  * in the Software without restriction, including without limitation the rights
   7:application\input/input.c ****  * to use, copy, modify, merge, publish, distribute, sublicense, and/or sell
   8:application\input/input.c ****  * copies of the Software, and to permit persons to whom the Software is
   9:application\input/input.c ****  * furnished to do so, subject to the following conditions:
  10:application\input/input.c ****  *
  11:application\input/input.c ****  * The above copyright notice and this permission notice shall be included in all
  12:application\input/input.c ****  * copies or substantial portions of the Software.
  13:application\input/input.c ****  *
  14:application\input/input.c ****  * THE SOFTWARE IS PROVIDED "AS IS", WITHOUT WARRANTY OF ANY KIND,
  15:application\input/input.c ****  * EXPRESS OR IMPLIED, INCLUDING BUT NOT LIMITED TO THE WARRANTIES OF
  16:application\input/input.c ****  * MERCHANTABILITY, FITNESS FOR A PARTICULAR PURPOSE AND NONINFRINGEMENT.
  17:application\input/input.c ****  * IN NO EVENT SHALL THE AUTHORS OR COPYRIGHT HOLDERS BE LIABLE FOR ANY CLAIM,
  18:application\input/input.c ****  * DAMAGES OR OTHER LIABILITY, WHETHER IN AN ACTION OF CONTRACT, TORT OR
  19:application\input/input.c ****  * OTHERWISE, ARISING FROM, OUT OF OR IN CONNECTION WITH THE SOFTWARE OR THE USE
  20:application\input/input.c ****  * OR OTHER DEALINGS IN THE SOFTWARE.
  21:application\input/input.c **** **********************************************************************************/
  22:application\input/input.c **** 
  23:application\input/input.c **** /**
  24:application\input/input.c ****  * @file    input.c
  25:application\input/input.c ****  * @author  Peter Gyulai
  26:application\input/input.c ****  * @version 1.0.0
  27:application\input/input.c ****  * @date    2020.04.21
  28:application\input/input.c ****  * @brief   Button input handler implementations.
  29:application\input/input.c ****  * @details
  30:application\input/input.c ****  * This file contains the implementation for the input button interrupt handlers.
ARM GAS  C:\Users\GYULAI~1\AppData\Local\Temp\ccQQ9Wff.s 			page 2


  31:application\input/input.c ****  */
  32:application\input/input.c **** 
  33:application\input/input.c **** // Project includes
  34:application\input/input.c **** #include "input.h"
  35:application\input/input.c **** 
  36:application\input/input.c **** 
  37:application\input/input.c **** // Button press indicators
  38:application\input/input.c **** volatile uint8_t button_enter_pressed = 0;
  39:application\input/input.c **** volatile uint8_t button_right_pressed = 0;
  40:application\input/input.c **** volatile uint8_t button_left_pressed = 0;
  41:application\input/input.c **** 
  42:application\input/input.c **** void InitializeInputButtonInterrupts(void) {
  43:application\input/input.c ****     
  44:application\input/input.c ****     // Initializing and starting handlers
  45:application\input/input.c ****     BTN_ENTER_INTR_StartEx(BTN_ENTER_ISR);
  46:application\input/input.c ****     BTN_RIGHT_INTR_StartEx(BTN_RIGHT_ISR);
  47:application\input/input.c ****     BTN_LEFT_INTR_StartEx(BTN_LEFT_ISR);
  48:application\input/input.c **** }
  49:application\input/input.c **** 
  50:application\input/input.c **** CY_ISR(BTN_ENTER_ISR) {
  28              		.loc 1 50 0
  29              		.cfi_startproc
  30              		@ args = 0, pretend = 0, frame = 0
  31              		@ frame_needed = 0, uses_anonymous_args = 0
  32              		@ link register save eliminated.
  51:application\input/input.c ****     button_enter_pressed = 1;
  33              		.loc 1 51 0
  34 0000 0122     		movs	r2, #1
  35 0002 014B     		ldr	r3, .L2
  36 0004 1A70     		strb	r2, [r3]
  37 0006 7047     		bx	lr
  38              	.L3:
  39              		.align	2
  40              	.L2:
  41 0008 00000000 		.word	.LANCHOR0
  42              		.cfi_endproc
  43              	.LFE64:
  44              		.size	BTN_ENTER_ISR, .-BTN_ENTER_ISR
  45              		.section	.text.BTN_RIGHT_ISR,"ax",%progbits
  46              		.align	2
  47              		.global	BTN_RIGHT_ISR
  48              		.thumb
  49              		.thumb_func
  50              		.type	BTN_RIGHT_ISR, %function
  51              	BTN_RIGHT_ISR:
  52              	.LFB65:
  52:application\input/input.c **** }
  53:application\input/input.c **** 
  54:application\input/input.c **** CY_ISR(BTN_RIGHT_ISR) {
  53              		.loc 1 54 0
  54              		.cfi_startproc
  55              		@ args = 0, pretend = 0, frame = 0
  56              		@ frame_needed = 0, uses_anonymous_args = 0
  57              		@ link register save eliminated.
  55:application\input/input.c ****     button_right_pressed = 1;
  58              		.loc 1 55 0
  59 0000 0122     		movs	r2, #1
ARM GAS  C:\Users\GYULAI~1\AppData\Local\Temp\ccQQ9Wff.s 			page 3


  60 0002 014B     		ldr	r3, .L5
  61 0004 5A70     		strb	r2, [r3, #1]
  62 0006 7047     		bx	lr
  63              	.L6:
  64              		.align	2
  65              	.L5:
  66 0008 00000000 		.word	.LANCHOR0
  67              		.cfi_endproc
  68              	.LFE65:
  69              		.size	BTN_RIGHT_ISR, .-BTN_RIGHT_ISR
  70              		.section	.text.BTN_LEFT_ISR,"ax",%progbits
  71              		.align	2
  72              		.global	BTN_LEFT_ISR
  73              		.thumb
  74              		.thumb_func
  75              		.type	BTN_LEFT_ISR, %function
  76              	BTN_LEFT_ISR:
  77              	.LFB66:
  56:application\input/input.c **** }
  57:application\input/input.c **** 
  58:application\input/input.c **** CY_ISR(BTN_LEFT_ISR) {
  78              		.loc 1 58 0
  79              		.cfi_startproc
  80              		@ args = 0, pretend = 0, frame = 0
  81              		@ frame_needed = 0, uses_anonymous_args = 0
  82              		@ link register save eliminated.
  59:application\input/input.c ****     button_left_pressed = 1;
  83              		.loc 1 59 0
  84 0000 0122     		movs	r2, #1
  85 0002 014B     		ldr	r3, .L8
  86 0004 9A70     		strb	r2, [r3, #2]
  87 0006 7047     		bx	lr
  88              	.L9:
  89              		.align	2
  90              	.L8:
  91 0008 00000000 		.word	.LANCHOR0
  92              		.cfi_endproc
  93              	.LFE66:
  94              		.size	BTN_LEFT_ISR, .-BTN_LEFT_ISR
  95              		.section	.text.InitializeInputButtonInterrupts,"ax",%progbits
  96              		.align	2
  97              		.global	InitializeInputButtonInterrupts
  98              		.thumb
  99              		.thumb_func
 100              		.type	InitializeInputButtonInterrupts, %function
 101              	InitializeInputButtonInterrupts:
 102              	.LFB63:
  42:application\input/input.c ****     
 103              		.loc 1 42 0
 104              		.cfi_startproc
 105              		@ args = 0, pretend = 0, frame = 0
 106              		@ frame_needed = 0, uses_anonymous_args = 0
 107 0000 08B5     		push	{r3, lr}
 108              		.cfi_def_cfa_offset 8
 109              		.cfi_offset 3, -8
 110              		.cfi_offset 14, -4
  45:application\input/input.c ****     BTN_RIGHT_INTR_StartEx(BTN_RIGHT_ISR);
ARM GAS  C:\Users\GYULAI~1\AppData\Local\Temp\ccQQ9Wff.s 			page 4


 111              		.loc 1 45 0
 112 0002 0548     		ldr	r0, .L12
 113 0004 FFF7FEFF 		bl	BTN_ENTER_INTR_StartEx
 114              	.LVL0:
  46:application\input/input.c ****     BTN_LEFT_INTR_StartEx(BTN_LEFT_ISR);
 115              		.loc 1 46 0
 116 0008 0448     		ldr	r0, .L12+4
 117 000a FFF7FEFF 		bl	BTN_RIGHT_INTR_StartEx
 118              	.LVL1:
  47:application\input/input.c **** }
 119              		.loc 1 47 0
 120 000e 0448     		ldr	r0, .L12+8
 121 0010 FFF7FEFF 		bl	BTN_LEFT_INTR_StartEx
 122              	.LVL2:
 123 0014 08BD     		pop	{r3, pc}
 124              	.L13:
 125 0016 00BF     		.align	2
 126              	.L12:
 127 0018 00000000 		.word	BTN_ENTER_ISR
 128 001c 00000000 		.word	BTN_RIGHT_ISR
 129 0020 00000000 		.word	BTN_LEFT_ISR
 130              		.cfi_endproc
 131              	.LFE63:
 132              		.size	InitializeInputButtonInterrupts, .-InitializeInputButtonInterrupts
 133              		.global	button_left_pressed
 134              		.global	button_right_pressed
 135              		.global	button_enter_pressed
 136              		.bss
 137              		.set	.LANCHOR0,. + 0
 138              		.type	button_enter_pressed, %object
 139              		.size	button_enter_pressed, 1
 140              	button_enter_pressed:
 141 0000 00       		.space	1
 142              		.type	button_right_pressed, %object
 143              		.size	button_right_pressed, 1
 144              	button_right_pressed:
 145 0001 00       		.space	1
 146              		.type	button_left_pressed, %object
 147              		.size	button_left_pressed, 1
 148              	button_left_pressed:
 149 0002 00       		.space	1
 150              		.text
 151              	.Letext0:
 152              		.file 2 "e:\\cypress\\psoc creator\\4.2\\psoc creator\\import\\gnu\\arm\\5.4.1\\arm-none-eabi\\inc
 153              		.file 3 "e:\\cypress\\psoc creator\\4.2\\psoc creator\\import\\gnu\\arm\\5.4.1\\arm-none-eabi\\inc
 154              		.file 4 "Generated_Source\\PSoC5/core_cm3.h"
 155              		.file 5 "Generated_Source\\PSoC5/BTN_ENTER_INTR.h"
 156              		.file 6 "Generated_Source\\PSoC5/BTN_RIGHT_INTR.h"
 157              		.file 7 "Generated_Source\\PSoC5/BTN_LEFT_INTR.h"
 158              		.section	.debug_info,"",%progbits
 159              	.Ldebug_info0:
 160 0000 AB010000 		.4byte	0x1ab
 161 0004 0400     		.2byte	0x4
 162 0006 00000000 		.4byte	.Ldebug_abbrev0
 163 000a 04       		.byte	0x4
 164 000b 01       		.uleb128 0x1
 165 000c 6B000000 		.4byte	.LASF28
ARM GAS  C:\Users\GYULAI~1\AppData\Local\Temp\ccQQ9Wff.s 			page 5


 166 0010 0C       		.byte	0xc
 167 0011 82010000 		.4byte	.LASF29
 168 0015 2A000000 		.4byte	.LASF30
 169 0019 00000000 		.4byte	.Ldebug_ranges0+0
 170 001d 00000000 		.4byte	0
 171 0021 00000000 		.4byte	.Ldebug_line0
 172 0025 02       		.uleb128 0x2
 173 0026 01       		.byte	0x1
 174 0027 06       		.byte	0x6
 175 0028 59020000 		.4byte	.LASF0
 176 002c 03       		.uleb128 0x3
 177 002d 00000000 		.4byte	.LASF4
 178 0031 02       		.byte	0x2
 179 0032 1D       		.byte	0x1d
 180 0033 37000000 		.4byte	0x37
 181 0037 02       		.uleb128 0x2
 182 0038 01       		.byte	0x1
 183 0039 08       		.byte	0x8
 184 003a 5D000000 		.4byte	.LASF1
 185 003e 02       		.uleb128 0x2
 186 003f 02       		.byte	0x2
 187 0040 05       		.byte	0x5
 188 0041 03020000 		.4byte	.LASF2
 189 0045 02       		.uleb128 0x2
 190 0046 02       		.byte	0x2
 191 0047 07       		.byte	0x7
 192 0048 0B010000 		.4byte	.LASF3
 193 004c 03       		.uleb128 0x3
 194 004d 0A000000 		.4byte	.LASF5
 195 0051 02       		.byte	0x2
 196 0052 3F       		.byte	0x3f
 197 0053 57000000 		.4byte	0x57
 198 0057 02       		.uleb128 0x2
 199 0058 04       		.byte	0x4
 200 0059 05       		.byte	0x5
 201 005a 37020000 		.4byte	.LASF6
 202 005e 02       		.uleb128 0x2
 203 005f 04       		.byte	0x4
 204 0060 07       		.byte	0x7
 205 0061 F9000000 		.4byte	.LASF7
 206 0065 02       		.uleb128 0x2
 207 0066 08       		.byte	0x8
 208 0067 05       		.byte	0x5
 209 0068 F0010000 		.4byte	.LASF8
 210 006c 02       		.uleb128 0x2
 211 006d 08       		.byte	0x8
 212 006e 07       		.byte	0x7
 213 006f A9010000 		.4byte	.LASF9
 214 0073 04       		.uleb128 0x4
 215 0074 04       		.byte	0x4
 216 0075 05       		.byte	0x5
 217 0076 696E7400 		.ascii	"int\000"
 218 007a 02       		.uleb128 0x2
 219 007b 04       		.byte	0x4
 220 007c 07       		.byte	0x7
 221 007d 9C010000 		.4byte	.LASF10
 222 0081 03       		.uleb128 0x3
ARM GAS  C:\Users\GYULAI~1\AppData\Local\Temp\ccQQ9Wff.s 			page 6


 223 0082 C0010000 		.4byte	.LASF11
 224 0086 03       		.byte	0x3
 225 0087 18       		.byte	0x18
 226 0088 2C000000 		.4byte	0x2c
 227 008c 03       		.uleb128 0x3
 228 008d DF010000 		.4byte	.LASF12
 229 0091 03       		.byte	0x3
 230 0092 2C       		.byte	0x2c
 231 0093 4C000000 		.4byte	0x4c
 232 0097 02       		.uleb128 0x2
 233 0098 04       		.byte	0x4
 234 0099 04       		.byte	0x4
 235 009a 57000000 		.4byte	.LASF13
 236 009e 02       		.uleb128 0x2
 237 009f 08       		.byte	0x8
 238 00a0 04       		.byte	0x4
 239 00a1 59010000 		.4byte	.LASF14
 240 00a5 02       		.uleb128 0x2
 241 00a6 01       		.byte	0x1
 242 00a7 08       		.byte	0x8
 243 00a8 FE010000 		.4byte	.LASF15
 244 00ac 02       		.uleb128 0x2
 245 00ad 08       		.byte	0x8
 246 00ae 04       		.byte	0x4
 247 00af 4D020000 		.4byte	.LASF16
 248 00b3 02       		.uleb128 0x2
 249 00b4 04       		.byte	0x4
 250 00b5 07       		.byte	0x7
 251 00b6 E7010000 		.4byte	.LASF17
 252 00ba 05       		.uleb128 0x5
 253 00bb 81000000 		.4byte	0x81
 254 00bf 06       		.uleb128 0x6
 255 00c0 74010000 		.4byte	.LASF18
 256 00c4 01       		.byte	0x1
 257 00c5 32       		.byte	0x32
 258 00c6 00000000 		.4byte	.LFB64
 259 00ca 0C000000 		.4byte	.LFE64-.LFB64
 260 00ce 01       		.uleb128 0x1
 261 00cf 9C       		.byte	0x9c
 262 00d0 06       		.uleb128 0x6
 263 00d1 2B010000 		.4byte	.LASF19
 264 00d5 01       		.byte	0x1
 265 00d6 36       		.byte	0x36
 266 00d7 00000000 		.4byte	.LFB65
 267 00db 0C000000 		.4byte	.LFE65-.LFB65
 268 00df 01       		.uleb128 0x1
 269 00e0 9C       		.byte	0x9c
 270 00e1 06       		.uleb128 0x6
 271 00e2 40020000 		.4byte	.LASF20
 272 00e6 01       		.byte	0x1
 273 00e7 3A       		.byte	0x3a
 274 00e8 00000000 		.4byte	.LFB66
 275 00ec 0C000000 		.4byte	.LFE66-.LFB66
 276 00f0 01       		.uleb128 0x1
 277 00f1 9C       		.byte	0x9c
 278 00f2 07       		.uleb128 0x7
 279 00f3 39010000 		.4byte	.LASF31
ARM GAS  C:\Users\GYULAI~1\AppData\Local\Temp\ccQQ9Wff.s 			page 7


 280 00f7 01       		.byte	0x1
 281 00f8 2A       		.byte	0x2a
 282 00f9 00000000 		.4byte	.LFB63
 283 00fd 24000000 		.4byte	.LFE63-.LFB63
 284 0101 01       		.uleb128 0x1
 285 0102 9C       		.byte	0x9c
 286 0103 49010000 		.4byte	0x149
 287 0107 08       		.uleb128 0x8
 288 0108 08000000 		.4byte	.LVL0
 289 010c 8D010000 		.4byte	0x18d
 290 0110 1E010000 		.4byte	0x11e
 291 0114 09       		.uleb128 0x9
 292 0115 01       		.uleb128 0x1
 293 0116 50       		.byte	0x50
 294 0117 05       		.uleb128 0x5
 295 0118 03       		.byte	0x3
 296 0119 00000000 		.4byte	BTN_ENTER_ISR
 297 011d 00       		.byte	0
 298 011e 08       		.uleb128 0x8
 299 011f 0E000000 		.4byte	.LVL1
 300 0123 98010000 		.4byte	0x198
 301 0127 35010000 		.4byte	0x135
 302 012b 09       		.uleb128 0x9
 303 012c 01       		.uleb128 0x1
 304 012d 50       		.byte	0x50
 305 012e 05       		.uleb128 0x5
 306 012f 03       		.byte	0x3
 307 0130 00000000 		.4byte	BTN_RIGHT_ISR
 308 0134 00       		.byte	0
 309 0135 0A       		.uleb128 0xa
 310 0136 14000000 		.4byte	.LVL2
 311 013a A3010000 		.4byte	0x1a3
 312 013e 09       		.uleb128 0x9
 313 013f 01       		.uleb128 0x1
 314 0140 50       		.byte	0x50
 315 0141 05       		.uleb128 0x5
 316 0142 03       		.byte	0x3
 317 0143 00000000 		.4byte	BTN_LEFT_ISR
 318 0147 00       		.byte	0
 319 0148 00       		.byte	0
 320 0149 0B       		.uleb128 0xb
 321 014a 1E010000 		.4byte	.LASF21
 322 014e 04       		.byte	0x4
 323 014f 1207     		.2byte	0x712
 324 0151 55010000 		.4byte	0x155
 325 0155 05       		.uleb128 0x5
 326 0156 8C000000 		.4byte	0x8c
 327 015a 0C       		.uleb128 0xc
 328 015b 0D020000 		.4byte	.LASF22
 329 015f 01       		.byte	0x1
 330 0160 26       		.byte	0x26
 331 0161 BA000000 		.4byte	0xba
 332 0165 05       		.uleb128 0x5
 333 0166 03       		.byte	0x3
 334 0167 00000000 		.4byte	button_enter_pressed
 335 016b 0C       		.uleb128 0xc
 336 016c 22020000 		.4byte	.LASF23
ARM GAS  C:\Users\GYULAI~1\AppData\Local\Temp\ccQQ9Wff.s 			page 8


 337 0170 01       		.byte	0x1
 338 0171 27       		.byte	0x27
 339 0172 BA000000 		.4byte	0xba
 340 0176 05       		.uleb128 0x5
 341 0177 03       		.byte	0x3
 342 0178 00000000 		.4byte	button_right_pressed
 343 017c 0C       		.uleb128 0xc
 344 017d 60010000 		.4byte	.LASF24
 345 0181 01       		.byte	0x1
 346 0182 28       		.byte	0x28
 347 0183 BA000000 		.4byte	0xba
 348 0187 05       		.uleb128 0x5
 349 0188 03       		.byte	0x3
 350 0189 00000000 		.4byte	button_left_pressed
 351 018d 0D       		.uleb128 0xd
 352 018e C8010000 		.4byte	.LASF25
 353 0192 C8010000 		.4byte	.LASF25
 354 0196 05       		.byte	0x5
 355 0197 18       		.byte	0x18
 356 0198 0D       		.uleb128 0xd
 357 0199 65020000 		.4byte	.LASF26
 358 019d 65020000 		.4byte	.LASF26
 359 01a1 06       		.byte	0x6
 360 01a2 18       		.byte	0x18
 361 01a3 0D       		.uleb128 0xd
 362 01a4 14000000 		.4byte	.LASF27
 363 01a8 14000000 		.4byte	.LASF27
 364 01ac 07       		.byte	0x7
 365 01ad 18       		.byte	0x18
 366 01ae 00       		.byte	0
 367              		.section	.debug_abbrev,"",%progbits
 368              	.Ldebug_abbrev0:
 369 0000 01       		.uleb128 0x1
 370 0001 11       		.uleb128 0x11
 371 0002 01       		.byte	0x1
 372 0003 25       		.uleb128 0x25
 373 0004 0E       		.uleb128 0xe
 374 0005 13       		.uleb128 0x13
 375 0006 0B       		.uleb128 0xb
 376 0007 03       		.uleb128 0x3
 377 0008 0E       		.uleb128 0xe
 378 0009 1B       		.uleb128 0x1b
 379 000a 0E       		.uleb128 0xe
 380 000b 55       		.uleb128 0x55
 381 000c 17       		.uleb128 0x17
 382 000d 11       		.uleb128 0x11
 383 000e 01       		.uleb128 0x1
 384 000f 10       		.uleb128 0x10
 385 0010 17       		.uleb128 0x17
 386 0011 00       		.byte	0
 387 0012 00       		.byte	0
 388 0013 02       		.uleb128 0x2
 389 0014 24       		.uleb128 0x24
 390 0015 00       		.byte	0
 391 0016 0B       		.uleb128 0xb
 392 0017 0B       		.uleb128 0xb
 393 0018 3E       		.uleb128 0x3e
ARM GAS  C:\Users\GYULAI~1\AppData\Local\Temp\ccQQ9Wff.s 			page 9


 394 0019 0B       		.uleb128 0xb
 395 001a 03       		.uleb128 0x3
 396 001b 0E       		.uleb128 0xe
 397 001c 00       		.byte	0
 398 001d 00       		.byte	0
 399 001e 03       		.uleb128 0x3
 400 001f 16       		.uleb128 0x16
 401 0020 00       		.byte	0
 402 0021 03       		.uleb128 0x3
 403 0022 0E       		.uleb128 0xe
 404 0023 3A       		.uleb128 0x3a
 405 0024 0B       		.uleb128 0xb
 406 0025 3B       		.uleb128 0x3b
 407 0026 0B       		.uleb128 0xb
 408 0027 49       		.uleb128 0x49
 409 0028 13       		.uleb128 0x13
 410 0029 00       		.byte	0
 411 002a 00       		.byte	0
 412 002b 04       		.uleb128 0x4
 413 002c 24       		.uleb128 0x24
 414 002d 00       		.byte	0
 415 002e 0B       		.uleb128 0xb
 416 002f 0B       		.uleb128 0xb
 417 0030 3E       		.uleb128 0x3e
 418 0031 0B       		.uleb128 0xb
 419 0032 03       		.uleb128 0x3
 420 0033 08       		.uleb128 0x8
 421 0034 00       		.byte	0
 422 0035 00       		.byte	0
 423 0036 05       		.uleb128 0x5
 424 0037 35       		.uleb128 0x35
 425 0038 00       		.byte	0
 426 0039 49       		.uleb128 0x49
 427 003a 13       		.uleb128 0x13
 428 003b 00       		.byte	0
 429 003c 00       		.byte	0
 430 003d 06       		.uleb128 0x6
 431 003e 2E       		.uleb128 0x2e
 432 003f 00       		.byte	0
 433 0040 3F       		.uleb128 0x3f
 434 0041 19       		.uleb128 0x19
 435 0042 03       		.uleb128 0x3
 436 0043 0E       		.uleb128 0xe
 437 0044 3A       		.uleb128 0x3a
 438 0045 0B       		.uleb128 0xb
 439 0046 3B       		.uleb128 0x3b
 440 0047 0B       		.uleb128 0xb
 441 0048 27       		.uleb128 0x27
 442 0049 19       		.uleb128 0x19
 443 004a 11       		.uleb128 0x11
 444 004b 01       		.uleb128 0x1
 445 004c 12       		.uleb128 0x12
 446 004d 06       		.uleb128 0x6
 447 004e 40       		.uleb128 0x40
 448 004f 18       		.uleb128 0x18
 449 0050 9742     		.uleb128 0x2117
 450 0052 19       		.uleb128 0x19
ARM GAS  C:\Users\GYULAI~1\AppData\Local\Temp\ccQQ9Wff.s 			page 10


 451 0053 00       		.byte	0
 452 0054 00       		.byte	0
 453 0055 07       		.uleb128 0x7
 454 0056 2E       		.uleb128 0x2e
 455 0057 01       		.byte	0x1
 456 0058 3F       		.uleb128 0x3f
 457 0059 19       		.uleb128 0x19
 458 005a 03       		.uleb128 0x3
 459 005b 0E       		.uleb128 0xe
 460 005c 3A       		.uleb128 0x3a
 461 005d 0B       		.uleb128 0xb
 462 005e 3B       		.uleb128 0x3b
 463 005f 0B       		.uleb128 0xb
 464 0060 27       		.uleb128 0x27
 465 0061 19       		.uleb128 0x19
 466 0062 11       		.uleb128 0x11
 467 0063 01       		.uleb128 0x1
 468 0064 12       		.uleb128 0x12
 469 0065 06       		.uleb128 0x6
 470 0066 40       		.uleb128 0x40
 471 0067 18       		.uleb128 0x18
 472 0068 9742     		.uleb128 0x2117
 473 006a 19       		.uleb128 0x19
 474 006b 01       		.uleb128 0x1
 475 006c 13       		.uleb128 0x13
 476 006d 00       		.byte	0
 477 006e 00       		.byte	0
 478 006f 08       		.uleb128 0x8
 479 0070 898201   		.uleb128 0x4109
 480 0073 01       		.byte	0x1
 481 0074 11       		.uleb128 0x11
 482 0075 01       		.uleb128 0x1
 483 0076 31       		.uleb128 0x31
 484 0077 13       		.uleb128 0x13
 485 0078 01       		.uleb128 0x1
 486 0079 13       		.uleb128 0x13
 487 007a 00       		.byte	0
 488 007b 00       		.byte	0
 489 007c 09       		.uleb128 0x9
 490 007d 8A8201   		.uleb128 0x410a
 491 0080 00       		.byte	0
 492 0081 02       		.uleb128 0x2
 493 0082 18       		.uleb128 0x18
 494 0083 9142     		.uleb128 0x2111
 495 0085 18       		.uleb128 0x18
 496 0086 00       		.byte	0
 497 0087 00       		.byte	0
 498 0088 0A       		.uleb128 0xa
 499 0089 898201   		.uleb128 0x4109
 500 008c 01       		.byte	0x1
 501 008d 11       		.uleb128 0x11
 502 008e 01       		.uleb128 0x1
 503 008f 31       		.uleb128 0x31
 504 0090 13       		.uleb128 0x13
 505 0091 00       		.byte	0
 506 0092 00       		.byte	0
 507 0093 0B       		.uleb128 0xb
ARM GAS  C:\Users\GYULAI~1\AppData\Local\Temp\ccQQ9Wff.s 			page 11


 508 0094 34       		.uleb128 0x34
 509 0095 00       		.byte	0
 510 0096 03       		.uleb128 0x3
 511 0097 0E       		.uleb128 0xe
 512 0098 3A       		.uleb128 0x3a
 513 0099 0B       		.uleb128 0xb
 514 009a 3B       		.uleb128 0x3b
 515 009b 05       		.uleb128 0x5
 516 009c 49       		.uleb128 0x49
 517 009d 13       		.uleb128 0x13
 518 009e 3F       		.uleb128 0x3f
 519 009f 19       		.uleb128 0x19
 520 00a0 3C       		.uleb128 0x3c
 521 00a1 19       		.uleb128 0x19
 522 00a2 00       		.byte	0
 523 00a3 00       		.byte	0
 524 00a4 0C       		.uleb128 0xc
 525 00a5 34       		.uleb128 0x34
 526 00a6 00       		.byte	0
 527 00a7 03       		.uleb128 0x3
 528 00a8 0E       		.uleb128 0xe
 529 00a9 3A       		.uleb128 0x3a
 530 00aa 0B       		.uleb128 0xb
 531 00ab 3B       		.uleb128 0x3b
 532 00ac 0B       		.uleb128 0xb
 533 00ad 49       		.uleb128 0x49
 534 00ae 13       		.uleb128 0x13
 535 00af 3F       		.uleb128 0x3f
 536 00b0 19       		.uleb128 0x19
 537 00b1 02       		.uleb128 0x2
 538 00b2 18       		.uleb128 0x18
 539 00b3 00       		.byte	0
 540 00b4 00       		.byte	0
 541 00b5 0D       		.uleb128 0xd
 542 00b6 2E       		.uleb128 0x2e
 543 00b7 00       		.byte	0
 544 00b8 3F       		.uleb128 0x3f
 545 00b9 19       		.uleb128 0x19
 546 00ba 3C       		.uleb128 0x3c
 547 00bb 19       		.uleb128 0x19
 548 00bc 6E       		.uleb128 0x6e
 549 00bd 0E       		.uleb128 0xe
 550 00be 03       		.uleb128 0x3
 551 00bf 0E       		.uleb128 0xe
 552 00c0 3A       		.uleb128 0x3a
 553 00c1 0B       		.uleb128 0xb
 554 00c2 3B       		.uleb128 0x3b
 555 00c3 0B       		.uleb128 0xb
 556 00c4 00       		.byte	0
 557 00c5 00       		.byte	0
 558 00c6 00       		.byte	0
 559              		.section	.debug_aranges,"",%progbits
 560 0000 34000000 		.4byte	0x34
 561 0004 0200     		.2byte	0x2
 562 0006 00000000 		.4byte	.Ldebug_info0
 563 000a 04       		.byte	0x4
 564 000b 00       		.byte	0
ARM GAS  C:\Users\GYULAI~1\AppData\Local\Temp\ccQQ9Wff.s 			page 12


 565 000c 0000     		.2byte	0
 566 000e 0000     		.2byte	0
 567 0010 00000000 		.4byte	.LFB64
 568 0014 0C000000 		.4byte	.LFE64-.LFB64
 569 0018 00000000 		.4byte	.LFB65
 570 001c 0C000000 		.4byte	.LFE65-.LFB65
 571 0020 00000000 		.4byte	.LFB66
 572 0024 0C000000 		.4byte	.LFE66-.LFB66
 573 0028 00000000 		.4byte	.LFB63
 574 002c 24000000 		.4byte	.LFE63-.LFB63
 575 0030 00000000 		.4byte	0
 576 0034 00000000 		.4byte	0
 577              		.section	.debug_ranges,"",%progbits
 578              	.Ldebug_ranges0:
 579 0000 00000000 		.4byte	.LFB64
 580 0004 0C000000 		.4byte	.LFE64
 581 0008 00000000 		.4byte	.LFB65
 582 000c 0C000000 		.4byte	.LFE65
 583 0010 00000000 		.4byte	.LFB66
 584 0014 0C000000 		.4byte	.LFE66
 585 0018 00000000 		.4byte	.LFB63
 586 001c 24000000 		.4byte	.LFE63
 587 0020 00000000 		.4byte	0
 588 0024 00000000 		.4byte	0
 589              		.section	.debug_line,"",%progbits
 590              	.Ldebug_line0:
 591 0000 AD010000 		.section	.debug_str,"MS",%progbits,1
 591      02006501 
 591      00000201 
 591      FB0E0D00 
 591      01010101 
 592              	.LASF4:
 593 0000 5F5F7569 		.ascii	"__uint8_t\000"
 593      6E74385F 
 593      7400
 594              	.LASF5:
 595 000a 5F5F696E 		.ascii	"__int32_t\000"
 595      7433325F 
 595      7400
 596              	.LASF27:
 597 0014 42544E5F 		.ascii	"BTN_LEFT_INTR_StartEx\000"
 597      4C454654 
 597      5F494E54 
 597      525F5374 
 597      61727445 
 598              	.LASF30:
 599 002a 453A5C43 		.ascii	"E:\\Cypress\\Projects\\RheaWorkspace\\Rhea.cydsn\000"
 599      79707265 
 599      73735C50 
 599      726F6A65 
 599      6374735C 
 600              	.LASF13:
 601 0057 666C6F61 		.ascii	"float\000"
 601      7400
 602              	.LASF1:
 603 005d 756E7369 		.ascii	"unsigned char\000"
 603      676E6564 
ARM GAS  C:\Users\GYULAI~1\AppData\Local\Temp\ccQQ9Wff.s 			page 13


 603      20636861 
 603      7200
 604              	.LASF28:
 605 006b 474E5520 		.ascii	"GNU C11 5.4.1 20160609 (release) [ARM/embedded-5-br"
 605      43313120 
 605      352E342E 
 605      31203230 
 605      31363036 
 606 009e 616E6368 		.ascii	"anch revision 237715] -mcpu=cortex-m3 -mthumb -g -O"
 606      20726576 
 606      6973696F 
 606      6E203233 
 606      37373135 
 607 00d1 67202D66 		.ascii	"g -ffunction-sections -ffat-lto-objects\000"
 607      66756E63 
 607      74696F6E 
 607      2D736563 
 607      74696F6E 
 608              	.LASF7:
 609 00f9 6C6F6E67 		.ascii	"long unsigned int\000"
 609      20756E73 
 609      69676E65 
 609      6420696E 
 609      7400
 610              	.LASF3:
 611 010b 73686F72 		.ascii	"short unsigned int\000"
 611      7420756E 
 611      7369676E 
 611      65642069 
 611      6E7400
 612              	.LASF21:
 613 011e 49544D5F 		.ascii	"ITM_RxBuffer\000"
 613      52784275 
 613      66666572 
 613      00
 614              	.LASF19:
 615 012b 42544E5F 		.ascii	"BTN_RIGHT_ISR\000"
 615      52494748 
 615      545F4953 
 615      5200
 616              	.LASF31:
 617 0139 496E6974 		.ascii	"InitializeInputButtonInterrupts\000"
 617      69616C69 
 617      7A65496E 
 617      70757442 
 617      7574746F 
 618              	.LASF14:
 619 0159 646F7562 		.ascii	"double\000"
 619      6C6500
 620              	.LASF24:
 621 0160 62757474 		.ascii	"button_left_pressed\000"
 621      6F6E5F6C 
 621      6566745F 
 621      70726573 
 621      73656400 
 622              	.LASF18:
 623 0174 42544E5F 		.ascii	"BTN_ENTER_ISR\000"
ARM GAS  C:\Users\GYULAI~1\AppData\Local\Temp\ccQQ9Wff.s 			page 14


 623      454E5445 
 623      525F4953 
 623      5200
 624              	.LASF29:
 625 0182 6170706C 		.ascii	"application\\input\\input.c\000"
 625      69636174 
 625      696F6E5C 
 625      696E7075 
 625      745C696E 
 626              	.LASF10:
 627 019c 756E7369 		.ascii	"unsigned int\000"
 627      676E6564 
 627      20696E74 
 627      00
 628              	.LASF9:
 629 01a9 6C6F6E67 		.ascii	"long long unsigned int\000"
 629      206C6F6E 
 629      6720756E 
 629      7369676E 
 629      65642069 
 630              	.LASF11:
 631 01c0 75696E74 		.ascii	"uint8_t\000"
 631      385F7400 
 632              	.LASF25:
 633 01c8 42544E5F 		.ascii	"BTN_ENTER_INTR_StartEx\000"
 633      454E5445 
 633      525F494E 
 633      54525F53 
 633      74617274 
 634              	.LASF12:
 635 01df 696E7433 		.ascii	"int32_t\000"
 635      325F7400 
 636              	.LASF17:
 637 01e7 73697A65 		.ascii	"sizetype\000"
 637      74797065 
 637      00
 638              	.LASF8:
 639 01f0 6C6F6E67 		.ascii	"long long int\000"
 639      206C6F6E 
 639      6720696E 
 639      7400
 640              	.LASF15:
 641 01fe 63686172 		.ascii	"char\000"
 641      00
 642              	.LASF2:
 643 0203 73686F72 		.ascii	"short int\000"
 643      7420696E 
 643      7400
 644              	.LASF22:
 645 020d 62757474 		.ascii	"button_enter_pressed\000"
 645      6F6E5F65 
 645      6E746572 
 645      5F707265 
 645      73736564 
 646              	.LASF23:
 647 0222 62757474 		.ascii	"button_right_pressed\000"
 647      6F6E5F72 
ARM GAS  C:\Users\GYULAI~1\AppData\Local\Temp\ccQQ9Wff.s 			page 15


 647      69676874 
 647      5F707265 
 647      73736564 
 648              	.LASF6:
 649 0237 6C6F6E67 		.ascii	"long int\000"
 649      20696E74 
 649      00
 650              	.LASF20:
 651 0240 42544E5F 		.ascii	"BTN_LEFT_ISR\000"
 651      4C454654 
 651      5F495352 
 651      00
 652              	.LASF16:
 653 024d 6C6F6E67 		.ascii	"long double\000"
 653      20646F75 
 653      626C6500 
 654              	.LASF0:
 655 0259 7369676E 		.ascii	"signed char\000"
 655      65642063 
 655      68617200 
 656              	.LASF26:
 657 0265 42544E5F 		.ascii	"BTN_RIGHT_INTR_StartEx\000"
 657      52494748 
 657      545F494E 
 657      54525F53 
 657      74617274 
 658              		.ident	"GCC: (GNU Tools for ARM Embedded Processors) 5.4.1 20160609 (release) [ARM/embedded-5-bran
