ARM GAS  C:\Users\GYULAI~1\AppData\Local\Temp\ccXaVm7p.s 			page 1


   1              		.syntax unified
   2              		.cpu cortex-m3
   3              		.fpu softvfp
   4              		.eabi_attribute 20, 1
   5              		.eabi_attribute 21, 1
   6              		.eabi_attribute 23, 3
   7              		.eabi_attribute 24, 1
   8              		.eabi_attribute 25, 1
   9              		.eabi_attribute 26, 1
  10              		.eabi_attribute 30, 6
  11              		.eabi_attribute 34, 1
  12              		.eabi_attribute 18, 4
  13              		.thumb
  14              		.syntax unified
  15              		.file	"main.c"
  16              		.text
  17              	.Ltext0:
  18              		.cfi_sections	.debug_frame
  19              		.section	.rodata
  20              		.align	2
  21              		.type	rhea_rtc_datetimeFormatGeneral, %object
  22              		.size	rhea_rtc_datetimeFormatGeneral, 20
  23              	rhea_rtc_datetimeFormatGeneral:
  24 0000 59595959 		.ascii	"YYYY/MM/dd hh:mm:ss\000"
  24      2F4D4D2F 
  24      64642068 
  24      683A6D6D 
  24      3A737300 
  25              		.align	2
  26              		.type	rhea_rtc_datetimeFormatGeneralUS, %object
  27              		.size	rhea_rtc_datetimeFormatGeneralUS, 22
  28              	rhea_rtc_datetimeFormatGeneralUS:
  29 0014 64642F4D 		.ascii	"dd/MM/YYYY hh:mm:ss t\000"
  29      4D2F5959 
  29      59592068 
  29      683A6D6D 
  29      3A737320 
  30 002a 0000     		.align	2
  31              		.type	rhea_rtc_datetimeFormatFull, %object
  32              		.size	rhea_rtc_datetimeFormatFull, 22
  33              	rhea_rtc_datetimeFormatFull:
  34 002c 772C204D 		.ascii	"w, MMMM d, YYYY h:m:s\000"
  34      4D4D4D20 
  34      642C2059 
  34      59595920 
  34      683A6D3A 
  35 0042 0000     		.align	2
  36              	.LC0:
  37 0044 48656C6C 		.ascii	"Hello\012Bello\012\000"
  37      6F0A4265 
  37      6C6C6F0A 
  37      00
  38              		.section	.text.test_graphics,"ax",%progbits
  39              		.align	2
  40              		.global	test_graphics
  41              		.thumb
  42              		.thumb_func
ARM GAS  C:\Users\GYULAI~1\AppData\Local\Temp\ccXaVm7p.s 			page 2


  43              		.type	test_graphics, %function
  44              	test_graphics:
  45              	.LFB64:
  46              		.file 1 "application\\main.c"
   1:application/main.c **** #include "project.h"
   2:application/main.c **** 
   3:application/main.c **** // Including Rhea libraries
   4:application/main.c **** #include "rhea/i2c/i2c.h"
   5:application/main.c **** #include "rhea/gfx/gfx.h"
   6:application/main.c **** #include "rhea/rtc/rtc.h"
   7:application/main.c **** #include "rhea/uart/uart.h"
   8:application/main.c **** #include "rhea/sensor/sensor.h"
   9:application/main.c **** 
  10:application/main.c **** // Including application headers
  11:application/main.c **** #include "command/command.h"
  12:application/main.c **** #include "input/input.h"
  13:application/main.c **** #include "menu/menu.h"
  14:application/main.c **** 
  15:application/main.c **** // Including standard headers
  16:application/main.c **** #include <stdio.h>
  17:application/main.c **** 
  18:application/main.c **** 
  19:application/main.c **** // Test function for graphics display
  20:application/main.c **** void test_graphics(void) {
  47              		.loc 1 20 0
  48              		.cfi_startproc
  49              		@ args = 0, pretend = 0, frame = 0
  50              		@ frame_needed = 1, uses_anonymous_args = 0
  51 0000 80B5     		push	{r7, lr}
  52              		.cfi_def_cfa_offset 8
  53              		.cfi_offset 7, -8
  54              		.cfi_offset 14, -4
  55 0002 00AF     		add	r7, sp, #0
  56              		.cfi_def_cfa_register 7
  21:application/main.c ****     rhea_gfx_Clear();
  57              		.loc 1 21 0
  58 0004 FFF7FEFF 		bl	rhea_gfx_Clear
  22:application/main.c ****     rhea_gfx_Print("Hello\nBello\n");
  59              		.loc 1 22 0
  60 0008 0948     		ldr	r0, .L2
  61 000a FFF7FEFF 		bl	rhea_gfx_Print
  23:application/main.c ****     rhea_gfx_PrintSymbol(95);
  62              		.loc 1 23 0
  63 000e 5F20     		movs	r0, #95
  64 0010 FFF7FEFF 		bl	rhea_gfx_PrintSymbol
  24:application/main.c ****     rhea_gfx_PrintSymbol(96);
  65              		.loc 1 24 0
  66 0014 6020     		movs	r0, #96
  67 0016 FFF7FEFF 		bl	rhea_gfx_PrintSymbol
  25:application/main.c ****     rhea_gfx_PrintSymbol(97);
  68              		.loc 1 25 0
  69 001a 6120     		movs	r0, #97
  70 001c FFF7FEFF 		bl	rhea_gfx_PrintSymbol
  26:application/main.c ****     rhea_gfx_PrintSymbol(98);
  71              		.loc 1 26 0
  72 0020 6220     		movs	r0, #98
  73 0022 FFF7FEFF 		bl	rhea_gfx_PrintSymbol
ARM GAS  C:\Users\GYULAI~1\AppData\Local\Temp\ccXaVm7p.s 			page 3


  27:application/main.c ****     rhea_gfx_PrintSymbol(99);
  74              		.loc 1 27 0
  75 0026 6320     		movs	r0, #99
  76 0028 FFF7FEFF 		bl	rhea_gfx_PrintSymbol
  28:application/main.c **** }
  77              		.loc 1 28 0
  78 002c 00BF     		nop
  79 002e 80BD     		pop	{r7, pc}
  80              	.L3:
  81              		.align	2
  82              	.L2:
  83 0030 44000000 		.word	.LC0
  84              		.cfi_endproc
  85              	.LFE64:
  86              		.size	test_graphics, .-test_graphics
  87              		.section	.rodata
  88 0051 000000   		.align	2
  89              	.LC1:
  90 0054 74656D70 		.ascii	"temperature\000"
  90      65726174 
  90      75726500 
  91              		.align	2
  92              	.LC2:
  93 0060 424D4532 		.ascii	"BME280\000"
  93      383000
  94 0067 00       		.align	2
  95              	.LC3:
  96 0068 70726573 		.ascii	"pressure\000"
  96      73757265 
  96      00
  97 0071 000000   		.align	2
  98              	.LC4:
  99 0074 68756D69 		.ascii	"humidity\000"
  99      64697479 
  99      00
 100              		.global	__aeabi_d2iz
 101 007d 000000   		.align	2
 102              	.LC5:
 103 0080 543A2025 		.ascii	"T: %d \000"
 103      642000
 104 0087 00       		.align	2
 105              	.LC6:
 106 0088 0A00     		.ascii	"\012\000"
 107 008a 0000     		.align	2
 108              	.LC7:
 109 008c 503A2025 		.ascii	"P: %d \000"
 109      642000
 110 0093 00       		.align	2
 111              	.LC8:
 112 0094 483A2025 		.ascii	"H: %d %%\012\000"
 112      64202525 
 112      0A00
 113              		.section	.text.test_sensor,"ax",%progbits
 114              		.align	2
 115              		.global	test_sensor
 116              		.thumb
 117              		.thumb_func
ARM GAS  C:\Users\GYULAI~1\AppData\Local\Temp\ccXaVm7p.s 			page 4


 118              		.type	test_sensor, %function
 119              	test_sensor:
 120              	.LFB65:
  29:application/main.c **** 
  30:application/main.c **** void test_sensor(void) {
 121              		.loc 1 30 0
 122              		.cfi_startproc
 123              		@ args = 0, pretend = 0, frame = 64
 124              		@ frame_needed = 1, uses_anonymous_args = 0
 125 0000 90B5     		push	{r4, r7, lr}
 126              		.cfi_def_cfa_offset 12
 127              		.cfi_offset 4, -12
 128              		.cfi_offset 7, -8
 129              		.cfi_offset 14, -4
 130 0002 91B0     		sub	sp, sp, #68
 131              		.cfi_def_cfa_offset 80
 132 0004 00AF     		add	r7, sp, #0
 133              		.cfi_def_cfa_register 7
  31:application/main.c ****         rhea_sensor_SetMeasurementPeriod("BME280", "temperature", 250);
 134              		.loc 1 31 0
 135 0006 4FF0FA02 		mov	r2, #250
 136 000a 4FF00003 		mov	r3, #0
 137 000e 3749     		ldr	r1, .L5
 138 0010 3748     		ldr	r0, .L5+4
 139 0012 FFF7FEFF 		bl	rhea_sensor_SetMeasurementPeriod
  32:application/main.c ****         rhea_sensor_SetMeasurementPeriod("BME280", "pressure", 250);
 140              		.loc 1 32 0
 141 0016 4FF0FA02 		mov	r2, #250
 142 001a 4FF00003 		mov	r3, #0
 143 001e 3549     		ldr	r1, .L5+8
 144 0020 3348     		ldr	r0, .L5+4
 145 0022 FFF7FEFF 		bl	rhea_sensor_SetMeasurementPeriod
  33:application/main.c ****         rhea_sensor_SetMeasurementPeriod("BME280", "humidity", 250);
 146              		.loc 1 33 0
 147 0026 4FF0FA02 		mov	r2, #250
 148 002a 4FF00003 		mov	r3, #0
 149 002e 3249     		ldr	r1, .L5+12
 150 0030 2F48     		ldr	r0, .L5+4
 151 0032 FFF7FEFF 		bl	rhea_sensor_SetMeasurementPeriod
  34:application/main.c ****         
  35:application/main.c ****         CyDelay(250);
 152              		.loc 1 35 0
 153 0036 FA20     		movs	r0, #250
 154 0038 FFF7FEFF 		bl	CyDelay
  36:application/main.c **** 
  37:application/main.c ****         int temperatureInt = (int) rhea_sensor_GetMeasurement("BME280", "temperature");;
 155              		.loc 1 37 0
 156 003c 2B49     		ldr	r1, .L5
 157 003e 2C48     		ldr	r0, .L5+4
 158 0040 FFF7FEFF 		bl	rhea_sensor_GetMeasurement
 159 0044 0346     		mov	r3, r0
 160 0046 0C46     		mov	r4, r1
 161 0048 1846     		mov	r0, r3
 162 004a 2146     		mov	r1, r4
 163 004c FFF7FEFF 		bl	__aeabi_d2iz
 164 0050 0346     		mov	r3, r0
 165 0052 FB63     		str	r3, [r7, #60]
ARM GAS  C:\Users\GYULAI~1\AppData\Local\Temp\ccXaVm7p.s 			page 5


  38:application/main.c ****         int pressureInt = (int) rhea_sensor_GetMeasurement("BME280", "pressure");
 166              		.loc 1 38 0
 167 0054 2749     		ldr	r1, .L5+8
 168 0056 2648     		ldr	r0, .L5+4
 169 0058 FFF7FEFF 		bl	rhea_sensor_GetMeasurement
 170 005c 0346     		mov	r3, r0
 171 005e 0C46     		mov	r4, r1
 172 0060 1846     		mov	r0, r3
 173 0062 2146     		mov	r1, r4
 174 0064 FFF7FEFF 		bl	__aeabi_d2iz
 175 0068 0346     		mov	r3, r0
 176 006a BB63     		str	r3, [r7, #56]
  39:application/main.c ****         int humidityInt = (int) rhea_sensor_GetMeasurement("BME280", "humidity");
 177              		.loc 1 39 0
 178 006c 2249     		ldr	r1, .L5+12
 179 006e 2048     		ldr	r0, .L5+4
 180 0070 FFF7FEFF 		bl	rhea_sensor_GetMeasurement
 181 0074 0346     		mov	r3, r0
 182 0076 0C46     		mov	r4, r1
 183 0078 1846     		mov	r0, r3
 184 007a 2146     		mov	r1, r4
 185 007c FFF7FEFF 		bl	__aeabi_d2iz
 186 0080 0346     		mov	r3, r0
 187 0082 7B63     		str	r3, [r7, #52]
  40:application/main.c ****         
  41:application/main.c ****         char buffer[50];
  42:application/main.c ****         sprintf(buffer, "T: %d ", temperatureInt);
 188              		.loc 1 42 0
 189 0084 3B46     		mov	r3, r7
 190 0086 FA6B     		ldr	r2, [r7, #60]
 191 0088 1C49     		ldr	r1, .L5+16
 192 008a 1846     		mov	r0, r3
 193 008c FFF7FEFF 		bl	sprintf
  43:application/main.c ****         rhea_gfx_SetCursor(0,0);
 194              		.loc 1 43 0
 195 0090 0021     		movs	r1, #0
 196 0092 0020     		movs	r0, #0
 197 0094 FFF7FEFF 		bl	rhea_gfx_SetCursor
  44:application/main.c ****         rhea_gfx_Print(buffer); rhea_gfx_PrintSymbol(95); rhea_gfx_Print("\n");
 198              		.loc 1 44 0
 199 0098 3B46     		mov	r3, r7
 200 009a 1846     		mov	r0, r3
 201 009c FFF7FEFF 		bl	rhea_gfx_Print
 202 00a0 5F20     		movs	r0, #95
 203 00a2 FFF7FEFF 		bl	rhea_gfx_PrintSymbol
 204 00a6 1648     		ldr	r0, .L5+20
 205 00a8 FFF7FEFF 		bl	rhea_gfx_Print
  45:application/main.c ****         
  46:application/main.c ****         sprintf(buffer, "P: %d ", pressureInt); 
 206              		.loc 1 46 0
 207 00ac 3B46     		mov	r3, r7
 208 00ae BA6B     		ldr	r2, [r7, #56]
 209 00b0 1449     		ldr	r1, .L5+24
 210 00b2 1846     		mov	r0, r3
 211 00b4 FFF7FEFF 		bl	sprintf
  47:application/main.c ****         rhea_gfx_Print(buffer); rhea_gfx_PrintSymbol(98); rhea_gfx_Print("\n");
 212              		.loc 1 47 0
ARM GAS  C:\Users\GYULAI~1\AppData\Local\Temp\ccXaVm7p.s 			page 6


 213 00b8 3B46     		mov	r3, r7
 214 00ba 1846     		mov	r0, r3
 215 00bc FFF7FEFF 		bl	rhea_gfx_Print
 216 00c0 6220     		movs	r0, #98
 217 00c2 FFF7FEFF 		bl	rhea_gfx_PrintSymbol
 218 00c6 0E48     		ldr	r0, .L5+20
 219 00c8 FFF7FEFF 		bl	rhea_gfx_Print
  48:application/main.c ****         
  49:application/main.c ****         sprintf(buffer, "H: %d %%\n", humidityInt);
 220              		.loc 1 49 0
 221 00cc 3B46     		mov	r3, r7
 222 00ce 7A6B     		ldr	r2, [r7, #52]
 223 00d0 0D49     		ldr	r1, .L5+28
 224 00d2 1846     		mov	r0, r3
 225 00d4 FFF7FEFF 		bl	sprintf
  50:application/main.c ****         rhea_gfx_Print(buffer);
 226              		.loc 1 50 0
 227 00d8 3B46     		mov	r3, r7
 228 00da 1846     		mov	r0, r3
 229 00dc FFF7FEFF 		bl	rhea_gfx_Print
  51:application/main.c ****         
  52:application/main.c ****         rhea_gfx_Refresh();
 230              		.loc 1 52 0
 231 00e0 FFF7FEFF 		bl	rhea_gfx_Refresh
  53:application/main.c **** }
 232              		.loc 1 53 0
 233 00e4 00BF     		nop
 234 00e6 4437     		adds	r7, r7, #68
 235              		.cfi_def_cfa_offset 12
 236 00e8 BD46     		mov	sp, r7
 237              		.cfi_def_cfa_register 13
 238              		@ sp needed
 239 00ea 90BD     		pop	{r4, r7, pc}
 240              	.L6:
 241              		.align	2
 242              	.L5:
 243 00ec 54000000 		.word	.LC1
 244 00f0 60000000 		.word	.LC2
 245 00f4 68000000 		.word	.LC3
 246 00f8 74000000 		.word	.LC4
 247 00fc 80000000 		.word	.LC5
 248 0100 88000000 		.word	.LC6
 249 0104 8C000000 		.word	.LC7
 250 0108 94000000 		.word	.LC8
 251              		.cfi_endproc
 252              	.LFE65:
 253              		.size	test_sensor, .-test_sensor
 254              		.section	.text.main,"ax",%progbits
 255              		.align	2
 256              		.global	main
 257              		.thumb
 258              		.thumb_func
 259              		.type	main, %function
 260              	main:
 261              	.LFB66:
  54:application/main.c **** 
  55:application/main.c **** int main(void)
ARM GAS  C:\Users\GYULAI~1\AppData\Local\Temp\ccXaVm7p.s 			page 7


  56:application/main.c **** { 
 262              		.loc 1 56 0
 263              		.cfi_startproc
 264              		@ args = 0, pretend = 0, frame = 0
 265              		@ frame_needed = 1, uses_anonymous_args = 0
 266 0000 80B5     		push	{r7, lr}
 267              		.cfi_def_cfa_offset 8
 268              		.cfi_offset 7, -8
 269              		.cfi_offset 14, -4
 270 0002 00AF     		add	r7, sp, #0
 271              		.cfi_def_cfa_register 7
  57:application/main.c ****     // Enabling global interrupts
  58:application/main.c ****     CyGlobalIntEnable;
 272              		.loc 1 58 0
 273              		.syntax unified
 274              	@ 58 "application\main.c" 1
 275 0004 62B6     		CPSIE   i
 276              	@ 0 "" 2
  59:application/main.c ****     
  60:application/main.c ****     // Initializing Rhea libraries
  61:application/main.c ****     rhea_i2c_Initialize();
 277              		.loc 1 61 0
 278              		.thumb
 279              		.syntax unified
 280 0006 FFF7FEFF 		bl	rhea_i2c_Initialize
  62:application/main.c ****     rhea_gfx_Initialize();
 281              		.loc 1 62 0
 282 000a FFF7FEFF 		bl	rhea_gfx_Initialize
  63:application/main.c ****     //rhea_rtc_Initialize();
  64:application/main.c ****     rhea_uart_Initialize();
 283              		.loc 1 64 0
 284 000e FFF7FEFF 		bl	rhea_uart_Initialize
  65:application/main.c ****     rhea_sensor_Initialize();
 285              		.loc 1 65 0
 286 0012 FFF7FEFF 		bl	rhea_sensor_Initialize
  66:application/main.c **** 
  67:application/main.c ****     // Initializing application
  68:application/main.c ****     InitializeInputButtonInterrupts();
 287              		.loc 1 68 0
 288 0016 FFF7FEFF 		bl	InitializeInputButtonInterrupts
  69:application/main.c ****     //InitializeSerialCommandLine();
  70:application/main.c ****     InitializeMainMenu();
 289              		.loc 1 70 0
 290 001a FFF7FEFF 		bl	InitializeMainMenu
 291              	.L8:
  71:application/main.c ****         
  72:application/main.c ****     // Executing application logic
  73:application/main.c ****     for(;;)
  74:application/main.c ****     {     
  75:application/main.c ****         //test_sensor();
  76:application/main.c ****         
  77:application/main.c ****         //rhea_gfx_Clear();
  78:application/main.c ****         //rhea_gfx_SetCursor(0,0);
  79:application/main.c ****         //rhea_gfx_Print("RIGHT:"); rhea_gfx_Print(BTN_RIGHT_Read() ? "ON\n" : "OFF\n");
  80:application/main.c ****         //rhea_gfx_Print("LEFT:"); rhea_gfx_Print(BTN_LEFT_Read() ? "ON\n" : "OFF\n");
  81:application/main.c ****         //rhea_gfx_Print("ENTER:"); rhea_gfx_Print(BTN_ENTER_Read() ? "ON\n" : "OFF\n");
  82:application/main.c ****         //rhea_gfx_Refresh();
ARM GAS  C:\Users\GYULAI~1\AppData\Local\Temp\ccXaVm7p.s 			page 8


  83:application/main.c ****         
  84:application/main.c ****         // Handling UART command line 
  85:application/main.c ****         //ProcessCommandLine();
  86:application/main.c ****         
  87:application/main.c ****         // Handling RTC alarms
  88:application/main.c ****         // rhea_rtc_HandleAlarms();
  89:application/main.c ****         
  90:application/main.c ****         // Processing user input 
  91:application/main.c ****         StepMainMenuStateMachine(&button_enter_pressed, 
 292              		.loc 1 91 0 discriminator 1
 293 001e 034A     		ldr	r2, .L9
 294 0020 0349     		ldr	r1, .L9+4
 295 0022 0448     		ldr	r0, .L9+8
 296 0024 FFF7FEFF 		bl	StepMainMenuStateMachine
  92:application/main.c ****                                  &button_right_pressed, 
  93:application/main.c ****                                  &button_left_pressed);
  94:application/main.c ****     }
 297              		.loc 1 94 0 discriminator 1
 298 0028 F9E7     		b	.L8
 299              	.L10:
 300 002a 00BF     		.align	2
 301              	.L9:
 302 002c 00000000 		.word	button_left_pressed
 303 0030 00000000 		.word	button_right_pressed
 304 0034 00000000 		.word	button_enter_pressed
 305              		.cfi_endproc
 306              	.LFE66:
 307              		.size	main, .-main
 308              		.text
 309              	.Letext0:
 310              		.file 2 "e:\\cypress\\psoc creator\\4.2\\psoc creator\\import\\gnu\\arm\\5.4.1\\arm-none-eabi\\inc
 311              		.file 3 "e:\\cypress\\psoc creator\\4.2\\psoc creator\\import\\gnu\\arm\\5.4.1\\arm-none-eabi\\inc
 312              		.file 4 "./rhea/rtc/datetime/datetime.h"
 313              		.file 5 "Generated_Source\\PSoC5/core_cm3.h"
 314              		.file 6 "application\\input/input.h"
 315              		.section	.debug_info,"",%progbits
 316              	.Ldebug_info0:
 317 0000 DA010000 		.4byte	0x1da
 318 0004 0400     		.2byte	0x4
 319 0006 00000000 		.4byte	.Ldebug_abbrev0
 320 000a 04       		.byte	0x4
 321 000b 01       		.uleb128 0x1
 322 000c 0A000000 		.4byte	.LASF29
 323 0010 0C       		.byte	0xc
 324 0011 E4000000 		.4byte	.LASF30
 325 0015 B7000000 		.4byte	.LASF31
 326 0019 00000000 		.4byte	.Ldebug_ranges0+0
 327 001d 00000000 		.4byte	0
 328 0021 00000000 		.4byte	.Ldebug_line0
 329 0025 02       		.uleb128 0x2
 330 0026 01       		.byte	0x1
 331 0027 06       		.byte	0x6
 332 0028 48020000 		.4byte	.LASF0
 333 002c 03       		.uleb128 0x3
 334 002d 00000000 		.4byte	.LASF4
 335 0031 02       		.byte	0x2
 336 0032 1D       		.byte	0x1d
ARM GAS  C:\Users\GYULAI~1\AppData\Local\Temp\ccXaVm7p.s 			page 9


 337 0033 37000000 		.4byte	0x37
 338 0037 02       		.uleb128 0x2
 339 0038 01       		.byte	0x1
 340 0039 08       		.byte	0x8
 341 003a FD000000 		.4byte	.LASF1
 342 003e 02       		.uleb128 0x2
 343 003f 02       		.byte	0x2
 344 0040 05       		.byte	0x5
 345 0041 F2010000 		.4byte	.LASF2
 346 0045 02       		.uleb128 0x2
 347 0046 02       		.byte	0x2
 348 0047 07       		.byte	0x7
 349 0048 1D010000 		.4byte	.LASF3
 350 004c 03       		.uleb128 0x3
 351 004d 98000000 		.4byte	.LASF5
 352 0051 02       		.byte	0x2
 353 0052 3F       		.byte	0x3f
 354 0053 57000000 		.4byte	0x57
 355 0057 02       		.uleb128 0x2
 356 0058 04       		.byte	0x4
 357 0059 05       		.byte	0x5
 358 005a A2000000 		.4byte	.LASF6
 359 005e 02       		.uleb128 0x2
 360 005f 04       		.byte	0x4
 361 0060 07       		.byte	0x7
 362 0061 0B010000 		.4byte	.LASF7
 363 0065 02       		.uleb128 0x2
 364 0066 08       		.byte	0x8
 365 0067 05       		.byte	0x5
 366 0068 DF010000 		.4byte	.LASF8
 367 006c 02       		.uleb128 0x2
 368 006d 08       		.byte	0x8
 369 006e 07       		.byte	0x7
 370 006f 97010000 		.4byte	.LASF9
 371 0073 04       		.uleb128 0x4
 372 0074 04       		.byte	0x4
 373 0075 05       		.byte	0x5
 374 0076 696E7400 		.ascii	"int\000"
 375 007a 02       		.uleb128 0x2
 376 007b 04       		.byte	0x4
 377 007c 07       		.byte	0x7
 378 007d 8A010000 		.4byte	.LASF10
 379 0081 03       		.uleb128 0x3
 380 0082 AE010000 		.4byte	.LASF11
 381 0086 03       		.byte	0x3
 382 0087 18       		.byte	0x18
 383 0088 2C000000 		.4byte	0x2c
 384 008c 03       		.uleb128 0x3
 385 008d C2010000 		.4byte	.LASF12
 386 0091 03       		.byte	0x3
 387 0092 2C       		.byte	0x2c
 388 0093 4C000000 		.4byte	0x4c
 389 0097 02       		.uleb128 0x2
 390 0098 04       		.byte	0x4
 391 0099 04       		.byte	0x4
 392 009a F7000000 		.4byte	.LASF13
 393 009e 02       		.uleb128 0x2
ARM GAS  C:\Users\GYULAI~1\AppData\Local\Temp\ccXaVm7p.s 			page 10


 394 009f 08       		.byte	0x8
 395 00a0 04       		.byte	0x4
 396 00a1 5C010000 		.4byte	.LASF14
 397 00a5 02       		.uleb128 0x2
 398 00a6 01       		.byte	0x1
 399 00a7 08       		.byte	0x8
 400 00a8 ED010000 		.4byte	.LASF15
 401 00ac 02       		.uleb128 0x2
 402 00ad 08       		.byte	0x8
 403 00ae 04       		.byte	0x4
 404 00af 3C020000 		.4byte	.LASF16
 405 00b3 02       		.uleb128 0x2
 406 00b4 04       		.byte	0x4
 407 00b5 07       		.byte	0x7
 408 00b6 CA010000 		.4byte	.LASF17
 409 00ba 05       		.uleb128 0x5
 410 00bb A5000000 		.4byte	0xa5
 411 00bf 06       		.uleb128 0x6
 412 00c0 81000000 		.4byte	0x81
 413 00c4 07       		.uleb128 0x7
 414 00c5 63010000 		.4byte	.LASF32
 415 00c9 01       		.byte	0x1
 416 00ca 14       		.byte	0x14
 417 00cb 00000000 		.4byte	.LFB64
 418 00cf 34000000 		.4byte	.LFE64-.LFB64
 419 00d3 01       		.uleb128 0x1
 420 00d4 9C       		.byte	0x9c
 421 00d5 08       		.uleb128 0x8
 422 00d6 AB000000 		.4byte	.LASF33
 423 00da 01       		.byte	0x1
 424 00db 1E       		.byte	0x1e
 425 00dc 00000000 		.4byte	.LFB65
 426 00e0 0C010000 		.4byte	.LFE65-.LFB65
 427 00e4 01       		.uleb128 0x1
 428 00e5 9C       		.byte	0x9c
 429 00e6 24010000 		.4byte	0x124
 430 00ea 09       		.uleb128 0x9
 431 00eb 2D020000 		.4byte	.LASF18
 432 00ef 01       		.byte	0x1
 433 00f0 25       		.byte	0x25
 434 00f1 73000000 		.4byte	0x73
 435 00f5 02       		.uleb128 0x2
 436 00f6 91       		.byte	0x91
 437 00f7 6C       		.sleb128 -20
 438 00f8 09       		.uleb128 0x9
 439 00f9 D3010000 		.4byte	.LASF19
 440 00fd 01       		.byte	0x1
 441 00fe 26       		.byte	0x26
 442 00ff 73000000 		.4byte	0x73
 443 0103 02       		.uleb128 0x2
 444 0104 91       		.byte	0x91
 445 0105 68       		.sleb128 -24
 446 0106 09       		.uleb128 0x9
 447 0107 B6010000 		.4byte	.LASF20
 448 010b 01       		.byte	0x1
 449 010c 27       		.byte	0x27
 450 010d 73000000 		.4byte	0x73
ARM GAS  C:\Users\GYULAI~1\AppData\Local\Temp\ccXaVm7p.s 			page 11


 451 0111 02       		.uleb128 0x2
 452 0112 91       		.byte	0x91
 453 0113 64       		.sleb128 -28
 454 0114 09       		.uleb128 0x9
 455 0115 FC010000 		.4byte	.LASF21
 456 0119 01       		.byte	0x1
 457 011a 29       		.byte	0x29
 458 011b 24010000 		.4byte	0x124
 459 011f 03       		.uleb128 0x3
 460 0120 91       		.byte	0x91
 461 0121 B07F     		.sleb128 -80
 462 0123 00       		.byte	0
 463 0124 0A       		.uleb128 0xa
 464 0125 A5000000 		.4byte	0xa5
 465 0129 34010000 		.4byte	0x134
 466 012d 0B       		.uleb128 0xb
 467 012e B3000000 		.4byte	0xb3
 468 0132 31       		.byte	0x31
 469 0133 00       		.byte	0
 470 0134 0C       		.uleb128 0xc
 471 0135 71010000 		.4byte	.LASF34
 472 0139 01       		.byte	0x1
 473 013a 37       		.byte	0x37
 474 013b 73000000 		.4byte	0x73
 475 013f 00000000 		.4byte	.LFB66
 476 0143 38000000 		.4byte	.LFE66-.LFB66
 477 0147 01       		.uleb128 0x1
 478 0148 9C       		.byte	0x9c
 479 0149 0A       		.uleb128 0xa
 480 014a BA000000 		.4byte	0xba
 481 014e 59010000 		.4byte	0x159
 482 0152 0B       		.uleb128 0xb
 483 0153 B3000000 		.4byte	0xb3
 484 0157 13       		.byte	0x13
 485 0158 00       		.byte	0
 486 0159 09       		.uleb128 0x9
 487 015a 3D010000 		.4byte	.LASF22
 488 015e 04       		.byte	0x4
 489 015f 48       		.byte	0x48
 490 0160 6A010000 		.4byte	0x16a
 491 0164 05       		.uleb128 0x5
 492 0165 03       		.byte	0x3
 493 0166 00000000 		.4byte	rhea_rtc_datetimeFormatGeneral
 494 016a 05       		.uleb128 0x5
 495 016b 49010000 		.4byte	0x149
 496 016f 0A       		.uleb128 0xa
 497 0170 BA000000 		.4byte	0xba
 498 0174 7F010000 		.4byte	0x17f
 499 0178 0B       		.uleb128 0xb
 500 0179 B3000000 		.4byte	0xb3
 501 017d 15       		.byte	0x15
 502 017e 00       		.byte	0
 503 017f 09       		.uleb128 0x9
 504 0180 70020000 		.4byte	.LASF23
 505 0184 04       		.byte	0x4
 506 0185 4A       		.byte	0x4a
 507 0186 90010000 		.4byte	0x190
ARM GAS  C:\Users\GYULAI~1\AppData\Local\Temp\ccXaVm7p.s 			page 12


 508 018a 05       		.uleb128 0x5
 509 018b 03       		.byte	0x3
 510 018c 14000000 		.4byte	rhea_rtc_datetimeFormatGeneralUS
 511 0190 05       		.uleb128 0x5
 512 0191 6F010000 		.4byte	0x16f
 513 0195 09       		.uleb128 0x9
 514 0196 54020000 		.4byte	.LASF24
 515 019a 04       		.byte	0x4
 516 019b 4C       		.byte	0x4c
 517 019c A6010000 		.4byte	0x1a6
 518 01a0 05       		.uleb128 0x5
 519 01a1 03       		.byte	0x3
 520 01a2 2C000000 		.4byte	rhea_rtc_datetimeFormatFull
 521 01a6 05       		.uleb128 0x5
 522 01a7 6F010000 		.4byte	0x16f
 523 01ab 0D       		.uleb128 0xd
 524 01ac 30010000 		.4byte	.LASF25
 525 01b0 05       		.byte	0x5
 526 01b1 1207     		.2byte	0x712
 527 01b3 B7010000 		.4byte	0x1b7
 528 01b7 06       		.uleb128 0x6
 529 01b8 8C000000 		.4byte	0x8c
 530 01bc 0E       		.uleb128 0xe
 531 01bd 03020000 		.4byte	.LASF26
 532 01c1 06       		.byte	0x6
 533 01c2 2B       		.byte	0x2b
 534 01c3 BF000000 		.4byte	0xbf
 535 01c7 0E       		.uleb128 0xe
 536 01c8 18020000 		.4byte	.LASF27
 537 01cc 06       		.byte	0x6
 538 01cd 2C       		.byte	0x2c
 539 01ce BF000000 		.4byte	0xbf
 540 01d2 0E       		.uleb128 0xe
 541 01d3 76010000 		.4byte	.LASF28
 542 01d7 06       		.byte	0x6
 543 01d8 2D       		.byte	0x2d
 544 01d9 BF000000 		.4byte	0xbf
 545 01dd 00       		.byte	0
 546              		.section	.debug_abbrev,"",%progbits
 547              	.Ldebug_abbrev0:
 548 0000 01       		.uleb128 0x1
 549 0001 11       		.uleb128 0x11
 550 0002 01       		.byte	0x1
 551 0003 25       		.uleb128 0x25
 552 0004 0E       		.uleb128 0xe
 553 0005 13       		.uleb128 0x13
 554 0006 0B       		.uleb128 0xb
 555 0007 03       		.uleb128 0x3
 556 0008 0E       		.uleb128 0xe
 557 0009 1B       		.uleb128 0x1b
 558 000a 0E       		.uleb128 0xe
 559 000b 55       		.uleb128 0x55
 560 000c 17       		.uleb128 0x17
 561 000d 11       		.uleb128 0x11
 562 000e 01       		.uleb128 0x1
 563 000f 10       		.uleb128 0x10
 564 0010 17       		.uleb128 0x17
ARM GAS  C:\Users\GYULAI~1\AppData\Local\Temp\ccXaVm7p.s 			page 13


 565 0011 00       		.byte	0
 566 0012 00       		.byte	0
 567 0013 02       		.uleb128 0x2
 568 0014 24       		.uleb128 0x24
 569 0015 00       		.byte	0
 570 0016 0B       		.uleb128 0xb
 571 0017 0B       		.uleb128 0xb
 572 0018 3E       		.uleb128 0x3e
 573 0019 0B       		.uleb128 0xb
 574 001a 03       		.uleb128 0x3
 575 001b 0E       		.uleb128 0xe
 576 001c 00       		.byte	0
 577 001d 00       		.byte	0
 578 001e 03       		.uleb128 0x3
 579 001f 16       		.uleb128 0x16
 580 0020 00       		.byte	0
 581 0021 03       		.uleb128 0x3
 582 0022 0E       		.uleb128 0xe
 583 0023 3A       		.uleb128 0x3a
 584 0024 0B       		.uleb128 0xb
 585 0025 3B       		.uleb128 0x3b
 586 0026 0B       		.uleb128 0xb
 587 0027 49       		.uleb128 0x49
 588 0028 13       		.uleb128 0x13
 589 0029 00       		.byte	0
 590 002a 00       		.byte	0
 591 002b 04       		.uleb128 0x4
 592 002c 24       		.uleb128 0x24
 593 002d 00       		.byte	0
 594 002e 0B       		.uleb128 0xb
 595 002f 0B       		.uleb128 0xb
 596 0030 3E       		.uleb128 0x3e
 597 0031 0B       		.uleb128 0xb
 598 0032 03       		.uleb128 0x3
 599 0033 08       		.uleb128 0x8
 600 0034 00       		.byte	0
 601 0035 00       		.byte	0
 602 0036 05       		.uleb128 0x5
 603 0037 26       		.uleb128 0x26
 604 0038 00       		.byte	0
 605 0039 49       		.uleb128 0x49
 606 003a 13       		.uleb128 0x13
 607 003b 00       		.byte	0
 608 003c 00       		.byte	0
 609 003d 06       		.uleb128 0x6
 610 003e 35       		.uleb128 0x35
 611 003f 00       		.byte	0
 612 0040 49       		.uleb128 0x49
 613 0041 13       		.uleb128 0x13
 614 0042 00       		.byte	0
 615 0043 00       		.byte	0
 616 0044 07       		.uleb128 0x7
 617 0045 2E       		.uleb128 0x2e
 618 0046 00       		.byte	0
 619 0047 3F       		.uleb128 0x3f
 620 0048 19       		.uleb128 0x19
 621 0049 03       		.uleb128 0x3
ARM GAS  C:\Users\GYULAI~1\AppData\Local\Temp\ccXaVm7p.s 			page 14


 622 004a 0E       		.uleb128 0xe
 623 004b 3A       		.uleb128 0x3a
 624 004c 0B       		.uleb128 0xb
 625 004d 3B       		.uleb128 0x3b
 626 004e 0B       		.uleb128 0xb
 627 004f 27       		.uleb128 0x27
 628 0050 19       		.uleb128 0x19
 629 0051 11       		.uleb128 0x11
 630 0052 01       		.uleb128 0x1
 631 0053 12       		.uleb128 0x12
 632 0054 06       		.uleb128 0x6
 633 0055 40       		.uleb128 0x40
 634 0056 18       		.uleb128 0x18
 635 0057 9642     		.uleb128 0x2116
 636 0059 19       		.uleb128 0x19
 637 005a 00       		.byte	0
 638 005b 00       		.byte	0
 639 005c 08       		.uleb128 0x8
 640 005d 2E       		.uleb128 0x2e
 641 005e 01       		.byte	0x1
 642 005f 3F       		.uleb128 0x3f
 643 0060 19       		.uleb128 0x19
 644 0061 03       		.uleb128 0x3
 645 0062 0E       		.uleb128 0xe
 646 0063 3A       		.uleb128 0x3a
 647 0064 0B       		.uleb128 0xb
 648 0065 3B       		.uleb128 0x3b
 649 0066 0B       		.uleb128 0xb
 650 0067 27       		.uleb128 0x27
 651 0068 19       		.uleb128 0x19
 652 0069 11       		.uleb128 0x11
 653 006a 01       		.uleb128 0x1
 654 006b 12       		.uleb128 0x12
 655 006c 06       		.uleb128 0x6
 656 006d 40       		.uleb128 0x40
 657 006e 18       		.uleb128 0x18
 658 006f 9642     		.uleb128 0x2116
 659 0071 19       		.uleb128 0x19
 660 0072 01       		.uleb128 0x1
 661 0073 13       		.uleb128 0x13
 662 0074 00       		.byte	0
 663 0075 00       		.byte	0
 664 0076 09       		.uleb128 0x9
 665 0077 34       		.uleb128 0x34
 666 0078 00       		.byte	0
 667 0079 03       		.uleb128 0x3
 668 007a 0E       		.uleb128 0xe
 669 007b 3A       		.uleb128 0x3a
 670 007c 0B       		.uleb128 0xb
 671 007d 3B       		.uleb128 0x3b
 672 007e 0B       		.uleb128 0xb
 673 007f 49       		.uleb128 0x49
 674 0080 13       		.uleb128 0x13
 675 0081 02       		.uleb128 0x2
 676 0082 18       		.uleb128 0x18
 677 0083 00       		.byte	0
 678 0084 00       		.byte	0
ARM GAS  C:\Users\GYULAI~1\AppData\Local\Temp\ccXaVm7p.s 			page 15


 679 0085 0A       		.uleb128 0xa
 680 0086 01       		.uleb128 0x1
 681 0087 01       		.byte	0x1
 682 0088 49       		.uleb128 0x49
 683 0089 13       		.uleb128 0x13
 684 008a 01       		.uleb128 0x1
 685 008b 13       		.uleb128 0x13
 686 008c 00       		.byte	0
 687 008d 00       		.byte	0
 688 008e 0B       		.uleb128 0xb
 689 008f 21       		.uleb128 0x21
 690 0090 00       		.byte	0
 691 0091 49       		.uleb128 0x49
 692 0092 13       		.uleb128 0x13
 693 0093 2F       		.uleb128 0x2f
 694 0094 0B       		.uleb128 0xb
 695 0095 00       		.byte	0
 696 0096 00       		.byte	0
 697 0097 0C       		.uleb128 0xc
 698 0098 2E       		.uleb128 0x2e
 699 0099 00       		.byte	0
 700 009a 3F       		.uleb128 0x3f
 701 009b 19       		.uleb128 0x19
 702 009c 03       		.uleb128 0x3
 703 009d 0E       		.uleb128 0xe
 704 009e 3A       		.uleb128 0x3a
 705 009f 0B       		.uleb128 0xb
 706 00a0 3B       		.uleb128 0x3b
 707 00a1 0B       		.uleb128 0xb
 708 00a2 27       		.uleb128 0x27
 709 00a3 19       		.uleb128 0x19
 710 00a4 49       		.uleb128 0x49
 711 00a5 13       		.uleb128 0x13
 712 00a6 11       		.uleb128 0x11
 713 00a7 01       		.uleb128 0x1
 714 00a8 12       		.uleb128 0x12
 715 00a9 06       		.uleb128 0x6
 716 00aa 40       		.uleb128 0x40
 717 00ab 18       		.uleb128 0x18
 718 00ac 9642     		.uleb128 0x2116
 719 00ae 19       		.uleb128 0x19
 720 00af 00       		.byte	0
 721 00b0 00       		.byte	0
 722 00b1 0D       		.uleb128 0xd
 723 00b2 34       		.uleb128 0x34
 724 00b3 00       		.byte	0
 725 00b4 03       		.uleb128 0x3
 726 00b5 0E       		.uleb128 0xe
 727 00b6 3A       		.uleb128 0x3a
 728 00b7 0B       		.uleb128 0xb
 729 00b8 3B       		.uleb128 0x3b
 730 00b9 05       		.uleb128 0x5
 731 00ba 49       		.uleb128 0x49
 732 00bb 13       		.uleb128 0x13
 733 00bc 3F       		.uleb128 0x3f
 734 00bd 19       		.uleb128 0x19
 735 00be 3C       		.uleb128 0x3c
ARM GAS  C:\Users\GYULAI~1\AppData\Local\Temp\ccXaVm7p.s 			page 16


 736 00bf 19       		.uleb128 0x19
 737 00c0 00       		.byte	0
 738 00c1 00       		.byte	0
 739 00c2 0E       		.uleb128 0xe
 740 00c3 34       		.uleb128 0x34
 741 00c4 00       		.byte	0
 742 00c5 03       		.uleb128 0x3
 743 00c6 0E       		.uleb128 0xe
 744 00c7 3A       		.uleb128 0x3a
 745 00c8 0B       		.uleb128 0xb
 746 00c9 3B       		.uleb128 0x3b
 747 00ca 0B       		.uleb128 0xb
 748 00cb 49       		.uleb128 0x49
 749 00cc 13       		.uleb128 0x13
 750 00cd 3F       		.uleb128 0x3f
 751 00ce 19       		.uleb128 0x19
 752 00cf 3C       		.uleb128 0x3c
 753 00d0 19       		.uleb128 0x19
 754 00d1 00       		.byte	0
 755 00d2 00       		.byte	0
 756 00d3 00       		.byte	0
 757              		.section	.debug_aranges,"",%progbits
 758 0000 2C000000 		.4byte	0x2c
 759 0004 0200     		.2byte	0x2
 760 0006 00000000 		.4byte	.Ldebug_info0
 761 000a 04       		.byte	0x4
 762 000b 00       		.byte	0
 763 000c 0000     		.2byte	0
 764 000e 0000     		.2byte	0
 765 0010 00000000 		.4byte	.LFB64
 766 0014 34000000 		.4byte	.LFE64-.LFB64
 767 0018 00000000 		.4byte	.LFB65
 768 001c 0C010000 		.4byte	.LFE65-.LFB65
 769 0020 00000000 		.4byte	.LFB66
 770 0024 38000000 		.4byte	.LFE66-.LFB66
 771 0028 00000000 		.4byte	0
 772 002c 00000000 		.4byte	0
 773              		.section	.debug_ranges,"",%progbits
 774              	.Ldebug_ranges0:
 775 0000 00000000 		.4byte	.LFB64
 776 0004 34000000 		.4byte	.LFE64
 777 0008 00000000 		.4byte	.LFB65
 778 000c 0C010000 		.4byte	.LFE65
 779 0010 00000000 		.4byte	.LFB66
 780 0014 38000000 		.4byte	.LFE66
 781 0018 00000000 		.4byte	0
 782 001c 00000000 		.4byte	0
 783              		.section	.debug_line,"",%progbits
 784              	.Ldebug_line0:
 785 0000 C0010000 		.section	.debug_str,"MS",%progbits,1
 785      02006201 
 785      00000201 
 785      FB0E0D00 
 785      01010101 
 786              	.LASF4:
 787 0000 5F5F7569 		.ascii	"__uint8_t\000"
 787      6E74385F 
ARM GAS  C:\Users\GYULAI~1\AppData\Local\Temp\ccXaVm7p.s 			page 17


 787      7400
 788              	.LASF29:
 789 000a 474E5520 		.ascii	"GNU C11 5.4.1 20160609 (release) [ARM/embedded-5-br"
 789      43313120 
 789      352E342E 
 789      31203230 
 789      31363036 
 790 003d 616E6368 		.ascii	"anch revision 237715] -mcpu=cortex-m3 -mthumb -g -O"
 790      20726576 
 790      6973696F 
 790      6E203233 
 790      37373135 
 791 0070 30202D66 		.ascii	"0 -ffunction-sections -ffat-lto-objects\000"
 791      66756E63 
 791      74696F6E 
 791      2D736563 
 791      74696F6E 
 792              	.LASF5:
 793 0098 5F5F696E 		.ascii	"__int32_t\000"
 793      7433325F 
 793      7400
 794              	.LASF6:
 795 00a2 6C6F6E67 		.ascii	"long int\000"
 795      20696E74 
 795      00
 796              	.LASF33:
 797 00ab 74657374 		.ascii	"test_sensor\000"
 797      5F73656E 
 797      736F7200 
 798              	.LASF31:
 799 00b7 453A5C43 		.ascii	"E:\\Cypress\\Projects\\RheaWorkspace\\Rhea.cydsn\000"
 799      79707265 
 799      73735C50 
 799      726F6A65 
 799      6374735C 
 800              	.LASF30:
 801 00e4 6170706C 		.ascii	"application\\main.c\000"
 801      69636174 
 801      696F6E5C 
 801      6D61696E 
 801      2E6300
 802              	.LASF13:
 803 00f7 666C6F61 		.ascii	"float\000"
 803      7400
 804              	.LASF1:
 805 00fd 756E7369 		.ascii	"unsigned char\000"
 805      676E6564 
 805      20636861 
 805      7200
 806              	.LASF7:
 807 010b 6C6F6E67 		.ascii	"long unsigned int\000"
 807      20756E73 
 807      69676E65 
 807      6420696E 
 807      7400
 808              	.LASF3:
 809 011d 73686F72 		.ascii	"short unsigned int\000"
ARM GAS  C:\Users\GYULAI~1\AppData\Local\Temp\ccXaVm7p.s 			page 18


 809      7420756E 
 809      7369676E 
 809      65642069 
 809      6E7400
 810              	.LASF25:
 811 0130 49544D5F 		.ascii	"ITM_RxBuffer\000"
 811      52784275 
 811      66666572 
 811      00
 812              	.LASF22:
 813 013d 72686561 		.ascii	"rhea_rtc_datetimeFormatGeneral\000"
 813      5F727463 
 813      5F646174 
 813      6574696D 
 813      65466F72 
 814              	.LASF14:
 815 015c 646F7562 		.ascii	"double\000"
 815      6C6500
 816              	.LASF32:
 817 0163 74657374 		.ascii	"test_graphics\000"
 817      5F677261 
 817      70686963 
 817      7300
 818              	.LASF34:
 819 0171 6D61696E 		.ascii	"main\000"
 819      00
 820              	.LASF28:
 821 0176 62757474 		.ascii	"button_left_pressed\000"
 821      6F6E5F6C 
 821      6566745F 
 821      70726573 
 821      73656400 
 822              	.LASF10:
 823 018a 756E7369 		.ascii	"unsigned int\000"
 823      676E6564 
 823      20696E74 
 823      00
 824              	.LASF9:
 825 0197 6C6F6E67 		.ascii	"long long unsigned int\000"
 825      206C6F6E 
 825      6720756E 
 825      7369676E 
 825      65642069 
 826              	.LASF11:
 827 01ae 75696E74 		.ascii	"uint8_t\000"
 827      385F7400 
 828              	.LASF20:
 829 01b6 68756D69 		.ascii	"humidityInt\000"
 829      64697479 
 829      496E7400 
 830              	.LASF12:
 831 01c2 696E7433 		.ascii	"int32_t\000"
 831      325F7400 
 832              	.LASF17:
 833 01ca 73697A65 		.ascii	"sizetype\000"
 833      74797065 
 833      00
ARM GAS  C:\Users\GYULAI~1\AppData\Local\Temp\ccXaVm7p.s 			page 19


 834              	.LASF19:
 835 01d3 70726573 		.ascii	"pressureInt\000"
 835      73757265 
 835      496E7400 
 836              	.LASF8:
 837 01df 6C6F6E67 		.ascii	"long long int\000"
 837      206C6F6E 
 837      6720696E 
 837      7400
 838              	.LASF15:
 839 01ed 63686172 		.ascii	"char\000"
 839      00
 840              	.LASF2:
 841 01f2 73686F72 		.ascii	"short int\000"
 841      7420696E 
 841      7400
 842              	.LASF21:
 843 01fc 62756666 		.ascii	"buffer\000"
 843      657200
 844              	.LASF26:
 845 0203 62757474 		.ascii	"button_enter_pressed\000"
 845      6F6E5F65 
 845      6E746572 
 845      5F707265 
 845      73736564 
 846              	.LASF27:
 847 0218 62757474 		.ascii	"button_right_pressed\000"
 847      6F6E5F72 
 847      69676874 
 847      5F707265 
 847      73736564 
 848              	.LASF18:
 849 022d 74656D70 		.ascii	"temperatureInt\000"
 849      65726174 
 849      75726549 
 849      6E7400
 850              	.LASF16:
 851 023c 6C6F6E67 		.ascii	"long double\000"
 851      20646F75 
 851      626C6500 
 852              	.LASF0:
 853 0248 7369676E 		.ascii	"signed char\000"
 853      65642063 
 853      68617200 
 854              	.LASF24:
 855 0254 72686561 		.ascii	"rhea_rtc_datetimeFormatFull\000"
 855      5F727463 
 855      5F646174 
 855      6574696D 
 855      65466F72 
 856              	.LASF23:
 857 0270 72686561 		.ascii	"rhea_rtc_datetimeFormatGeneralUS\000"
 857      5F727463 
 857      5F646174 
 857      6574696D 
 857      65466F72 
 858              		.ident	"GCC: (GNU Tools for ARM Embedded Processors) 5.4.1 20160609 (release) [ARM/embedded-5-bran
ARM GAS  C:\Users\GYULAI~1\AppData\Local\Temp\ccXaVm7p.s 			page 20


