ARM GAS  C:\Users\GYULAI~1\AppData\Local\Temp\cczGShsF.s 			page 1


   1              		.syntax unified
   2              		.cpu cortex-m3
   3              		.fpu softvfp
   4              		.eabi_attribute 20, 1
   5              		.eabi_attribute 21, 1
   6              		.eabi_attribute 23, 3
   7              		.eabi_attribute 24, 1
   8              		.eabi_attribute 25, 1
   9              		.eabi_attribute 26, 1
  10              		.eabi_attribute 30, 6
  11              		.eabi_attribute 34, 1
  12              		.eabi_attribute 18, 4
  13              		.thumb
  14              		.syntax unified
  15              		.file	"SSD1306.c"
  16              		.text
  17              	.Ltext0:
  18              		.cfi_sections	.debug_frame
  19              		.bss
  20              		.align	2
  21              	SSD1306_I2CController:
  22 0000 00000000 		.space	12
  22      00000000 
  22      00000000 
  23              		.align	2
  24              	SSD1306_PixelData:
  25 000c 00000000 		.space	1024
  25      00000000 
  25      00000000 
  25      00000000 
  25      00000000 
  26              		.section	.text.SSD1306_SetI2CController,"ax",%progbits
  27              		.align	2
  28              		.global	SSD1306_SetI2CController
  29              		.thumb
  30              		.thumb_func
  31              		.type	SSD1306_SetI2CController, %function
  32              	SSD1306_SetI2CController:
  33              	.LFB0:
  34              		.file 1 "rhea\\drivers\\SSD1306\\SSD1306.c"
   1:rhea\drivers\SSD1306/SSD1306.c **** /*********************************************************************************
   2:rhea\drivers\SSD1306/SSD1306.c ****  * Copyright (c) 2020 Peter Gyulai
   3:rhea\drivers\SSD1306/SSD1306.c ****  *
   4:rhea\drivers\SSD1306/SSD1306.c ****  * Permission is hereby granted, free of charge, to any person obtaining a copy
   5:rhea\drivers\SSD1306/SSD1306.c ****  * of this software and associated documentation files (the "Software"), to deal
   6:rhea\drivers\SSD1306/SSD1306.c ****  * in the Software without restriction, including without limitation the rights
   7:rhea\drivers\SSD1306/SSD1306.c ****  * to use, copy, modify, merge, publish, distribute, sublicense, and/or sell
   8:rhea\drivers\SSD1306/SSD1306.c ****  * copies of the Software, and to permit persons to whom the Software is
   9:rhea\drivers\SSD1306/SSD1306.c ****  * furnished to do so, subject to the following conditions:
  10:rhea\drivers\SSD1306/SSD1306.c ****  *
  11:rhea\drivers\SSD1306/SSD1306.c ****  * The above copyright notice and this permission notice shall be included in all
  12:rhea\drivers\SSD1306/SSD1306.c ****  * copies or substantial portions of the Software.
  13:rhea\drivers\SSD1306/SSD1306.c ****  *
  14:rhea\drivers\SSD1306/SSD1306.c ****  * THE SOFTWARE IS PROVIDED "AS IS", WITHOUT WARRANTY OF ANY KIND,
  15:rhea\drivers\SSD1306/SSD1306.c ****  * EXPRESS OR IMPLIED, INCLUDING BUT NOT LIMITED TO THE WARRANTIES OF
  16:rhea\drivers\SSD1306/SSD1306.c ****  * MERCHANTABILITY, FITNESS FOR A PARTICULAR PURPOSE AND NONINFRINGEMENT.
  17:rhea\drivers\SSD1306/SSD1306.c ****  * IN NO EVENT SHALL THE AUTHORS OR COPYRIGHT HOLDERS BE LIABLE FOR ANY CLAIM,
ARM GAS  C:\Users\GYULAI~1\AppData\Local\Temp\cczGShsF.s 			page 2


  18:rhea\drivers\SSD1306/SSD1306.c ****  * DAMAGES OR OTHER LIABILITY, WHETHER IN AN ACTION OF CONTRACT, TORT OR
  19:rhea\drivers\SSD1306/SSD1306.c ****  * OTHERWISE, ARISING FROM, OUT OF OR IN CONNECTION WITH THE SOFTWARE OR THE USE
  20:rhea\drivers\SSD1306/SSD1306.c ****  * OR OTHER DEALINGS IN THE SOFTWARE.
  21:rhea\drivers\SSD1306/SSD1306.c **** **********************************************************************************/
  22:rhea\drivers\SSD1306/SSD1306.c **** 
  23:rhea\drivers\SSD1306/SSD1306.c **** /**
  24:rhea\drivers\SSD1306/SSD1306.c ****  * @file    SSD1306.c
  25:rhea\drivers\SSD1306/SSD1306.c ****  * @author  Peter Gyulai
  26:rhea\drivers\SSD1306/SSD1306.c ****  * @version 1.0.1
  27:rhea\drivers\SSD1306/SSD1306.c ****  * @date    2020.03.20
  28:rhea\drivers\SSD1306/SSD1306.c ****  * @brief   Library implementation.
  29:rhea\drivers\SSD1306/SSD1306.c ****  * @details
  30:rhea\drivers\SSD1306/SSD1306.c ****  * This file contains the function definitions and static variable definitions used
  31:rhea\drivers\SSD1306/SSD1306.c ****  * by the SSD1306 driver library.
  32:rhea\drivers\SSD1306/SSD1306.c ****  */
  33:rhea\drivers\SSD1306/SSD1306.c **** 
  34:rhea\drivers\SSD1306/SSD1306.c ****  // Doxygen documentation duplication suppression
  35:rhea\drivers\SSD1306/SSD1306.c **** #ifndef DOXYGEN_SHOULD_SKIP_THIS
  36:rhea\drivers\SSD1306/SSD1306.c **** 
  37:rhea\drivers\SSD1306/SSD1306.c **** // Project includes
  38:rhea\drivers\SSD1306/SSD1306.c **** #include "SSD1306.h"
  39:rhea\drivers\SSD1306/SSD1306.c **** 
  40:rhea\drivers\SSD1306/SSD1306.c **** 
  41:rhea\drivers\SSD1306/SSD1306.c **** // Structure holding function pointers to I2C handlers
  42:rhea\drivers\SSD1306/SSD1306.c **** static SSD1306_I2CControllerStruct SSD1306_I2CController;
  43:rhea\drivers\SSD1306/SSD1306.c **** 
  44:rhea\drivers\SSD1306/SSD1306.c **** // Shadow buffer for display data
  45:rhea\drivers\SSD1306/SSD1306.c **** static uint8_t SSD1306_PixelData[SSD1306_BUFFER_SIZE];
  46:rhea\drivers\SSD1306/SSD1306.c **** 
  47:rhea\drivers\SSD1306/SSD1306.c **** void SSD1306_SetI2CController(SSD1306_I2CControllerStruct controller) {
  35              		.loc 1 47 0
  36              		.cfi_startproc
  37              		@ args = 0, pretend = 0, frame = 16
  38              		@ frame_needed = 1, uses_anonymous_args = 0
  39              		@ link register save eliminated.
  40 0000 90B4     		push	{r4, r7}
  41              		.cfi_def_cfa_offset 8
  42              		.cfi_offset 4, -8
  43              		.cfi_offset 7, -4
  44 0002 84B0     		sub	sp, sp, #16
  45              		.cfi_def_cfa_offset 24
  46 0004 00AF     		add	r7, sp, #0
  47              		.cfi_def_cfa_register 7
  48 0006 3B1D     		adds	r3, r7, #4
  49 0008 83E80700 		stmia	r3, {r0, r1, r2}
  48:rhea\drivers\SSD1306/SSD1306.c **** 	SSD1306_I2CController = controller;
  50              		.loc 1 48 0
  51 000c 054B     		ldr	r3, .L2
  52 000e 1C46     		mov	r4, r3
  53 0010 3B1D     		adds	r3, r7, #4
  54 0012 93E80700 		ldmia	r3, {r0, r1, r2}
  55 0016 84E80700 		stmia	r4, {r0, r1, r2}
  49:rhea\drivers\SSD1306/SSD1306.c **** }
  56              		.loc 1 49 0
  57 001a 00BF     		nop
  58 001c 1037     		adds	r7, r7, #16
  59              		.cfi_def_cfa_offset 8
ARM GAS  C:\Users\GYULAI~1\AppData\Local\Temp\cczGShsF.s 			page 3


  60 001e BD46     		mov	sp, r7
  61              		.cfi_def_cfa_register 13
  62              		@ sp needed
  63 0020 90BC     		pop	{r4, r7}
  64              		.cfi_restore 7
  65              		.cfi_restore 4
  66              		.cfi_def_cfa_offset 0
  67 0022 7047     		bx	lr
  68              	.L3:
  69              		.align	2
  70              	.L2:
  71 0024 00000000 		.word	SSD1306_I2CController
  72              		.cfi_endproc
  73              	.LFE0:
  74              		.size	SSD1306_SetI2CController, .-SSD1306_SetI2CController
  75              		.section	.rodata
  76              		.align	2
  77              	.LC0:
  78 0000 AF       		.byte	-81
  79 0001 D5       		.byte	-43
  80 0002 80       		.byte	-128
  81 0003 A8       		.byte	-88
  82 0004 3F       		.byte	63
  83 0005 D3       		.byte	-45
  84 0006 00       		.byte	0
  85 0007 40       		.byte	64
  86 0008 8D       		.byte	-115
  87 0009 14       		.byte	20
  88 000a 20       		.byte	32
  89 000b 00       		.byte	0
  90 000c A0       		.byte	-96
  91 000d C0       		.byte	-64
  92 000e DA       		.byte	-38
  93 000f 02       		.byte	2
  94 0010 81       		.byte	-127
  95 0011 CF       		.byte	-49
  96 0012 D9       		.byte	-39
  97 0013 F1       		.byte	-15
  98 0014 DB       		.byte	-37
  99 0015 40       		.byte	64
 100 0016 00       		.byte	0
 101 0017 10       		.byte	16
 102 0018 A4       		.byte	-92
 103 0019 A6       		.byte	-90
 104 001a AE       		.byte	-82
 105              		.section	.text.SSD1306_Init,"ax",%progbits
 106              		.align	2
 107              		.global	SSD1306_Init
 108              		.thumb
 109              		.thumb_func
 110              		.type	SSD1306_Init, %function
 111              	SSD1306_Init:
 112              	.LFB1:
  50:rhea\drivers\SSD1306/SSD1306.c **** 
  51:rhea\drivers\SSD1306/SSD1306.c **** void SSD1306_Init() {
 113              		.loc 1 51 0
 114              		.cfi_startproc
ARM GAS  C:\Users\GYULAI~1\AppData\Local\Temp\cczGShsF.s 			page 4


 115              		@ args = 0, pretend = 0, frame = 32
 116              		@ frame_needed = 1, uses_anonymous_args = 0
 117 0000 B0B5     		push	{r4, r5, r7, lr}
 118              		.cfi_def_cfa_offset 16
 119              		.cfi_offset 4, -16
 120              		.cfi_offset 5, -12
 121              		.cfi_offset 7, -8
 122              		.cfi_offset 14, -4
 123 0002 88B0     		sub	sp, sp, #32
 124              		.cfi_def_cfa_offset 48
 125 0004 00AF     		add	r7, sp, #0
 126              		.cfi_def_cfa_register 7
  52:rhea\drivers\SSD1306/SSD1306.c **** 
  53:rhea\drivers\SSD1306/SSD1306.c **** 	// Initializing command sequence
  54:rhea\drivers\SSD1306/SSD1306.c **** 	uint8_t commands[] = {
 127              		.loc 1 54 0
 128 0006 0D4B     		ldr	r3, .L5
 129 0008 3C1D     		adds	r4, r7, #4
 130 000a 1D46     		mov	r5, r3
 131 000c 2868     		ldr	r0, [r5]	@ unaligned
 132 000e 6968     		ldr	r1, [r5, #4]	@ unaligned
 133 0010 AA68     		ldr	r2, [r5, #8]	@ unaligned
 134 0012 EB68     		ldr	r3, [r5, #12]	@ unaligned
 135 0014 0FC4     		stmia	r4!, {r0, r1, r2, r3}
 136 0016 2869     		ldr	r0, [r5, #16]	@ unaligned
 137 0018 6969     		ldr	r1, [r5, #20]	@ unaligned
 138 001a 03C4     		stmia	r4!, {r0, r1}
 139 001c 2B8B     		ldrh	r3, [r5, #24]	@ unaligned
 140 001e AA7E     		ldrb	r2, [r5, #26]
 141 0020 2380     		strh	r3, [r4]	@ unaligned
 142 0022 1346     		mov	r3, r2
 143 0024 A370     		strb	r3, [r4, #2]
  55:rhea\drivers\SSD1306/SSD1306.c **** 		SSD1306_DISPLAY_OFF,
  56:rhea\drivers\SSD1306/SSD1306.c **** 		SSD1306_CLOCK_DIV_OSC,
  57:rhea\drivers\SSD1306/SSD1306.c **** 		SSD1306_CLOCK_DIV_OSC_DEFAULT,
  58:rhea\drivers\SSD1306/SSD1306.c **** 		SSD1306_MULTIPLEX_RATIO,
  59:rhea\drivers\SSD1306/SSD1306.c **** 		SSD1306_MULTIPLEX_RATIO_DEFAULT,
  60:rhea\drivers\SSD1306/SSD1306.c **** 		SSD1306_DISPLAY_OFFSET,
  61:rhea\drivers\SSD1306/SSD1306.c **** 		SSD1306_DISPLAY_OFFSET_DEFAULT,
  62:rhea\drivers\SSD1306/SSD1306.c **** 		SSD1306_DISPLAY_START_LINE | SSD1306_DISPLAY_START_LINE_DEFAULT,
  63:rhea\drivers\SSD1306/SSD1306.c **** 		SSD1306_CHARGEPUMP,
  64:rhea\drivers\SSD1306/SSD1306.c **** 		SSD1306_CHARGEPUMP_ON,
  65:rhea\drivers\SSD1306/SSD1306.c **** 		SSD1306_MEMORY_MODE,
  66:rhea\drivers\SSD1306/SSD1306.c **** 		SSD1306_MEMORY_MODE_HORIZONTAL,
  67:rhea\drivers\SSD1306/SSD1306.c **** 		SSD1306_SEGMENT_REMAP_OFF,
  68:rhea\drivers\SSD1306/SSD1306.c **** 		SSD1306_COM_SCAN_INC,
  69:rhea\drivers\SSD1306/SSD1306.c **** 		SSD1306_COM_PINS,
  70:rhea\drivers\SSD1306/SSD1306.c **** 		SSD1306_COM_PINS_DEFAULT,
  71:rhea\drivers\SSD1306/SSD1306.c **** 		SSD1306_CONTRAST,
  72:rhea\drivers\SSD1306/SSD1306.c **** 		SSD1306_CONTRAST_DEFAULT,
  73:rhea\drivers\SSD1306/SSD1306.c **** 		SSD1306_PRECHARGE_PERIOD,
  74:rhea\drivers\SSD1306/SSD1306.c **** 		SSD1306_PRECHARGE_PERIOD_DEFAULT,
  75:rhea\drivers\SSD1306/SSD1306.c **** 		SSD1306_VCOM_DESELECT,
  76:rhea\drivers\SSD1306/SSD1306.c **** 		SSD1306_VCOM_DESELECT_DEFAULT,
  77:rhea\drivers\SSD1306/SSD1306.c **** 		SSD1306_LOWER_COLUMN_ADDR_START,
  78:rhea\drivers\SSD1306/SSD1306.c **** 		SSD1306_HIGHER_COLUMN_ADDR_START,
  79:rhea\drivers\SSD1306/SSD1306.c **** 		SSD1306_ENTIRE_DISPLAY_RESUME,
ARM GAS  C:\Users\GYULAI~1\AppData\Local\Temp\cczGShsF.s 			page 5


  80:rhea\drivers\SSD1306/SSD1306.c **** 		SSD1306_DISPLAY_NORMAL,
  81:rhea\drivers\SSD1306/SSD1306.c **** 		SSD1306_DISPLAY_ON
  82:rhea\drivers\SSD1306/SSD1306.c **** 	};
  83:rhea\drivers\SSD1306/SSD1306.c **** 
  84:rhea\drivers\SSD1306/SSD1306.c **** 	// Sending initialization commands
  85:rhea\drivers\SSD1306/SSD1306.c **** 	SSD1306_WriteCommands(commands, 25);
 144              		.loc 1 85 0
 145 0026 3B1D     		adds	r3, r7, #4
 146 0028 1921     		movs	r1, #25
 147 002a 1846     		mov	r0, r3
 148 002c FFF7FEFF 		bl	SSD1306_WriteCommands
  86:rhea\drivers\SSD1306/SSD1306.c **** 
  87:rhea\drivers\SSD1306/SSD1306.c **** 	// Clearing display shadow buffer
  88:rhea\drivers\SSD1306/SSD1306.c **** 	SSD1306_ClearDisplay();
 149              		.loc 1 88 0
 150 0030 FFF7FEFF 		bl	SSD1306_ClearDisplay
  89:rhea\drivers\SSD1306/SSD1306.c **** }
 151              		.loc 1 89 0
 152 0034 00BF     		nop
 153 0036 2037     		adds	r7, r7, #32
 154              		.cfi_def_cfa_offset 16
 155 0038 BD46     		mov	sp, r7
 156              		.cfi_def_cfa_register 13
 157              		@ sp needed
 158 003a B0BD     		pop	{r4, r5, r7, pc}
 159              	.L6:
 160              		.align	2
 161              	.L5:
 162 003c 00000000 		.word	.LC0
 163              		.cfi_endproc
 164              	.LFE1:
 165              		.size	SSD1306_Init, .-SSD1306_Init
 166              		.section	.text.SSD1306_Reset,"ax",%progbits
 167              		.align	2
 168              		.global	SSD1306_Reset
 169              		.thumb
 170              		.thumb_func
 171              		.type	SSD1306_Reset, %function
 172              	SSD1306_Reset:
 173              	.LFB2:
  90:rhea\drivers\SSD1306/SSD1306.c **** 
  91:rhea\drivers\SSD1306/SSD1306.c **** void SSD1306_Reset(void) {
 174              		.loc 1 91 0
 175              		.cfi_startproc
 176              		@ args = 0, pretend = 0, frame = 0
 177              		@ frame_needed = 1, uses_anonymous_args = 0
 178 0000 80B5     		push	{r7, lr}
 179              		.cfi_def_cfa_offset 8
 180              		.cfi_offset 7, -8
 181              		.cfi_offset 14, -4
 182 0002 00AF     		add	r7, sp, #0
 183              		.cfi_def_cfa_register 7
  92:rhea\drivers\SSD1306/SSD1306.c **** 
  93:rhea\drivers\SSD1306/SSD1306.c **** 	// Restoring initial settings
  94:rhea\drivers\SSD1306/SSD1306.c **** 	SSD1306_Init();
 184              		.loc 1 94 0
 185 0004 FFF7FEFF 		bl	SSD1306_Init
ARM GAS  C:\Users\GYULAI~1\AppData\Local\Temp\cczGShsF.s 			page 6


  95:rhea\drivers\SSD1306/SSD1306.c **** 
  96:rhea\drivers\SSD1306/SSD1306.c **** 	// Clearing display
  97:rhea\drivers\SSD1306/SSD1306.c **** 	SSD1306_RefreshDisplay();
 186              		.loc 1 97 0
 187 0008 FFF7FEFF 		bl	SSD1306_RefreshDisplay
  98:rhea\drivers\SSD1306/SSD1306.c **** }
 188              		.loc 1 98 0
 189 000c 00BF     		nop
 190 000e 80BD     		pop	{r7, pc}
 191              		.cfi_endproc
 192              	.LFE2:
 193              		.size	SSD1306_Reset, .-SSD1306_Reset
 194              		.section	.text.SSD1306_GetDisplayBuffer,"ax",%progbits
 195              		.align	2
 196              		.global	SSD1306_GetDisplayBuffer
 197              		.thumb
 198              		.thumb_func
 199              		.type	SSD1306_GetDisplayBuffer, %function
 200              	SSD1306_GetDisplayBuffer:
 201              	.LFB3:
  99:rhea\drivers\SSD1306/SSD1306.c **** 
 100:rhea\drivers\SSD1306/SSD1306.c **** uint8_t* SSD1306_GetDisplayBuffer(void) {
 202              		.loc 1 100 0
 203              		.cfi_startproc
 204              		@ args = 0, pretend = 0, frame = 0
 205              		@ frame_needed = 1, uses_anonymous_args = 0
 206              		@ link register save eliminated.
 207 0000 80B4     		push	{r7}
 208              		.cfi_def_cfa_offset 4
 209              		.cfi_offset 7, -4
 210 0002 00AF     		add	r7, sp, #0
 211              		.cfi_def_cfa_register 7
 101:rhea\drivers\SSD1306/SSD1306.c **** 	return SSD1306_PixelData;
 212              		.loc 1 101 0
 213 0004 024B     		ldr	r3, .L10
 102:rhea\drivers\SSD1306/SSD1306.c **** }
 214              		.loc 1 102 0
 215 0006 1846     		mov	r0, r3
 216 0008 BD46     		mov	sp, r7
 217              		.cfi_def_cfa_register 13
 218              		@ sp needed
 219 000a 80BC     		pop	{r7}
 220              		.cfi_restore 7
 221              		.cfi_def_cfa_offset 0
 222 000c 7047     		bx	lr
 223              	.L11:
 224 000e 00BF     		.align	2
 225              	.L10:
 226 0010 0C000000 		.word	SSD1306_PixelData
 227              		.cfi_endproc
 228              	.LFE3:
 229              		.size	SSD1306_GetDisplayBuffer, .-SSD1306_GetDisplayBuffer
 230              		.section	.text.SSD1306_WriteCommand,"ax",%progbits
 231              		.align	2
 232              		.global	SSD1306_WriteCommand
 233              		.thumb
 234              		.thumb_func
ARM GAS  C:\Users\GYULAI~1\AppData\Local\Temp\cczGShsF.s 			page 7


 235              		.type	SSD1306_WriteCommand, %function
 236              	SSD1306_WriteCommand:
 237              	.LFB4:
 103:rhea\drivers\SSD1306/SSD1306.c **** 
 104:rhea\drivers\SSD1306/SSD1306.c **** void SSD1306_WriteCommand(uint8_t command) {
 238              		.loc 1 104 0
 239              		.cfi_startproc
 240              		@ args = 0, pretend = 0, frame = 8
 241              		@ frame_needed = 1, uses_anonymous_args = 0
 242 0000 80B5     		push	{r7, lr}
 243              		.cfi_def_cfa_offset 8
 244              		.cfi_offset 7, -8
 245              		.cfi_offset 14, -4
 246 0002 82B0     		sub	sp, sp, #8
 247              		.cfi_def_cfa_offset 16
 248 0004 00AF     		add	r7, sp, #0
 249              		.cfi_def_cfa_register 7
 250 0006 0346     		mov	r3, r0
 251 0008 FB71     		strb	r3, [r7, #7]
 105:rhea\drivers\SSD1306/SSD1306.c **** 
 106:rhea\drivers\SSD1306/SSD1306.c **** 	// Sending START condition & indicating command
 107:rhea\drivers\SSD1306/SSD1306.c **** 	SSD1306_I2CController.MasterSendStart(SSD1306_I2C_ADDR, SSD1306_I2C_WRITE);
 252              		.loc 1 107 0
 253 000a 0A4B     		ldr	r3, .L13
 254 000c 1B68     		ldr	r3, [r3]
 255 000e 0021     		movs	r1, #0
 256 0010 3C20     		movs	r0, #60
 257 0012 9847     		blx	r3
 108:rhea\drivers\SSD1306/SSD1306.c **** 	SSD1306_I2CController.MasterWriteByte(SSD1306_COMMAND);
 258              		.loc 1 108 0
 259 0014 074B     		ldr	r3, .L13
 260 0016 9B68     		ldr	r3, [r3, #8]
 261 0018 0020     		movs	r0, #0
 262 001a 9847     		blx	r3
 109:rhea\drivers\SSD1306/SSD1306.c **** 
 110:rhea\drivers\SSD1306/SSD1306.c **** 	// Sending command
 111:rhea\drivers\SSD1306/SSD1306.c **** 	SSD1306_I2CController.MasterWriteByte(command);
 263              		.loc 1 111 0
 264 001c 054B     		ldr	r3, .L13
 265 001e 9B68     		ldr	r3, [r3, #8]
 266 0020 FA79     		ldrb	r2, [r7, #7]	@ zero_extendqisi2
 267 0022 1046     		mov	r0, r2
 268 0024 9847     		blx	r3
 112:rhea\drivers\SSD1306/SSD1306.c **** 
 113:rhea\drivers\SSD1306/SSD1306.c **** 	// Sending STOP condition
 114:rhea\drivers\SSD1306/SSD1306.c **** 	SSD1306_I2CController.MasterSendStop();
 269              		.loc 1 114 0
 270 0026 034B     		ldr	r3, .L13
 271 0028 5B68     		ldr	r3, [r3, #4]
 272 002a 9847     		blx	r3
 115:rhea\drivers\SSD1306/SSD1306.c **** }
 273              		.loc 1 115 0
 274 002c 00BF     		nop
 275 002e 0837     		adds	r7, r7, #8
 276              		.cfi_def_cfa_offset 8
 277 0030 BD46     		mov	sp, r7
 278              		.cfi_def_cfa_register 13
ARM GAS  C:\Users\GYULAI~1\AppData\Local\Temp\cczGShsF.s 			page 8


 279              		@ sp needed
 280 0032 80BD     		pop	{r7, pc}
 281              	.L14:
 282              		.align	2
 283              	.L13:
 284 0034 00000000 		.word	SSD1306_I2CController
 285              		.cfi_endproc
 286              	.LFE4:
 287              		.size	SSD1306_WriteCommand, .-SSD1306_WriteCommand
 288              		.section	.text.SSD1306_WriteCommands,"ax",%progbits
 289              		.align	2
 290              		.global	SSD1306_WriteCommands
 291              		.thumb
 292              		.thumb_func
 293              		.type	SSD1306_WriteCommands, %function
 294              	SSD1306_WriteCommands:
 295              	.LFB5:
 116:rhea\drivers\SSD1306/SSD1306.c **** 
 117:rhea\drivers\SSD1306/SSD1306.c **** void SSD1306_WriteCommands(uint8_t commands[], uint8_t count) {
 296              		.loc 1 117 0
 297              		.cfi_startproc
 298              		@ args = 0, pretend = 0, frame = 16
 299              		@ frame_needed = 1, uses_anonymous_args = 0
 300 0000 80B5     		push	{r7, lr}
 301              		.cfi_def_cfa_offset 8
 302              		.cfi_offset 7, -8
 303              		.cfi_offset 14, -4
 304 0002 84B0     		sub	sp, sp, #16
 305              		.cfi_def_cfa_offset 24
 306 0004 00AF     		add	r7, sp, #0
 307              		.cfi_def_cfa_register 7
 308 0006 7860     		str	r0, [r7, #4]
 309 0008 0B46     		mov	r3, r1
 310 000a FB70     		strb	r3, [r7, #3]
 118:rhea\drivers\SSD1306/SSD1306.c **** 
 119:rhea\drivers\SSD1306/SSD1306.c **** 	// Sending START condition & indicating command stream 
 120:rhea\drivers\SSD1306/SSD1306.c **** 	SSD1306_I2CController.MasterSendStart(SSD1306_I2C_ADDR, SSD1306_I2C_WRITE);
 311              		.loc 1 120 0
 312 000c 104B     		ldr	r3, .L18
 313 000e 1B68     		ldr	r3, [r3]
 314 0010 0021     		movs	r1, #0
 315 0012 3C20     		movs	r0, #60
 316 0014 9847     		blx	r3
 121:rhea\drivers\SSD1306/SSD1306.c **** 	SSD1306_I2CController.MasterWriteByte(SSD1306_COMMAND);
 317              		.loc 1 121 0
 318 0016 0E4B     		ldr	r3, .L18
 319 0018 9B68     		ldr	r3, [r3, #8]
 320 001a 0020     		movs	r0, #0
 321 001c 9847     		blx	r3
 322              	.LBB2:
 122:rhea\drivers\SSD1306/SSD1306.c **** 
 123:rhea\drivers\SSD1306/SSD1306.c **** 	// Sending commands
 124:rhea\drivers\SSD1306/SSD1306.c **** 	for (uint8_t i = 0; i < count; i++) {
 323              		.loc 1 124 0
 324 001e 0023     		movs	r3, #0
 325 0020 FB73     		strb	r3, [r7, #15]
 326 0022 0AE0     		b	.L16
ARM GAS  C:\Users\GYULAI~1\AppData\Local\Temp\cczGShsF.s 			page 9


 327              	.L17:
 125:rhea\drivers\SSD1306/SSD1306.c **** 		SSD1306_I2CController.MasterWriteByte(commands[i]);
 328              		.loc 1 125 0 discriminator 3
 329 0024 0A4B     		ldr	r3, .L18
 330 0026 9B68     		ldr	r3, [r3, #8]
 331 0028 FA7B     		ldrb	r2, [r7, #15]	@ zero_extendqisi2
 332 002a 7968     		ldr	r1, [r7, #4]
 333 002c 0A44     		add	r2, r2, r1
 334 002e 1278     		ldrb	r2, [r2]	@ zero_extendqisi2
 335 0030 1046     		mov	r0, r2
 336 0032 9847     		blx	r3
 124:rhea\drivers\SSD1306/SSD1306.c **** 		SSD1306_I2CController.MasterWriteByte(commands[i]);
 337              		.loc 1 124 0 discriminator 3
 338 0034 FB7B     		ldrb	r3, [r7, #15]	@ zero_extendqisi2
 339 0036 0133     		adds	r3, r3, #1
 340 0038 FB73     		strb	r3, [r7, #15]
 341              	.L16:
 124:rhea\drivers\SSD1306/SSD1306.c **** 		SSD1306_I2CController.MasterWriteByte(commands[i]);
 342              		.loc 1 124 0 is_stmt 0 discriminator 1
 343 003a FA7B     		ldrb	r2, [r7, #15]	@ zero_extendqisi2
 344 003c FB78     		ldrb	r3, [r7, #3]	@ zero_extendqisi2
 345 003e 9A42     		cmp	r2, r3
 346 0040 F0D3     		bcc	.L17
 347              	.LBE2:
 126:rhea\drivers\SSD1306/SSD1306.c **** 	}
 127:rhea\drivers\SSD1306/SSD1306.c **** 
 128:rhea\drivers\SSD1306/SSD1306.c **** 	// Sending STOP condition
 129:rhea\drivers\SSD1306/SSD1306.c **** 	SSD1306_I2CController.MasterSendStop();
 348              		.loc 1 129 0 is_stmt 1
 349 0042 034B     		ldr	r3, .L18
 350 0044 5B68     		ldr	r3, [r3, #4]
 351 0046 9847     		blx	r3
 130:rhea\drivers\SSD1306/SSD1306.c **** }
 352              		.loc 1 130 0
 353 0048 00BF     		nop
 354 004a 1037     		adds	r7, r7, #16
 355              		.cfi_def_cfa_offset 8
 356 004c BD46     		mov	sp, r7
 357              		.cfi_def_cfa_register 13
 358              		@ sp needed
 359 004e 80BD     		pop	{r7, pc}
 360              	.L19:
 361              		.align	2
 362              	.L18:
 363 0050 00000000 		.word	SSD1306_I2CController
 364              		.cfi_endproc
 365              	.LFE5:
 366              		.size	SSD1306_WriteCommands, .-SSD1306_WriteCommands
 367              		.section	.text.SSD1306_WriteData,"ax",%progbits
 368              		.align	2
 369              		.global	SSD1306_WriteData
 370              		.thumb
 371              		.thumb_func
 372              		.type	SSD1306_WriteData, %function
 373              	SSD1306_WriteData:
 374              	.LFB6:
 131:rhea\drivers\SSD1306/SSD1306.c **** 
ARM GAS  C:\Users\GYULAI~1\AppData\Local\Temp\cczGShsF.s 			page 10


 132:rhea\drivers\SSD1306/SSD1306.c **** void SSD1306_WriteData(uint8_t data[], uint16_t count) {
 375              		.loc 1 132 0
 376              		.cfi_startproc
 377              		@ args = 0, pretend = 0, frame = 16
 378              		@ frame_needed = 1, uses_anonymous_args = 0
 379 0000 80B5     		push	{r7, lr}
 380              		.cfi_def_cfa_offset 8
 381              		.cfi_offset 7, -8
 382              		.cfi_offset 14, -4
 383 0002 84B0     		sub	sp, sp, #16
 384              		.cfi_def_cfa_offset 24
 385 0004 00AF     		add	r7, sp, #0
 386              		.cfi_def_cfa_register 7
 387 0006 7860     		str	r0, [r7, #4]
 388 0008 0B46     		mov	r3, r1
 389 000a 7B80     		strh	r3, [r7, #2]	@ movhi
 133:rhea\drivers\SSD1306/SSD1306.c **** 
 134:rhea\drivers\SSD1306/SSD1306.c **** 	// Sending START condition & indicating data stream 
 135:rhea\drivers\SSD1306/SSD1306.c **** 	SSD1306_I2CController.MasterSendStart(SSD1306_I2C_ADDR, SSD1306_I2C_WRITE);
 390              		.loc 1 135 0
 391 000c 104B     		ldr	r3, .L23
 392 000e 1B68     		ldr	r3, [r3]
 393 0010 0021     		movs	r1, #0
 394 0012 3C20     		movs	r0, #60
 395 0014 9847     		blx	r3
 136:rhea\drivers\SSD1306/SSD1306.c **** 	SSD1306_I2CController.MasterWriteByte(SSD1306_DATA);
 396              		.loc 1 136 0
 397 0016 0E4B     		ldr	r3, .L23
 398 0018 9B68     		ldr	r3, [r3, #8]
 399 001a 4020     		movs	r0, #64
 400 001c 9847     		blx	r3
 401              	.LBB3:
 137:rhea\drivers\SSD1306/SSD1306.c **** 
 138:rhea\drivers\SSD1306/SSD1306.c **** 	// Sending data
 139:rhea\drivers\SSD1306/SSD1306.c **** 	for (uint16_t i = 0; i < count; i++) {
 402              		.loc 1 139 0
 403 001e 0023     		movs	r3, #0
 404 0020 FB81     		strh	r3, [r7, #14]	@ movhi
 405 0022 0AE0     		b	.L21
 406              	.L22:
 140:rhea\drivers\SSD1306/SSD1306.c **** 		SSD1306_I2CController.MasterWriteByte(data[i]);
 407              		.loc 1 140 0 discriminator 3
 408 0024 0A4B     		ldr	r3, .L23
 409 0026 9B68     		ldr	r3, [r3, #8]
 410 0028 FA89     		ldrh	r2, [r7, #14]
 411 002a 7968     		ldr	r1, [r7, #4]
 412 002c 0A44     		add	r2, r2, r1
 413 002e 1278     		ldrb	r2, [r2]	@ zero_extendqisi2
 414 0030 1046     		mov	r0, r2
 415 0032 9847     		blx	r3
 139:rhea\drivers\SSD1306/SSD1306.c **** 		SSD1306_I2CController.MasterWriteByte(data[i]);
 416              		.loc 1 139 0 discriminator 3
 417 0034 FB89     		ldrh	r3, [r7, #14]
 418 0036 0133     		adds	r3, r3, #1
 419 0038 FB81     		strh	r3, [r7, #14]	@ movhi
 420              	.L21:
 139:rhea\drivers\SSD1306/SSD1306.c **** 		SSD1306_I2CController.MasterWriteByte(data[i]);
ARM GAS  C:\Users\GYULAI~1\AppData\Local\Temp\cczGShsF.s 			page 11


 421              		.loc 1 139 0 is_stmt 0 discriminator 1
 422 003a FA89     		ldrh	r2, [r7, #14]
 423 003c 7B88     		ldrh	r3, [r7, #2]
 424 003e 9A42     		cmp	r2, r3
 425 0040 F0D3     		bcc	.L22
 426              	.LBE3:
 141:rhea\drivers\SSD1306/SSD1306.c **** 	}
 142:rhea\drivers\SSD1306/SSD1306.c **** 
 143:rhea\drivers\SSD1306/SSD1306.c **** 	// Sending STOP condition
 144:rhea\drivers\SSD1306/SSD1306.c **** 	SSD1306_I2CController.MasterSendStop();
 427              		.loc 1 144 0 is_stmt 1
 428 0042 034B     		ldr	r3, .L23
 429 0044 5B68     		ldr	r3, [r3, #4]
 430 0046 9847     		blx	r3
 145:rhea\drivers\SSD1306/SSD1306.c **** }
 431              		.loc 1 145 0
 432 0048 00BF     		nop
 433 004a 1037     		adds	r7, r7, #16
 434              		.cfi_def_cfa_offset 8
 435 004c BD46     		mov	sp, r7
 436              		.cfi_def_cfa_register 13
 437              		@ sp needed
 438 004e 80BD     		pop	{r7, pc}
 439              	.L24:
 440              		.align	2
 441              	.L23:
 442 0050 00000000 		.word	SSD1306_I2CController
 443              		.cfi_endproc
 444              	.LFE6:
 445              		.size	SSD1306_WriteData, .-SSD1306_WriteData
 446              		.section	.text.SSD1306_WritePixel,"ax",%progbits
 447              		.align	2
 448              		.global	SSD1306_WritePixel
 449              		.thumb
 450              		.thumb_func
 451              		.type	SSD1306_WritePixel, %function
 452              	SSD1306_WritePixel:
 453              	.LFB7:
 146:rhea\drivers\SSD1306/SSD1306.c **** 
 147:rhea\drivers\SSD1306/SSD1306.c **** void SSD1306_WritePixel(uint8_t x, uint8_t y, uint8_t color) {
 454              		.loc 1 147 0
 455              		.cfi_startproc
 456              		@ args = 0, pretend = 0, frame = 16
 457              		@ frame_needed = 1, uses_anonymous_args = 0
 458              		@ link register save eliminated.
 459 0000 80B4     		push	{r7}
 460              		.cfi_def_cfa_offset 4
 461              		.cfi_offset 7, -4
 462 0002 85B0     		sub	sp, sp, #20
 463              		.cfi_def_cfa_offset 24
 464 0004 00AF     		add	r7, sp, #0
 465              		.cfi_def_cfa_register 7
 466 0006 0346     		mov	r3, r0
 467 0008 FB71     		strb	r3, [r7, #7]
 468 000a 0B46     		mov	r3, r1
 469 000c BB71     		strb	r3, [r7, #6]
 470 000e 1346     		mov	r3, r2
ARM GAS  C:\Users\GYULAI~1\AppData\Local\Temp\cczGShsF.s 			page 12


 471 0010 7B71     		strb	r3, [r7, #5]
 148:rhea\drivers\SSD1306/SSD1306.c **** 
 149:rhea\drivers\SSD1306/SSD1306.c **** 	// CODE WORKS FOR HORIZONTAL MODE ONLY!!!
 150:rhea\drivers\SSD1306/SSD1306.c **** 
 151:rhea\drivers\SSD1306/SSD1306.c **** 	// Coordinate bounds check
 152:rhea\drivers\SSD1306/SSD1306.c **** 	if (x > SSD1306_WIDTH - 1 || y > SSD1306_HEIGHT - 1) return;
 472              		.loc 1 152 0
 473 0012 97F90730 		ldrsb	r3, [r7, #7]
 474 0016 002B     		cmp	r3, #0
 475 0018 38DB     		blt	.L30
 476              		.loc 1 152 0 is_stmt 0 discriminator 1
 477 001a BB79     		ldrb	r3, [r7, #6]	@ zero_extendqisi2
 478 001c 3F2B     		cmp	r3, #63
 479 001e 35D8     		bhi	.L30
 153:rhea\drivers\SSD1306/SSD1306.c **** 
 154:rhea\drivers\SSD1306/SSD1306.c **** 	// Calculating page and column index
 155:rhea\drivers\SSD1306/SSD1306.c **** 	uint8_t page = y / 8;
 480              		.loc 1 155 0 is_stmt 1
 481 0020 BB79     		ldrb	r3, [r7, #6]	@ zero_extendqisi2
 482 0022 DB08     		lsrs	r3, r3, #3
 483 0024 FB73     		strb	r3, [r7, #15]
 156:rhea\drivers\SSD1306/SSD1306.c **** 	uint8_t column = x;
 484              		.loc 1 156 0
 485 0026 FB79     		ldrb	r3, [r7, #7]
 486 0028 BB73     		strb	r3, [r7, #14]
 157:rhea\drivers\SSD1306/SSD1306.c **** 
 158:rhea\drivers\SSD1306/SSD1306.c **** 	// Calculating byte index in pixelData & bitshift value
 159:rhea\drivers\SSD1306/SSD1306.c **** 	uint16_t byteIndex = page * SSD1306_WIDTH + column;
 487              		.loc 1 159 0
 488 002a FB7B     		ldrb	r3, [r7, #15]	@ zero_extendqisi2
 489 002c 9BB2     		uxth	r3, r3
 490 002e DB01     		lsls	r3, r3, #7
 491 0030 9AB2     		uxth	r2, r3
 492 0032 BB7B     		ldrb	r3, [r7, #14]	@ zero_extendqisi2
 493 0034 9BB2     		uxth	r3, r3
 494 0036 1344     		add	r3, r3, r2
 495 0038 BB81     		strh	r3, [r7, #12]	@ movhi
 160:rhea\drivers\SSD1306/SSD1306.c **** 	uint8_t bitIndex = y % 8;
 496              		.loc 1 160 0
 497 003a BB79     		ldrb	r3, [r7, #6]
 498 003c 03F00703 		and	r3, r3, #7
 499 0040 FB72     		strb	r3, [r7, #11]
 161:rhea\drivers\SSD1306/SSD1306.c **** 
 162:rhea\drivers\SSD1306/SSD1306.c **** 	// Setting or clearing the selected bit
 163:rhea\drivers\SSD1306/SSD1306.c ****     if (color) SSD1306_PixelData[byteIndex] |= (1 << bitIndex);
 500              		.loc 1 163 0
 501 0042 7B79     		ldrb	r3, [r7, #5]	@ zero_extendqisi2
 502 0044 002B     		cmp	r3, #0
 503 0046 0FD0     		beq	.L29
 504              		.loc 1 163 0 is_stmt 0 discriminator 1
 505 0048 BB89     		ldrh	r3, [r7, #12]
 506 004a BA89     		ldrh	r2, [r7, #12]
 507 004c 1249     		ldr	r1, .L31
 508 004e 8A5C     		ldrb	r2, [r1, r2]	@ zero_extendqisi2
 509 0050 51B2     		sxtb	r1, r2
 510 0052 FA7A     		ldrb	r2, [r7, #11]	@ zero_extendqisi2
 511 0054 0120     		movs	r0, #1
ARM GAS  C:\Users\GYULAI~1\AppData\Local\Temp\cczGShsF.s 			page 13


 512 0056 00FA02F2 		lsl	r2, r0, r2
 513 005a 52B2     		sxtb	r2, r2
 514 005c 0A43     		orrs	r2, r2, r1
 515 005e 52B2     		sxtb	r2, r2
 516 0060 D1B2     		uxtb	r1, r2
 517 0062 0D4A     		ldr	r2, .L31
 518 0064 D154     		strb	r1, [r2, r3]
 519 0066 12E0     		b	.L25
 520              	.L29:
 164:rhea\drivers\SSD1306/SSD1306.c **** 	else       SSD1306_PixelData[byteIndex] &= ~(1 << bitIndex);
 521              		.loc 1 164 0 is_stmt 1
 522 0068 BB89     		ldrh	r3, [r7, #12]
 523 006a BA89     		ldrh	r2, [r7, #12]
 524 006c 0A49     		ldr	r1, .L31
 525 006e 8A5C     		ldrb	r2, [r1, r2]	@ zero_extendqisi2
 526 0070 51B2     		sxtb	r1, r2
 527 0072 FA7A     		ldrb	r2, [r7, #11]	@ zero_extendqisi2
 528 0074 0120     		movs	r0, #1
 529 0076 00FA02F2 		lsl	r2, r0, r2
 530 007a 52B2     		sxtb	r2, r2
 531 007c D243     		mvns	r2, r2
 532 007e 52B2     		sxtb	r2, r2
 533 0080 0A40     		ands	r2, r2, r1
 534 0082 52B2     		sxtb	r2, r2
 535 0084 D1B2     		uxtb	r1, r2
 536 0086 044A     		ldr	r2, .L31
 537 0088 D154     		strb	r1, [r2, r3]
 538 008a 00E0     		b	.L25
 539              	.L30:
 152:rhea\drivers\SSD1306/SSD1306.c **** 
 540              		.loc 1 152 0
 541 008c 00BF     		nop
 542              	.L25:
 165:rhea\drivers\SSD1306/SSD1306.c **** }
 543              		.loc 1 165 0
 544 008e 1437     		adds	r7, r7, #20
 545              		.cfi_def_cfa_offset 4
 546 0090 BD46     		mov	sp, r7
 547              		.cfi_def_cfa_register 13
 548              		@ sp needed
 549 0092 80BC     		pop	{r7}
 550              		.cfi_restore 7
 551              		.cfi_def_cfa_offset 0
 552 0094 7047     		bx	lr
 553              	.L32:
 554 0096 00BF     		.align	2
 555              	.L31:
 556 0098 0C000000 		.word	SSD1306_PixelData
 557              		.cfi_endproc
 558              	.LFE7:
 559              		.size	SSD1306_WritePixel, .-SSD1306_WritePixel
 560              		.section	.text.SSD1306_ClearDisplay,"ax",%progbits
 561              		.align	2
 562              		.global	SSD1306_ClearDisplay
 563              		.thumb
 564              		.thumb_func
 565              		.type	SSD1306_ClearDisplay, %function
ARM GAS  C:\Users\GYULAI~1\AppData\Local\Temp\cczGShsF.s 			page 14


 566              	SSD1306_ClearDisplay:
 567              	.LFB8:
 166:rhea\drivers\SSD1306/SSD1306.c **** 
 167:rhea\drivers\SSD1306/SSD1306.c **** void SSD1306_ClearDisplay(void) {
 568              		.loc 1 167 0
 569              		.cfi_startproc
 570              		@ args = 0, pretend = 0, frame = 8
 571              		@ frame_needed = 1, uses_anonymous_args = 0
 572              		@ link register save eliminated.
 573 0000 80B4     		push	{r7}
 574              		.cfi_def_cfa_offset 4
 575              		.cfi_offset 7, -4
 576 0002 83B0     		sub	sp, sp, #12
 577              		.cfi_def_cfa_offset 16
 578 0004 00AF     		add	r7, sp, #0
 579              		.cfi_def_cfa_register 7
 580              	.LBB4:
 168:rhea\drivers\SSD1306/SSD1306.c **** 
 169:rhea\drivers\SSD1306/SSD1306.c **** 	// Clearing shadow buffer content
 170:rhea\drivers\SSD1306/SSD1306.c **** 	for (unsigned int i = 0; i < SSD1306_BUFFER_SIZE; i++) {
 581              		.loc 1 170 0
 582 0006 0023     		movs	r3, #0
 583 0008 7B60     		str	r3, [r7, #4]
 584 000a 07E0     		b	.L34
 585              	.L35:
 171:rhea\drivers\SSD1306/SSD1306.c **** 		SSD1306_PixelData[i] = 0x00;
 586              		.loc 1 171 0 discriminator 3
 587 000c 084A     		ldr	r2, .L36
 588 000e 7B68     		ldr	r3, [r7, #4]
 589 0010 1344     		add	r3, r3, r2
 590 0012 0022     		movs	r2, #0
 591 0014 1A70     		strb	r2, [r3]
 170:rhea\drivers\SSD1306/SSD1306.c **** 		SSD1306_PixelData[i] = 0x00;
 592              		.loc 1 170 0 discriminator 3
 593 0016 7B68     		ldr	r3, [r7, #4]
 594 0018 0133     		adds	r3, r3, #1
 595 001a 7B60     		str	r3, [r7, #4]
 596              	.L34:
 170:rhea\drivers\SSD1306/SSD1306.c **** 		SSD1306_PixelData[i] = 0x00;
 597              		.loc 1 170 0 is_stmt 0 discriminator 1
 598 001c 7B68     		ldr	r3, [r7, #4]
 599 001e B3F5806F 		cmp	r3, #1024
 600 0022 F3D3     		bcc	.L35
 601              	.LBE4:
 172:rhea\drivers\SSD1306/SSD1306.c **** 	}
 173:rhea\drivers\SSD1306/SSD1306.c **** }
 602              		.loc 1 173 0 is_stmt 1
 603 0024 00BF     		nop
 604 0026 0C37     		adds	r7, r7, #12
 605              		.cfi_def_cfa_offset 4
 606 0028 BD46     		mov	sp, r7
 607              		.cfi_def_cfa_register 13
 608              		@ sp needed
 609 002a 80BC     		pop	{r7}
 610              		.cfi_restore 7
 611              		.cfi_def_cfa_offset 0
 612 002c 7047     		bx	lr
ARM GAS  C:\Users\GYULAI~1\AppData\Local\Temp\cczGShsF.s 			page 15


 613              	.L37:
 614 002e 00BF     		.align	2
 615              	.L36:
 616 0030 0C000000 		.word	SSD1306_PixelData
 617              		.cfi_endproc
 618              	.LFE8:
 619              		.size	SSD1306_ClearDisplay, .-SSD1306_ClearDisplay
 620              		.section	.text.SSD1306_RefreshDisplay,"ax",%progbits
 621              		.align	2
 622              		.global	SSD1306_RefreshDisplay
 623              		.thumb
 624              		.thumb_func
 625              		.type	SSD1306_RefreshDisplay, %function
 626              	SSD1306_RefreshDisplay:
 627              	.LFB9:
 174:rhea\drivers\SSD1306/SSD1306.c **** 
 175:rhea\drivers\SSD1306/SSD1306.c **** void SSD1306_RefreshDisplay(void) {
 628              		.loc 1 175 0
 629              		.cfi_startproc
 630              		@ args = 0, pretend = 0, frame = 0
 631              		@ frame_needed = 1, uses_anonymous_args = 0
 632 0000 80B5     		push	{r7, lr}
 633              		.cfi_def_cfa_offset 8
 634              		.cfi_offset 7, -8
 635              		.cfi_offset 14, -4
 636 0002 00AF     		add	r7, sp, #0
 637              		.cfi_def_cfa_register 7
 176:rhea\drivers\SSD1306/SSD1306.c **** 
 177:rhea\drivers\SSD1306/SSD1306.c **** 	// Initialize memory addressing
 178:rhea\drivers\SSD1306/SSD1306.c **** 	SSD1306_I2CController.MasterSendStart(SSD1306_I2C_ADDR, SSD1306_I2C_WRITE);
 638              		.loc 1 178 0
 639 0004 154B     		ldr	r3, .L39
 640 0006 1B68     		ldr	r3, [r3]
 641 0008 0021     		movs	r1, #0
 642 000a 3C20     		movs	r0, #60
 643 000c 9847     		blx	r3
 179:rhea\drivers\SSD1306/SSD1306.c **** 	SSD1306_I2CController.MasterWriteByte(SSD1306_COMMAND);
 644              		.loc 1 179 0
 645 000e 134B     		ldr	r3, .L39
 646 0010 9B68     		ldr	r3, [r3, #8]
 647 0012 0020     		movs	r0, #0
 648 0014 9847     		blx	r3
 180:rhea\drivers\SSD1306/SSD1306.c **** 
 181:rhea\drivers\SSD1306/SSD1306.c **** 	// Setting column addressing to fullscale: [0; WIDTH - 1]
 182:rhea\drivers\SSD1306/SSD1306.c **** 	SSD1306_I2CController.MasterWriteByte(SSD1306_COLUMN_ADDR);
 649              		.loc 1 182 0
 650 0016 114B     		ldr	r3, .L39
 651 0018 9B68     		ldr	r3, [r3, #8]
 652 001a 2120     		movs	r0, #33
 653 001c 9847     		blx	r3
 183:rhea\drivers\SSD1306/SSD1306.c **** 	SSD1306_I2CController.MasterWriteByte(0);
 654              		.loc 1 183 0
 655 001e 0F4B     		ldr	r3, .L39
 656 0020 9B68     		ldr	r3, [r3, #8]
 657 0022 0020     		movs	r0, #0
 658 0024 9847     		blx	r3
 184:rhea\drivers\SSD1306/SSD1306.c **** 	SSD1306_I2CController.MasterWriteByte(SSD1306_WIDTH - 1);
ARM GAS  C:\Users\GYULAI~1\AppData\Local\Temp\cczGShsF.s 			page 16


 659              		.loc 1 184 0
 660 0026 0D4B     		ldr	r3, .L39
 661 0028 9B68     		ldr	r3, [r3, #8]
 662 002a 7F20     		movs	r0, #127
 663 002c 9847     		blx	r3
 185:rhea\drivers\SSD1306/SSD1306.c **** 
 186:rhea\drivers\SSD1306/SSD1306.c **** 	// Setting page addressing to fullscale: [0; PAGES - 1]
 187:rhea\drivers\SSD1306/SSD1306.c **** 	SSD1306_I2CController.MasterWriteByte(SSD1306_PAGE_ADDR);
 664              		.loc 1 187 0
 665 002e 0B4B     		ldr	r3, .L39
 666 0030 9B68     		ldr	r3, [r3, #8]
 667 0032 2220     		movs	r0, #34
 668 0034 9847     		blx	r3
 188:rhea\drivers\SSD1306/SSD1306.c **** 	SSD1306_I2CController.MasterWriteByte(0);
 669              		.loc 1 188 0
 670 0036 094B     		ldr	r3, .L39
 671 0038 9B68     		ldr	r3, [r3, #8]
 672 003a 0020     		movs	r0, #0
 673 003c 9847     		blx	r3
 189:rhea\drivers\SSD1306/SSD1306.c **** 	SSD1306_I2CController.MasterWriteByte((SSD1306_HEIGHT / 8) - 1);
 674              		.loc 1 189 0
 675 003e 074B     		ldr	r3, .L39
 676 0040 9B68     		ldr	r3, [r3, #8]
 677 0042 0720     		movs	r0, #7
 678 0044 9847     		blx	r3
 190:rhea\drivers\SSD1306/SSD1306.c **** 	SSD1306_I2CController.MasterSendStop();
 679              		.loc 1 190 0
 680 0046 054B     		ldr	r3, .L39
 681 0048 5B68     		ldr	r3, [r3, #4]
 682 004a 9847     		blx	r3
 191:rhea\drivers\SSD1306/SSD1306.c **** 
 192:rhea\drivers\SSD1306/SSD1306.c **** 	// Writing pixel data
 193:rhea\drivers\SSD1306/SSD1306.c **** 	SSD1306_WriteData(SSD1306_PixelData, SSD1306_BUFFER_SIZE);
 683              		.loc 1 193 0
 684 004c 4FF48061 		mov	r1, #1024
 685 0050 0348     		ldr	r0, .L39+4
 686 0052 FFF7FEFF 		bl	SSD1306_WriteData
 194:rhea\drivers\SSD1306/SSD1306.c **** }
 687              		.loc 1 194 0
 688 0056 00BF     		nop
 689 0058 80BD     		pop	{r7, pc}
 690              	.L40:
 691 005a 00BF     		.align	2
 692              	.L39:
 693 005c 00000000 		.word	SSD1306_I2CController
 694 0060 0C000000 		.word	SSD1306_PixelData
 695              		.cfi_endproc
 696              	.LFE9:
 697              		.size	SSD1306_RefreshDisplay, .-SSD1306_RefreshDisplay
 698              		.text
 699              	.Letext0:
 700              		.file 2 "e:\\cypress\\psoc creator\\4.2\\psoc creator\\import\\gnu\\arm\\5.4.1\\arm-none-eabi\\inc
 701              		.file 3 "e:\\cypress\\psoc creator\\4.2\\psoc creator\\import\\gnu\\arm\\5.4.1\\arm-none-eabi\\inc
 702              		.file 4 "rhea\\drivers\\SSD1306\\SSD1306.h"
 703              		.section	.debug_info,"",%progbits
 704              	.Ldebug_info0:
 705 0000 21030000 		.4byte	0x321
ARM GAS  C:\Users\GYULAI~1\AppData\Local\Temp\cczGShsF.s 			page 17


 706 0004 0400     		.2byte	0x4
 707 0006 00000000 		.4byte	.Ldebug_abbrev0
 708 000a 04       		.byte	0x4
 709 000b 01       		.uleb128 0x1
 710 000c 2B000000 		.4byte	.LASF38
 711 0010 0C       		.byte	0xc
 712 0011 87010000 		.4byte	.LASF39
 713 0015 DA000000 		.4byte	.LASF40
 714 0019 00000000 		.4byte	.Ldebug_ranges0+0
 715 001d 00000000 		.4byte	0
 716 0021 00000000 		.4byte	.Ldebug_line0
 717 0025 02       		.uleb128 0x2
 718 0026 01       		.byte	0x1
 719 0027 06       		.byte	0x6
 720 0028 E2020000 		.4byte	.LASF0
 721 002c 03       		.uleb128 0x3
 722 002d 21000000 		.4byte	.LASF3
 723 0031 02       		.byte	0x2
 724 0032 1D       		.byte	0x1d
 725 0033 37000000 		.4byte	0x37
 726 0037 02       		.uleb128 0x2
 727 0038 01       		.byte	0x1
 728 0039 08       		.byte	0x8
 729 003a 3F010000 		.4byte	.LASF1
 730 003e 02       		.uleb128 0x2
 731 003f 02       		.byte	0x2
 732 0040 05       		.byte	0x5
 733 0041 7A020000 		.4byte	.LASF2
 734 0045 03       		.uleb128 0x3
 735 0046 BD010000 		.4byte	.LASF4
 736 004a 02       		.byte	0x2
 737 004b 2B       		.byte	0x2b
 738 004c 50000000 		.4byte	0x50
 739 0050 02       		.uleb128 0x2
 740 0051 02       		.byte	0x2
 741 0052 07       		.byte	0x7
 742 0053 74010000 		.4byte	.LASF5
 743 0057 02       		.uleb128 0x2
 744 0058 04       		.byte	0x4
 745 0059 05       		.byte	0x5
 746 005a B6020000 		.4byte	.LASF6
 747 005e 02       		.uleb128 0x2
 748 005f 04       		.byte	0x4
 749 0060 07       		.byte	0x7
 750 0061 4D010000 		.4byte	.LASF7
 751 0065 02       		.uleb128 0x2
 752 0066 08       		.byte	0x8
 753 0067 05       		.byte	0x5
 754 0068 4F020000 		.4byte	.LASF8
 755 006c 02       		.uleb128 0x2
 756 006d 08       		.byte	0x8
 757 006e 07       		.byte	0x7
 758 006f 04020000 		.4byte	.LASF9
 759 0073 04       		.uleb128 0x4
 760 0074 04       		.byte	0x4
 761 0075 05       		.byte	0x5
 762 0076 696E7400 		.ascii	"int\000"
ARM GAS  C:\Users\GYULAI~1\AppData\Local\Temp\cczGShsF.s 			page 18


 763 007a 02       		.uleb128 0x2
 764 007b 04       		.byte	0x4
 765 007c 07       		.byte	0x7
 766 007d F7010000 		.4byte	.LASF10
 767 0081 03       		.uleb128 0x3
 768 0082 1B020000 		.4byte	.LASF11
 769 0086 03       		.byte	0x3
 770 0087 18       		.byte	0x18
 771 0088 2C000000 		.4byte	0x2c
 772 008c 03       		.uleb128 0x3
 773 008d 9A020000 		.4byte	.LASF12
 774 0091 03       		.byte	0x3
 775 0092 24       		.byte	0x24
 776 0093 45000000 		.4byte	0x45
 777 0097 05       		.uleb128 0x5
 778 0098 23010000 		.4byte	.LASF16
 779 009c 0C       		.byte	0xc
 780 009d 04       		.byte	0x4
 781 009e 39       		.byte	0x39
 782 009f C8000000 		.4byte	0xc8
 783 00a3 06       		.uleb128 0x6
 784 00a4 CE010000 		.4byte	.LASF13
 785 00a8 04       		.byte	0x4
 786 00a9 40       		.byte	0x40
 787 00aa D8000000 		.4byte	0xd8
 788 00ae 00       		.byte	0
 789 00af 06       		.uleb128 0x6
 790 00b0 00000000 		.4byte	.LASF14
 791 00b4 04       		.byte	0x4
 792 00b5 45       		.byte	0x45
 793 00b6 DF000000 		.4byte	0xdf
 794 00ba 04       		.byte	0x4
 795 00bb 06       		.uleb128 0x6
 796 00bc EE020000 		.4byte	.LASF15
 797 00c0 04       		.byte	0x4
 798 00c1 4B       		.byte	0x4b
 799 00c2 F0000000 		.4byte	0xf0
 800 00c6 08       		.byte	0x8
 801 00c7 00       		.byte	0
 802 00c8 07       		.uleb128 0x7
 803 00c9 D8000000 		.4byte	0xd8
 804 00cd 08       		.uleb128 0x8
 805 00ce 81000000 		.4byte	0x81
 806 00d2 08       		.uleb128 0x8
 807 00d3 81000000 		.4byte	0x81
 808 00d7 00       		.byte	0
 809 00d8 09       		.uleb128 0x9
 810 00d9 04       		.byte	0x4
 811 00da C8000000 		.4byte	0xc8
 812 00de 0A       		.uleb128 0xa
 813 00df 09       		.uleb128 0x9
 814 00e0 04       		.byte	0x4
 815 00e1 DE000000 		.4byte	0xde
 816 00e5 07       		.uleb128 0x7
 817 00e6 F0000000 		.4byte	0xf0
 818 00ea 08       		.uleb128 0x8
 819 00eb 81000000 		.4byte	0x81
ARM GAS  C:\Users\GYULAI~1\AppData\Local\Temp\cczGShsF.s 			page 19


 820 00ef 00       		.byte	0
 821 00f0 09       		.uleb128 0x9
 822 00f1 04       		.byte	0x4
 823 00f2 E5000000 		.4byte	0xe5
 824 00f6 03       		.uleb128 0x3
 825 00f7 23010000 		.4byte	.LASF16
 826 00fb 04       		.byte	0x4
 827 00fc 4D       		.byte	0x4d
 828 00fd 97000000 		.4byte	0x97
 829 0101 0B       		.uleb128 0xb
 830 0102 23020000 		.4byte	.LASF18
 831 0106 01       		.byte	0x1
 832 0107 2F       		.byte	0x2f
 833 0108 00000000 		.4byte	.LFB0
 834 010c 28000000 		.4byte	.LFE0-.LFB0
 835 0110 01       		.uleb128 0x1
 836 0111 9C       		.byte	0x9c
 837 0112 25010000 		.4byte	0x125
 838 0116 0C       		.uleb128 0xc
 839 0117 6F020000 		.4byte	.LASF20
 840 011b 01       		.byte	0x1
 841 011c 2F       		.byte	0x2f
 842 011d F6000000 		.4byte	0xf6
 843 0121 02       		.uleb128 0x2
 844 0122 91       		.byte	0x91
 845 0123 6C       		.sleb128 -20
 846 0124 00       		.byte	0
 847 0125 0D       		.uleb128 0xd
 848 0126 D5020000 		.4byte	.LASF41
 849 012a 01       		.byte	0x1
 850 012b 33       		.byte	0x33
 851 012c 00000000 		.4byte	.LFB1
 852 0130 40000000 		.4byte	.LFE1-.LFB1
 853 0134 01       		.uleb128 0x1
 854 0135 9C       		.byte	0x9c
 855 0136 49010000 		.4byte	0x149
 856 013a 0E       		.uleb128 0xe
 857 013b B9000000 		.4byte	.LASF23
 858 013f 01       		.byte	0x1
 859 0140 36       		.byte	0x36
 860 0141 49010000 		.4byte	0x149
 861 0145 02       		.uleb128 0x2
 862 0146 91       		.byte	0x91
 863 0147 54       		.sleb128 -44
 864 0148 00       		.byte	0
 865 0149 0F       		.uleb128 0xf
 866 014a 81000000 		.4byte	0x81
 867 014e 59010000 		.4byte	0x159
 868 0152 10       		.uleb128 0x10
 869 0153 59010000 		.4byte	0x159
 870 0157 1A       		.byte	0x1a
 871 0158 00       		.byte	0
 872 0159 02       		.uleb128 0x2
 873 015a 04       		.byte	0x4
 874 015b 07       		.byte	0x7
 875 015c 46020000 		.4byte	.LASF17
 876 0160 11       		.uleb128 0x11
ARM GAS  C:\Users\GYULAI~1\AppData\Local\Temp\cczGShsF.s 			page 20


 877 0161 FE020000 		.4byte	.LASF34
 878 0165 01       		.byte	0x1
 879 0166 5B       		.byte	0x5b
 880 0167 00000000 		.4byte	.LFB2
 881 016b 10000000 		.4byte	.LFE2-.LFB2
 882 016f 01       		.uleb128 0x1
 883 0170 9C       		.byte	0x9c
 884 0171 12       		.uleb128 0x12
 885 0172 DE010000 		.4byte	.LASF42
 886 0176 01       		.byte	0x1
 887 0177 64       		.byte	0x64
 888 0178 86010000 		.4byte	0x186
 889 017c 00000000 		.4byte	.LFB3
 890 0180 14000000 		.4byte	.LFE3-.LFB3
 891 0184 01       		.uleb128 0x1
 892 0185 9C       		.byte	0x9c
 893 0186 09       		.uleb128 0x9
 894 0187 04       		.byte	0x4
 895 0188 81000000 		.4byte	0x81
 896 018c 13       		.uleb128 0x13
 897 018d 0E010000 		.4byte	.LASF19
 898 0191 01       		.byte	0x1
 899 0192 68       		.byte	0x68
 900 0193 00000000 		.4byte	.LFB4
 901 0197 38000000 		.4byte	.LFE4-.LFB4
 902 019b 01       		.uleb128 0x1
 903 019c 9C       		.byte	0x9c
 904 019d B0010000 		.4byte	0x1b0
 905 01a1 0C       		.uleb128 0xc
 906 01a2 C8000000 		.4byte	.LASF21
 907 01a6 01       		.byte	0x1
 908 01a7 68       		.byte	0x68
 909 01a8 81000000 		.4byte	0x81
 910 01ac 02       		.uleb128 0x2
 911 01ad 91       		.byte	0x91
 912 01ae 77       		.sleb128 -9
 913 01af 00       		.byte	0
 914 01b0 13       		.uleb128 0x13
 915 01b1 84020000 		.4byte	.LASF22
 916 01b5 01       		.byte	0x1
 917 01b6 75       		.byte	0x75
 918 01b7 00000000 		.4byte	.LFB5
 919 01bb 54000000 		.4byte	.LFE5-.LFB5
 920 01bf 01       		.uleb128 0x1
 921 01c0 9C       		.byte	0x9c
 922 01c1 F8010000 		.4byte	0x1f8
 923 01c5 0C       		.uleb128 0xc
 924 01c6 B9000000 		.4byte	.LASF23
 925 01ca 01       		.byte	0x1
 926 01cb 75       		.byte	0x75
 927 01cc 86010000 		.4byte	0x186
 928 01d0 02       		.uleb128 0x2
 929 01d1 91       		.byte	0x91
 930 01d2 6C       		.sleb128 -20
 931 01d3 0C       		.uleb128 0xc
 932 01d4 C2000000 		.4byte	.LASF24
 933 01d8 01       		.byte	0x1
ARM GAS  C:\Users\GYULAI~1\AppData\Local\Temp\cczGShsF.s 			page 21


 934 01d9 75       		.byte	0x75
 935 01da 81000000 		.4byte	0x81
 936 01de 02       		.uleb128 0x2
 937 01df 91       		.byte	0x91
 938 01e0 6B       		.sleb128 -21
 939 01e1 14       		.uleb128 0x14
 940 01e2 1E000000 		.4byte	.LBB2
 941 01e6 24000000 		.4byte	.LBE2-.LBB2
 942 01ea 15       		.uleb128 0x15
 943 01eb 6900     		.ascii	"i\000"
 944 01ed 01       		.byte	0x1
 945 01ee 7C       		.byte	0x7c
 946 01ef 81000000 		.4byte	0x81
 947 01f3 02       		.uleb128 0x2
 948 01f4 91       		.byte	0x91
 949 01f5 77       		.sleb128 -9
 950 01f6 00       		.byte	0
 951 01f7 00       		.byte	0
 952 01f8 13       		.uleb128 0x13
 953 01f9 5D020000 		.4byte	.LASF25
 954 01fd 01       		.byte	0x1
 955 01fe 84       		.byte	0x84
 956 01ff 00000000 		.4byte	.LFB6
 957 0203 54000000 		.4byte	.LFE6-.LFB6
 958 0207 01       		.uleb128 0x1
 959 0208 9C       		.byte	0x9c
 960 0209 40020000 		.4byte	0x240
 961 020d 0C       		.uleb128 0xc
 962 020e D0000000 		.4byte	.LASF26
 963 0212 01       		.byte	0x1
 964 0213 84       		.byte	0x84
 965 0214 86010000 		.4byte	0x186
 966 0218 02       		.uleb128 0x2
 967 0219 91       		.byte	0x91
 968 021a 6C       		.sleb128 -20
 969 021b 0C       		.uleb128 0xc
 970 021c C2000000 		.4byte	.LASF24
 971 0220 01       		.byte	0x1
 972 0221 84       		.byte	0x84
 973 0222 8C000000 		.4byte	0x8c
 974 0226 02       		.uleb128 0x2
 975 0227 91       		.byte	0x91
 976 0228 6A       		.sleb128 -22
 977 0229 14       		.uleb128 0x14
 978 022a 1E000000 		.4byte	.LBB3
 979 022e 24000000 		.4byte	.LBE3-.LBB3
 980 0232 15       		.uleb128 0x15
 981 0233 6900     		.ascii	"i\000"
 982 0235 01       		.byte	0x1
 983 0236 8B       		.byte	0x8b
 984 0237 8C000000 		.4byte	0x8c
 985 023b 02       		.uleb128 0x2
 986 023c 91       		.byte	0x91
 987 023d 76       		.sleb128 -10
 988 023e 00       		.byte	0
 989 023f 00       		.byte	0
 990 0240 0B       		.uleb128 0xb
ARM GAS  C:\Users\GYULAI~1\AppData\Local\Temp\cczGShsF.s 			page 22


 991 0241 A3020000 		.4byte	.LASF27
 992 0245 01       		.byte	0x1
 993 0246 93       		.byte	0x93
 994 0247 00000000 		.4byte	.LFB7
 995 024b 9C000000 		.4byte	.LFE7-.LFB7
 996 024f 01       		.uleb128 0x1
 997 0250 9C       		.byte	0x9c
 998 0251 B4020000 		.4byte	0x2b4
 999 0255 16       		.uleb128 0x16
 1000 0256 7800     		.ascii	"x\000"
 1001 0258 01       		.byte	0x1
 1002 0259 93       		.byte	0x93
 1003 025a 81000000 		.4byte	0x81
 1004 025e 02       		.uleb128 0x2
 1005 025f 91       		.byte	0x91
 1006 0260 6F       		.sleb128 -17
 1007 0261 16       		.uleb128 0x16
 1008 0262 7900     		.ascii	"y\000"
 1009 0264 01       		.byte	0x1
 1010 0265 93       		.byte	0x93
 1011 0266 81000000 		.4byte	0x81
 1012 026a 02       		.uleb128 0x2
 1013 026b 91       		.byte	0x91
 1014 026c 6E       		.sleb128 -18
 1015 026d 0C       		.uleb128 0xc
 1016 026e C8010000 		.4byte	.LASF28
 1017 0272 01       		.byte	0x1
 1018 0273 93       		.byte	0x93
 1019 0274 81000000 		.4byte	0x81
 1020 0278 02       		.uleb128 0x2
 1021 0279 91       		.byte	0x91
 1022 027a 6D       		.sleb128 -19
 1023 027b 0E       		.uleb128 0xe
 1024 027c D5000000 		.4byte	.LASF29
 1025 0280 01       		.byte	0x1
 1026 0281 9B       		.byte	0x9b
 1027 0282 81000000 		.4byte	0x81
 1028 0286 02       		.uleb128 0x2
 1029 0287 91       		.byte	0x91
 1030 0288 77       		.sleb128 -9
 1031 0289 0E       		.uleb128 0xe
 1032 028a 07010000 		.4byte	.LASF30
 1033 028e 01       		.byte	0x1
 1034 028f 9C       		.byte	0x9c
 1035 0290 81000000 		.4byte	0x81
 1036 0294 02       		.uleb128 0x2
 1037 0295 91       		.byte	0x91
 1038 0296 76       		.sleb128 -10
 1039 0297 0E       		.uleb128 0xe
 1040 0298 3C020000 		.4byte	.LASF31
 1041 029c 01       		.byte	0x1
 1042 029d 9F       		.byte	0x9f
 1043 029e 8C000000 		.4byte	0x8c
 1044 02a2 02       		.uleb128 0x2
 1045 02a3 91       		.byte	0x91
 1046 02a4 74       		.sleb128 -12
 1047 02a5 0E       		.uleb128 0xe
ARM GAS  C:\Users\GYULAI~1\AppData\Local\Temp\cczGShsF.s 			page 23


 1048 02a6 0C030000 		.4byte	.LASF32
 1049 02aa 01       		.byte	0x1
 1050 02ab A0       		.byte	0xa0
 1051 02ac 81000000 		.4byte	0x81
 1052 02b0 02       		.uleb128 0x2
 1053 02b1 91       		.byte	0x91
 1054 02b2 73       		.sleb128 -13
 1055 02b3 00       		.byte	0
 1056 02b4 0B       		.uleb128 0xb
 1057 02b5 5F010000 		.4byte	.LASF33
 1058 02b9 01       		.byte	0x1
 1059 02ba A7       		.byte	0xa7
 1060 02bb 00000000 		.4byte	.LFB8
 1061 02bf 34000000 		.4byte	.LFE8-.LFB8
 1062 02c3 01       		.uleb128 0x1
 1063 02c4 9C       		.byte	0x9c
 1064 02c5 E0020000 		.4byte	0x2e0
 1065 02c9 14       		.uleb128 0x14
 1066 02ca 06000000 		.4byte	.LBB4
 1067 02ce 1E000000 		.4byte	.LBE4-.LBB4
 1068 02d2 15       		.uleb128 0x15
 1069 02d3 6900     		.ascii	"i\000"
 1070 02d5 01       		.byte	0x1
 1071 02d6 AA       		.byte	0xaa
 1072 02d7 7A000000 		.4byte	0x7a
 1073 02db 02       		.uleb128 0x2
 1074 02dc 91       		.byte	0x91
 1075 02dd 74       		.sleb128 -12
 1076 02de 00       		.byte	0
 1077 02df 00       		.byte	0
 1078 02e0 11       		.uleb128 0x11
 1079 02e1 A6010000 		.4byte	.LASF35
 1080 02e5 01       		.byte	0x1
 1081 02e6 AF       		.byte	0xaf
 1082 02e7 00000000 		.4byte	.LFB9
 1083 02eb 64000000 		.4byte	.LFE9-.LFB9
 1084 02ef 01       		.uleb128 0x1
 1085 02f0 9C       		.byte	0x9c
 1086 02f1 0E       		.uleb128 0xe
 1087 02f2 BF020000 		.4byte	.LASF36
 1088 02f6 01       		.byte	0x1
 1089 02f7 2A       		.byte	0x2a
 1090 02f8 F6000000 		.4byte	0xf6
 1091 02fc 05       		.uleb128 0x5
 1092 02fd 03       		.byte	0x3
 1093 02fe 00000000 		.4byte	SSD1306_I2CController
 1094 0302 0F       		.uleb128 0xf
 1095 0303 81000000 		.4byte	0x81
 1096 0307 13030000 		.4byte	0x313
 1097 030b 17       		.uleb128 0x17
 1098 030c 59010000 		.4byte	0x159
 1099 0310 FF03     		.2byte	0x3ff
 1100 0312 00       		.byte	0
 1101 0313 0E       		.uleb128 0xe
 1102 0314 0F000000 		.4byte	.LASF37
 1103 0318 01       		.byte	0x1
 1104 0319 2D       		.byte	0x2d
ARM GAS  C:\Users\GYULAI~1\AppData\Local\Temp\cczGShsF.s 			page 24


 1105 031a 02030000 		.4byte	0x302
 1106 031e 05       		.uleb128 0x5
 1107 031f 03       		.byte	0x3
 1108 0320 0C000000 		.4byte	SSD1306_PixelData
 1109 0324 00       		.byte	0
 1110              		.section	.debug_abbrev,"",%progbits
 1111              	.Ldebug_abbrev0:
 1112 0000 01       		.uleb128 0x1
 1113 0001 11       		.uleb128 0x11
 1114 0002 01       		.byte	0x1
 1115 0003 25       		.uleb128 0x25
 1116 0004 0E       		.uleb128 0xe
 1117 0005 13       		.uleb128 0x13
 1118 0006 0B       		.uleb128 0xb
 1119 0007 03       		.uleb128 0x3
 1120 0008 0E       		.uleb128 0xe
 1121 0009 1B       		.uleb128 0x1b
 1122 000a 0E       		.uleb128 0xe
 1123 000b 55       		.uleb128 0x55
 1124 000c 17       		.uleb128 0x17
 1125 000d 11       		.uleb128 0x11
 1126 000e 01       		.uleb128 0x1
 1127 000f 10       		.uleb128 0x10
 1128 0010 17       		.uleb128 0x17
 1129 0011 00       		.byte	0
 1130 0012 00       		.byte	0
 1131 0013 02       		.uleb128 0x2
 1132 0014 24       		.uleb128 0x24
 1133 0015 00       		.byte	0
 1134 0016 0B       		.uleb128 0xb
 1135 0017 0B       		.uleb128 0xb
 1136 0018 3E       		.uleb128 0x3e
 1137 0019 0B       		.uleb128 0xb
 1138 001a 03       		.uleb128 0x3
 1139 001b 0E       		.uleb128 0xe
 1140 001c 00       		.byte	0
 1141 001d 00       		.byte	0
 1142 001e 03       		.uleb128 0x3
 1143 001f 16       		.uleb128 0x16
 1144 0020 00       		.byte	0
 1145 0021 03       		.uleb128 0x3
 1146 0022 0E       		.uleb128 0xe
 1147 0023 3A       		.uleb128 0x3a
 1148 0024 0B       		.uleb128 0xb
 1149 0025 3B       		.uleb128 0x3b
 1150 0026 0B       		.uleb128 0xb
 1151 0027 49       		.uleb128 0x49
 1152 0028 13       		.uleb128 0x13
 1153 0029 00       		.byte	0
 1154 002a 00       		.byte	0
 1155 002b 04       		.uleb128 0x4
 1156 002c 24       		.uleb128 0x24
 1157 002d 00       		.byte	0
 1158 002e 0B       		.uleb128 0xb
 1159 002f 0B       		.uleb128 0xb
 1160 0030 3E       		.uleb128 0x3e
 1161 0031 0B       		.uleb128 0xb
ARM GAS  C:\Users\GYULAI~1\AppData\Local\Temp\cczGShsF.s 			page 25


 1162 0032 03       		.uleb128 0x3
 1163 0033 08       		.uleb128 0x8
 1164 0034 00       		.byte	0
 1165 0035 00       		.byte	0
 1166 0036 05       		.uleb128 0x5
 1167 0037 13       		.uleb128 0x13
 1168 0038 01       		.byte	0x1
 1169 0039 03       		.uleb128 0x3
 1170 003a 0E       		.uleb128 0xe
 1171 003b 0B       		.uleb128 0xb
 1172 003c 0B       		.uleb128 0xb
 1173 003d 3A       		.uleb128 0x3a
 1174 003e 0B       		.uleb128 0xb
 1175 003f 3B       		.uleb128 0x3b
 1176 0040 0B       		.uleb128 0xb
 1177 0041 01       		.uleb128 0x1
 1178 0042 13       		.uleb128 0x13
 1179 0043 00       		.byte	0
 1180 0044 00       		.byte	0
 1181 0045 06       		.uleb128 0x6
 1182 0046 0D       		.uleb128 0xd
 1183 0047 00       		.byte	0
 1184 0048 03       		.uleb128 0x3
 1185 0049 0E       		.uleb128 0xe
 1186 004a 3A       		.uleb128 0x3a
 1187 004b 0B       		.uleb128 0xb
 1188 004c 3B       		.uleb128 0x3b
 1189 004d 0B       		.uleb128 0xb
 1190 004e 49       		.uleb128 0x49
 1191 004f 13       		.uleb128 0x13
 1192 0050 38       		.uleb128 0x38
 1193 0051 0B       		.uleb128 0xb
 1194 0052 00       		.byte	0
 1195 0053 00       		.byte	0
 1196 0054 07       		.uleb128 0x7
 1197 0055 15       		.uleb128 0x15
 1198 0056 01       		.byte	0x1
 1199 0057 27       		.uleb128 0x27
 1200 0058 19       		.uleb128 0x19
 1201 0059 01       		.uleb128 0x1
 1202 005a 13       		.uleb128 0x13
 1203 005b 00       		.byte	0
 1204 005c 00       		.byte	0
 1205 005d 08       		.uleb128 0x8
 1206 005e 05       		.uleb128 0x5
 1207 005f 00       		.byte	0
 1208 0060 49       		.uleb128 0x49
 1209 0061 13       		.uleb128 0x13
 1210 0062 00       		.byte	0
 1211 0063 00       		.byte	0
 1212 0064 09       		.uleb128 0x9
 1213 0065 0F       		.uleb128 0xf
 1214 0066 00       		.byte	0
 1215 0067 0B       		.uleb128 0xb
 1216 0068 0B       		.uleb128 0xb
 1217 0069 49       		.uleb128 0x49
 1218 006a 13       		.uleb128 0x13
ARM GAS  C:\Users\GYULAI~1\AppData\Local\Temp\cczGShsF.s 			page 26


 1219 006b 00       		.byte	0
 1220 006c 00       		.byte	0
 1221 006d 0A       		.uleb128 0xa
 1222 006e 15       		.uleb128 0x15
 1223 006f 00       		.byte	0
 1224 0070 27       		.uleb128 0x27
 1225 0071 19       		.uleb128 0x19
 1226 0072 00       		.byte	0
 1227 0073 00       		.byte	0
 1228 0074 0B       		.uleb128 0xb
 1229 0075 2E       		.uleb128 0x2e
 1230 0076 01       		.byte	0x1
 1231 0077 3F       		.uleb128 0x3f
 1232 0078 19       		.uleb128 0x19
 1233 0079 03       		.uleb128 0x3
 1234 007a 0E       		.uleb128 0xe
 1235 007b 3A       		.uleb128 0x3a
 1236 007c 0B       		.uleb128 0xb
 1237 007d 3B       		.uleb128 0x3b
 1238 007e 0B       		.uleb128 0xb
 1239 007f 27       		.uleb128 0x27
 1240 0080 19       		.uleb128 0x19
 1241 0081 11       		.uleb128 0x11
 1242 0082 01       		.uleb128 0x1
 1243 0083 12       		.uleb128 0x12
 1244 0084 06       		.uleb128 0x6
 1245 0085 40       		.uleb128 0x40
 1246 0086 18       		.uleb128 0x18
 1247 0087 9742     		.uleb128 0x2117
 1248 0089 19       		.uleb128 0x19
 1249 008a 01       		.uleb128 0x1
 1250 008b 13       		.uleb128 0x13
 1251 008c 00       		.byte	0
 1252 008d 00       		.byte	0
 1253 008e 0C       		.uleb128 0xc
 1254 008f 05       		.uleb128 0x5
 1255 0090 00       		.byte	0
 1256 0091 03       		.uleb128 0x3
 1257 0092 0E       		.uleb128 0xe
 1258 0093 3A       		.uleb128 0x3a
 1259 0094 0B       		.uleb128 0xb
 1260 0095 3B       		.uleb128 0x3b
 1261 0096 0B       		.uleb128 0xb
 1262 0097 49       		.uleb128 0x49
 1263 0098 13       		.uleb128 0x13
 1264 0099 02       		.uleb128 0x2
 1265 009a 18       		.uleb128 0x18
 1266 009b 00       		.byte	0
 1267 009c 00       		.byte	0
 1268 009d 0D       		.uleb128 0xd
 1269 009e 2E       		.uleb128 0x2e
 1270 009f 01       		.byte	0x1
 1271 00a0 3F       		.uleb128 0x3f
 1272 00a1 19       		.uleb128 0x19
 1273 00a2 03       		.uleb128 0x3
 1274 00a3 0E       		.uleb128 0xe
 1275 00a4 3A       		.uleb128 0x3a
ARM GAS  C:\Users\GYULAI~1\AppData\Local\Temp\cczGShsF.s 			page 27


 1276 00a5 0B       		.uleb128 0xb
 1277 00a6 3B       		.uleb128 0x3b
 1278 00a7 0B       		.uleb128 0xb
 1279 00a8 11       		.uleb128 0x11
 1280 00a9 01       		.uleb128 0x1
 1281 00aa 12       		.uleb128 0x12
 1282 00ab 06       		.uleb128 0x6
 1283 00ac 40       		.uleb128 0x40
 1284 00ad 18       		.uleb128 0x18
 1285 00ae 9642     		.uleb128 0x2116
 1286 00b0 19       		.uleb128 0x19
 1287 00b1 01       		.uleb128 0x1
 1288 00b2 13       		.uleb128 0x13
 1289 00b3 00       		.byte	0
 1290 00b4 00       		.byte	0
 1291 00b5 0E       		.uleb128 0xe
 1292 00b6 34       		.uleb128 0x34
 1293 00b7 00       		.byte	0
 1294 00b8 03       		.uleb128 0x3
 1295 00b9 0E       		.uleb128 0xe
 1296 00ba 3A       		.uleb128 0x3a
 1297 00bb 0B       		.uleb128 0xb
 1298 00bc 3B       		.uleb128 0x3b
 1299 00bd 0B       		.uleb128 0xb
 1300 00be 49       		.uleb128 0x49
 1301 00bf 13       		.uleb128 0x13
 1302 00c0 02       		.uleb128 0x2
 1303 00c1 18       		.uleb128 0x18
 1304 00c2 00       		.byte	0
 1305 00c3 00       		.byte	0
 1306 00c4 0F       		.uleb128 0xf
 1307 00c5 01       		.uleb128 0x1
 1308 00c6 01       		.byte	0x1
 1309 00c7 49       		.uleb128 0x49
 1310 00c8 13       		.uleb128 0x13
 1311 00c9 01       		.uleb128 0x1
 1312 00ca 13       		.uleb128 0x13
 1313 00cb 00       		.byte	0
 1314 00cc 00       		.byte	0
 1315 00cd 10       		.uleb128 0x10
 1316 00ce 21       		.uleb128 0x21
 1317 00cf 00       		.byte	0
 1318 00d0 49       		.uleb128 0x49
 1319 00d1 13       		.uleb128 0x13
 1320 00d2 2F       		.uleb128 0x2f
 1321 00d3 0B       		.uleb128 0xb
 1322 00d4 00       		.byte	0
 1323 00d5 00       		.byte	0
 1324 00d6 11       		.uleb128 0x11
 1325 00d7 2E       		.uleb128 0x2e
 1326 00d8 00       		.byte	0
 1327 00d9 3F       		.uleb128 0x3f
 1328 00da 19       		.uleb128 0x19
 1329 00db 03       		.uleb128 0x3
 1330 00dc 0E       		.uleb128 0xe
 1331 00dd 3A       		.uleb128 0x3a
 1332 00de 0B       		.uleb128 0xb
ARM GAS  C:\Users\GYULAI~1\AppData\Local\Temp\cczGShsF.s 			page 28


 1333 00df 3B       		.uleb128 0x3b
 1334 00e0 0B       		.uleb128 0xb
 1335 00e1 27       		.uleb128 0x27
 1336 00e2 19       		.uleb128 0x19
 1337 00e3 11       		.uleb128 0x11
 1338 00e4 01       		.uleb128 0x1
 1339 00e5 12       		.uleb128 0x12
 1340 00e6 06       		.uleb128 0x6
 1341 00e7 40       		.uleb128 0x40
 1342 00e8 18       		.uleb128 0x18
 1343 00e9 9642     		.uleb128 0x2116
 1344 00eb 19       		.uleb128 0x19
 1345 00ec 00       		.byte	0
 1346 00ed 00       		.byte	0
 1347 00ee 12       		.uleb128 0x12
 1348 00ef 2E       		.uleb128 0x2e
 1349 00f0 00       		.byte	0
 1350 00f1 3F       		.uleb128 0x3f
 1351 00f2 19       		.uleb128 0x19
 1352 00f3 03       		.uleb128 0x3
 1353 00f4 0E       		.uleb128 0xe
 1354 00f5 3A       		.uleb128 0x3a
 1355 00f6 0B       		.uleb128 0xb
 1356 00f7 3B       		.uleb128 0x3b
 1357 00f8 0B       		.uleb128 0xb
 1358 00f9 27       		.uleb128 0x27
 1359 00fa 19       		.uleb128 0x19
 1360 00fb 49       		.uleb128 0x49
 1361 00fc 13       		.uleb128 0x13
 1362 00fd 11       		.uleb128 0x11
 1363 00fe 01       		.uleb128 0x1
 1364 00ff 12       		.uleb128 0x12
 1365 0100 06       		.uleb128 0x6
 1366 0101 40       		.uleb128 0x40
 1367 0102 18       		.uleb128 0x18
 1368 0103 9742     		.uleb128 0x2117
 1369 0105 19       		.uleb128 0x19
 1370 0106 00       		.byte	0
 1371 0107 00       		.byte	0
 1372 0108 13       		.uleb128 0x13
 1373 0109 2E       		.uleb128 0x2e
 1374 010a 01       		.byte	0x1
 1375 010b 3F       		.uleb128 0x3f
 1376 010c 19       		.uleb128 0x19
 1377 010d 03       		.uleb128 0x3
 1378 010e 0E       		.uleb128 0xe
 1379 010f 3A       		.uleb128 0x3a
 1380 0110 0B       		.uleb128 0xb
 1381 0111 3B       		.uleb128 0x3b
 1382 0112 0B       		.uleb128 0xb
 1383 0113 27       		.uleb128 0x27
 1384 0114 19       		.uleb128 0x19
 1385 0115 11       		.uleb128 0x11
 1386 0116 01       		.uleb128 0x1
 1387 0117 12       		.uleb128 0x12
 1388 0118 06       		.uleb128 0x6
 1389 0119 40       		.uleb128 0x40
ARM GAS  C:\Users\GYULAI~1\AppData\Local\Temp\cczGShsF.s 			page 29


 1390 011a 18       		.uleb128 0x18
 1391 011b 9642     		.uleb128 0x2116
 1392 011d 19       		.uleb128 0x19
 1393 011e 01       		.uleb128 0x1
 1394 011f 13       		.uleb128 0x13
 1395 0120 00       		.byte	0
 1396 0121 00       		.byte	0
 1397 0122 14       		.uleb128 0x14
 1398 0123 0B       		.uleb128 0xb
 1399 0124 01       		.byte	0x1
 1400 0125 11       		.uleb128 0x11
 1401 0126 01       		.uleb128 0x1
 1402 0127 12       		.uleb128 0x12
 1403 0128 06       		.uleb128 0x6
 1404 0129 00       		.byte	0
 1405 012a 00       		.byte	0
 1406 012b 15       		.uleb128 0x15
 1407 012c 34       		.uleb128 0x34
 1408 012d 00       		.byte	0
 1409 012e 03       		.uleb128 0x3
 1410 012f 08       		.uleb128 0x8
 1411 0130 3A       		.uleb128 0x3a
 1412 0131 0B       		.uleb128 0xb
 1413 0132 3B       		.uleb128 0x3b
 1414 0133 0B       		.uleb128 0xb
 1415 0134 49       		.uleb128 0x49
 1416 0135 13       		.uleb128 0x13
 1417 0136 02       		.uleb128 0x2
 1418 0137 18       		.uleb128 0x18
 1419 0138 00       		.byte	0
 1420 0139 00       		.byte	0
 1421 013a 16       		.uleb128 0x16
 1422 013b 05       		.uleb128 0x5
 1423 013c 00       		.byte	0
 1424 013d 03       		.uleb128 0x3
 1425 013e 08       		.uleb128 0x8
 1426 013f 3A       		.uleb128 0x3a
 1427 0140 0B       		.uleb128 0xb
 1428 0141 3B       		.uleb128 0x3b
 1429 0142 0B       		.uleb128 0xb
 1430 0143 49       		.uleb128 0x49
 1431 0144 13       		.uleb128 0x13
 1432 0145 02       		.uleb128 0x2
 1433 0146 18       		.uleb128 0x18
 1434 0147 00       		.byte	0
 1435 0148 00       		.byte	0
 1436 0149 17       		.uleb128 0x17
 1437 014a 21       		.uleb128 0x21
 1438 014b 00       		.byte	0
 1439 014c 49       		.uleb128 0x49
 1440 014d 13       		.uleb128 0x13
 1441 014e 2F       		.uleb128 0x2f
 1442 014f 05       		.uleb128 0x5
 1443 0150 00       		.byte	0
 1444 0151 00       		.byte	0
 1445 0152 00       		.byte	0
 1446              		.section	.debug_aranges,"",%progbits
ARM GAS  C:\Users\GYULAI~1\AppData\Local\Temp\cczGShsF.s 			page 30


 1447 0000 64000000 		.4byte	0x64
 1448 0004 0200     		.2byte	0x2
 1449 0006 00000000 		.4byte	.Ldebug_info0
 1450 000a 04       		.byte	0x4
 1451 000b 00       		.byte	0
 1452 000c 0000     		.2byte	0
 1453 000e 0000     		.2byte	0
 1454 0010 00000000 		.4byte	.LFB0
 1455 0014 28000000 		.4byte	.LFE0-.LFB0
 1456 0018 00000000 		.4byte	.LFB1
 1457 001c 40000000 		.4byte	.LFE1-.LFB1
 1458 0020 00000000 		.4byte	.LFB2
 1459 0024 10000000 		.4byte	.LFE2-.LFB2
 1460 0028 00000000 		.4byte	.LFB3
 1461 002c 14000000 		.4byte	.LFE3-.LFB3
 1462 0030 00000000 		.4byte	.LFB4
 1463 0034 38000000 		.4byte	.LFE4-.LFB4
 1464 0038 00000000 		.4byte	.LFB5
 1465 003c 54000000 		.4byte	.LFE5-.LFB5
 1466 0040 00000000 		.4byte	.LFB6
 1467 0044 54000000 		.4byte	.LFE6-.LFB6
 1468 0048 00000000 		.4byte	.LFB7
 1469 004c 9C000000 		.4byte	.LFE7-.LFB7
 1470 0050 00000000 		.4byte	.LFB8
 1471 0054 34000000 		.4byte	.LFE8-.LFB8
 1472 0058 00000000 		.4byte	.LFB9
 1473 005c 64000000 		.4byte	.LFE9-.LFB9
 1474 0060 00000000 		.4byte	0
 1475 0064 00000000 		.4byte	0
 1476              		.section	.debug_ranges,"",%progbits
 1477              	.Ldebug_ranges0:
 1478 0000 00000000 		.4byte	.LFB0
 1479 0004 28000000 		.4byte	.LFE0
 1480 0008 00000000 		.4byte	.LFB1
 1481 000c 40000000 		.4byte	.LFE1
 1482 0010 00000000 		.4byte	.LFB2
 1483 0014 10000000 		.4byte	.LFE2
 1484 0018 00000000 		.4byte	.LFB3
 1485 001c 14000000 		.4byte	.LFE3
 1486 0020 00000000 		.4byte	.LFB4
 1487 0024 38000000 		.4byte	.LFE4
 1488 0028 00000000 		.4byte	.LFB5
 1489 002c 54000000 		.4byte	.LFE5
 1490 0030 00000000 		.4byte	.LFB6
 1491 0034 54000000 		.4byte	.LFE6
 1492 0038 00000000 		.4byte	.LFB7
 1493 003c 9C000000 		.4byte	.LFE7
 1494 0040 00000000 		.4byte	.LFB8
 1495 0044 34000000 		.4byte	.LFE8
 1496 0048 00000000 		.4byte	.LFB9
 1497 004c 64000000 		.4byte	.LFE9
 1498 0050 00000000 		.4byte	0
 1499 0054 00000000 		.4byte	0
 1500              		.section	.debug_line,"",%progbits
 1501              	.Ldebug_line0:
 1502 0000 33020000 		.section	.debug_str,"MS",%progbits,1
 1502      02001701 
ARM GAS  C:\Users\GYULAI~1\AppData\Local\Temp\cczGShsF.s 			page 31


 1502      00000201 
 1502      FB0E0D00 
 1502      01010101 
 1503              	.LASF14:
 1504 0000 4D617374 		.ascii	"MasterSendStop\000"
 1504      65725365 
 1504      6E645374 
 1504      6F7000
 1505              	.LASF37:
 1506 000f 53534431 		.ascii	"SSD1306_PixelData\000"
 1506      3330365F 
 1506      50697865 
 1506      6C446174 
 1506      6100
 1507              	.LASF3:
 1508 0021 5F5F7569 		.ascii	"__uint8_t\000"
 1508      6E74385F 
 1508      7400
 1509              	.LASF38:
 1510 002b 474E5520 		.ascii	"GNU C11 5.4.1 20160609 (release) [ARM/embedded-5-br"
 1510      43313120 
 1510      352E342E 
 1510      31203230 
 1510      31363036 
 1511 005e 616E6368 		.ascii	"anch revision 237715] -mcpu=cortex-m3 -mthumb -g -O"
 1511      20726576 
 1511      6973696F 
 1511      6E203233 
 1511      37373135 
 1512 0091 30202D66 		.ascii	"0 -ffunction-sections -ffat-lto-objects\000"
 1512      66756E63 
 1512      74696F6E 
 1512      2D736563 
 1512      74696F6E 
 1513              	.LASF23:
 1514 00b9 636F6D6D 		.ascii	"commands\000"
 1514      616E6473 
 1514      00
 1515              	.LASF24:
 1516 00c2 636F756E 		.ascii	"count\000"
 1516      7400
 1517              	.LASF21:
 1518 00c8 636F6D6D 		.ascii	"command\000"
 1518      616E6400 
 1519              	.LASF26:
 1520 00d0 64617461 		.ascii	"data\000"
 1520      00
 1521              	.LASF29:
 1522 00d5 70616765 		.ascii	"page\000"
 1522      00
 1523              	.LASF40:
 1524 00da 453A5C43 		.ascii	"E:\\Cypress\\Projects\\RheaWorkspace\\Rhea.cydsn\000"
 1524      79707265 
 1524      73735C50 
 1524      726F6A65 
 1524      6374735C 
 1525              	.LASF30:
ARM GAS  C:\Users\GYULAI~1\AppData\Local\Temp\cczGShsF.s 			page 32


 1526 0107 636F6C75 		.ascii	"column\000"
 1526      6D6E00
 1527              	.LASF19:
 1528 010e 53534431 		.ascii	"SSD1306_WriteCommand\000"
 1528      3330365F 
 1528      57726974 
 1528      65436F6D 
 1528      6D616E64 
 1529              	.LASF16:
 1530 0123 53534431 		.ascii	"SSD1306_I2CControllerStruct\000"
 1530      3330365F 
 1530      49324343 
 1530      6F6E7472 
 1530      6F6C6C65 
 1531              	.LASF1:
 1532 013f 756E7369 		.ascii	"unsigned char\000"
 1532      676E6564 
 1532      20636861 
 1532      7200
 1533              	.LASF7:
 1534 014d 6C6F6E67 		.ascii	"long unsigned int\000"
 1534      20756E73 
 1534      69676E65 
 1534      6420696E 
 1534      7400
 1535              	.LASF33:
 1536 015f 53534431 		.ascii	"SSD1306_ClearDisplay\000"
 1536      3330365F 
 1536      436C6561 
 1536      72446973 
 1536      706C6179 
 1537              	.LASF5:
 1538 0174 73686F72 		.ascii	"short unsigned int\000"
 1538      7420756E 
 1538      7369676E 
 1538      65642069 
 1538      6E7400
 1539              	.LASF39:
 1540 0187 72686561 		.ascii	"rhea\\drivers\\SSD1306\\SSD1306.c\000"
 1540      5C647269 
 1540      76657273 
 1540      5C535344 
 1540      31333036 
 1541              	.LASF35:
 1542 01a6 53534431 		.ascii	"SSD1306_RefreshDisplay\000"
 1542      3330365F 
 1542      52656672 
 1542      65736844 
 1542      6973706C 
 1543              	.LASF4:
 1544 01bd 5F5F7569 		.ascii	"__uint16_t\000"
 1544      6E743136 
 1544      5F7400
 1545              	.LASF28:
 1546 01c8 636F6C6F 		.ascii	"color\000"
 1546      7200
 1547              	.LASF13:
ARM GAS  C:\Users\GYULAI~1\AppData\Local\Temp\cczGShsF.s 			page 33


 1548 01ce 4D617374 		.ascii	"MasterSendStart\000"
 1548      65725365 
 1548      6E645374 
 1548      61727400 
 1549              	.LASF42:
 1550 01de 53534431 		.ascii	"SSD1306_GetDisplayBuffer\000"
 1550      3330365F 
 1550      47657444 
 1550      6973706C 
 1550      61794275 
 1551              	.LASF10:
 1552 01f7 756E7369 		.ascii	"unsigned int\000"
 1552      676E6564 
 1552      20696E74 
 1552      00
 1553              	.LASF9:
 1554 0204 6C6F6E67 		.ascii	"long long unsigned int\000"
 1554      206C6F6E 
 1554      6720756E 
 1554      7369676E 
 1554      65642069 
 1555              	.LASF11:
 1556 021b 75696E74 		.ascii	"uint8_t\000"
 1556      385F7400 
 1557              	.LASF18:
 1558 0223 53534431 		.ascii	"SSD1306_SetI2CController\000"
 1558      3330365F 
 1558      53657449 
 1558      3243436F 
 1558      6E74726F 
 1559              	.LASF31:
 1560 023c 62797465 		.ascii	"byteIndex\000"
 1560      496E6465 
 1560      7800
 1561              	.LASF17:
 1562 0246 73697A65 		.ascii	"sizetype\000"
 1562      74797065 
 1562      00
 1563              	.LASF8:
 1564 024f 6C6F6E67 		.ascii	"long long int\000"
 1564      206C6F6E 
 1564      6720696E 
 1564      7400
 1565              	.LASF25:
 1566 025d 53534431 		.ascii	"SSD1306_WriteData\000"
 1566      3330365F 
 1566      57726974 
 1566      65446174 
 1566      6100
 1567              	.LASF20:
 1568 026f 636F6E74 		.ascii	"controller\000"
 1568      726F6C6C 
 1568      657200
 1569              	.LASF2:
 1570 027a 73686F72 		.ascii	"short int\000"
 1570      7420696E 
 1570      7400
ARM GAS  C:\Users\GYULAI~1\AppData\Local\Temp\cczGShsF.s 			page 34


 1571              	.LASF22:
 1572 0284 53534431 		.ascii	"SSD1306_WriteCommands\000"
 1572      3330365F 
 1572      57726974 
 1572      65436F6D 
 1572      6D616E64 
 1573              	.LASF12:
 1574 029a 75696E74 		.ascii	"uint16_t\000"
 1574      31365F74 
 1574      00
 1575              	.LASF27:
 1576 02a3 53534431 		.ascii	"SSD1306_WritePixel\000"
 1576      3330365F 
 1576      57726974 
 1576      65506978 
 1576      656C00
 1577              	.LASF6:
 1578 02b6 6C6F6E67 		.ascii	"long int\000"
 1578      20696E74 
 1578      00
 1579              	.LASF36:
 1580 02bf 53534431 		.ascii	"SSD1306_I2CController\000"
 1580      3330365F 
 1580      49324343 
 1580      6F6E7472 
 1580      6F6C6C65 
 1581              	.LASF41:
 1582 02d5 53534431 		.ascii	"SSD1306_Init\000"
 1582      3330365F 
 1582      496E6974 
 1582      00
 1583              	.LASF0:
 1584 02e2 7369676E 		.ascii	"signed char\000"
 1584      65642063 
 1584      68617200 
 1585              	.LASF15:
 1586 02ee 4D617374 		.ascii	"MasterWriteByte\000"
 1586      65725772 
 1586      69746542 
 1586      79746500 
 1587              	.LASF34:
 1588 02fe 53534431 		.ascii	"SSD1306_Reset\000"
 1588      3330365F 
 1588      52657365 
 1588      7400
 1589              	.LASF32:
 1590 030c 62697449 		.ascii	"bitIndex\000"
 1590      6E646578 
 1590      00
 1591              		.ident	"GCC: (GNU Tools for ARM Embedded Processors) 5.4.1 20160609 (release) [ARM/embedded-5-bran
