ARM GAS  C:\Users\GYULAI~1\AppData\Local\Temp\ccKgHLXg.s 			page 1


   1              		.syntax unified
   2              		.cpu cortex-m3
   3              		.fpu softvfp
   4              		.eabi_attribute 20, 1
   5              		.eabi_attribute 21, 1
   6              		.eabi_attribute 23, 3
   7              		.eabi_attribute 24, 1
   8              		.eabi_attribute 25, 1
   9              		.eabi_attribute 26, 1
  10              		.eabi_attribute 30, 6
  11              		.eabi_attribute 34, 1
  12              		.eabi_attribute 18, 4
  13              		.thumb
  14              		.syntax unified
  15              		.file	"state.c"
  16              		.text
  17              	.Ltext0:
  18              		.cfi_sections	.debug_frame
  19              		.section	.text.rhea_state_nextState,"ax",%progbits
  20              		.align	2
  21              		.global	rhea_state_nextState
  22              		.thumb
  23              		.thumb_func
  24              		.type	rhea_state_nextState, %function
  25              	rhea_state_nextState:
  26              	.LFB0:
  27              		.file 1 "rhea\\state\\state.c"
   1:rhea\state/state.c **** /*********************************************************************************
   2:rhea\state/state.c ****  * Copyright (c) 2020 Peter Gyulai
   3:rhea\state/state.c ****  *
   4:rhea\state/state.c ****  * Permission is hereby granted, free of charge, to any person obtaining a copy
   5:rhea\state/state.c ****  * of this software and associated documentation files (the "Software"), to deal
   6:rhea\state/state.c ****  * in the Software without restriction, including without limitation the rights
   7:rhea\state/state.c ****  * to use, copy, modify, merge, publish, distribute, sublicense, and/or sell
   8:rhea\state/state.c ****  * copies of the Software, and to permit persons to whom the Software is
   9:rhea\state/state.c ****  * furnished to do so, subject to the following conditions:
  10:rhea\state/state.c ****  *
  11:rhea\state/state.c ****  * The above copyright notice and this permission notice shall be included in all
  12:rhea\state/state.c ****  * copies or substantial portions of the Software.
  13:rhea\state/state.c ****  *
  14:rhea\state/state.c ****  * THE SOFTWARE IS PROVIDED "AS IS", WITHOUT WARRANTY OF ANY KIND,
  15:rhea\state/state.c ****  * EXPRESS OR IMPLIED, INCLUDING BUT NOT LIMITED TO THE WARRANTIES OF
  16:rhea\state/state.c ****  * MERCHANTABILITY, FITNESS FOR A PARTICULAR PURPOSE AND NONINFRINGEMENT.
  17:rhea\state/state.c ****  * IN NO EVENT SHALL THE AUTHORS OR COPYRIGHT HOLDERS BE LIABLE FOR ANY CLAIM,
  18:rhea\state/state.c ****  * DAMAGES OR OTHER LIABILITY, WHETHER IN AN ACTION OF CONTRACT, TORT OR
  19:rhea\state/state.c ****  * OTHERWISE, ARISING FROM, OUT OF OR IN CONNECTION WITH THE SOFTWARE OR THE USE
  20:rhea\state/state.c ****  * OR OTHER DEALINGS IN THE SOFTWARE.
  21:rhea\state/state.c **** **********************************************************************************/
  22:rhea\state/state.c **** 
  23:rhea\state/state.c **** /**
  24:rhea\state/state.c ****  * @file    state.c
  25:rhea\state/state.c ****  * @author  Peter Gyulai
  26:rhea\state/state.c ****  * @version 1.0.0
  27:rhea\state/state.c ****  * @date    2020.04.21
  28:rhea\state/state.c ****  * @brief   State-machine implementation.
  29:rhea\state/state.c ****  * @details
  30:rhea\state/state.c ****  * This file contains the Rhea state-machine utility implementation.
ARM GAS  C:\Users\GYULAI~1\AppData\Local\Temp\ccKgHLXg.s 			page 2


  31:rhea\state/state.c ****  */
  32:rhea\state/state.c **** 
  33:rhea\state/state.c **** // Project includes
  34:rhea\state/state.c **** #include "state.h"
  35:rhea\state/state.c **** 
  36:rhea\state/state.c **** 
  37:rhea\state/state.c **** rhea_state_stateID rhea_state_nextState(rhea_state_StateMachine *stateMachine, rhea_state_inputID i
  28              		.loc 1 37 0
  29              		.cfi_startproc
  30              		@ args = 0, pretend = 0, frame = 24
  31              		@ frame_needed = 1, uses_anonymous_args = 0
  32 0000 80B5     		push	{r7, lr}
  33              		.cfi_def_cfa_offset 8
  34              		.cfi_offset 7, -8
  35              		.cfi_offset 14, -4
  36 0002 86B0     		sub	sp, sp, #24
  37              		.cfi_def_cfa_offset 32
  38 0004 00AF     		add	r7, sp, #0
  39              		.cfi_def_cfa_register 7
  40 0006 7860     		str	r0, [r7, #4]
  41 0008 0B46     		mov	r3, r1
  42 000a FB70     		strb	r3, [r7, #3]
  38:rhea\state/state.c ****     
  39:rhea\state/state.c ****     // Checking input validity
  40:rhea\state/state.c ****     if(input >= stateMachine->inputCount || stateMachine->currentState > stateMachine->stateCount |
  43              		.loc 1 40 0
  44 000c 7B68     		ldr	r3, [r7, #4]
  45 000e 9B79     		ldrb	r3, [r3, #6]	@ zero_extendqisi2
  46 0010 FA78     		ldrb	r2, [r7, #3]	@ zero_extendqisi2
  47 0012 9A42     		cmp	r2, r3
  48 0014 09D2     		bcs	.L2
  49              		.loc 1 40 0 is_stmt 0 discriminator 1
  50 0016 7B68     		ldr	r3, [r7, #4]
  51 0018 1A79     		ldrb	r2, [r3, #4]	@ zero_extendqisi2
  52 001a 7B68     		ldr	r3, [r7, #4]
  53 001c 5B79     		ldrb	r3, [r3, #5]	@ zero_extendqisi2
  54 001e 9A42     		cmp	r2, r3
  55 0020 03D8     		bhi	.L2
  41:rhea\state/state.c ****        !stateMachine->transitions) return stateMachine->currentState;
  56              		.loc 1 41 0 is_stmt 1 discriminator 2
  57 0022 7B68     		ldr	r3, [r7, #4]
  58 0024 1B68     		ldr	r3, [r3]
  40:rhea\state/state.c ****        !stateMachine->transitions) return stateMachine->currentState;
  59              		.loc 1 40 0 discriminator 2
  60 0026 002B     		cmp	r3, #0
  61 0028 02D1     		bne	.L3
  62              	.L2:
  63              		.loc 1 41 0
  64 002a 7B68     		ldr	r3, [r7, #4]
  65 002c 1B79     		ldrb	r3, [r3, #4]	@ zero_extendqisi2
  66 002e 21E0     		b	.L6
  67              	.L3:
  42:rhea\state/state.c ****     
  43:rhea\state/state.c ****     // Querying current state
  44:rhea\state/state.c ****     rhea_state_stateID currentState = stateMachine->currentState;
  68              		.loc 1 44 0
  69 0030 7B68     		ldr	r3, [r7, #4]
ARM GAS  C:\Users\GYULAI~1\AppData\Local\Temp\ccKgHLXg.s 			page 3


  70 0032 1B79     		ldrb	r3, [r3, #4]
  71 0034 FB75     		strb	r3, [r7, #23]
  45:rhea\state/state.c ****     
  46:rhea\state/state.c ****     // Querying transition
  47:rhea\state/state.c ****     uint8_t index = (currentState * stateMachine->inputCount) + input;
  72              		.loc 1 47 0
  73 0036 7B68     		ldr	r3, [r7, #4]
  74 0038 9B79     		ldrb	r3, [r3, #6]	@ zero_extendqisi2
  75 003a FA7D     		ldrb	r2, [r7, #23]
  76 003c 02FB03F3 		mul	r3, r2, r3
  77 0040 DAB2     		uxtb	r2, r3
  78 0042 FB78     		ldrb	r3, [r7, #3]
  79 0044 1344     		add	r3, r3, r2
  80 0046 BB75     		strb	r3, [r7, #22]
  48:rhea\state/state.c ****     rhea_state_Transition nextTransition = stateMachine->transitions[index];
  81              		.loc 1 48 0
  82 0048 7B68     		ldr	r3, [r7, #4]
  83 004a 1A68     		ldr	r2, [r3]
  84 004c BB7D     		ldrb	r3, [r7, #22]	@ zero_extendqisi2
  85 004e DB00     		lsls	r3, r3, #3
  86 0050 1A44     		add	r2, r2, r3
  87 0052 07F10C03 		add	r3, r7, #12
  88 0056 92E80300 		ldmia	r2, {r0, r1}
  89 005a 83E80300 		stmia	r3, {r0, r1}
  49:rhea\state/state.c ****     
  50:rhea\state/state.c ****     // Querying next state
  51:rhea\state/state.c ****     rhea_state_stateID nextState = nextTransition.nextState;
  90              		.loc 1 51 0
  91 005e 3B7B     		ldrb	r3, [r7, #12]
  92 0060 7B75     		strb	r3, [r7, #21]
  52:rhea\state/state.c ****     
  53:rhea\state/state.c ****     // Performing transition actions
  54:rhea\state/state.c ****     if(nextTransition.action) nextTransition.action();
  93              		.loc 1 54 0
  94 0062 3B69     		ldr	r3, [r7, #16]
  95 0064 002B     		cmp	r3, #0
  96 0066 01D0     		beq	.L5
  97              		.loc 1 54 0 is_stmt 0 discriminator 1
  98 0068 3B69     		ldr	r3, [r7, #16]
  99 006a 9847     		blx	r3
 100              	.L5:
  55:rhea\state/state.c ****     
  56:rhea\state/state.c ****     // Moving to next state
  57:rhea\state/state.c ****     stateMachine->currentState = nextState;
 101              		.loc 1 57 0 is_stmt 1
 102 006c 7B68     		ldr	r3, [r7, #4]
 103 006e 7A7D     		ldrb	r2, [r7, #21]
 104 0070 1A71     		strb	r2, [r3, #4]
  58:rhea\state/state.c ****     
  59:rhea\state/state.c ****     return nextState;
 105              		.loc 1 59 0
 106 0072 7B7D     		ldrb	r3, [r7, #21]	@ zero_extendqisi2
 107              	.L6:
  60:rhea\state/state.c **** }...
 108              		.loc 1 60 0 discriminator 1
 109 0074 1846     		mov	r0, r3
 110 0076 1837     		adds	r7, r7, #24
ARM GAS  C:\Users\GYULAI~1\AppData\Local\Temp\ccKgHLXg.s 			page 4


 111              		.cfi_def_cfa_offset 8
 112 0078 BD46     		mov	sp, r7
 113              		.cfi_def_cfa_register 13
 114              		@ sp needed
 115 007a 80BD     		pop	{r7, pc}
 116              		.cfi_endproc
 117              	.LFE0:
 118              		.size	rhea_state_nextState, .-rhea_state_nextState
 119              		.text
 120              	.Letext0:
 121              		.file 2 "e:\\cypress\\psoc creator\\4.2\\psoc creator\\import\\gnu\\arm\\5.4.1\\arm-none-eabi\\inc
 122              		.file 3 "e:\\cypress\\psoc creator\\4.2\\psoc creator\\import\\gnu\\arm\\5.4.1\\arm-none-eabi\\inc
 123              		.file 4 "rhea\\state\\state.h"
 124              		.section	.debug_info,"",%progbits
 125              	.Ldebug_info0:
 126 0000 98010000 		.4byte	0x198
 127 0004 0400     		.2byte	0x4
 128 0006 00000000 		.4byte	.Ldebug_abbrev0
 129 000a 04       		.byte	0x4
 130 000b 01       		.uleb128 0x1
 131 000c 0A000000 		.4byte	.LASF26
 132 0010 0C       		.byte	0xc
 133 0011 A5000000 		.4byte	.LASF27
 134 0015 04010000 		.4byte	.LASF28
 135 0019 00000000 		.4byte	.Ldebug_ranges0+0
 136 001d 00000000 		.4byte	0
 137 0021 00000000 		.4byte	.Ldebug_line0
 138 0025 02       		.uleb128 0x2
 139 0026 01       		.byte	0x1
 140 0027 06       		.byte	0x6
 141 0028 3B020000 		.4byte	.LASF0
 142 002c 03       		.uleb128 0x3
 143 002d 00000000 		.4byte	.LASF9
 144 0031 02       		.byte	0x2
 145 0032 1D       		.byte	0x1d
 146 0033 37000000 		.4byte	0x37
 147 0037 02       		.uleb128 0x2
 148 0038 01       		.byte	0x1
 149 0039 08       		.byte	0x8
 150 003a 5C010000 		.4byte	.LASF1
 151 003e 02       		.uleb128 0x2
 152 003f 02       		.byte	0x2
 153 0040 05       		.byte	0x5
 154 0041 28020000 		.4byte	.LASF2
 155 0045 02       		.uleb128 0x2
 156 0046 02       		.byte	0x2
 157 0047 07       		.byte	0x7
 158 0048 82010000 		.4byte	.LASF3
 159 004c 02       		.uleb128 0x2
 160 004d 04       		.byte	0x4
 161 004e 05       		.byte	0x5
 162 004f 32020000 		.4byte	.LASF4
 163 0053 02       		.uleb128 0x2
 164 0054 04       		.byte	0x4
 165 0055 07       		.byte	0x7
 166 0056 70010000 		.4byte	.LASF5
 167 005a 02       		.uleb128 0x2
ARM GAS  C:\Users\GYULAI~1\AppData\Local\Temp\ccKgHLXg.s 			page 5


 168 005b 08       		.byte	0x8
 169 005c 05       		.byte	0x5
 170 005d FE010000 		.4byte	.LASF6
 171 0061 02       		.uleb128 0x2
 172 0062 08       		.byte	0x8
 173 0063 07       		.byte	0x7
 174 0064 C7010000 		.4byte	.LASF7
 175 0068 04       		.uleb128 0x4
 176 0069 04       		.byte	0x4
 177 006a 05       		.byte	0x5
 178 006b 696E7400 		.ascii	"int\000"
 179 006f 02       		.uleb128 0x2
 180 0070 04       		.byte	0x4
 181 0071 07       		.byte	0x7
 182 0072 AF010000 		.4byte	.LASF8
 183 0076 03       		.uleb128 0x3
 184 0077 DE010000 		.4byte	.LASF10
 185 007b 03       		.byte	0x3
 186 007c 18       		.byte	0x18
 187 007d 2C000000 		.4byte	0x2c
 188 0081 03       		.uleb128 0x3
 189 0082 F2000000 		.4byte	.LASF11
 190 0086 04       		.byte	0x4
 191 0087 2A       		.byte	0x2a
 192 0088 8C000000 		.4byte	0x8c
 193 008c 05       		.uleb128 0x5
 194 008d 04       		.byte	0x4
 195 008e 92000000 		.4byte	0x92
 196 0092 06       		.uleb128 0x6
 197 0093 03       		.uleb128 0x3
 198 0094 B8000000 		.4byte	.LASF12
 199 0098 04       		.byte	0x4
 200 0099 2D       		.byte	0x2d
 201 009a 76000000 		.4byte	0x76
 202 009e 03       		.uleb128 0x3
 203 009f 9C010000 		.4byte	.LASF13
 204 00a3 04       		.byte	0x4
 205 00a4 30       		.byte	0x30
 206 00a5 76000000 		.4byte	0x76
 207 00a9 07       		.uleb128 0x7
 208 00aa 31010000 		.4byte	.LASF16
 209 00ae 08       		.byte	0x8
 210 00af 04       		.byte	0x4
 211 00b0 33       		.byte	0x33
 212 00b1 CE000000 		.4byte	0xce
 213 00b5 08       		.uleb128 0x8
 214 00b6 1E020000 		.4byte	.LASF14
 215 00ba 04       		.byte	0x4
 216 00bb 34       		.byte	0x34
 217 00bc 93000000 		.4byte	0x93
 218 00c0 00       		.byte	0
 219 00c1 08       		.uleb128 0x8
 220 00c2 95010000 		.4byte	.LASF15
 221 00c6 04       		.byte	0x4
 222 00c7 35       		.byte	0x35
 223 00c8 81000000 		.4byte	0x81
 224 00cc 04       		.byte	0x4
ARM GAS  C:\Users\GYULAI~1\AppData\Local\Temp\ccKgHLXg.s 			page 6


 225 00cd 00       		.byte	0
 226 00ce 03       		.uleb128 0x3
 227 00cf 31010000 		.4byte	.LASF16
 228 00d3 04       		.byte	0x4
 229 00d4 36       		.byte	0x36
 230 00d5 A9000000 		.4byte	0xa9
 231 00d9 07       		.uleb128 0x7
 232 00da CB000000 		.4byte	.LASF17
 233 00de 08       		.byte	0x8
 234 00df 04       		.byte	0x4
 235 00e0 39       		.byte	0x39
 236 00e1 16010000 		.4byte	0x116
 237 00e5 08       		.uleb128 0x8
 238 00e6 12020000 		.4byte	.LASF18
 239 00ea 04       		.byte	0x4
 240 00eb 3A       		.byte	0x3a
 241 00ec 16010000 		.4byte	0x116
 242 00f0 00       		.byte	0
 243 00f1 08       		.uleb128 0x8
 244 00f2 98000000 		.4byte	.LASF19
 245 00f6 04       		.byte	0x4
 246 00f7 3B       		.byte	0x3b
 247 00f8 93000000 		.4byte	0x93
 248 00fc 04       		.byte	0x4
 249 00fd 08       		.uleb128 0x8
 250 00fe BC010000 		.4byte	.LASF20
 251 0102 04       		.byte	0x4
 252 0103 3C       		.byte	0x3c
 253 0104 93000000 		.4byte	0x93
 254 0108 05       		.byte	0x5
 255 0109 08       		.uleb128 0x8
 256 010a F3010000 		.4byte	.LASF21
 257 010e 04       		.byte	0x4
 258 010f 3D       		.byte	0x3d
 259 0110 9E000000 		.4byte	0x9e
 260 0114 06       		.byte	0x6
 261 0115 00       		.byte	0
 262 0116 05       		.uleb128 0x5
 263 0117 04       		.byte	0x4
 264 0118 CE000000 		.4byte	0xce
 265 011c 03       		.uleb128 0x3
 266 011d CB000000 		.4byte	.LASF17
 267 0121 04       		.byte	0x4
 268 0122 3E       		.byte	0x3e
 269 0123 D9000000 		.4byte	0xd9
 270 0127 09       		.uleb128 0x9
 271 0128 47010000 		.4byte	.LASF29
 272 012c 01       		.byte	0x1
 273 012d 25       		.byte	0x25
 274 012e 93000000 		.4byte	0x93
 275 0132 00000000 		.4byte	.LFB0
 276 0136 7C000000 		.4byte	.LFE0-.LFB0
 277 013a 01       		.uleb128 0x1
 278 013b 9C       		.byte	0x9c
 279 013c 95010000 		.4byte	0x195
 280 0140 0A       		.uleb128 0xa
 281 0141 E6010000 		.4byte	.LASF22
ARM GAS  C:\Users\GYULAI~1\AppData\Local\Temp\ccKgHLXg.s 			page 7


 282 0145 01       		.byte	0x1
 283 0146 25       		.byte	0x25
 284 0147 95010000 		.4byte	0x195
 285 014b 02       		.uleb128 0x2
 286 014c 91       		.byte	0x91
 287 014d 64       		.sleb128 -28
 288 014e 0A       		.uleb128 0xa
 289 014f 6A010000 		.4byte	.LASF23
 290 0153 01       		.byte	0x1
 291 0154 25       		.byte	0x25
 292 0155 9E000000 		.4byte	0x9e
 293 0159 02       		.uleb128 0x2
 294 015a 91       		.byte	0x91
 295 015b 63       		.sleb128 -29
 296 015c 0B       		.uleb128 0xb
 297 015d 98000000 		.4byte	.LASF19
 298 0161 01       		.byte	0x1
 299 0162 2C       		.byte	0x2c
 300 0163 93000000 		.4byte	0x93
 301 0167 02       		.uleb128 0x2
 302 0168 91       		.byte	0x91
 303 0169 77       		.sleb128 -9
 304 016a 0B       		.uleb128 0xb
 305 016b 0C020000 		.4byte	.LASF24
 306 016f 01       		.byte	0x1
 307 0170 2F       		.byte	0x2f
 308 0171 76000000 		.4byte	0x76
 309 0175 02       		.uleb128 0x2
 310 0176 91       		.byte	0x91
 311 0177 76       		.sleb128 -10
 312 0178 0B       		.uleb128 0xb
 313 0179 E3000000 		.4byte	.LASF25
 314 017d 01       		.byte	0x1
 315 017e 30       		.byte	0x30
 316 017f CE000000 		.4byte	0xce
 317 0183 02       		.uleb128 0x2
 318 0184 91       		.byte	0x91
 319 0185 6C       		.sleb128 -20
 320 0186 0B       		.uleb128 0xb
 321 0187 1E020000 		.4byte	.LASF14
 322 018b 01       		.byte	0x1
 323 018c 33       		.byte	0x33
 324 018d 93000000 		.4byte	0x93
 325 0191 02       		.uleb128 0x2
 326 0192 91       		.byte	0x91
 327 0193 75       		.sleb128 -11
 328 0194 00       		.byte	0
 329 0195 05       		.uleb128 0x5
 330 0196 04       		.byte	0x4
 331 0197 1C010000 		.4byte	0x11c
 332 019b 00       		.byte	0
 333              		.section	.debug_abbrev,"",%progbits
 334              	.Ldebug_abbrev0:
 335 0000 01       		.uleb128 0x1
 336 0001 11       		.uleb128 0x11
 337 0002 01       		.byte	0x1
 338 0003 25       		.uleb128 0x25
ARM GAS  C:\Users\GYULAI~1\AppData\Local\Temp\ccKgHLXg.s 			page 8


 339 0004 0E       		.uleb128 0xe
 340 0005 13       		.uleb128 0x13
 341 0006 0B       		.uleb128 0xb
 342 0007 03       		.uleb128 0x3
 343 0008 0E       		.uleb128 0xe
 344 0009 1B       		.uleb128 0x1b
 345 000a 0E       		.uleb128 0xe
 346 000b 55       		.uleb128 0x55
 347 000c 17       		.uleb128 0x17
 348 000d 11       		.uleb128 0x11
 349 000e 01       		.uleb128 0x1
 350 000f 10       		.uleb128 0x10
 351 0010 17       		.uleb128 0x17
 352 0011 00       		.byte	0
 353 0012 00       		.byte	0
 354 0013 02       		.uleb128 0x2
 355 0014 24       		.uleb128 0x24
 356 0015 00       		.byte	0
 357 0016 0B       		.uleb128 0xb
 358 0017 0B       		.uleb128 0xb
 359 0018 3E       		.uleb128 0x3e
 360 0019 0B       		.uleb128 0xb
 361 001a 03       		.uleb128 0x3
 362 001b 0E       		.uleb128 0xe
 363 001c 00       		.byte	0
 364 001d 00       		.byte	0
 365 001e 03       		.uleb128 0x3
 366 001f 16       		.uleb128 0x16
 367 0020 00       		.byte	0
 368 0021 03       		.uleb128 0x3
 369 0022 0E       		.uleb128 0xe
 370 0023 3A       		.uleb128 0x3a
 371 0024 0B       		.uleb128 0xb
 372 0025 3B       		.uleb128 0x3b
 373 0026 0B       		.uleb128 0xb
 374 0027 49       		.uleb128 0x49
 375 0028 13       		.uleb128 0x13
 376 0029 00       		.byte	0
 377 002a 00       		.byte	0
 378 002b 04       		.uleb128 0x4
 379 002c 24       		.uleb128 0x24
 380 002d 00       		.byte	0
 381 002e 0B       		.uleb128 0xb
 382 002f 0B       		.uleb128 0xb
 383 0030 3E       		.uleb128 0x3e
 384 0031 0B       		.uleb128 0xb
 385 0032 03       		.uleb128 0x3
 386 0033 08       		.uleb128 0x8
 387 0034 00       		.byte	0
 388 0035 00       		.byte	0
 389 0036 05       		.uleb128 0x5
 390 0037 0F       		.uleb128 0xf
 391 0038 00       		.byte	0
 392 0039 0B       		.uleb128 0xb
 393 003a 0B       		.uleb128 0xb
 394 003b 49       		.uleb128 0x49
 395 003c 13       		.uleb128 0x13
ARM GAS  C:\Users\GYULAI~1\AppData\Local\Temp\ccKgHLXg.s 			page 9


 396 003d 00       		.byte	0
 397 003e 00       		.byte	0
 398 003f 06       		.uleb128 0x6
 399 0040 15       		.uleb128 0x15
 400 0041 00       		.byte	0
 401 0042 27       		.uleb128 0x27
 402 0043 19       		.uleb128 0x19
 403 0044 00       		.byte	0
 404 0045 00       		.byte	0
 405 0046 07       		.uleb128 0x7
 406 0047 13       		.uleb128 0x13
 407 0048 01       		.byte	0x1
 408 0049 03       		.uleb128 0x3
 409 004a 0E       		.uleb128 0xe
 410 004b 0B       		.uleb128 0xb
 411 004c 0B       		.uleb128 0xb
 412 004d 3A       		.uleb128 0x3a
 413 004e 0B       		.uleb128 0xb
 414 004f 3B       		.uleb128 0x3b
 415 0050 0B       		.uleb128 0xb
 416 0051 01       		.uleb128 0x1
 417 0052 13       		.uleb128 0x13
 418 0053 00       		.byte	0
 419 0054 00       		.byte	0
 420 0055 08       		.uleb128 0x8
 421 0056 0D       		.uleb128 0xd
 422 0057 00       		.byte	0
 423 0058 03       		.uleb128 0x3
 424 0059 0E       		.uleb128 0xe
 425 005a 3A       		.uleb128 0x3a
 426 005b 0B       		.uleb128 0xb
 427 005c 3B       		.uleb128 0x3b
 428 005d 0B       		.uleb128 0xb
 429 005e 49       		.uleb128 0x49
 430 005f 13       		.uleb128 0x13
 431 0060 38       		.uleb128 0x38
 432 0061 0B       		.uleb128 0xb
 433 0062 00       		.byte	0
 434 0063 00       		.byte	0
 435 0064 09       		.uleb128 0x9
 436 0065 2E       		.uleb128 0x2e
 437 0066 01       		.byte	0x1
 438 0067 3F       		.uleb128 0x3f
 439 0068 19       		.uleb128 0x19
 440 0069 03       		.uleb128 0x3
 441 006a 0E       		.uleb128 0xe
 442 006b 3A       		.uleb128 0x3a
 443 006c 0B       		.uleb128 0xb
 444 006d 3B       		.uleb128 0x3b
 445 006e 0B       		.uleb128 0xb
 446 006f 27       		.uleb128 0x27
 447 0070 19       		.uleb128 0x19
 448 0071 49       		.uleb128 0x49
 449 0072 13       		.uleb128 0x13
 450 0073 11       		.uleb128 0x11
 451 0074 01       		.uleb128 0x1
 452 0075 12       		.uleb128 0x12
ARM GAS  C:\Users\GYULAI~1\AppData\Local\Temp\ccKgHLXg.s 			page 10


 453 0076 06       		.uleb128 0x6
 454 0077 40       		.uleb128 0x40
 455 0078 18       		.uleb128 0x18
 456 0079 9642     		.uleb128 0x2116
 457 007b 19       		.uleb128 0x19
 458 007c 01       		.uleb128 0x1
 459 007d 13       		.uleb128 0x13
 460 007e 00       		.byte	0
 461 007f 00       		.byte	0
 462 0080 0A       		.uleb128 0xa
 463 0081 05       		.uleb128 0x5
 464 0082 00       		.byte	0
 465 0083 03       		.uleb128 0x3
 466 0084 0E       		.uleb128 0xe
 467 0085 3A       		.uleb128 0x3a
 468 0086 0B       		.uleb128 0xb
 469 0087 3B       		.uleb128 0x3b
 470 0088 0B       		.uleb128 0xb
 471 0089 49       		.uleb128 0x49
 472 008a 13       		.uleb128 0x13
 473 008b 02       		.uleb128 0x2
 474 008c 18       		.uleb128 0x18
 475 008d 00       		.byte	0
 476 008e 00       		.byte	0
 477 008f 0B       		.uleb128 0xb
 478 0090 34       		.uleb128 0x34
 479 0091 00       		.byte	0
 480 0092 03       		.uleb128 0x3
 481 0093 0E       		.uleb128 0xe
 482 0094 3A       		.uleb128 0x3a
 483 0095 0B       		.uleb128 0xb
 484 0096 3B       		.uleb128 0x3b
 485 0097 0B       		.uleb128 0xb
 486 0098 49       		.uleb128 0x49
 487 0099 13       		.uleb128 0x13
 488 009a 02       		.uleb128 0x2
 489 009b 18       		.uleb128 0x18
 490 009c 00       		.byte	0
 491 009d 00       		.byte	0
 492 009e 00       		.byte	0
 493              		.section	.debug_aranges,"",%progbits
 494 0000 1C000000 		.4byte	0x1c
 495 0004 0200     		.2byte	0x2
 496 0006 00000000 		.4byte	.Ldebug_info0
 497 000a 04       		.byte	0x4
 498 000b 00       		.byte	0
 499 000c 0000     		.2byte	0
 500 000e 0000     		.2byte	0
 501 0010 00000000 		.4byte	.LFB0
 502 0014 7C000000 		.4byte	.LFE0-.LFB0
 503 0018 00000000 		.4byte	0
 504 001c 00000000 		.4byte	0
 505              		.section	.debug_ranges,"",%progbits
 506              	.Ldebug_ranges0:
 507 0000 00000000 		.4byte	.LFB0
 508 0004 7C000000 		.4byte	.LFE0
 509 0008 00000000 		.4byte	0
ARM GAS  C:\Users\GYULAI~1\AppData\Local\Temp\ccKgHLXg.s 			page 11


 510 000c 00000000 		.4byte	0
 511              		.section	.debug_line,"",%progbits
 512              	.Ldebug_line0:
 513 0000 44010000 		.section	.debug_str,"MS",%progbits,1
 513      02000901 
 513      00000201 
 513      FB0E0D00 
 513      01010101 
 514              	.LASF9:
 515 0000 5F5F7569 		.ascii	"__uint8_t\000"
 515      6E74385F 
 515      7400
 516              	.LASF26:
 517 000a 474E5520 		.ascii	"GNU C11 5.4.1 20160609 (release) [ARM/embedded-5-br"
 517      43313120 
 517      352E342E 
 517      31203230 
 517      31363036 
 518 003d 616E6368 		.ascii	"anch revision 237715] -mcpu=cortex-m3 -mthumb -g -O"
 518      20726576 
 518      6973696F 
 518      6E203233 
 518      37373135 
 519 0070 30202D66 		.ascii	"0 -ffunction-sections -ffat-lto-objects\000"
 519      66756E63 
 519      74696F6E 
 519      2D736563 
 519      74696F6E 
 520              	.LASF19:
 521 0098 63757272 		.ascii	"currentState\000"
 521      656E7453 
 521      74617465 
 521      00
 522              	.LASF27:
 523 00a5 72686561 		.ascii	"rhea\\state\\state.c\000"
 523      5C737461 
 523      74655C73 
 523      74617465 
 523      2E6300
 524              	.LASF12:
 525 00b8 72686561 		.ascii	"rhea_state_stateID\000"
 525      5F737461 
 525      74655F73 
 525      74617465 
 525      494400
 526              	.LASF17:
 527 00cb 72686561 		.ascii	"rhea_state_StateMachine\000"
 527      5F737461 
 527      74655F53 
 527      74617465 
 527      4D616368 
 528              	.LASF25:
 529 00e3 6E657874 		.ascii	"nextTransition\000"
 529      5472616E 
 529      73697469 
 529      6F6E00
 530              	.LASF11:
ARM GAS  C:\Users\GYULAI~1\AppData\Local\Temp\ccKgHLXg.s 			page 12


 531 00f2 72686561 		.ascii	"rhea_state_action\000"
 531      5F737461 
 531      74655F61 
 531      6374696F 
 531      6E00
 532              	.LASF28:
 533 0104 453A5C43 		.ascii	"E:\\Cypress\\Projects\\RheaWorkspace\\Rhea.cydsn\000"
 533      79707265 
 533      73735C50 
 533      726F6A65 
 533      6374735C 
 534              	.LASF16:
 535 0131 72686561 		.ascii	"rhea_state_Transition\000"
 535      5F737461 
 535      74655F54 
 535      72616E73 
 535      6974696F 
 536              	.LASF29:
 537 0147 72686561 		.ascii	"rhea_state_nextState\000"
 537      5F737461 
 537      74655F6E 
 537      65787453 
 537      74617465 
 538              	.LASF1:
 539 015c 756E7369 		.ascii	"unsigned char\000"
 539      676E6564 
 539      20636861 
 539      7200
 540              	.LASF23:
 541 016a 696E7075 		.ascii	"input\000"
 541      7400
 542              	.LASF5:
 543 0170 6C6F6E67 		.ascii	"long unsigned int\000"
 543      20756E73 
 543      69676E65 
 543      6420696E 
 543      7400
 544              	.LASF3:
 545 0182 73686F72 		.ascii	"short unsigned int\000"
 545      7420756E 
 545      7369676E 
 545      65642069 
 545      6E7400
 546              	.LASF15:
 547 0195 61637469 		.ascii	"action\000"
 547      6F6E00
 548              	.LASF13:
 549 019c 72686561 		.ascii	"rhea_state_inputID\000"
 549      5F737461 
 549      74655F69 
 549      6E707574 
 549      494400
 550              	.LASF8:
 551 01af 756E7369 		.ascii	"unsigned int\000"
 551      676E6564 
 551      20696E74 
 551      00
ARM GAS  C:\Users\GYULAI~1\AppData\Local\Temp\ccKgHLXg.s 			page 13


 552              	.LASF20:
 553 01bc 73746174 		.ascii	"stateCount\000"
 553      65436F75 
 553      6E7400
 554              	.LASF7:
 555 01c7 6C6F6E67 		.ascii	"long long unsigned int\000"
 555      206C6F6E 
 555      6720756E 
 555      7369676E 
 555      65642069 
 556              	.LASF10:
 557 01de 75696E74 		.ascii	"uint8_t\000"
 557      385F7400 
 558              	.LASF22:
 559 01e6 73746174 		.ascii	"stateMachine\000"
 559      654D6163 
 559      68696E65 
 559      00
 560              	.LASF21:
 561 01f3 696E7075 		.ascii	"inputCount\000"
 561      74436F75 
 561      6E7400
 562              	.LASF6:
 563 01fe 6C6F6E67 		.ascii	"long long int\000"
 563      206C6F6E 
 563      6720696E 
 563      7400
 564              	.LASF24:
 565 020c 696E6465 		.ascii	"index\000"
 565      7800
 566              	.LASF18:
 567 0212 7472616E 		.ascii	"transitions\000"
 567      73697469 
 567      6F6E7300 
 568              	.LASF14:
 569 021e 6E657874 		.ascii	"nextState\000"
 569      53746174 
 569      6500
 570              	.LASF2:
 571 0228 73686F72 		.ascii	"short int\000"
 571      7420696E 
 571      7400
 572              	.LASF4:
 573 0232 6C6F6E67 		.ascii	"long int\000"
 573      20696E74 
 573      00
 574              	.LASF0:
 575 023b 7369676E 		.ascii	"signed char\000"
 575      65642063 
 575      68617200 
 576              		.ident	"GCC: (GNU Tools for ARM Embedded Processors) 5.4.1 20160609 (release) [ARM/embedded-5-bran
