ARM GAS  C:\Users\GYULAI~1\AppData\Local\Temp\ccw6JW2o.s 			page 1


   1              		.syntax unified
   2              		.cpu cortex-m3
   3              		.fpu softvfp
   4              		.eabi_attribute 20, 1
   5              		.eabi_attribute 21, 1
   6              		.eabi_attribute 23, 3
   7              		.eabi_attribute 24, 1
   8              		.eabi_attribute 25, 1
   9              		.eabi_attribute 26, 1
  10              		.eabi_attribute 30, 1
  11              		.eabi_attribute 34, 1
  12              		.eabi_attribute 18, 4
  13              		.thumb
  14              		.syntax unified
  15              		.file	"uart_rhea.c"
  16              		.text
  17              	.Ltext0:
  18              		.cfi_sections	.debug_frame
  19              		.section	.text.rhea_uart_Initialize,"ax",%progbits
  20              		.align	2
  21              		.global	rhea_uart_Initialize
  22              		.thumb
  23              		.thumb_func
  24              		.type	rhea_uart_Initialize, %function
  25              	rhea_uart_Initialize:
  26              	.LFB0:
  27              		.file 1 "rhea\\uart\\uart_rhea.c"
   1:rhea\uart/uart_rhea.c **** /*********************************************************************************
   2:rhea\uart/uart_rhea.c ****  * Copyright (c) 2020 Peter Gyulai
   3:rhea\uart/uart_rhea.c ****  *
   4:rhea\uart/uart_rhea.c ****  * Permission is hereby granted, free of charge, to any person obtaining a copy
   5:rhea\uart/uart_rhea.c ****  * of this software and associated documentation files (the "Software"), to deal
   6:rhea\uart/uart_rhea.c ****  * in the Software without restriction, including without limitation the rights
   7:rhea\uart/uart_rhea.c ****  * to use, copy, modify, merge, publish, distribute, sublicense, and/or sell
   8:rhea\uart/uart_rhea.c ****  * copies of the Software, and to permit persons to whom the Software is
   9:rhea\uart/uart_rhea.c ****  * furnished to do so, subject to the following conditions:
  10:rhea\uart/uart_rhea.c ****  *
  11:rhea\uart/uart_rhea.c ****  * The above copyright notice and this permission notice shall be included in all
  12:rhea\uart/uart_rhea.c ****  * copies or substantial portions of the Software.
  13:rhea\uart/uart_rhea.c ****  *
  14:rhea\uart/uart_rhea.c ****  * THE SOFTWARE IS PROVIDED "AS IS", WITHOUT WARRANTY OF ANY KIND,
  15:rhea\uart/uart_rhea.c ****  * EXPRESS OR IMPLIED, INCLUDING BUT NOT LIMITED TO THE WARRANTIES OF
  16:rhea\uart/uart_rhea.c ****  * MERCHANTABILITY, FITNESS FOR A PARTICULAR PURPOSE AND NONINFRINGEMENT.
  17:rhea\uart/uart_rhea.c ****  * IN NO EVENT SHALL THE AUTHORS OR COPYRIGHT HOLDERS BE LIABLE FOR ANY CLAIM,
  18:rhea\uart/uart_rhea.c ****  * DAMAGES OR OTHER LIABILITY, WHETHER IN AN ACTION OF CONTRACT, TORT OR
  19:rhea\uart/uart_rhea.c ****  * OTHERWISE, ARISING FROM, OUT OF OR IN CONNECTION WITH THE SOFTWARE OR THE USE
  20:rhea\uart/uart_rhea.c ****  * OR OTHER DEALINGS IN THE SOFTWARE.
  21:rhea\uart/uart_rhea.c **** **********************************************************************************/
  22:rhea\uart/uart_rhea.c **** 
  23:rhea\uart/uart_rhea.c **** /**
  24:rhea\uart/uart_rhea.c ****  * @file    uart_rhea.c
  25:rhea\uart/uart_rhea.c ****  * @author  Peter Gyulai
  26:rhea\uart/uart_rhea.c ****  * @version 1.0.0
  27:rhea\uart/uart_rhea.c ****  * @date    2020.04.20
  28:rhea\uart/uart_rhea.c ****  * @brief   UART library implementation.
  29:rhea\uart/uart_rhea.c ****  * @details
  30:rhea\uart/uart_rhea.c ****  * This file contains the function definitions used by the Rhea UART library.
ARM GAS  C:\Users\GYULAI~1\AppData\Local\Temp\ccw6JW2o.s 			page 2


  31:rhea\uart/uart_rhea.c ****  */
  32:rhea\uart/uart_rhea.c **** 
  33:rhea\uart/uart_rhea.c **** // Project includes
  34:rhea\uart/uart_rhea.c **** #include "uart.h"
  35:rhea\uart/uart_rhea.c **** #include "uart_impl.h"
  36:rhea\uart/uart_rhea.c **** 
  37:rhea\uart/uart_rhea.c **** 
  38:rhea\uart/uart_rhea.c **** void rhea_uart_Initialize(void) {
  28              		.loc 1 38 0
  29              		.cfi_startproc
  30              		@ args = 0, pretend = 0, frame = 0
  31              		@ frame_needed = 0, uses_anonymous_args = 0
  32 0000 08B5     		push	{r3, lr}
  33              		.cfi_def_cfa_offset 8
  34              		.cfi_offset 3, -8
  35              		.cfi_offset 14, -4
  39:rhea\uart/uart_rhea.c ****     
  40:rhea\uart/uart_rhea.c ****     // Invoking driver implementation
  41:rhea\uart/uart_rhea.c ****     rhea_uart_initialize_impl();
  36              		.loc 1 41 0
  37 0002 FFF7FEFF 		bl	rhea_uart_initialize_impl
  38              	.LVL0:
  39 0006 08BD     		pop	{r3, pc}
  40              		.cfi_endproc
  41              	.LFE0:
  42              		.size	rhea_uart_Initialize, .-rhea_uart_Initialize
  43              		.section	.text.rhea_uart_BytesAvailable,"ax",%progbits
  44              		.align	2
  45              		.global	rhea_uart_BytesAvailable
  46              		.thumb
  47              		.thumb_func
  48              		.type	rhea_uart_BytesAvailable, %function
  49              	rhea_uart_BytesAvailable:
  50              	.LFB1:
  42:rhea\uart/uart_rhea.c **** }
  43:rhea\uart/uart_rhea.c **** 
  44:rhea\uart/uart_rhea.c **** uint64_t rhea_uart_BytesAvailable(void) {
  51              		.loc 1 44 0
  52              		.cfi_startproc
  53              		@ args = 0, pretend = 0, frame = 0
  54              		@ frame_needed = 0, uses_anonymous_args = 0
  55 0000 08B5     		push	{r3, lr}
  56              		.cfi_def_cfa_offset 8
  57              		.cfi_offset 3, -8
  58              		.cfi_offset 14, -4
  45:rhea\uart/uart_rhea.c ****     
  46:rhea\uart/uart_rhea.c ****     // Invoking driver implementation
  47:rhea\uart/uart_rhea.c ****     return rhea_uart_bytesAvailable_impl();
  59              		.loc 1 47 0
  60 0002 FFF7FEFF 		bl	rhea_uart_bytesAvailable_impl
  61              	.LVL1:
  48:rhea\uart/uart_rhea.c **** }
  62              		.loc 1 48 0
  63 0006 08BD     		pop	{r3, pc}
  64              		.cfi_endproc
  65              	.LFE1:
  66              		.size	rhea_uart_BytesAvailable, .-rhea_uart_BytesAvailable
ARM GAS  C:\Users\GYULAI~1\AppData\Local\Temp\ccw6JW2o.s 			page 3


  67              		.section	.text.rhea_uart_ReadByte,"ax",%progbits
  68              		.align	2
  69              		.global	rhea_uart_ReadByte
  70              		.thumb
  71              		.thumb_func
  72              		.type	rhea_uart_ReadByte, %function
  73              	rhea_uart_ReadByte:
  74              	.LFB2:
  49:rhea\uart/uart_rhea.c ****     
  50:rhea\uart/uart_rhea.c **** uint8_t rhea_uart_ReadByte(void) {
  75              		.loc 1 50 0
  76              		.cfi_startproc
  77              		@ args = 0, pretend = 0, frame = 0
  78              		@ frame_needed = 0, uses_anonymous_args = 0
  79 0000 08B5     		push	{r3, lr}
  80              		.cfi_def_cfa_offset 8
  81              		.cfi_offset 3, -8
  82              		.cfi_offset 14, -4
  51:rhea\uart/uart_rhea.c ****     
  52:rhea\uart/uart_rhea.c ****     // Invoking driver implementation
  53:rhea\uart/uart_rhea.c ****     return rhea_uart_readByte_impl();
  83              		.loc 1 53 0
  84 0002 FFF7FEFF 		bl	rhea_uart_readByte_impl
  85              	.LVL2:
  54:rhea\uart/uart_rhea.c **** }
  86              		.loc 1 54 0
  87 0006 08BD     		pop	{r3, pc}
  88              		.cfi_endproc
  89              	.LFE2:
  90              		.size	rhea_uart_ReadByte, .-rhea_uart_ReadByte
  91              		.section	.text.rhea_uart_ReadBytes,"ax",%progbits
  92              		.align	2
  93              		.global	rhea_uart_ReadBytes
  94              		.thumb
  95              		.thumb_func
  96              		.type	rhea_uart_ReadBytes, %function
  97              	rhea_uart_ReadBytes:
  98              	.LFB3:
  55:rhea\uart/uart_rhea.c **** 
  56:rhea\uart/uart_rhea.c **** void rhea_uart_ReadBytes(uint8_t *bytes, uint64_t count) {
  99              		.loc 1 56 0
 100              		.cfi_startproc
 101              		@ args = 0, pretend = 0, frame = 0
 102              		@ frame_needed = 0, uses_anonymous_args = 0
 103              	.LVL3:
 104 0000 2DE9F843 		push	{r3, r4, r5, r6, r7, r8, r9, lr}
 105              		.cfi_def_cfa_offset 32
 106              		.cfi_offset 3, -32
 107              		.cfi_offset 4, -28
 108              		.cfi_offset 5, -24
 109              		.cfi_offset 6, -20
 110              		.cfi_offset 7, -16
 111              		.cfi_offset 8, -12
 112              		.cfi_offset 9, -8
 113              		.cfi_offset 14, -4
 114 0004 0746     		mov	r7, r0
 115 0006 9046     		mov	r8, r2
ARM GAS  C:\Users\GYULAI~1\AppData\Local\Temp\ccw6JW2o.s 			page 4


 116 0008 9946     		mov	r9, r3
 117              	.LVL4:
 118              	.LBB2:
  57:rhea\uart/uart_rhea.c ****     for(uint64_t i = 0; i < count; i++) {
 119              		.loc 1 57 0
 120 000a 0024     		movs	r4, #0
 121 000c 0025     		movs	r5, #0
 122 000e 06E0     		b	.L8
 123              	.LVL5:
 124              	.L9:
  58:rhea\uart/uart_rhea.c ****         bytes[i] = rhea_uart_ReadByte();   
 125              		.loc 1 58 0 discriminator 3
 126 0010 3E19     		adds	r6, r7, r4
 127 0012 FFF7FEFF 		bl	rhea_uart_ReadByte
 128              	.LVL6:
 129 0016 3070     		strb	r0, [r6]
  57:rhea\uart/uart_rhea.c ****     for(uint64_t i = 0; i < count; i++) {
 130              		.loc 1 57 0 discriminator 3
 131 0018 0134     		adds	r4, r4, #1
 132              	.LVL7:
 133 001a 45F10005 		adc	r5, r5, #0
 134              	.LVL8:
 135              	.L8:
  57:rhea\uart/uart_rhea.c ****     for(uint64_t i = 0; i < count; i++) {
 136              		.loc 1 57 0 is_stmt 0 discriminator 1
 137 001e 4D45     		cmp	r5, r9
 138 0020 08BF     		it	eq
 139 0022 4445     		cmpeq	r4, r8
 140 0024 F4D3     		bcc	.L9
 141              	.LBE2:
  59:rhea\uart/uart_rhea.c ****     }
  60:rhea\uart/uart_rhea.c **** }
 142              		.loc 1 60 0 is_stmt 1
 143 0026 BDE8F883 		pop	{r3, r4, r5, r6, r7, r8, r9, pc}
 144              		.cfi_endproc
 145              	.LFE3:
 146              		.size	rhea_uart_ReadBytes, .-rhea_uart_ReadBytes
 147 002a 00BF     		.section	.text.rhea_uart_ReadBuffer,"ax",%progbits
 148              		.align	2
 149              		.global	rhea_uart_ReadBuffer
 150              		.thumb
 151              		.thumb_func
 152              		.type	rhea_uart_ReadBuffer, %function
 153              	rhea_uart_ReadBuffer:
 154              	.LFB4:
  61:rhea\uart/uart_rhea.c **** 
  62:rhea\uart/uart_rhea.c **** void rhea_uart_ReadBuffer(uint8_t *buffer, uint64_t size) {
 155              		.loc 1 62 0
 156              		.cfi_startproc
 157              		@ args = 0, pretend = 0, frame = 0
 158              		@ frame_needed = 0, uses_anonymous_args = 0
 159              	.LVL9:
 160 0000 08B5     		push	{r3, lr}
 161              		.cfi_def_cfa_offset 8
 162              		.cfi_offset 3, -8
 163              		.cfi_offset 14, -4
  63:rhea\uart/uart_rhea.c ****     rhea_uart_ReadBytes(buffer, size);
ARM GAS  C:\Users\GYULAI~1\AppData\Local\Temp\ccw6JW2o.s 			page 5


 164              		.loc 1 63 0
 165 0002 FFF7FEFF 		bl	rhea_uart_ReadBytes
 166              	.LVL10:
 167 0006 08BD     		pop	{r3, pc}
 168              		.cfi_endproc
 169              	.LFE4:
 170              		.size	rhea_uart_ReadBuffer, .-rhea_uart_ReadBuffer
 171              		.section	.text.rhea_uart_ReadChar,"ax",%progbits
 172              		.align	2
 173              		.global	rhea_uart_ReadChar
 174              		.thumb
 175              		.thumb_func
 176              		.type	rhea_uart_ReadChar, %function
 177              	rhea_uart_ReadChar:
 178              	.LFB5:
  64:rhea\uart/uart_rhea.c **** }
  65:rhea\uart/uart_rhea.c **** 
  66:rhea\uart/uart_rhea.c **** char rhea_uart_ReadChar(void) {
 179              		.loc 1 66 0
 180              		.cfi_startproc
 181              		@ args = 0, pretend = 0, frame = 0
 182              		@ frame_needed = 0, uses_anonymous_args = 0
 183 0000 08B5     		push	{r3, lr}
 184              		.cfi_def_cfa_offset 8
 185              		.cfi_offset 3, -8
 186              		.cfi_offset 14, -4
  67:rhea\uart/uart_rhea.c ****     return rhea_uart_ReadByte();
 187              		.loc 1 67 0
 188 0002 FFF7FEFF 		bl	rhea_uart_ReadByte
 189              	.LVL11:
  68:rhea\uart/uart_rhea.c **** }
 190              		.loc 1 68 0
 191 0006 08BD     		pop	{r3, pc}
 192              		.cfi_endproc
 193              	.LFE5:
 194              		.size	rhea_uart_ReadChar, .-rhea_uart_ReadChar
 195              		.section	.text.rhea_uart_ReadString,"ax",%progbits
 196              		.align	2
 197              		.global	rhea_uart_ReadString
 198              		.thumb
 199              		.thumb_func
 200              		.type	rhea_uart_ReadString, %function
 201              	rhea_uart_ReadString:
 202              	.LFB6:
  69:rhea\uart/uart_rhea.c **** 
  70:rhea\uart/uart_rhea.c **** void rhea_uart_ReadString(char *string) {
 203              		.loc 1 70 0
 204              		.cfi_startproc
 205              		@ args = 0, pretend = 0, frame = 0
 206              		@ frame_needed = 0, uses_anonymous_args = 0
 207              	.LVL12:
 208 0000 38B5     		push	{r3, r4, r5, lr}
 209              		.cfi_def_cfa_offset 16
 210              		.cfi_offset 3, -16
 211              		.cfi_offset 4, -12
 212              		.cfi_offset 5, -8
 213              		.cfi_offset 14, -4
ARM GAS  C:\Users\GYULAI~1\AppData\Local\Temp\ccw6JW2o.s 			page 6


 214 0002 0446     		mov	r4, r0
  71:rhea\uart/uart_rhea.c ****     char c = rhea_uart_ReadChar();
 215              		.loc 1 71 0
 216 0004 FFF7FEFF 		bl	rhea_uart_ReadChar
 217              	.LVL13:
  72:rhea\uart/uart_rhea.c ****     while(c != '\0') {
 218              		.loc 1 72 0
 219 0008 04E0     		b	.L16
 220              	.L17:
  73:rhea\uart/uart_rhea.c ****         *(string++) = c;
 221              		.loc 1 73 0
 222 000a 651C     		adds	r5, r4, #1
 223              	.LVL14:
 224 000c 2070     		strb	r0, [r4]
  74:rhea\uart/uart_rhea.c ****         c = rhea_uart_ReadChar();
 225              		.loc 1 74 0
 226 000e FFF7FEFF 		bl	rhea_uart_ReadChar
 227              	.LVL15:
  73:rhea\uart/uart_rhea.c ****         *(string++) = c;
 228              		.loc 1 73 0
 229 0012 2C46     		mov	r4, r5
 230              	.LVL16:
 231              	.L16:
  72:rhea\uart/uart_rhea.c ****     while(c != '\0') {
 232              		.loc 1 72 0
 233 0014 0028     		cmp	r0, #0
 234 0016 F8D1     		bne	.L17
  75:rhea\uart/uart_rhea.c ****     }
  76:rhea\uart/uart_rhea.c ****     *string = '\0';
 235              		.loc 1 76 0
 236 0018 0023     		movs	r3, #0
 237 001a 2370     		strb	r3, [r4]
 238 001c 38BD     		pop	{r3, r4, r5, pc}
 239              		.cfi_endproc
 240              	.LFE6:
 241              		.size	rhea_uart_ReadString, .-rhea_uart_ReadString
 242 001e 00BF     		.section	.text.rhea_uart_WriteByte,"ax",%progbits
 243              		.align	2
 244              		.global	rhea_uart_WriteByte
 245              		.thumb
 246              		.thumb_func
 247              		.type	rhea_uart_WriteByte, %function
 248              	rhea_uart_WriteByte:
 249              	.LFB7:
  77:rhea\uart/uart_rhea.c **** }
  78:rhea\uart/uart_rhea.c **** 
  79:rhea\uart/uart_rhea.c **** void rhea_uart_WriteByte(uint8_t byte) {
 250              		.loc 1 79 0
 251              		.cfi_startproc
 252              		@ args = 0, pretend = 0, frame = 0
 253              		@ frame_needed = 0, uses_anonymous_args = 0
 254              	.LVL17:
 255 0000 08B5     		push	{r3, lr}
 256              		.cfi_def_cfa_offset 8
 257              		.cfi_offset 3, -8
 258              		.cfi_offset 14, -4
  80:rhea\uart/uart_rhea.c ****     
ARM GAS  C:\Users\GYULAI~1\AppData\Local\Temp\ccw6JW2o.s 			page 7


  81:rhea\uart/uart_rhea.c ****     // Invoking driver implementation
  82:rhea\uart/uart_rhea.c ****     rhea_uart_writeByte_impl(byte);
 259              		.loc 1 82 0
 260 0002 FFF7FEFF 		bl	rhea_uart_writeByte_impl
 261              	.LVL18:
 262 0006 08BD     		pop	{r3, pc}
 263              		.cfi_endproc
 264              	.LFE7:
 265              		.size	rhea_uart_WriteByte, .-rhea_uart_WriteByte
 266              		.section	.text.rhea_uart_WriteBytes,"ax",%progbits
 267              		.align	2
 268              		.global	rhea_uart_WriteBytes
 269              		.thumb
 270              		.thumb_func
 271              		.type	rhea_uart_WriteBytes, %function
 272              	rhea_uart_WriteBytes:
 273              	.LFB8:
  83:rhea\uart/uart_rhea.c **** }
  84:rhea\uart/uart_rhea.c **** 
  85:rhea\uart/uart_rhea.c **** void rhea_uart_WriteBytes(const uint8_t *bytes, uint64_t count) {
 274              		.loc 1 85 0
 275              		.cfi_startproc
 276              		@ args = 0, pretend = 0, frame = 0
 277              		@ frame_needed = 0, uses_anonymous_args = 0
 278              	.LVL19:
 279 0000 2DE9F041 		push	{r4, r5, r6, r7, r8, lr}
 280              		.cfi_def_cfa_offset 24
 281              		.cfi_offset 4, -24
 282              		.cfi_offset 5, -20
 283              		.cfi_offset 6, -16
 284              		.cfi_offset 7, -12
 285              		.cfi_offset 8, -8
 286              		.cfi_offset 14, -4
 287 0004 8046     		mov	r8, r0
 288 0006 1646     		mov	r6, r2
 289 0008 1F46     		mov	r7, r3
 290              	.LVL20:
 291              	.LBB3:
  86:rhea\uart/uart_rhea.c ****     for(uint64_t i = 0; i < count; i++) {
 292              		.loc 1 86 0
 293 000a 0024     		movs	r4, #0
 294 000c 0025     		movs	r5, #0
 295 000e 07E0     		b	.L22
 296              	.LVL21:
 297              	.L23:
  87:rhea\uart/uart_rhea.c ****         rhea_uart_WriteByte(bytes[i]);
 298              		.loc 1 87 0 discriminator 3
 299 0010 08EB0403 		add	r3, r8, r4
 300 0014 1878     		ldrb	r0, [r3]	@ zero_extendqisi2
 301 0016 FFF7FEFF 		bl	rhea_uart_WriteByte
 302              	.LVL22:
  86:rhea\uart/uart_rhea.c ****     for(uint64_t i = 0; i < count; i++) {
 303              		.loc 1 86 0 discriminator 3
 304 001a 0134     		adds	r4, r4, #1
 305              	.LVL23:
 306 001c 45F10005 		adc	r5, r5, #0
 307              	.LVL24:
ARM GAS  C:\Users\GYULAI~1\AppData\Local\Temp\ccw6JW2o.s 			page 8


 308              	.L22:
  86:rhea\uart/uart_rhea.c ****     for(uint64_t i = 0; i < count; i++) {
 309              		.loc 1 86 0 is_stmt 0 discriminator 1
 310 0020 BD42     		cmp	r5, r7
 311 0022 08BF     		it	eq
 312 0024 B442     		cmpeq	r4, r6
 313 0026 F3D3     		bcc	.L23
 314              	.LBE3:
  88:rhea\uart/uart_rhea.c ****     }
  89:rhea\uart/uart_rhea.c **** }
 315              		.loc 1 89 0 is_stmt 1
 316 0028 BDE8F081 		pop	{r4, r5, r6, r7, r8, pc}
 317              		.cfi_endproc
 318              	.LFE8:
 319              		.size	rhea_uart_WriteBytes, .-rhea_uart_WriteBytes
 320              		.section	.text.rhea_uart_WriteBuffer,"ax",%progbits
 321              		.align	2
 322              		.global	rhea_uart_WriteBuffer
 323              		.thumb
 324              		.thumb_func
 325              		.type	rhea_uart_WriteBuffer, %function
 326              	rhea_uart_WriteBuffer:
 327              	.LFB9:
  90:rhea\uart/uart_rhea.c **** 
  91:rhea\uart/uart_rhea.c **** void rhea_uart_WriteBuffer(const uint8_t *buffer, uint64_t size) {
 328              		.loc 1 91 0
 329              		.cfi_startproc
 330              		@ args = 0, pretend = 0, frame = 0
 331              		@ frame_needed = 0, uses_anonymous_args = 0
 332              	.LVL25:
 333 0000 08B5     		push	{r3, lr}
 334              		.cfi_def_cfa_offset 8
 335              		.cfi_offset 3, -8
 336              		.cfi_offset 14, -4
  92:rhea\uart/uart_rhea.c ****     rhea_uart_WriteBytes(buffer, size);
 337              		.loc 1 92 0
 338 0002 FFF7FEFF 		bl	rhea_uart_WriteBytes
 339              	.LVL26:
 340 0006 08BD     		pop	{r3, pc}
 341              		.cfi_endproc
 342              	.LFE9:
 343              		.size	rhea_uart_WriteBuffer, .-rhea_uart_WriteBuffer
 344              		.section	.text.rhea_uart_WriteChar,"ax",%progbits
 345              		.align	2
 346              		.global	rhea_uart_WriteChar
 347              		.thumb
 348              		.thumb_func
 349              		.type	rhea_uart_WriteChar, %function
 350              	rhea_uart_WriteChar:
 351              	.LFB10:
  93:rhea\uart/uart_rhea.c **** }
  94:rhea\uart/uart_rhea.c **** 
  95:rhea\uart/uart_rhea.c **** void rhea_uart_WriteChar(char c) {
 352              		.loc 1 95 0
 353              		.cfi_startproc
 354              		@ args = 0, pretend = 0, frame = 0
 355              		@ frame_needed = 0, uses_anonymous_args = 0
ARM GAS  C:\Users\GYULAI~1\AppData\Local\Temp\ccw6JW2o.s 			page 9


 356              	.LVL27:
 357 0000 08B5     		push	{r3, lr}
 358              		.cfi_def_cfa_offset 8
 359              		.cfi_offset 3, -8
 360              		.cfi_offset 14, -4
  96:rhea\uart/uart_rhea.c ****     rhea_uart_WriteByte(c);
 361              		.loc 1 96 0
 362 0002 FFF7FEFF 		bl	rhea_uart_WriteByte
 363              	.LVL28:
 364 0006 08BD     		pop	{r3, pc}
 365              		.cfi_endproc
 366              	.LFE10:
 367              		.size	rhea_uart_WriteChar, .-rhea_uart_WriteChar
 368              		.section	.text.rhea_uart_WriteString,"ax",%progbits
 369              		.align	2
 370              		.global	rhea_uart_WriteString
 371              		.thumb
 372              		.thumb_func
 373              		.type	rhea_uart_WriteString, %function
 374              	rhea_uart_WriteString:
 375              	.LFB11:
  97:rhea\uart/uart_rhea.c **** }
  98:rhea\uart/uart_rhea.c **** 
  99:rhea\uart/uart_rhea.c **** void rhea_uart_WriteString(const char *string) {
 376              		.loc 1 99 0
 377              		.cfi_startproc
 378              		@ args = 0, pretend = 0, frame = 0
 379              		@ frame_needed = 0, uses_anonymous_args = 0
 380              	.LVL29:
 381 0000 10B5     		push	{r4, lr}
 382              		.cfi_def_cfa_offset 8
 383              		.cfi_offset 4, -8
 384              		.cfi_offset 14, -4
 385 0002 0446     		mov	r4, r0
 100:rhea\uart/uart_rhea.c ****     while(*string != '\0') {
 386              		.loc 1 100 0
 387 0004 02E0     		b	.L30
 388              	.LVL30:
 389              	.L31:
 101:rhea\uart/uart_rhea.c ****         rhea_uart_WriteChar(*string++);   
 390              		.loc 1 101 0
 391 0006 0134     		adds	r4, r4, #1
 392              	.LVL31:
 393 0008 FFF7FEFF 		bl	rhea_uart_WriteChar
 394              	.LVL32:
 395              	.L30:
 100:rhea\uart/uart_rhea.c ****     while(*string != '\0') {
 396              		.loc 1 100 0
 397 000c 2078     		ldrb	r0, [r4]	@ zero_extendqisi2
 398 000e 0028     		cmp	r0, #0
 399 0010 F9D1     		bne	.L31
 102:rhea\uart/uart_rhea.c ****     }
 103:rhea\uart/uart_rhea.c ****     rhea_uart_WriteChar('\0');
 400              		.loc 1 103 0
 401 0012 FFF7FEFF 		bl	rhea_uart_WriteChar
 402              	.LVL33:
 403 0016 10BD     		pop	{r4, pc}
ARM GAS  C:\Users\GYULAI~1\AppData\Local\Temp\ccw6JW2o.s 			page 10


 404              		.cfi_endproc
 405              	.LFE11:
 406              		.size	rhea_uart_WriteString, .-rhea_uart_WriteString
 407              		.text
 408              	.Letext0:
 409              		.file 2 "e:\\cypress\\psoc creator\\4.2\\psoc creator\\import\\gnu\\arm\\5.4.1\\arm-none-eabi\\inc
 410              		.file 3 "e:\\cypress\\psoc creator\\4.2\\psoc creator\\import\\gnu\\arm\\5.4.1\\arm-none-eabi\\inc
 411              		.file 4 "rhea\\uart\\uart_impl.h"
 412              		.section	.debug_info,"",%progbits
 413              	.Ldebug_info0:
 414 0000 94030000 		.4byte	0x394
 415 0004 0400     		.2byte	0x4
 416 0006 00000000 		.4byte	.Ldebug_abbrev0
 417 000a 04       		.byte	0x4
 418 000b 01       		.uleb128 0x1
 419 000c F0000000 		.4byte	.LASF36
 420 0010 0C       		.byte	0xc
 421 0011 A3010000 		.4byte	.LASF37
 422 0015 8A000000 		.4byte	.LASF38
 423 0019 00000000 		.4byte	.Ldebug_ranges0+0
 424 001d 00000000 		.4byte	0
 425 0021 00000000 		.4byte	.Ldebug_line0
 426 0025 02       		.uleb128 0x2
 427 0026 08       		.byte	0x8
 428 0027 07       		.byte	0x7
 429 0028 DB010000 		.4byte	.LASF0
 430 002c 02       		.uleb128 0x2
 431 002d 01       		.byte	0x1
 432 002e 06       		.byte	0x6
 433 002f F0020000 		.4byte	.LASF1
 434 0033 03       		.uleb128 0x3
 435 0034 15000000 		.4byte	.LASF8
 436 0038 02       		.byte	0x2
 437 0039 1D       		.byte	0x1d
 438 003a 3E000000 		.4byte	0x3e
 439 003e 02       		.uleb128 0x2
 440 003f 01       		.byte	0x1
 441 0040 08       		.byte	0x8
 442 0041 E2000000 		.4byte	.LASF2
 443 0045 02       		.uleb128 0x2
 444 0046 02       		.byte	0x2
 445 0047 05       		.byte	0x5
 446 0048 7F020000 		.4byte	.LASF3
 447 004c 02       		.uleb128 0x2
 448 004d 02       		.byte	0x2
 449 004e 07       		.byte	0x7
 450 004f 90010000 		.4byte	.LASF4
 451 0053 02       		.uleb128 0x2
 452 0054 04       		.byte	0x4
 453 0055 05       		.byte	0x5
 454 0056 C3020000 		.4byte	.LASF5
 455 005a 02       		.uleb128 0x2
 456 005b 04       		.byte	0x4
 457 005c 07       		.byte	0x7
 458 005d 7E010000 		.4byte	.LASF6
 459 0061 02       		.uleb128 0x2
 460 0062 08       		.byte	0x8
ARM GAS  C:\Users\GYULAI~1\AppData\Local\Temp\ccw6JW2o.s 			page 11


 461 0063 05       		.byte	0x5
 462 0064 59020000 		.4byte	.LASF7
 463 0068 03       		.uleb128 0x3
 464 0069 8E020000 		.4byte	.LASF9
 465 006d 02       		.byte	0x2
 466 006e 5B       		.byte	0x5b
 467 006f 25000000 		.4byte	0x25
 468 0073 04       		.uleb128 0x4
 469 0074 04       		.byte	0x4
 470 0075 05       		.byte	0x5
 471 0076 696E7400 		.ascii	"int\000"
 472 007a 02       		.uleb128 0x2
 473 007b 04       		.byte	0x4
 474 007c 07       		.byte	0x7
 475 007d CE010000 		.4byte	.LASF10
 476 0081 03       		.uleb128 0x3
 477 0082 F2010000 		.4byte	.LASF11
 478 0086 03       		.byte	0x3
 479 0087 18       		.byte	0x18
 480 0088 33000000 		.4byte	0x33
 481 008c 03       		.uleb128 0x3
 482 008d 59000000 		.4byte	.LASF12
 483 0091 03       		.byte	0x3
 484 0092 3C       		.byte	0x3c
 485 0093 68000000 		.4byte	0x68
 486 0097 05       		.uleb128 0x5
 487 0098 B9010000 		.4byte	.LASF15
 488 009c 01       		.byte	0x1
 489 009d 26       		.byte	0x26
 490 009e 00000000 		.4byte	.LFB0
 491 00a2 08000000 		.4byte	.LFE0-.LFB0
 492 00a6 01       		.uleb128 0x1
 493 00a7 9C       		.byte	0x9c
 494 00a8 B6000000 		.4byte	0xb6
 495 00ac 06       		.uleb128 0x6
 496 00ad 06000000 		.4byte	.LVL0
 497 00b1 6B030000 		.4byte	0x36b
 498 00b5 00       		.byte	0
 499 00b6 07       		.uleb128 0x7
 500 00b7 40020000 		.4byte	.LASF13
 501 00bb 01       		.byte	0x1
 502 00bc 2C       		.byte	0x2c
 503 00bd 8C000000 		.4byte	0x8c
 504 00c1 00000000 		.4byte	.LFB1
 505 00c5 08000000 		.4byte	.LFE1-.LFB1
 506 00c9 01       		.uleb128 0x1
 507 00ca 9C       		.byte	0x9c
 508 00cb D9000000 		.4byte	0xd9
 509 00cf 06       		.uleb128 0x6
 510 00d0 06000000 		.4byte	.LVL1
 511 00d4 76030000 		.4byte	0x376
 512 00d8 00       		.byte	0
 513 00d9 07       		.uleb128 0x7
 514 00da 6C020000 		.4byte	.LASF14
 515 00de 01       		.byte	0x1
 516 00df 32       		.byte	0x32
 517 00e0 81000000 		.4byte	0x81
ARM GAS  C:\Users\GYULAI~1\AppData\Local\Temp\ccw6JW2o.s 			page 12


 518 00e4 00000000 		.4byte	.LFB2
 519 00e8 08000000 		.4byte	.LFE2-.LFB2
 520 00ec 01       		.uleb128 0x1
 521 00ed 9C       		.byte	0x9c
 522 00ee FC000000 		.4byte	0xfc
 523 00f2 06       		.uleb128 0x6
 524 00f3 06000000 		.4byte	.LVL2
 525 00f7 81030000 		.4byte	0x381
 526 00fb 00       		.byte	0
 527 00fc 05       		.uleb128 0x5
 528 00fd 62000000 		.4byte	.LASF16
 529 0101 01       		.byte	0x1
 530 0102 38       		.byte	0x38
 531 0103 00000000 		.4byte	.LFB3
 532 0107 2A000000 		.4byte	.LFE3-.LFB3
 533 010b 01       		.uleb128 0x1
 534 010c 9C       		.byte	0x9c
 535 010d 50010000 		.4byte	0x150
 536 0111 08       		.uleb128 0x8
 537 0112 CC020000 		.4byte	.LASF17
 538 0116 01       		.byte	0x1
 539 0117 38       		.byte	0x38
 540 0118 50010000 		.4byte	0x150
 541 011c 00000000 		.4byte	.LLST0
 542 0120 08       		.uleb128 0x8
 543 0121 40000000 		.4byte	.LASF18
 544 0125 01       		.byte	0x1
 545 0126 38       		.byte	0x38
 546 0127 8C000000 		.4byte	0x8c
 547 012b 1E000000 		.4byte	.LLST1
 548 012f 09       		.uleb128 0x9
 549 0130 0A000000 		.4byte	.LBB2
 550 0134 1C000000 		.4byte	.LBE2-.LBB2
 551 0138 0A       		.uleb128 0xa
 552 0139 6900     		.ascii	"i\000"
 553 013b 01       		.byte	0x1
 554 013c 39       		.byte	0x39
 555 013d 8C000000 		.4byte	0x8c
 556 0141 46000000 		.4byte	.LLST2
 557 0145 06       		.uleb128 0x6
 558 0146 16000000 		.4byte	.LVL6
 559 014a D9000000 		.4byte	0xd9
 560 014e 00       		.byte	0
 561 014f 00       		.byte	0
 562 0150 0B       		.uleb128 0xb
 563 0151 04       		.byte	0x4
 564 0152 81000000 		.4byte	0x81
 565 0156 05       		.uleb128 0x5
 566 0157 CD000000 		.4byte	.LASF19
 567 015b 01       		.byte	0x1
 568 015c 3E       		.byte	0x3e
 569 015d 00000000 		.4byte	.LFB4
 570 0161 08000000 		.4byte	.LFE4-.LFB4
 571 0165 01       		.uleb128 0x1
 572 0166 9C       		.byte	0x9c
 573 0167 A9010000 		.4byte	0x1a9
 574 016b 08       		.uleb128 0x8
ARM GAS  C:\Users\GYULAI~1\AppData\Local\Temp\ccw6JW2o.s 			page 13


 575 016c 1F000000 		.4byte	.LASF20
 576 0170 01       		.byte	0x1
 577 0171 3E       		.byte	0x3e
 578 0172 50010000 		.4byte	0x150
 579 0176 82000000 		.4byte	.LLST3
 580 017a 08       		.uleb128 0x8
 581 017b FC020000 		.4byte	.LASF21
 582 017f 01       		.byte	0x1
 583 0180 3E       		.byte	0x3e
 584 0181 8C000000 		.4byte	0x8c
 585 0185 A3000000 		.4byte	.LLST4
 586 0189 0C       		.uleb128 0xc
 587 018a 06000000 		.4byte	.LVL10
 588 018e FC000000 		.4byte	0xfc
 589 0192 0D       		.uleb128 0xd
 590 0193 01       		.uleb128 0x1
 591 0194 50       		.byte	0x50
 592 0195 03       		.uleb128 0x3
 593 0196 F3       		.byte	0xf3
 594 0197 01       		.uleb128 0x1
 595 0198 50       		.byte	0x50
 596 0199 0D       		.uleb128 0xd
 597 019a 06       		.uleb128 0x6
 598 019b 52       		.byte	0x52
 599 019c 93       		.byte	0x93
 600 019d 04       		.uleb128 0x4
 601 019e 53       		.byte	0x53
 602 019f 93       		.byte	0x93
 603 01a0 04       		.uleb128 0x4
 604 01a1 05       		.uleb128 0x5
 605 01a2 F3       		.byte	0xf3
 606 01a3 03       		.uleb128 0x3
 607 01a4 F5       		.byte	0xf5
 608 01a5 02       		.uleb128 0x2
 609 01a6 25       		.uleb128 0x25
 610 01a7 00       		.byte	0
 611 01a8 00       		.byte	0
 612 01a9 07       		.uleb128 0x7
 613 01aa 46000000 		.4byte	.LASF22
 614 01ae 01       		.byte	0x1
 615 01af 42       		.byte	0x42
 616 01b0 CC010000 		.4byte	0x1cc
 617 01b4 00000000 		.4byte	.LFB5
 618 01b8 08000000 		.4byte	.LFE5-.LFB5
 619 01bc 01       		.uleb128 0x1
 620 01bd 9C       		.byte	0x9c
 621 01be CC010000 		.4byte	0x1cc
 622 01c2 06       		.uleb128 0x6
 623 01c3 06000000 		.4byte	.LVL11
 624 01c7 D9000000 		.4byte	0xd9
 625 01cb 00       		.byte	0
 626 01cc 02       		.uleb128 0x2
 627 01cd 01       		.byte	0x1
 628 01ce 08       		.byte	0x8
 629 01cf 67020000 		.4byte	.LASF23
 630 01d3 05       		.uleb128 0x5
 631 01d4 2B020000 		.4byte	.LASF24
ARM GAS  C:\Users\GYULAI~1\AppData\Local\Temp\ccw6JW2o.s 			page 14


 632 01d8 01       		.byte	0x1
 633 01d9 46       		.byte	0x46
 634 01da 00000000 		.4byte	.LFB6
 635 01de 1E000000 		.4byte	.LFE6-.LFB6
 636 01e2 01       		.uleb128 0x1
 637 01e3 9C       		.byte	0x9c
 638 01e4 17020000 		.4byte	0x217
 639 01e8 08       		.uleb128 0x8
 640 01e9 01030000 		.4byte	.LASF25
 641 01ed 01       		.byte	0x1
 642 01ee 46       		.byte	0x46
 643 01ef 17020000 		.4byte	0x217
 644 01f3 CB000000 		.4byte	.LLST5
 645 01f7 0A       		.uleb128 0xa
 646 01f8 6300     		.ascii	"c\000"
 647 01fa 01       		.byte	0x1
 648 01fb 47       		.byte	0x47
 649 01fc CC010000 		.4byte	0x1cc
 650 0200 FF000000 		.4byte	.LLST6
 651 0204 06       		.uleb128 0x6
 652 0205 08000000 		.4byte	.LVL13
 653 0209 A9010000 		.4byte	0x1a9
 654 020d 06       		.uleb128 0x6
 655 020e 12000000 		.4byte	.LVL15
 656 0212 A9010000 		.4byte	0x1a9
 657 0216 00       		.byte	0
 658 0217 0B       		.uleb128 0xb
 659 0218 04       		.byte	0x4
 660 0219 CC010000 		.4byte	0x1cc
 661 021d 05       		.uleb128 0x5
 662 021e 99020000 		.4byte	.LASF26
 663 0222 01       		.byte	0x1
 664 0223 4F       		.byte	0x4f
 665 0224 00000000 		.4byte	.LFB7
 666 0228 08000000 		.4byte	.LFE7-.LFB7
 667 022c 01       		.uleb128 0x1
 668 022d 9C       		.byte	0x9c
 669 022e 4B020000 		.4byte	0x24b
 670 0232 08       		.uleb128 0x8
 671 0233 89020000 		.4byte	.LASF27
 672 0237 01       		.byte	0x1
 673 0238 4F       		.byte	0x4f
 674 0239 81000000 		.4byte	0x81
 675 023d 1D010000 		.4byte	.LLST7
 676 0241 06       		.uleb128 0x6
 677 0242 06000000 		.4byte	.LVL18
 678 0246 8C030000 		.4byte	0x38c
 679 024a 00       		.byte	0
 680 024b 05       		.uleb128 0x5
 681 024c 00000000 		.4byte	.LASF28
 682 0250 01       		.byte	0x1
 683 0251 55       		.byte	0x55
 684 0252 00000000 		.4byte	.LFB8
 685 0256 2C000000 		.4byte	.LFE8-.LFB8
 686 025a 01       		.uleb128 0x1
 687 025b 9C       		.byte	0x9c
 688 025c 9F020000 		.4byte	0x29f
ARM GAS  C:\Users\GYULAI~1\AppData\Local\Temp\ccw6JW2o.s 			page 15


 689 0260 08       		.uleb128 0x8
 690 0261 CC020000 		.4byte	.LASF17
 691 0265 01       		.byte	0x1
 692 0266 55       		.byte	0x55
 693 0267 9F020000 		.4byte	0x29f
 694 026b 3E010000 		.4byte	.LLST8
 695 026f 08       		.uleb128 0x8
 696 0270 40000000 		.4byte	.LASF18
 697 0274 01       		.byte	0x1
 698 0275 55       		.byte	0x55
 699 0276 8C000000 		.4byte	0x8c
 700 027a 5C010000 		.4byte	.LLST9
 701 027e 09       		.uleb128 0x9
 702 027f 0A000000 		.4byte	.LBB3
 703 0283 1E000000 		.4byte	.LBE3-.LBB3
 704 0287 0A       		.uleb128 0xa
 705 0288 6900     		.ascii	"i\000"
 706 028a 01       		.byte	0x1
 707 028b 56       		.byte	0x56
 708 028c 8C000000 		.4byte	0x8c
 709 0290 84010000 		.4byte	.LLST10
 710 0294 06       		.uleb128 0x6
 711 0295 1A000000 		.4byte	.LVL22
 712 0299 1D020000 		.4byte	0x21d
 713 029d 00       		.byte	0
 714 029e 00       		.byte	0
 715 029f 0B       		.uleb128 0xb
 716 02a0 04       		.byte	0x4
 717 02a1 A5020000 		.4byte	0x2a5
 718 02a5 0E       		.uleb128 0xe
 719 02a6 81000000 		.4byte	0x81
 720 02aa 05       		.uleb128 0x5
 721 02ab AD020000 		.4byte	.LASF29
 722 02af 01       		.byte	0x1
 723 02b0 5B       		.byte	0x5b
 724 02b1 00000000 		.4byte	.LFB9
 725 02b5 08000000 		.4byte	.LFE9-.LFB9
 726 02b9 01       		.uleb128 0x1
 727 02ba 9C       		.byte	0x9c
 728 02bb FD020000 		.4byte	0x2fd
 729 02bf 08       		.uleb128 0x8
 730 02c0 1F000000 		.4byte	.LASF20
 731 02c4 01       		.byte	0x1
 732 02c5 5B       		.byte	0x5b
 733 02c6 9F020000 		.4byte	0x29f
 734 02ca C0010000 		.4byte	.LLST11
 735 02ce 08       		.uleb128 0x8
 736 02cf FC020000 		.4byte	.LASF21
 737 02d3 01       		.byte	0x1
 738 02d4 5B       		.byte	0x5b
 739 02d5 8C000000 		.4byte	0x8c
 740 02d9 E1010000 		.4byte	.LLST12
 741 02dd 0C       		.uleb128 0xc
 742 02de 06000000 		.4byte	.LVL26
 743 02e2 4B020000 		.4byte	0x24b
 744 02e6 0D       		.uleb128 0xd
 745 02e7 01       		.uleb128 0x1
ARM GAS  C:\Users\GYULAI~1\AppData\Local\Temp\ccw6JW2o.s 			page 16


 746 02e8 50       		.byte	0x50
 747 02e9 03       		.uleb128 0x3
 748 02ea F3       		.byte	0xf3
 749 02eb 01       		.uleb128 0x1
 750 02ec 50       		.byte	0x50
 751 02ed 0D       		.uleb128 0xd
 752 02ee 06       		.uleb128 0x6
 753 02ef 52       		.byte	0x52
 754 02f0 93       		.byte	0x93
 755 02f1 04       		.uleb128 0x4
 756 02f2 53       		.byte	0x53
 757 02f3 93       		.byte	0x93
 758 02f4 04       		.uleb128 0x4
 759 02f5 05       		.uleb128 0x5
 760 02f6 F3       		.byte	0xf3
 761 02f7 03       		.uleb128 0x3
 762 02f8 F5       		.byte	0xf5
 763 02f9 02       		.uleb128 0x2
 764 02fa 25       		.uleb128 0x25
 765 02fb 00       		.byte	0
 766 02fc 00       		.byte	0
 767 02fd 05       		.uleb128 0x5
 768 02fe 76000000 		.4byte	.LASF30
 769 0302 01       		.byte	0x1
 770 0303 5F       		.byte	0x5f
 771 0304 00000000 		.4byte	.LFB10
 772 0308 08000000 		.4byte	.LFE10-.LFB10
 773 030c 01       		.uleb128 0x1
 774 030d 9C       		.byte	0x9c
 775 030e 29030000 		.4byte	0x329
 776 0312 0F       		.uleb128 0xf
 777 0313 6300     		.ascii	"c\000"
 778 0315 01       		.byte	0x1
 779 0316 5F       		.byte	0x5f
 780 0317 CC010000 		.4byte	0x1cc
 781 031b 09020000 		.4byte	.LLST13
 782 031f 06       		.uleb128 0x6
 783 0320 06000000 		.4byte	.LVL28
 784 0324 1D020000 		.4byte	0x21d
 785 0328 00       		.byte	0
 786 0329 05       		.uleb128 0x5
 787 032a B7000000 		.4byte	.LASF31
 788 032e 01       		.byte	0x1
 789 032f 63       		.byte	0x63
 790 0330 00000000 		.4byte	.LFB11
 791 0334 18000000 		.4byte	.LFE11-.LFB11
 792 0338 01       		.uleb128 0x1
 793 0339 9C       		.byte	0x9c
 794 033a 60030000 		.4byte	0x360
 795 033e 08       		.uleb128 0x8
 796 033f 01030000 		.4byte	.LASF25
 797 0343 01       		.byte	0x1
 798 0344 63       		.byte	0x63
 799 0345 60030000 		.4byte	0x360
 800 0349 2A020000 		.4byte	.LLST14
 801 034d 06       		.uleb128 0x6
 802 034e 0C000000 		.4byte	.LVL32
ARM GAS  C:\Users\GYULAI~1\AppData\Local\Temp\ccw6JW2o.s 			page 17


 803 0352 FD020000 		.4byte	0x2fd
 804 0356 06       		.uleb128 0x6
 805 0357 16000000 		.4byte	.LVL33
 806 035b FD020000 		.4byte	0x2fd
 807 035f 00       		.byte	0
 808 0360 0B       		.uleb128 0xb
 809 0361 04       		.byte	0x4
 810 0362 66030000 		.4byte	0x366
 811 0366 0E       		.uleb128 0xe
 812 0367 CC010000 		.4byte	0x1cc
 813 036b 10       		.uleb128 0x10
 814 036c 26000000 		.4byte	.LASF32
 815 0370 26000000 		.4byte	.LASF32
 816 0374 04       		.byte	0x4
 817 0375 2E       		.byte	0x2e
 818 0376 10       		.uleb128 0x10
 819 0377 D2020000 		.4byte	.LASF33
 820 037b D2020000 		.4byte	.LASF33
 821 037f 04       		.byte	0x4
 822 0380 34       		.byte	0x34
 823 0381 10       		.uleb128 0x10
 824 0382 13020000 		.4byte	.LASF34
 825 0386 13020000 		.4byte	.LASF34
 826 038a 04       		.byte	0x4
 827 038b 3B       		.byte	0x3b
 828 038c 10       		.uleb128 0x10
 829 038d FA010000 		.4byte	.LASF35
 830 0391 FA010000 		.4byte	.LASF35
 831 0395 04       		.byte	0x4
 832 0396 42       		.byte	0x42
 833 0397 00       		.byte	0
 834              		.section	.debug_abbrev,"",%progbits
 835              	.Ldebug_abbrev0:
 836 0000 01       		.uleb128 0x1
 837 0001 11       		.uleb128 0x11
 838 0002 01       		.byte	0x1
 839 0003 25       		.uleb128 0x25
 840 0004 0E       		.uleb128 0xe
 841 0005 13       		.uleb128 0x13
 842 0006 0B       		.uleb128 0xb
 843 0007 03       		.uleb128 0x3
 844 0008 0E       		.uleb128 0xe
 845 0009 1B       		.uleb128 0x1b
 846 000a 0E       		.uleb128 0xe
 847 000b 55       		.uleb128 0x55
 848 000c 17       		.uleb128 0x17
 849 000d 11       		.uleb128 0x11
 850 000e 01       		.uleb128 0x1
 851 000f 10       		.uleb128 0x10
 852 0010 17       		.uleb128 0x17
 853 0011 00       		.byte	0
 854 0012 00       		.byte	0
 855 0013 02       		.uleb128 0x2
 856 0014 24       		.uleb128 0x24
 857 0015 00       		.byte	0
 858 0016 0B       		.uleb128 0xb
 859 0017 0B       		.uleb128 0xb
ARM GAS  C:\Users\GYULAI~1\AppData\Local\Temp\ccw6JW2o.s 			page 18


 860 0018 3E       		.uleb128 0x3e
 861 0019 0B       		.uleb128 0xb
 862 001a 03       		.uleb128 0x3
 863 001b 0E       		.uleb128 0xe
 864 001c 00       		.byte	0
 865 001d 00       		.byte	0
 866 001e 03       		.uleb128 0x3
 867 001f 16       		.uleb128 0x16
 868 0020 00       		.byte	0
 869 0021 03       		.uleb128 0x3
 870 0022 0E       		.uleb128 0xe
 871 0023 3A       		.uleb128 0x3a
 872 0024 0B       		.uleb128 0xb
 873 0025 3B       		.uleb128 0x3b
 874 0026 0B       		.uleb128 0xb
 875 0027 49       		.uleb128 0x49
 876 0028 13       		.uleb128 0x13
 877 0029 00       		.byte	0
 878 002a 00       		.byte	0
 879 002b 04       		.uleb128 0x4
 880 002c 24       		.uleb128 0x24
 881 002d 00       		.byte	0
 882 002e 0B       		.uleb128 0xb
 883 002f 0B       		.uleb128 0xb
 884 0030 3E       		.uleb128 0x3e
 885 0031 0B       		.uleb128 0xb
 886 0032 03       		.uleb128 0x3
 887 0033 08       		.uleb128 0x8
 888 0034 00       		.byte	0
 889 0035 00       		.byte	0
 890 0036 05       		.uleb128 0x5
 891 0037 2E       		.uleb128 0x2e
 892 0038 01       		.byte	0x1
 893 0039 3F       		.uleb128 0x3f
 894 003a 19       		.uleb128 0x19
 895 003b 03       		.uleb128 0x3
 896 003c 0E       		.uleb128 0xe
 897 003d 3A       		.uleb128 0x3a
 898 003e 0B       		.uleb128 0xb
 899 003f 3B       		.uleb128 0x3b
 900 0040 0B       		.uleb128 0xb
 901 0041 27       		.uleb128 0x27
 902 0042 19       		.uleb128 0x19
 903 0043 11       		.uleb128 0x11
 904 0044 01       		.uleb128 0x1
 905 0045 12       		.uleb128 0x12
 906 0046 06       		.uleb128 0x6
 907 0047 40       		.uleb128 0x40
 908 0048 18       		.uleb128 0x18
 909 0049 9742     		.uleb128 0x2117
 910 004b 19       		.uleb128 0x19
 911 004c 01       		.uleb128 0x1
 912 004d 13       		.uleb128 0x13
 913 004e 00       		.byte	0
 914 004f 00       		.byte	0
 915 0050 06       		.uleb128 0x6
 916 0051 898201   		.uleb128 0x4109
ARM GAS  C:\Users\GYULAI~1\AppData\Local\Temp\ccw6JW2o.s 			page 19


 917 0054 00       		.byte	0
 918 0055 11       		.uleb128 0x11
 919 0056 01       		.uleb128 0x1
 920 0057 31       		.uleb128 0x31
 921 0058 13       		.uleb128 0x13
 922 0059 00       		.byte	0
 923 005a 00       		.byte	0
 924 005b 07       		.uleb128 0x7
 925 005c 2E       		.uleb128 0x2e
 926 005d 01       		.byte	0x1
 927 005e 3F       		.uleb128 0x3f
 928 005f 19       		.uleb128 0x19
 929 0060 03       		.uleb128 0x3
 930 0061 0E       		.uleb128 0xe
 931 0062 3A       		.uleb128 0x3a
 932 0063 0B       		.uleb128 0xb
 933 0064 3B       		.uleb128 0x3b
 934 0065 0B       		.uleb128 0xb
 935 0066 27       		.uleb128 0x27
 936 0067 19       		.uleb128 0x19
 937 0068 49       		.uleb128 0x49
 938 0069 13       		.uleb128 0x13
 939 006a 11       		.uleb128 0x11
 940 006b 01       		.uleb128 0x1
 941 006c 12       		.uleb128 0x12
 942 006d 06       		.uleb128 0x6
 943 006e 40       		.uleb128 0x40
 944 006f 18       		.uleb128 0x18
 945 0070 9742     		.uleb128 0x2117
 946 0072 19       		.uleb128 0x19
 947 0073 01       		.uleb128 0x1
 948 0074 13       		.uleb128 0x13
 949 0075 00       		.byte	0
 950 0076 00       		.byte	0
 951 0077 08       		.uleb128 0x8
 952 0078 05       		.uleb128 0x5
 953 0079 00       		.byte	0
 954 007a 03       		.uleb128 0x3
 955 007b 0E       		.uleb128 0xe
 956 007c 3A       		.uleb128 0x3a
 957 007d 0B       		.uleb128 0xb
 958 007e 3B       		.uleb128 0x3b
 959 007f 0B       		.uleb128 0xb
 960 0080 49       		.uleb128 0x49
 961 0081 13       		.uleb128 0x13
 962 0082 02       		.uleb128 0x2
 963 0083 17       		.uleb128 0x17
 964 0084 00       		.byte	0
 965 0085 00       		.byte	0
 966 0086 09       		.uleb128 0x9
 967 0087 0B       		.uleb128 0xb
 968 0088 01       		.byte	0x1
 969 0089 11       		.uleb128 0x11
 970 008a 01       		.uleb128 0x1
 971 008b 12       		.uleb128 0x12
 972 008c 06       		.uleb128 0x6
 973 008d 00       		.byte	0
ARM GAS  C:\Users\GYULAI~1\AppData\Local\Temp\ccw6JW2o.s 			page 20


 974 008e 00       		.byte	0
 975 008f 0A       		.uleb128 0xa
 976 0090 34       		.uleb128 0x34
 977 0091 00       		.byte	0
 978 0092 03       		.uleb128 0x3
 979 0093 08       		.uleb128 0x8
 980 0094 3A       		.uleb128 0x3a
 981 0095 0B       		.uleb128 0xb
 982 0096 3B       		.uleb128 0x3b
 983 0097 0B       		.uleb128 0xb
 984 0098 49       		.uleb128 0x49
 985 0099 13       		.uleb128 0x13
 986 009a 02       		.uleb128 0x2
 987 009b 17       		.uleb128 0x17
 988 009c 00       		.byte	0
 989 009d 00       		.byte	0
 990 009e 0B       		.uleb128 0xb
 991 009f 0F       		.uleb128 0xf
 992 00a0 00       		.byte	0
 993 00a1 0B       		.uleb128 0xb
 994 00a2 0B       		.uleb128 0xb
 995 00a3 49       		.uleb128 0x49
 996 00a4 13       		.uleb128 0x13
 997 00a5 00       		.byte	0
 998 00a6 00       		.byte	0
 999 00a7 0C       		.uleb128 0xc
 1000 00a8 898201   		.uleb128 0x4109
 1001 00ab 01       		.byte	0x1
 1002 00ac 11       		.uleb128 0x11
 1003 00ad 01       		.uleb128 0x1
 1004 00ae 31       		.uleb128 0x31
 1005 00af 13       		.uleb128 0x13
 1006 00b0 00       		.byte	0
 1007 00b1 00       		.byte	0
 1008 00b2 0D       		.uleb128 0xd
 1009 00b3 8A8201   		.uleb128 0x410a
 1010 00b6 00       		.byte	0
 1011 00b7 02       		.uleb128 0x2
 1012 00b8 18       		.uleb128 0x18
 1013 00b9 9142     		.uleb128 0x2111
 1014 00bb 18       		.uleb128 0x18
 1015 00bc 00       		.byte	0
 1016 00bd 00       		.byte	0
 1017 00be 0E       		.uleb128 0xe
 1018 00bf 26       		.uleb128 0x26
 1019 00c0 00       		.byte	0
 1020 00c1 49       		.uleb128 0x49
 1021 00c2 13       		.uleb128 0x13
 1022 00c3 00       		.byte	0
 1023 00c4 00       		.byte	0
 1024 00c5 0F       		.uleb128 0xf
 1025 00c6 05       		.uleb128 0x5
 1026 00c7 00       		.byte	0
 1027 00c8 03       		.uleb128 0x3
 1028 00c9 08       		.uleb128 0x8
 1029 00ca 3A       		.uleb128 0x3a
 1030 00cb 0B       		.uleb128 0xb
ARM GAS  C:\Users\GYULAI~1\AppData\Local\Temp\ccw6JW2o.s 			page 21


 1031 00cc 3B       		.uleb128 0x3b
 1032 00cd 0B       		.uleb128 0xb
 1033 00ce 49       		.uleb128 0x49
 1034 00cf 13       		.uleb128 0x13
 1035 00d0 02       		.uleb128 0x2
 1036 00d1 17       		.uleb128 0x17
 1037 00d2 00       		.byte	0
 1038 00d3 00       		.byte	0
 1039 00d4 10       		.uleb128 0x10
 1040 00d5 2E       		.uleb128 0x2e
 1041 00d6 00       		.byte	0
 1042 00d7 3F       		.uleb128 0x3f
 1043 00d8 19       		.uleb128 0x19
 1044 00d9 3C       		.uleb128 0x3c
 1045 00da 19       		.uleb128 0x19
 1046 00db 6E       		.uleb128 0x6e
 1047 00dc 0E       		.uleb128 0xe
 1048 00dd 03       		.uleb128 0x3
 1049 00de 0E       		.uleb128 0xe
 1050 00df 3A       		.uleb128 0x3a
 1051 00e0 0B       		.uleb128 0xb
 1052 00e1 3B       		.uleb128 0x3b
 1053 00e2 0B       		.uleb128 0xb
 1054 00e3 00       		.byte	0
 1055 00e4 00       		.byte	0
 1056 00e5 00       		.byte	0
 1057              		.section	.debug_loc,"",%progbits
 1058              	.Ldebug_loc0:
 1059              	.LLST0:
 1060 0000 00000000 		.4byte	.LVL3
 1061 0004 10000000 		.4byte	.LVL5
 1062 0008 0100     		.2byte	0x1
 1063 000a 50       		.byte	0x50
 1064 000b 10000000 		.4byte	.LVL5
 1065 000f 2A000000 		.4byte	.LFE3
 1066 0013 0100     		.2byte	0x1
 1067 0015 57       		.byte	0x57
 1068 0016 00000000 		.4byte	0
 1069 001a 00000000 		.4byte	0
 1070              	.LLST1:
 1071 001e 00000000 		.4byte	.LVL3
 1072 0022 10000000 		.4byte	.LVL5
 1073 0026 0600     		.2byte	0x6
 1074 0028 52       		.byte	0x52
 1075 0029 93       		.byte	0x93
 1076 002a 04       		.uleb128 0x4
 1077 002b 53       		.byte	0x53
 1078 002c 93       		.byte	0x93
 1079 002d 04       		.uleb128 0x4
 1080 002e 10000000 		.4byte	.LVL5
 1081 0032 2A000000 		.4byte	.LFE3
 1082 0036 0600     		.2byte	0x6
 1083 0038 F3       		.byte	0xf3
 1084 0039 03       		.uleb128 0x3
 1085 003a F5       		.byte	0xf5
 1086 003b 02       		.uleb128 0x2
 1087 003c 25       		.uleb128 0x25
ARM GAS  C:\Users\GYULAI~1\AppData\Local\Temp\ccw6JW2o.s 			page 22


 1088 003d 9F       		.byte	0x9f
 1089 003e 00000000 		.4byte	0
 1090 0042 00000000 		.4byte	0
 1091              	.LLST2:
 1092 0046 0A000000 		.4byte	.LVL4
 1093 004a 10000000 		.4byte	.LVL5
 1094 004e 0A00     		.2byte	0xa
 1095 0050 9E       		.byte	0x9e
 1096 0051 08       		.uleb128 0x8
 1097 0052 00000000 		.8byte	0
 1097      00000000 
 1098 005a 10000000 		.4byte	.LVL5
 1099 005e 1A000000 		.4byte	.LVL7
 1100 0062 0600     		.2byte	0x6
 1101 0064 54       		.byte	0x54
 1102 0065 93       		.byte	0x93
 1103 0066 04       		.uleb128 0x4
 1104 0067 55       		.byte	0x55
 1105 0068 93       		.byte	0x93
 1106 0069 04       		.uleb128 0x4
 1107 006a 1E000000 		.4byte	.LVL8
 1108 006e 2A000000 		.4byte	.LFE3
 1109 0072 0600     		.2byte	0x6
 1110 0074 54       		.byte	0x54
 1111 0075 93       		.byte	0x93
 1112 0076 04       		.uleb128 0x4
 1113 0077 55       		.byte	0x55
 1114 0078 93       		.byte	0x93
 1115 0079 04       		.uleb128 0x4
 1116 007a 00000000 		.4byte	0
 1117 007e 00000000 		.4byte	0
 1118              	.LLST3:
 1119 0082 00000000 		.4byte	.LVL9
 1120 0086 05000000 		.4byte	.LVL10-1
 1121 008a 0100     		.2byte	0x1
 1122 008c 50       		.byte	0x50
 1123 008d 05000000 		.4byte	.LVL10-1
 1124 0091 08000000 		.4byte	.LFE4
 1125 0095 0400     		.2byte	0x4
 1126 0097 F3       		.byte	0xf3
 1127 0098 01       		.uleb128 0x1
 1128 0099 50       		.byte	0x50
 1129 009a 9F       		.byte	0x9f
 1130 009b 00000000 		.4byte	0
 1131 009f 00000000 		.4byte	0
 1132              	.LLST4:
 1133 00a3 00000000 		.4byte	.LVL9
 1134 00a7 05000000 		.4byte	.LVL10-1
 1135 00ab 0600     		.2byte	0x6
 1136 00ad 52       		.byte	0x52
 1137 00ae 93       		.byte	0x93
 1138 00af 04       		.uleb128 0x4
 1139 00b0 53       		.byte	0x53
 1140 00b1 93       		.byte	0x93
 1141 00b2 04       		.uleb128 0x4
 1142 00b3 05000000 		.4byte	.LVL10-1
 1143 00b7 08000000 		.4byte	.LFE4
ARM GAS  C:\Users\GYULAI~1\AppData\Local\Temp\ccw6JW2o.s 			page 23


 1144 00bb 0600     		.2byte	0x6
 1145 00bd F3       		.byte	0xf3
 1146 00be 03       		.uleb128 0x3
 1147 00bf F5       		.byte	0xf5
 1148 00c0 02       		.uleb128 0x2
 1149 00c1 25       		.uleb128 0x25
 1150 00c2 9F       		.byte	0x9f
 1151 00c3 00000000 		.4byte	0
 1152 00c7 00000000 		.4byte	0
 1153              	.LLST5:
 1154 00cb 00000000 		.4byte	.LVL12
 1155 00cf 07000000 		.4byte	.LVL13-1
 1156 00d3 0100     		.2byte	0x1
 1157 00d5 50       		.byte	0x50
 1158 00d6 07000000 		.4byte	.LVL13-1
 1159 00da 0C000000 		.4byte	.LVL14
 1160 00de 0100     		.2byte	0x1
 1161 00e0 54       		.byte	0x54
 1162 00e1 0C000000 		.4byte	.LVL14
 1163 00e5 14000000 		.4byte	.LVL16
 1164 00e9 0100     		.2byte	0x1
 1165 00eb 55       		.byte	0x55
 1166 00ec 14000000 		.4byte	.LVL16
 1167 00f0 1E000000 		.4byte	.LFE6
 1168 00f4 0100     		.2byte	0x1
 1169 00f6 54       		.byte	0x54
 1170 00f7 00000000 		.4byte	0
 1171 00fb 00000000 		.4byte	0
 1172              	.LLST6:
 1173 00ff 08000000 		.4byte	.LVL13
 1174 0103 11000000 		.4byte	.LVL15-1
 1175 0107 0100     		.2byte	0x1
 1176 0109 50       		.byte	0x50
 1177 010a 12000000 		.4byte	.LVL15
 1178 010e 1E000000 		.4byte	.LFE6
 1179 0112 0100     		.2byte	0x1
 1180 0114 50       		.byte	0x50
 1181 0115 00000000 		.4byte	0
 1182 0119 00000000 		.4byte	0
 1183              	.LLST7:
 1184 011d 00000000 		.4byte	.LVL17
 1185 0121 05000000 		.4byte	.LVL18-1
 1186 0125 0100     		.2byte	0x1
 1187 0127 50       		.byte	0x50
 1188 0128 05000000 		.4byte	.LVL18-1
 1189 012c 08000000 		.4byte	.LFE7
 1190 0130 0400     		.2byte	0x4
 1191 0132 F3       		.byte	0xf3
 1192 0133 01       		.uleb128 0x1
 1193 0134 50       		.byte	0x50
 1194 0135 9F       		.byte	0x9f
 1195 0136 00000000 		.4byte	0
 1196 013a 00000000 		.4byte	0
 1197              	.LLST8:
 1198 013e 00000000 		.4byte	.LVL19
 1199 0142 10000000 		.4byte	.LVL21
 1200 0146 0100     		.2byte	0x1
ARM GAS  C:\Users\GYULAI~1\AppData\Local\Temp\ccw6JW2o.s 			page 24


 1201 0148 50       		.byte	0x50
 1202 0149 10000000 		.4byte	.LVL21
 1203 014d 2C000000 		.4byte	.LFE8
 1204 0151 0100     		.2byte	0x1
 1205 0153 58       		.byte	0x58
 1206 0154 00000000 		.4byte	0
 1207 0158 00000000 		.4byte	0
 1208              	.LLST9:
 1209 015c 00000000 		.4byte	.LVL19
 1210 0160 10000000 		.4byte	.LVL21
 1211 0164 0600     		.2byte	0x6
 1212 0166 52       		.byte	0x52
 1213 0167 93       		.byte	0x93
 1214 0168 04       		.uleb128 0x4
 1215 0169 53       		.byte	0x53
 1216 016a 93       		.byte	0x93
 1217 016b 04       		.uleb128 0x4
 1218 016c 10000000 		.4byte	.LVL21
 1219 0170 2C000000 		.4byte	.LFE8
 1220 0174 0600     		.2byte	0x6
 1221 0176 F3       		.byte	0xf3
 1222 0177 03       		.uleb128 0x3
 1223 0178 F5       		.byte	0xf5
 1224 0179 02       		.uleb128 0x2
 1225 017a 25       		.uleb128 0x25
 1226 017b 9F       		.byte	0x9f
 1227 017c 00000000 		.4byte	0
 1228 0180 00000000 		.4byte	0
 1229              	.LLST10:
 1230 0184 0A000000 		.4byte	.LVL20
 1231 0188 10000000 		.4byte	.LVL21
 1232 018c 0A00     		.2byte	0xa
 1233 018e 9E       		.byte	0x9e
 1234 018f 08       		.uleb128 0x8
 1235 0190 00000000 		.8byte	0
 1235      00000000 
 1236 0198 10000000 		.4byte	.LVL21
 1237 019c 1C000000 		.4byte	.LVL23
 1238 01a0 0600     		.2byte	0x6
 1239 01a2 54       		.byte	0x54
 1240 01a3 93       		.byte	0x93
 1241 01a4 04       		.uleb128 0x4
 1242 01a5 55       		.byte	0x55
 1243 01a6 93       		.byte	0x93
 1244 01a7 04       		.uleb128 0x4
 1245 01a8 20000000 		.4byte	.LVL24
 1246 01ac 2C000000 		.4byte	.LFE8
 1247 01b0 0600     		.2byte	0x6
 1248 01b2 54       		.byte	0x54
 1249 01b3 93       		.byte	0x93
 1250 01b4 04       		.uleb128 0x4
 1251 01b5 55       		.byte	0x55
 1252 01b6 93       		.byte	0x93
 1253 01b7 04       		.uleb128 0x4
 1254 01b8 00000000 		.4byte	0
 1255 01bc 00000000 		.4byte	0
 1256              	.LLST11:
ARM GAS  C:\Users\GYULAI~1\AppData\Local\Temp\ccw6JW2o.s 			page 25


 1257 01c0 00000000 		.4byte	.LVL25
 1258 01c4 05000000 		.4byte	.LVL26-1
 1259 01c8 0100     		.2byte	0x1
 1260 01ca 50       		.byte	0x50
 1261 01cb 05000000 		.4byte	.LVL26-1
 1262 01cf 08000000 		.4byte	.LFE9
 1263 01d3 0400     		.2byte	0x4
 1264 01d5 F3       		.byte	0xf3
 1265 01d6 01       		.uleb128 0x1
 1266 01d7 50       		.byte	0x50
 1267 01d8 9F       		.byte	0x9f
 1268 01d9 00000000 		.4byte	0
 1269 01dd 00000000 		.4byte	0
 1270              	.LLST12:
 1271 01e1 00000000 		.4byte	.LVL25
 1272 01e5 05000000 		.4byte	.LVL26-1
 1273 01e9 0600     		.2byte	0x6
 1274 01eb 52       		.byte	0x52
 1275 01ec 93       		.byte	0x93
 1276 01ed 04       		.uleb128 0x4
 1277 01ee 53       		.byte	0x53
 1278 01ef 93       		.byte	0x93
 1279 01f0 04       		.uleb128 0x4
 1280 01f1 05000000 		.4byte	.LVL26-1
 1281 01f5 08000000 		.4byte	.LFE9
 1282 01f9 0600     		.2byte	0x6
 1283 01fb F3       		.byte	0xf3
 1284 01fc 03       		.uleb128 0x3
 1285 01fd F5       		.byte	0xf5
 1286 01fe 02       		.uleb128 0x2
 1287 01ff 25       		.uleb128 0x25
 1288 0200 9F       		.byte	0x9f
 1289 0201 00000000 		.4byte	0
 1290 0205 00000000 		.4byte	0
 1291              	.LLST13:
 1292 0209 00000000 		.4byte	.LVL27
 1293 020d 05000000 		.4byte	.LVL28-1
 1294 0211 0100     		.2byte	0x1
 1295 0213 50       		.byte	0x50
 1296 0214 05000000 		.4byte	.LVL28-1
 1297 0218 08000000 		.4byte	.LFE10
 1298 021c 0400     		.2byte	0x4
 1299 021e F3       		.byte	0xf3
 1300 021f 01       		.uleb128 0x1
 1301 0220 50       		.byte	0x50
 1302 0221 9F       		.byte	0x9f
 1303 0222 00000000 		.4byte	0
 1304 0226 00000000 		.4byte	0
 1305              	.LLST14:
 1306 022a 00000000 		.4byte	.LVL29
 1307 022e 06000000 		.4byte	.LVL30
 1308 0232 0100     		.2byte	0x1
 1309 0234 50       		.byte	0x50
 1310 0235 06000000 		.4byte	.LVL30
 1311 0239 18000000 		.4byte	.LFE11
 1312 023d 0100     		.2byte	0x1
 1313 023f 54       		.byte	0x54
ARM GAS  C:\Users\GYULAI~1\AppData\Local\Temp\ccw6JW2o.s 			page 26


 1314 0240 00000000 		.4byte	0
 1315 0244 00000000 		.4byte	0
 1316              		.section	.debug_aranges,"",%progbits
 1317 0000 74000000 		.4byte	0x74
 1318 0004 0200     		.2byte	0x2
 1319 0006 00000000 		.4byte	.Ldebug_info0
 1320 000a 04       		.byte	0x4
 1321 000b 00       		.byte	0
 1322 000c 0000     		.2byte	0
 1323 000e 0000     		.2byte	0
 1324 0010 00000000 		.4byte	.LFB0
 1325 0014 08000000 		.4byte	.LFE0-.LFB0
 1326 0018 00000000 		.4byte	.LFB1
 1327 001c 08000000 		.4byte	.LFE1-.LFB1
 1328 0020 00000000 		.4byte	.LFB2
 1329 0024 08000000 		.4byte	.LFE2-.LFB2
 1330 0028 00000000 		.4byte	.LFB3
 1331 002c 2A000000 		.4byte	.LFE3-.LFB3
 1332 0030 00000000 		.4byte	.LFB4
 1333 0034 08000000 		.4byte	.LFE4-.LFB4
 1334 0038 00000000 		.4byte	.LFB5
 1335 003c 08000000 		.4byte	.LFE5-.LFB5
 1336 0040 00000000 		.4byte	.LFB6
 1337 0044 1E000000 		.4byte	.LFE6-.LFB6
 1338 0048 00000000 		.4byte	.LFB7
 1339 004c 08000000 		.4byte	.LFE7-.LFB7
 1340 0050 00000000 		.4byte	.LFB8
 1341 0054 2C000000 		.4byte	.LFE8-.LFB8
 1342 0058 00000000 		.4byte	.LFB9
 1343 005c 08000000 		.4byte	.LFE9-.LFB9
 1344 0060 00000000 		.4byte	.LFB10
 1345 0064 08000000 		.4byte	.LFE10-.LFB10
 1346 0068 00000000 		.4byte	.LFB11
 1347 006c 18000000 		.4byte	.LFE11-.LFB11
 1348 0070 00000000 		.4byte	0
 1349 0074 00000000 		.4byte	0
 1350              		.section	.debug_ranges,"",%progbits
 1351              	.Ldebug_ranges0:
 1352 0000 00000000 		.4byte	.LFB0
 1353 0004 08000000 		.4byte	.LFE0
 1354 0008 00000000 		.4byte	.LFB1
 1355 000c 08000000 		.4byte	.LFE1
 1356 0010 00000000 		.4byte	.LFB2
 1357 0014 08000000 		.4byte	.LFE2
 1358 0018 00000000 		.4byte	.LFB3
 1359 001c 2A000000 		.4byte	.LFE3
 1360 0020 00000000 		.4byte	.LFB4
 1361 0024 08000000 		.4byte	.LFE4
 1362 0028 00000000 		.4byte	.LFB5
 1363 002c 08000000 		.4byte	.LFE5
 1364 0030 00000000 		.4byte	.LFB6
 1365 0034 1E000000 		.4byte	.LFE6
 1366 0038 00000000 		.4byte	.LFB7
 1367 003c 08000000 		.4byte	.LFE7
 1368 0040 00000000 		.4byte	.LFB8
 1369 0044 2C000000 		.4byte	.LFE8
 1370 0048 00000000 		.4byte	.LFB9
ARM GAS  C:\Users\GYULAI~1\AppData\Local\Temp\ccw6JW2o.s 			page 27


 1371 004c 08000000 		.4byte	.LFE9
 1372 0050 00000000 		.4byte	.LFB10
 1373 0054 08000000 		.4byte	.LFE10
 1374 0058 00000000 		.4byte	.LFB11
 1375 005c 18000000 		.4byte	.LFE11
 1376 0060 00000000 		.4byte	0
 1377 0064 00000000 		.4byte	0
 1378              		.section	.debug_line,"",%progbits
 1379              	.Ldebug_line0:
 1380 0000 0D020000 		.section	.debug_str,"MS",%progbits,1
 1380      02001001 
 1380      00000201 
 1380      FB0E0D00 
 1380      01010101 
 1381              	.LASF28:
 1382 0000 72686561 		.ascii	"rhea_uart_WriteBytes\000"
 1382      5F756172 
 1382      745F5772 
 1382      69746542 
 1382      79746573 
 1383              	.LASF8:
 1384 0015 5F5F7569 		.ascii	"__uint8_t\000"
 1384      6E74385F 
 1384      7400
 1385              	.LASF20:
 1386 001f 62756666 		.ascii	"buffer\000"
 1386      657200
 1387              	.LASF32:
 1388 0026 72686561 		.ascii	"rhea_uart_initialize_impl\000"
 1388      5F756172 
 1388      745F696E 
 1388      69746961 
 1388      6C697A65 
 1389              	.LASF18:
 1390 0040 636F756E 		.ascii	"count\000"
 1390      7400
 1391              	.LASF22:
 1392 0046 72686561 		.ascii	"rhea_uart_ReadChar\000"
 1392      5F756172 
 1392      745F5265 
 1392      61644368 
 1392      617200
 1393              	.LASF12:
 1394 0059 75696E74 		.ascii	"uint64_t\000"
 1394      36345F74 
 1394      00
 1395              	.LASF16:
 1396 0062 72686561 		.ascii	"rhea_uart_ReadBytes\000"
 1396      5F756172 
 1396      745F5265 
 1396      61644279 
 1396      74657300 
 1397              	.LASF30:
 1398 0076 72686561 		.ascii	"rhea_uart_WriteChar\000"
 1398      5F756172 
 1398      745F5772 
 1398      69746543 
ARM GAS  C:\Users\GYULAI~1\AppData\Local\Temp\ccw6JW2o.s 			page 28


 1398      68617200 
 1399              	.LASF38:
 1400 008a 453A5C43 		.ascii	"E:\\Cypress\\Projects\\RheaWorkspace\\Rhea.cydsn\000"
 1400      79707265 
 1400      73735C50 
 1400      726F6A65 
 1400      6374735C 
 1401              	.LASF31:
 1402 00b7 72686561 		.ascii	"rhea_uart_WriteString\000"
 1402      5F756172 
 1402      745F5772 
 1402      69746553 
 1402      7472696E 
 1403              	.LASF19:
 1404 00cd 72686561 		.ascii	"rhea_uart_ReadBuffer\000"
 1404      5F756172 
 1404      745F5265 
 1404      61644275 
 1404      66666572 
 1405              	.LASF2:
 1406 00e2 756E7369 		.ascii	"unsigned char\000"
 1406      676E6564 
 1406      20636861 
 1406      7200
 1407              	.LASF36:
 1408 00f0 474E5520 		.ascii	"GNU C11 5.4.1 20160609 (release) [ARM/embedded-5-br"
 1408      43313120 
 1408      352E342E 
 1408      31203230 
 1408      31363036 
 1409 0123 616E6368 		.ascii	"anch revision 237715] -mcpu=cortex-m3 -mthumb -g -O"
 1409      20726576 
 1409      6973696F 
 1409      6E203233 
 1409      37373135 
 1410 0156 67202D66 		.ascii	"g -ffunction-sections -ffat-lto-objects\000"
 1410      66756E63 
 1410      74696F6E 
 1410      2D736563 
 1410      74696F6E 
 1411              	.LASF6:
 1412 017e 6C6F6E67 		.ascii	"long unsigned int\000"
 1412      20756E73 
 1412      69676E65 
 1412      6420696E 
 1412      7400
 1413              	.LASF4:
 1414 0190 73686F72 		.ascii	"short unsigned int\000"
 1414      7420756E 
 1414      7369676E 
 1414      65642069 
 1414      6E7400
 1415              	.LASF37:
 1416 01a3 72686561 		.ascii	"rhea\\uart\\uart_rhea.c\000"
 1416      5C756172 
 1416      745C7561 
 1416      72745F72 
ARM GAS  C:\Users\GYULAI~1\AppData\Local\Temp\ccw6JW2o.s 			page 29


 1416      6865612E 
 1417              	.LASF15:
 1418 01b9 72686561 		.ascii	"rhea_uart_Initialize\000"
 1418      5F756172 
 1418      745F496E 
 1418      69746961 
 1418      6C697A65 
 1419              	.LASF10:
 1420 01ce 756E7369 		.ascii	"unsigned int\000"
 1420      676E6564 
 1420      20696E74 
 1420      00
 1421              	.LASF0:
 1422 01db 6C6F6E67 		.ascii	"long long unsigned int\000"
 1422      206C6F6E 
 1422      6720756E 
 1422      7369676E 
 1422      65642069 
 1423              	.LASF11:
 1424 01f2 75696E74 		.ascii	"uint8_t\000"
 1424      385F7400 
 1425              	.LASF35:
 1426 01fa 72686561 		.ascii	"rhea_uart_writeByte_impl\000"
 1426      5F756172 
 1426      745F7772 
 1426      69746542 
 1426      7974655F 
 1427              	.LASF34:
 1428 0213 72686561 		.ascii	"rhea_uart_readByte_impl\000"
 1428      5F756172 
 1428      745F7265 
 1428      61644279 
 1428      74655F69 
 1429              	.LASF24:
 1430 022b 72686561 		.ascii	"rhea_uart_ReadString\000"
 1430      5F756172 
 1430      745F5265 
 1430      61645374 
 1430      72696E67 
 1431              	.LASF13:
 1432 0240 72686561 		.ascii	"rhea_uart_BytesAvailable\000"
 1432      5F756172 
 1432      745F4279 
 1432      74657341 
 1432      7661696C 
 1433              	.LASF7:
 1434 0259 6C6F6E67 		.ascii	"long long int\000"
 1434      206C6F6E 
 1434      6720696E 
 1434      7400
 1435              	.LASF23:
 1436 0267 63686172 		.ascii	"char\000"
 1436      00
 1437              	.LASF14:
 1438 026c 72686561 		.ascii	"rhea_uart_ReadByte\000"
 1438      5F756172 
 1438      745F5265 
ARM GAS  C:\Users\GYULAI~1\AppData\Local\Temp\ccw6JW2o.s 			page 30


 1438      61644279 
 1438      746500
 1439              	.LASF3:
 1440 027f 73686F72 		.ascii	"short int\000"
 1440      7420696E 
 1440      7400
 1441              	.LASF27:
 1442 0289 62797465 		.ascii	"byte\000"
 1442      00
 1443              	.LASF9:
 1444 028e 5F5F7569 		.ascii	"__uint64_t\000"
 1444      6E743634 
 1444      5F7400
 1445              	.LASF26:
 1446 0299 72686561 		.ascii	"rhea_uart_WriteByte\000"
 1446      5F756172 
 1446      745F5772 
 1446      69746542 
 1446      79746500 
 1447              	.LASF29:
 1448 02ad 72686561 		.ascii	"rhea_uart_WriteBuffer\000"
 1448      5F756172 
 1448      745F5772 
 1448      69746542 
 1448      75666665 
 1449              	.LASF5:
 1450 02c3 6C6F6E67 		.ascii	"long int\000"
 1450      20696E74 
 1450      00
 1451              	.LASF17:
 1452 02cc 62797465 		.ascii	"bytes\000"
 1452      7300
 1453              	.LASF33:
 1454 02d2 72686561 		.ascii	"rhea_uart_bytesAvailable_impl\000"
 1454      5F756172 
 1454      745F6279 
 1454      74657341 
 1454      7661696C 
 1455              	.LASF1:
 1456 02f0 7369676E 		.ascii	"signed char\000"
 1456      65642063 
 1456      68617200 
 1457              	.LASF21:
 1458 02fc 73697A65 		.ascii	"size\000"
 1458      00
 1459              	.LASF25:
 1460 0301 73747269 		.ascii	"string\000"
 1460      6E6700
 1461              		.ident	"GCC: (GNU Tools for ARM Embedded Processors) 5.4.1 20160609 (release) [ARM/embedded-5-bran
