ARM GAS  C:\Users\GYULAI~1\AppData\Local\Temp\ccVfgBli.s 			page 1


   1              		.syntax unified
   2              		.cpu cortex-m3
   3              		.fpu softvfp
   4              		.eabi_attribute 20, 1
   5              		.eabi_attribute 21, 1
   6              		.eabi_attribute 23, 3
   7              		.eabi_attribute 24, 1
   8              		.eabi_attribute 25, 1
   9              		.eabi_attribute 26, 1
  10              		.eabi_attribute 30, 1
  11              		.eabi_attribute 34, 1
  12              		.eabi_attribute 18, 4
  13              		.thumb
  14              		.syntax unified
  15              		.file	"uart_impl.c"
  16              		.text
  17              	.Ltext0:
  18              		.cfi_sections	.debug_frame
  19              		.section	.text.rhea_uart_initialize_impl,"ax",%progbits
  20              		.align	2
  21              		.global	rhea_uart_initialize_impl
  22              		.thumb
  23              		.thumb_func
  24              		.type	rhea_uart_initialize_impl, %function
  25              	rhea_uart_initialize_impl:
  26              	.LFB63:
  27              		.file 1 "rhea\\uart\\uart_impl.c"
   1:rhea\uart/uart_impl.c **** /*********************************************************************************
   2:rhea\uart/uart_impl.c ****  * Copyright (c) 2020 Peter Gyulai
   3:rhea\uart/uart_impl.c ****  *
   4:rhea\uart/uart_impl.c ****  * Permission is hereby granted, free of charge, to any person obtaining a copy
   5:rhea\uart/uart_impl.c ****  * of this software and associated documentation files (the "Software"), to deal
   6:rhea\uart/uart_impl.c ****  * in the Software without restriction, including without limitation the rights
   7:rhea\uart/uart_impl.c ****  * to use, copy, modify, merge, publish, distribute, sublicense, and/or sell
   8:rhea\uart/uart_impl.c ****  * copies of the Software, and to permit persons to whom the Software is
   9:rhea\uart/uart_impl.c ****  * furnished to do so, subject to the following conditions:
  10:rhea\uart/uart_impl.c ****  *
  11:rhea\uart/uart_impl.c ****  * The above copyright notice and this permission notice shall be included in all
  12:rhea\uart/uart_impl.c ****  * copies or substantial portions of the Software.
  13:rhea\uart/uart_impl.c ****  *
  14:rhea\uart/uart_impl.c ****  * THE SOFTWARE IS PROVIDED "AS IS", WITHOUT WARRANTY OF ANY KIND,
  15:rhea\uart/uart_impl.c ****  * EXPRESS OR IMPLIED, INCLUDING BUT NOT LIMITED TO THE WARRANTIES OF
  16:rhea\uart/uart_impl.c ****  * MERCHANTABILITY, FITNESS FOR A PARTICULAR PURPOSE AND NONINFRINGEMENT.
  17:rhea\uart/uart_impl.c ****  * IN NO EVENT SHALL THE AUTHORS OR COPYRIGHT HOLDERS BE LIABLE FOR ANY CLAIM,
  18:rhea\uart/uart_impl.c ****  * DAMAGES OR OTHER LIABILITY, WHETHER IN AN ACTION OF CONTRACT, TORT OR
  19:rhea\uart/uart_impl.c ****  * OTHERWISE, ARISING FROM, OUT OF OR IN CONNECTION WITH THE SOFTWARE OR THE USE
  20:rhea\uart/uart_impl.c ****  * OR OTHER DEALINGS IN THE SOFTWARE.
  21:rhea\uart/uart_impl.c **** **********************************************************************************/
  22:rhea\uart/uart_impl.c **** 
  23:rhea\uart/uart_impl.c **** /**
  24:rhea\uart/uart_impl.c ****  * @file    uart_impl.c
  25:rhea\uart/uart_impl.c ****  * @author  Peter Gyulai
  26:rhea\uart/uart_impl.c ****  * @version 1.0.0
  27:rhea\uart/uart_impl.c ****  * @date    2020.04.20
  28:rhea\uart/uart_impl.c ****  * @brief   UART driver implementation.
  29:rhea\uart/uart_impl.c ****  * @details
  30:rhea\uart/uart_impl.c ****  * This file contains the UART driver implementation. Implement the driver 
ARM GAS  C:\Users\GYULAI~1\AppData\Local\Temp\ccVfgBli.s 			page 2


  31:rhea\uart/uart_impl.c ****  * functionality here when porting to a new target microcontroller.
  32:rhea\uart/uart_impl.c ****  */
  33:rhea\uart/uart_impl.c **** 
  34:rhea\uart/uart_impl.c **** // Including global configuration
  35:rhea\uart/uart_impl.c **** #include "../rhea_config.h"
  36:rhea\uart/uart_impl.c **** 
  37:rhea\uart/uart_impl.c **** // Including necessary headers
  38:rhea\uart/uart_impl.c **** #include "uart_impl.h"
  39:rhea\uart/uart_impl.c **** 
  40:rhea\uart/uart_impl.c **** 
  41:rhea\uart/uart_impl.c **** // Implementation for PSoC5LP target
  42:rhea\uart/uart_impl.c **** #if defined(RHEA_TARGET_PSOC5LP)
  43:rhea\uart/uart_impl.c **** 
  44:rhea\uart/uart_impl.c ****     // Including generated source
  45:rhea\uart/uart_impl.c ****     #include "project.h"
  46:rhea\uart/uart_impl.c ****     
  47:rhea\uart/uart_impl.c ****     void rhea_uart_initialize_impl(void) {
  28              		.loc 1 47 0
  29              		.cfi_startproc
  30              		@ args = 0, pretend = 0, frame = 0
  31              		@ frame_needed = 0, uses_anonymous_args = 0
  32 0000 08B5     		push	{r3, lr}
  33              		.cfi_def_cfa_offset 8
  34              		.cfi_offset 3, -8
  35              		.cfi_offset 14, -4
  48:rhea\uart/uart_impl.c ****         UART_Start();
  36              		.loc 1 48 0
  37 0002 FFF7FEFF 		bl	UART_Start
  38              	.LVL0:
  39 0006 08BD     		pop	{r3, pc}
  40              		.cfi_endproc
  41              	.LFE63:
  42              		.size	rhea_uart_initialize_impl, .-rhea_uart_initialize_impl
  43              		.section	.text.rhea_uart_bytesAvailable_impl,"ax",%progbits
  44              		.align	2
  45              		.global	rhea_uart_bytesAvailable_impl
  46              		.thumb
  47              		.thumb_func
  48              		.type	rhea_uart_bytesAvailable_impl, %function
  49              	rhea_uart_bytesAvailable_impl:
  50              	.LFB64:
  49:rhea\uart/uart_impl.c ****     }
  50:rhea\uart/uart_impl.c ****     
  51:rhea\uart/uart_impl.c ****     uint64_t rhea_uart_bytesAvailable_impl(void) {
  51              		.loc 1 51 0
  52              		.cfi_startproc
  53              		@ args = 0, pretend = 0, frame = 0
  54              		@ frame_needed = 0, uses_anonymous_args = 0
  55 0000 08B5     		push	{r3, lr}
  56              		.cfi_def_cfa_offset 8
  57              		.cfi_offset 3, -8
  58              		.cfi_offset 14, -4
  52:rhea\uart/uart_impl.c ****         return UART_GetRxBufferSize();   
  59              		.loc 1 52 0
  60 0002 FFF7FEFF 		bl	UART_GetRxBufferSize
  61              	.LVL1:
  53:rhea\uart/uart_impl.c ****     }
ARM GAS  C:\Users\GYULAI~1\AppData\Local\Temp\ccVfgBli.s 			page 3


  62              		.loc 1 53 0
  63 0006 C0B2     		uxtb	r0, r0
  64 0008 0021     		movs	r1, #0
  65 000a 08BD     		pop	{r3, pc}
  66              		.cfi_endproc
  67              	.LFE64:
  68              		.size	rhea_uart_bytesAvailable_impl, .-rhea_uart_bytesAvailable_impl
  69              		.section	.text.rhea_uart_readByte_impl,"ax",%progbits
  70              		.align	2
  71              		.global	rhea_uart_readByte_impl
  72              		.thumb
  73              		.thumb_func
  74              		.type	rhea_uart_readByte_impl, %function
  75              	rhea_uart_readByte_impl:
  76              	.LFB65:
  54:rhea\uart/uart_impl.c **** 
  55:rhea\uart/uart_impl.c ****     uint8_t rhea_uart_readByte_impl(void) {
  77              		.loc 1 55 0
  78              		.cfi_startproc
  79              		@ args = 0, pretend = 0, frame = 0
  80              		@ frame_needed = 0, uses_anonymous_args = 0
  81 0000 08B5     		push	{r3, lr}
  82              		.cfi_def_cfa_offset 8
  83              		.cfi_offset 3, -8
  84              		.cfi_offset 14, -4
  56:rhea\uart/uart_impl.c ****         return UART_GetChar();
  85              		.loc 1 56 0
  86 0002 FFF7FEFF 		bl	UART_GetChar
  87              	.LVL2:
  57:rhea\uart/uart_impl.c ****     }
  88              		.loc 1 57 0
  89 0006 08BD     		pop	{r3, pc}
  90              		.cfi_endproc
  91              	.LFE65:
  92              		.size	rhea_uart_readByte_impl, .-rhea_uart_readByte_impl
  93              		.section	.text.rhea_uart_writeByte_impl,"ax",%progbits
  94              		.align	2
  95              		.global	rhea_uart_writeByte_impl
  96              		.thumb
  97              		.thumb_func
  98              		.type	rhea_uart_writeByte_impl, %function
  99              	rhea_uart_writeByte_impl:
 100              	.LFB66:
  58:rhea\uart/uart_impl.c **** 
  59:rhea\uart/uart_impl.c ****     void rhea_uart_writeByte_impl(uint8_t byte) {
 101              		.loc 1 59 0
 102              		.cfi_startproc
 103              		@ args = 0, pretend = 0, frame = 0
 104              		@ frame_needed = 0, uses_anonymous_args = 0
 105              	.LVL3:
 106 0000 08B5     		push	{r3, lr}
 107              		.cfi_def_cfa_offset 8
 108              		.cfi_offset 3, -8
 109              		.cfi_offset 14, -4
  60:rhea\uart/uart_impl.c ****         UART_PutChar(byte);
 110              		.loc 1 60 0
 111 0002 FFF7FEFF 		bl	UART_PutChar
ARM GAS  C:\Users\GYULAI~1\AppData\Local\Temp\ccVfgBli.s 			page 4


 112              	.LVL4:
 113 0006 08BD     		pop	{r3, pc}
 114              		.cfi_endproc
 115              	.LFE66:
 116              		.size	rhea_uart_writeByte_impl, .-rhea_uart_writeByte_impl
 117              		.text
 118              	.Letext0:
 119              		.file 2 "e:\\cypress\\psoc creator\\4.2\\psoc creator\\import\\gnu\\arm\\5.4.1\\arm-none-eabi\\inc
 120              		.file 3 "e:\\cypress\\psoc creator\\4.2\\psoc creator\\import\\gnu\\arm\\5.4.1\\arm-none-eabi\\inc
 121              		.file 4 "Generated_Source\\PSoC5/UART.h"
 122              		.file 5 "Generated_Source\\PSoC5/core_cm3.h"
 123              		.section	.debug_info,"",%progbits
 124              	.Ldebug_info0:
 125 0000 9D010000 		.4byte	0x19d
 126 0004 0400     		.2byte	0x4
 127 0006 00000000 		.4byte	.Ldebug_abbrev0
 128 000a 04       		.byte	0x4
 129 000b 01       		.uleb128 0x1
 130 000c AC000000 		.4byte	.LASF28
 131 0010 0C       		.byte	0xc
 132 0011 10000000 		.4byte	.LASF29
 133 0015 53000000 		.4byte	.LASF30
 134 0019 00000000 		.4byte	.Ldebug_ranges0+0
 135 001d 00000000 		.4byte	0
 136 0021 00000000 		.4byte	.Ldebug_line0
 137 0025 02       		.uleb128 0x2
 138 0026 01       		.byte	0x1
 139 0027 06       		.byte	0x6
 140 0028 50020000 		.4byte	.LASF0
 141 002c 03       		.uleb128 0x3
 142 002d 00000000 		.4byte	.LASF4
 143 0031 02       		.byte	0x2
 144 0032 1D       		.byte	0x1d
 145 0033 37000000 		.4byte	0x37
 146 0037 02       		.uleb128 0x2
 147 0038 01       		.byte	0x1
 148 0039 08       		.byte	0x8
 149 003a 9E000000 		.4byte	.LASF1
 150 003e 02       		.uleb128 0x2
 151 003f 02       		.byte	0x2
 152 0040 05       		.byte	0x5
 153 0041 0C020000 		.4byte	.LASF2
 154 0045 02       		.uleb128 0x2
 155 0046 02       		.byte	0x2
 156 0047 07       		.byte	0x7
 157 0048 4C010000 		.4byte	.LASF3
 158 004c 03       		.uleb128 0x3
 159 004d 26000000 		.4byte	.LASF5
 160 0051 02       		.byte	0x2
 161 0052 3F       		.byte	0x3f
 162 0053 57000000 		.4byte	0x57
 163 0057 02       		.uleb128 0x2
 164 0058 04       		.byte	0x4
 165 0059 05       		.byte	0x5
 166 005a 3B020000 		.4byte	.LASF6
 167 005e 02       		.uleb128 0x2
 168 005f 04       		.byte	0x4
ARM GAS  C:\Users\GYULAI~1\AppData\Local\Temp\ccVfgBli.s 			page 5


 169 0060 07       		.byte	0x7
 170 0061 3A010000 		.4byte	.LASF7
 171 0065 02       		.uleb128 0x2
 172 0066 08       		.byte	0x8
 173 0067 05       		.byte	0x5
 174 0068 F9010000 		.4byte	.LASF8
 175 006c 03       		.uleb128 0x3
 176 006d 1B020000 		.4byte	.LASF9
 177 0071 02       		.byte	0x2
 178 0072 5B       		.byte	0x5b
 179 0073 77000000 		.4byte	0x77
 180 0077 02       		.uleb128 0x2
 181 0078 08       		.byte	0x8
 182 0079 07       		.byte	0x7
 183 007a 8B010000 		.4byte	.LASF10
 184 007e 04       		.uleb128 0x4
 185 007f 04       		.byte	0x4
 186 0080 05       		.byte	0x5
 187 0081 696E7400 		.ascii	"int\000"
 188 0085 02       		.uleb128 0x2
 189 0086 04       		.byte	0x4
 190 0087 07       		.byte	0x7
 191 0088 7E010000 		.4byte	.LASF11
 192 008c 03       		.uleb128 0x3
 193 008d A2010000 		.4byte	.LASF12
 194 0091 03       		.byte	0x3
 195 0092 18       		.byte	0x18
 196 0093 2C000000 		.4byte	0x2c
 197 0097 03       		.uleb128 0x3
 198 0098 DB010000 		.4byte	.LASF13
 199 009c 03       		.byte	0x3
 200 009d 2C       		.byte	0x2c
 201 009e 4C000000 		.4byte	0x4c
 202 00a2 03       		.uleb128 0x3
 203 00a3 30000000 		.4byte	.LASF14
 204 00a7 03       		.byte	0x3
 205 00a8 3C       		.byte	0x3c
 206 00a9 6C000000 		.4byte	0x6c
 207 00ad 02       		.uleb128 0x2
 208 00ae 04       		.byte	0x4
 209 00af 04       		.byte	0x4
 210 00b0 0A000000 		.4byte	.LASF15
 211 00b4 02       		.uleb128 0x2
 212 00b5 08       		.byte	0x8
 213 00b6 04       		.byte	0x4
 214 00b7 77010000 		.4byte	.LASF16
 215 00bb 02       		.uleb128 0x2
 216 00bc 01       		.byte	0x1
 217 00bd 08       		.byte	0x8
 218 00be 07020000 		.4byte	.LASF17
 219 00c2 02       		.uleb128 0x2
 220 00c3 08       		.byte	0x8
 221 00c4 04       		.byte	0x4
 222 00c5 44020000 		.4byte	.LASF18
 223 00c9 02       		.uleb128 0x2
 224 00ca 04       		.byte	0x4
 225 00cb 07       		.byte	0x7
ARM GAS  C:\Users\GYULAI~1\AppData\Local\Temp\ccVfgBli.s 			page 6


 226 00cc F0010000 		.4byte	.LASF19
 227 00d0 05       		.uleb128 0x5
 228 00d1 39000000 		.4byte	.LASF22
 229 00d5 01       		.byte	0x1
 230 00d6 2F       		.byte	0x2f
 231 00d7 00000000 		.4byte	.LFB63
 232 00db 08000000 		.4byte	.LFE63-.LFB63
 233 00df 01       		.uleb128 0x1
 234 00e0 9C       		.byte	0x9c
 235 00e1 EF000000 		.4byte	0xef
 236 00e5 06       		.uleb128 0x6
 237 00e6 06000000 		.4byte	.LVL0
 238 00ea 74010000 		.4byte	0x174
 239 00ee 00       		.byte	0
 240 00ef 07       		.uleb128 0x7
 241 00f0 80000000 		.4byte	.LASF20
 242 00f4 01       		.byte	0x1
 243 00f5 33       		.byte	0x33
 244 00f6 A2000000 		.4byte	0xa2
 245 00fa 00000000 		.4byte	.LFB64
 246 00fe 0C000000 		.4byte	.LFE64-.LFB64
 247 0102 01       		.uleb128 0x1
 248 0103 9C       		.byte	0x9c
 249 0104 12010000 		.4byte	0x112
 250 0108 06       		.uleb128 0x6
 251 0109 06000000 		.4byte	.LVL1
 252 010d 7F010000 		.4byte	0x17f
 253 0111 00       		.byte	0
 254 0112 07       		.uleb128 0x7
 255 0113 C3010000 		.4byte	.LASF21
 256 0117 01       		.byte	0x1
 257 0118 37       		.byte	0x37
 258 0119 8C000000 		.4byte	0x8c
 259 011d 00000000 		.4byte	.LFB65
 260 0121 08000000 		.4byte	.LFE65-.LFB65
 261 0125 01       		.uleb128 0x1
 262 0126 9C       		.byte	0x9c
 263 0127 35010000 		.4byte	0x135
 264 012b 06       		.uleb128 0x6
 265 012c 06000000 		.4byte	.LVL2
 266 0130 8A010000 		.4byte	0x18a
 267 0134 00       		.byte	0
 268 0135 05       		.uleb128 0x5
 269 0136 AA010000 		.4byte	.LASF23
 270 013a 01       		.byte	0x1
 271 013b 3B       		.byte	0x3b
 272 013c 00000000 		.4byte	.LFB66
 273 0140 08000000 		.4byte	.LFE66-.LFB66
 274 0144 01       		.uleb128 0x1
 275 0145 9C       		.byte	0x9c
 276 0146 63010000 		.4byte	0x163
 277 014a 08       		.uleb128 0x8
 278 014b 16020000 		.4byte	.LASF31
 279 014f 01       		.byte	0x1
 280 0150 3B       		.byte	0x3b
 281 0151 8C000000 		.4byte	0x8c
 282 0155 00000000 		.4byte	.LLST0
ARM GAS  C:\Users\GYULAI~1\AppData\Local\Temp\ccVfgBli.s 			page 7


 283 0159 06       		.uleb128 0x6
 284 015a 06000000 		.4byte	.LVL4
 285 015e 95010000 		.4byte	0x195
 286 0162 00       		.byte	0
 287 0163 09       		.uleb128 0x9
 288 0164 6A010000 		.4byte	.LASF32
 289 0168 05       		.byte	0x5
 290 0169 1207     		.2byte	0x712
 291 016b 6F010000 		.4byte	0x16f
 292 016f 0A       		.uleb128 0xa
 293 0170 97000000 		.4byte	0x97
 294 0174 0B       		.uleb128 0xb
 295 0175 5F010000 		.4byte	.LASF24
 296 0179 5F010000 		.4byte	.LASF24
 297 017d 04       		.byte	0x4
 298 017e 54       		.byte	0x54
 299 017f 0B       		.uleb128 0xb
 300 0180 26020000 		.4byte	.LASF25
 301 0184 26020000 		.4byte	.LASF25
 302 0188 04       		.byte	0x4
 303 0189 73       		.byte	0x73
 304 018a 0B       		.uleb128 0xb
 305 018b 5C020000 		.4byte	.LASF26
 306 018f 5C020000 		.4byte	.LASF26
 307 0193 04       		.byte	0x4
 308 0194 71       		.byte	0x71
 309 0195 0B       		.uleb128 0xb
 310 0196 E3010000 		.4byte	.LASF27
 311 019a E3010000 		.4byte	.LASF27
 312 019e 04       		.byte	0x4
 313 019f 8A       		.byte	0x8a
 314 01a0 00       		.byte	0
 315              		.section	.debug_abbrev,"",%progbits
 316              	.Ldebug_abbrev0:
 317 0000 01       		.uleb128 0x1
 318 0001 11       		.uleb128 0x11
 319 0002 01       		.byte	0x1
 320 0003 25       		.uleb128 0x25
 321 0004 0E       		.uleb128 0xe
 322 0005 13       		.uleb128 0x13
 323 0006 0B       		.uleb128 0xb
 324 0007 03       		.uleb128 0x3
 325 0008 0E       		.uleb128 0xe
 326 0009 1B       		.uleb128 0x1b
 327 000a 0E       		.uleb128 0xe
 328 000b 55       		.uleb128 0x55
 329 000c 17       		.uleb128 0x17
 330 000d 11       		.uleb128 0x11
 331 000e 01       		.uleb128 0x1
 332 000f 10       		.uleb128 0x10
 333 0010 17       		.uleb128 0x17
 334 0011 00       		.byte	0
 335 0012 00       		.byte	0
 336 0013 02       		.uleb128 0x2
 337 0014 24       		.uleb128 0x24
 338 0015 00       		.byte	0
 339 0016 0B       		.uleb128 0xb
ARM GAS  C:\Users\GYULAI~1\AppData\Local\Temp\ccVfgBli.s 			page 8


 340 0017 0B       		.uleb128 0xb
 341 0018 3E       		.uleb128 0x3e
 342 0019 0B       		.uleb128 0xb
 343 001a 03       		.uleb128 0x3
 344 001b 0E       		.uleb128 0xe
 345 001c 00       		.byte	0
 346 001d 00       		.byte	0
 347 001e 03       		.uleb128 0x3
 348 001f 16       		.uleb128 0x16
 349 0020 00       		.byte	0
 350 0021 03       		.uleb128 0x3
 351 0022 0E       		.uleb128 0xe
 352 0023 3A       		.uleb128 0x3a
 353 0024 0B       		.uleb128 0xb
 354 0025 3B       		.uleb128 0x3b
 355 0026 0B       		.uleb128 0xb
 356 0027 49       		.uleb128 0x49
 357 0028 13       		.uleb128 0x13
 358 0029 00       		.byte	0
 359 002a 00       		.byte	0
 360 002b 04       		.uleb128 0x4
 361 002c 24       		.uleb128 0x24
 362 002d 00       		.byte	0
 363 002e 0B       		.uleb128 0xb
 364 002f 0B       		.uleb128 0xb
 365 0030 3E       		.uleb128 0x3e
 366 0031 0B       		.uleb128 0xb
 367 0032 03       		.uleb128 0x3
 368 0033 08       		.uleb128 0x8
 369 0034 00       		.byte	0
 370 0035 00       		.byte	0
 371 0036 05       		.uleb128 0x5
 372 0037 2E       		.uleb128 0x2e
 373 0038 01       		.byte	0x1
 374 0039 3F       		.uleb128 0x3f
 375 003a 19       		.uleb128 0x19
 376 003b 03       		.uleb128 0x3
 377 003c 0E       		.uleb128 0xe
 378 003d 3A       		.uleb128 0x3a
 379 003e 0B       		.uleb128 0xb
 380 003f 3B       		.uleb128 0x3b
 381 0040 0B       		.uleb128 0xb
 382 0041 27       		.uleb128 0x27
 383 0042 19       		.uleb128 0x19
 384 0043 11       		.uleb128 0x11
 385 0044 01       		.uleb128 0x1
 386 0045 12       		.uleb128 0x12
 387 0046 06       		.uleb128 0x6
 388 0047 40       		.uleb128 0x40
 389 0048 18       		.uleb128 0x18
 390 0049 9742     		.uleb128 0x2117
 391 004b 19       		.uleb128 0x19
 392 004c 01       		.uleb128 0x1
 393 004d 13       		.uleb128 0x13
 394 004e 00       		.byte	0
 395 004f 00       		.byte	0
 396 0050 06       		.uleb128 0x6
ARM GAS  C:\Users\GYULAI~1\AppData\Local\Temp\ccVfgBli.s 			page 9


 397 0051 898201   		.uleb128 0x4109
 398 0054 00       		.byte	0
 399 0055 11       		.uleb128 0x11
 400 0056 01       		.uleb128 0x1
 401 0057 31       		.uleb128 0x31
 402 0058 13       		.uleb128 0x13
 403 0059 00       		.byte	0
 404 005a 00       		.byte	0
 405 005b 07       		.uleb128 0x7
 406 005c 2E       		.uleb128 0x2e
 407 005d 01       		.byte	0x1
 408 005e 3F       		.uleb128 0x3f
 409 005f 19       		.uleb128 0x19
 410 0060 03       		.uleb128 0x3
 411 0061 0E       		.uleb128 0xe
 412 0062 3A       		.uleb128 0x3a
 413 0063 0B       		.uleb128 0xb
 414 0064 3B       		.uleb128 0x3b
 415 0065 0B       		.uleb128 0xb
 416 0066 27       		.uleb128 0x27
 417 0067 19       		.uleb128 0x19
 418 0068 49       		.uleb128 0x49
 419 0069 13       		.uleb128 0x13
 420 006a 11       		.uleb128 0x11
 421 006b 01       		.uleb128 0x1
 422 006c 12       		.uleb128 0x12
 423 006d 06       		.uleb128 0x6
 424 006e 40       		.uleb128 0x40
 425 006f 18       		.uleb128 0x18
 426 0070 9742     		.uleb128 0x2117
 427 0072 19       		.uleb128 0x19
 428 0073 01       		.uleb128 0x1
 429 0074 13       		.uleb128 0x13
 430 0075 00       		.byte	0
 431 0076 00       		.byte	0
 432 0077 08       		.uleb128 0x8
 433 0078 05       		.uleb128 0x5
 434 0079 00       		.byte	0
 435 007a 03       		.uleb128 0x3
 436 007b 0E       		.uleb128 0xe
 437 007c 3A       		.uleb128 0x3a
 438 007d 0B       		.uleb128 0xb
 439 007e 3B       		.uleb128 0x3b
 440 007f 0B       		.uleb128 0xb
 441 0080 49       		.uleb128 0x49
 442 0081 13       		.uleb128 0x13
 443 0082 02       		.uleb128 0x2
 444 0083 17       		.uleb128 0x17
 445 0084 00       		.byte	0
 446 0085 00       		.byte	0
 447 0086 09       		.uleb128 0x9
 448 0087 34       		.uleb128 0x34
 449 0088 00       		.byte	0
 450 0089 03       		.uleb128 0x3
 451 008a 0E       		.uleb128 0xe
 452 008b 3A       		.uleb128 0x3a
 453 008c 0B       		.uleb128 0xb
ARM GAS  C:\Users\GYULAI~1\AppData\Local\Temp\ccVfgBli.s 			page 10


 454 008d 3B       		.uleb128 0x3b
 455 008e 05       		.uleb128 0x5
 456 008f 49       		.uleb128 0x49
 457 0090 13       		.uleb128 0x13
 458 0091 3F       		.uleb128 0x3f
 459 0092 19       		.uleb128 0x19
 460 0093 3C       		.uleb128 0x3c
 461 0094 19       		.uleb128 0x19
 462 0095 00       		.byte	0
 463 0096 00       		.byte	0
 464 0097 0A       		.uleb128 0xa
 465 0098 35       		.uleb128 0x35
 466 0099 00       		.byte	0
 467 009a 49       		.uleb128 0x49
 468 009b 13       		.uleb128 0x13
 469 009c 00       		.byte	0
 470 009d 00       		.byte	0
 471 009e 0B       		.uleb128 0xb
 472 009f 2E       		.uleb128 0x2e
 473 00a0 00       		.byte	0
 474 00a1 3F       		.uleb128 0x3f
 475 00a2 19       		.uleb128 0x19
 476 00a3 3C       		.uleb128 0x3c
 477 00a4 19       		.uleb128 0x19
 478 00a5 6E       		.uleb128 0x6e
 479 00a6 0E       		.uleb128 0xe
 480 00a7 03       		.uleb128 0x3
 481 00a8 0E       		.uleb128 0xe
 482 00a9 3A       		.uleb128 0x3a
 483 00aa 0B       		.uleb128 0xb
 484 00ab 3B       		.uleb128 0x3b
 485 00ac 0B       		.uleb128 0xb
 486 00ad 00       		.byte	0
 487 00ae 00       		.byte	0
 488 00af 00       		.byte	0
 489              		.section	.debug_loc,"",%progbits
 490              	.Ldebug_loc0:
 491              	.LLST0:
 492 0000 00000000 		.4byte	.LVL3
 493 0004 05000000 		.4byte	.LVL4-1
 494 0008 0100     		.2byte	0x1
 495 000a 50       		.byte	0x50
 496 000b 05000000 		.4byte	.LVL4-1
 497 000f 08000000 		.4byte	.LFE66
 498 0013 0400     		.2byte	0x4
 499 0015 F3       		.byte	0xf3
 500 0016 01       		.uleb128 0x1
 501 0017 50       		.byte	0x50
 502 0018 9F       		.byte	0x9f
 503 0019 00000000 		.4byte	0
 504 001d 00000000 		.4byte	0
 505              		.section	.debug_aranges,"",%progbits
 506 0000 34000000 		.4byte	0x34
 507 0004 0200     		.2byte	0x2
 508 0006 00000000 		.4byte	.Ldebug_info0
 509 000a 04       		.byte	0x4
 510 000b 00       		.byte	0
ARM GAS  C:\Users\GYULAI~1\AppData\Local\Temp\ccVfgBli.s 			page 11


 511 000c 0000     		.2byte	0
 512 000e 0000     		.2byte	0
 513 0010 00000000 		.4byte	.LFB63
 514 0014 08000000 		.4byte	.LFE63-.LFB63
 515 0018 00000000 		.4byte	.LFB64
 516 001c 0C000000 		.4byte	.LFE64-.LFB64
 517 0020 00000000 		.4byte	.LFB65
 518 0024 08000000 		.4byte	.LFE65-.LFB65
 519 0028 00000000 		.4byte	.LFB66
 520 002c 08000000 		.4byte	.LFE66-.LFB66
 521 0030 00000000 		.4byte	0
 522 0034 00000000 		.4byte	0
 523              		.section	.debug_ranges,"",%progbits
 524              	.Ldebug_ranges0:
 525 0000 00000000 		.4byte	.LFB63
 526 0004 08000000 		.4byte	.LFE63
 527 0008 00000000 		.4byte	.LFB64
 528 000c 0C000000 		.4byte	.LFE64
 529 0010 00000000 		.4byte	.LFB65
 530 0014 08000000 		.4byte	.LFE65
 531 0018 00000000 		.4byte	.LFB66
 532 001c 08000000 		.4byte	.LFE66
 533 0020 00000000 		.4byte	0
 534 0024 00000000 		.4byte	0
 535              		.section	.debug_line,"",%progbits
 536              	.Ldebug_line0:
 537 0000 78010000 		.section	.debug_str,"MS",%progbits,1
 537      02003001 
 537      00000201 
 537      FB0E0D00 
 537      01010101 
 538              	.LASF4:
 539 0000 5F5F7569 		.ascii	"__uint8_t\000"
 539      6E74385F 
 539      7400
 540              	.LASF15:
 541 000a 666C6F61 		.ascii	"float\000"
 541      7400
 542              	.LASF29:
 543 0010 72686561 		.ascii	"rhea\\uart\\uart_impl.c\000"
 543      5C756172 
 543      745C7561 
 543      72745F69 
 543      6D706C2E 
 544              	.LASF5:
 545 0026 5F5F696E 		.ascii	"__int32_t\000"
 545      7433325F 
 545      7400
 546              	.LASF14:
 547 0030 75696E74 		.ascii	"uint64_t\000"
 547      36345F74 
 547      00
 548              	.LASF22:
 549 0039 72686561 		.ascii	"rhea_uart_initialize_impl\000"
 549      5F756172 
 549      745F696E 
 549      69746961 
ARM GAS  C:\Users\GYULAI~1\AppData\Local\Temp\ccVfgBli.s 			page 12


 549      6C697A65 
 550              	.LASF30:
 551 0053 453A5C43 		.ascii	"E:\\Cypress\\Projects\\RheaWorkspace\\Rhea.cydsn\000"
 551      79707265 
 551      73735C50 
 551      726F6A65 
 551      6374735C 
 552              	.LASF20:
 553 0080 72686561 		.ascii	"rhea_uart_bytesAvailable_impl\000"
 553      5F756172 
 553      745F6279 
 553      74657341 
 553      7661696C 
 554              	.LASF1:
 555 009e 756E7369 		.ascii	"unsigned char\000"
 555      676E6564 
 555      20636861 
 555      7200
 556              	.LASF28:
 557 00ac 474E5520 		.ascii	"GNU C11 5.4.1 20160609 (release) [ARM/embedded-5-br"
 557      43313120 
 557      352E342E 
 557      31203230 
 557      31363036 
 558 00df 616E6368 		.ascii	"anch revision 237715] -mcpu=cortex-m3 -mthumb -g -O"
 558      20726576 
 558      6973696F 
 558      6E203233 
 558      37373135 
 559 0112 67202D66 		.ascii	"g -ffunction-sections -ffat-lto-objects\000"
 559      66756E63 
 559      74696F6E 
 559      2D736563 
 559      74696F6E 
 560              	.LASF7:
 561 013a 6C6F6E67 		.ascii	"long unsigned int\000"
 561      20756E73 
 561      69676E65 
 561      6420696E 
 561      7400
 562              	.LASF3:
 563 014c 73686F72 		.ascii	"short unsigned int\000"
 563      7420756E 
 563      7369676E 
 563      65642069 
 563      6E7400
 564              	.LASF24:
 565 015f 55415254 		.ascii	"UART_Start\000"
 565      5F537461 
 565      727400
 566              	.LASF32:
 567 016a 49544D5F 		.ascii	"ITM_RxBuffer\000"
 567      52784275 
 567      66666572 
 567      00
 568              	.LASF16:
 569 0177 646F7562 		.ascii	"double\000"
ARM GAS  C:\Users\GYULAI~1\AppData\Local\Temp\ccVfgBli.s 			page 13


 569      6C6500
 570              	.LASF11:
 571 017e 756E7369 		.ascii	"unsigned int\000"
 571      676E6564 
 571      20696E74 
 571      00
 572              	.LASF10:
 573 018b 6C6F6E67 		.ascii	"long long unsigned int\000"
 573      206C6F6E 
 573      6720756E 
 573      7369676E 
 573      65642069 
 574              	.LASF12:
 575 01a2 75696E74 		.ascii	"uint8_t\000"
 575      385F7400 
 576              	.LASF23:
 577 01aa 72686561 		.ascii	"rhea_uart_writeByte_impl\000"
 577      5F756172 
 577      745F7772 
 577      69746542 
 577      7974655F 
 578              	.LASF21:
 579 01c3 72686561 		.ascii	"rhea_uart_readByte_impl\000"
 579      5F756172 
 579      745F7265 
 579      61644279 
 579      74655F69 
 580              	.LASF13:
 581 01db 696E7433 		.ascii	"int32_t\000"
 581      325F7400 
 582              	.LASF27:
 583 01e3 55415254 		.ascii	"UART_PutChar\000"
 583      5F507574 
 583      43686172 
 583      00
 584              	.LASF19:
 585 01f0 73697A65 		.ascii	"sizetype\000"
 585      74797065 
 585      00
 586              	.LASF8:
 587 01f9 6C6F6E67 		.ascii	"long long int\000"
 587      206C6F6E 
 587      6720696E 
 587      7400
 588              	.LASF17:
 589 0207 63686172 		.ascii	"char\000"
 589      00
 590              	.LASF2:
 591 020c 73686F72 		.ascii	"short int\000"
 591      7420696E 
 591      7400
 592              	.LASF31:
 593 0216 62797465 		.ascii	"byte\000"
 593      00
 594              	.LASF9:
 595 021b 5F5F7569 		.ascii	"__uint64_t\000"
 595      6E743634 
ARM GAS  C:\Users\GYULAI~1\AppData\Local\Temp\ccVfgBli.s 			page 14


 595      5F7400
 596              	.LASF25:
 597 0226 55415254 		.ascii	"UART_GetRxBufferSize\000"
 597      5F476574 
 597      52784275 
 597      66666572 
 597      53697A65 
 598              	.LASF6:
 599 023b 6C6F6E67 		.ascii	"long int\000"
 599      20696E74 
 599      00
 600              	.LASF18:
 601 0244 6C6F6E67 		.ascii	"long double\000"
 601      20646F75 
 601      626C6500 
 602              	.LASF0:
 603 0250 7369676E 		.ascii	"signed char\000"
 603      65642063 
 603      68617200 
 604              	.LASF26:
 605 025c 55415254 		.ascii	"UART_GetChar\000"
 605      5F476574 
 605      43686172 
 605      00
 606              		.ident	"GCC: (GNU Tools for ARM Embedded Processors) 5.4.1 20160609 (release) [ARM/embedded-5-bran
